[2025-09-02 13:26:02] User -> DCP InActive -> Araria@pds| Godown No   6  Nigam Godown  Bazar Samiti Parisar  Araria
[2025-09-02 13:26:07] User -> DCP Active -> Araria@pds| Godown No   6  Nigam Godown  Bazar Samiti Parisar  Araria
[2025-09-02 13:26:52] User -> DCP InActive -> Sheohar@pds| Godown No  08 TPDS Godown Dumri Katsari(Prakhand Parisar)
[2025-09-02 13:26:56] User -> DCP Active -> Sheohar@pds| Godown No  08 TPDS Godown Dumri Katsari(Prakhand Parisar)
[2025-09-02 13:27:23] User -> DCP InActive -> Sheohar@pds| Godown No  08 TPDS Godown Dumri Katsari(Prakhand Parisar)
[2025-09-02 13:27:26] User -> DCP Active -> Sheohar@pds| Godown No  08 TPDS Godown Dumri Katsari(Prakhand Parisar)
[2025-09-02 13:28:08] User -> DCP InActive -> Aurangabad@pds| Godown No  05  Biscoman Godown   Forum Godown  Biscoman  Aurangabad
[2025-09-02 13:28:11] User -> DCP Active -> Aurangabad@pds| Godown No  05  Biscoman Godown   Forum Godown  Biscoman  Aurangabad
[2025-09-02 13:30:00] User -> DCP InActive -> Madhepura@pds| Godown No  15  Vyaparmandal Godown Alamnagar
[2025-09-02 13:30:12] User -> DCP InActive -> Madhepura@pds| Godown No 11  Ghosai  Pacs Godown  Chausa  Madhepura
[2025-09-02 13:30:49] district_user -> Warehouse deleted -> Araria@pds| Requested JSON -> {"uid":"WH_66d5b4bd9a44"} | abc
[2025-09-02 13:30:51] User -> DCP InActive -> Madhepura@pds| Godown No  5 Nigam Godown Bazar Samiti Parishar  Murliganj
[2025-09-02 13:30:54] district_user -> Warehouse deleted -> Araria@pds| Requested JSON -> {"uid":"WH_66d5b4bd9ad4"} | abc
[2025-09-02 13:31:16] User -> DCP InActive -> Madhepura@pds| Godown No 10 Sukhasan  Pacs Godown  Sinheshwar  Madhepura
[2025-09-02 13:31:31] User -> DCP InActive -> Madhepura@pds| Godown No  16 Pacs Godown Lalpur Singhneswar(Sarropatti)
[2025-09-02 13:31:44] District User ->Model FPS InActive -> Araria@pds| Arun Kumar Saha
[2025-09-02 13:36:12] User -> DCP InActive -> Supaul@pds| Godown No 06 Deenbandhi Pacs Godown Basantpur Supaul
[2025-09-02 13:36:27] User -> DCP Active -> Supaul@pds| Godown No 06 Deenbandhi Pacs Godown Basantpur Supaul
[2025-09-02 13:37:34] User -> Warehouse Active -> Araria@pds| 
[2025-09-02 13:38:21] User -> Warehouse InActive -> Sheikhpura@pds| 
[2025-09-02 13:38:42] District User -> FPS InActive -> Sitamarhi@pds| 
[2025-09-02 13:38:47] District User -> FPS InActive -> Supaul@pds| 
[2025-09-02 13:39:13] District User -> FPS Active -> Supaul@pds| 
[2025-09-02 13:39:51] District User -> FPS Active -> Sitamarhi@pds| 
[2025-09-02 13:42:47] District User -> FPS InActive -> Madhubani@pds| 
[2025-09-02 13:42:57] District User -> FPS Active -> Madhubani@pds| 
[2025-09-02 13:45:35] User -> DCP InActive -> Araria@pds| Godown no  08 BSWC  Bazar Samiti (16B)Farbisganj Araria
[2025-09-02 13:47:14] User -> DCP InActive -> Bhagalpur@pds| Godown No  08   Pacs Godown  Naya Gao Sultanganj
[2025-09-02 13:47:24] User -> DCP InActive -> Bhagalpur@pds| Godown No  09   Sarkari Godown  Block Parisar  Sanhaula
[2025-09-02 13:49:46] District User -> FPS InActive -> Vaishali@pds| 
[2025-09-02 13:49:52] District User -> FPS Active -> Vaishali@pds| 
[2025-09-02 13:50:37] User -> Warehouse InActive -> Purnia@pds| 
[2025-09-02 13:50:47] User -> Warehouse Active -> Purnia@pds| 
[2025-09-02 13:59:28] district_user -> Warehouse Edit ->Rohtas@pds| Requested JSON -> {"name":"TPDS Chenari","uniqueid":"WH_66d5b62d33fa","active":"1","type":"motorable","latitude":"24.921357","storage":"5000","district":"Rohtas","id":"2340056","warehousetype":"swc","longitude":"83.792916"}
[2025-09-02 14:00:07] district_user -> Warehouse Edit ->Sitamarhi@pds| Requested JSON -> {"name":"ARDC PUNAURA","uniqueid":"WH_66d5b4bdbbeb","active":"1","type":"motorable","latitude":"26.585947","storage":"50000","district":"Sitamarhi","id":"206971","warehousetype":"swc","longitude":"85.470107"}
[2025-09-02 14:00:51] district_user -> Warehouse Edit ->Sitamarhi@pds| Requested JSON -> {"name":"Bswc Sitamarhi","uniqueid":"WH_66d5b4bdbc75","active":"1","type":"motorable","latitude":"26.584294","storage":"66500","district":"Sitamarhi","id":"206972","warehousetype":"swc","longitude":"85.510807"}
[2025-09-02 14:02:58] district_user -> Warehouse Edit ->Sitamarhi@pds| Requested JSON -> {"name":"Ardc Punaura","uniqueid":"WH_66d5b4bdbbeb","active":"1","type":"motorable","latitude":"26.585947","storage":"50000","district":"Sitamarhi","id":"206971","warehousetype":"fci","longitude":"85.470107"}
[2025-09-02 14:20:39] district_user -> Warehouse Edit ->Madhepura@pds| Requested JSON -> {"name":"BSWC Murliganj","uniqueid":"WH_66d5b4bdaa44","active":"1","type":"motorable","latitude":"25.903720","storage":"38640","district":"Madhepura","id":"213933","warehousetype":"swc","longitude":"87.002083"}
[2025-09-02 14:22:15] district_user -> Warehouse Edit ->Madhepura@pds| Requested JSON -> {"name":"BSWC Reshna","uniqueid":"WH_66d5b4bdaaba","active":"1","type":"motorable","latitude":"25.797826","storage":"38150","district":"Madhepura","id":"213934","warehousetype":"swc","longitude":"86.869484"}
[2025-09-02 14:23:01] district_user -> Warehouse Edit ->Madhepura@pds| Requested JSON -> {"name":"CWC Madhepura","uniqueid":"WH_66d5b4bdab6e","active":"1","type":"motorable","latitude":"25.911910","storage":"46830","district":"Madhepura","id":"213935","warehousetype":"swc","longitude":"86.749870"}
[2025-09-02 14:36:51] district_user -> DCP Edit ->Madhepura@pds| Requested JSON -> {"name":"Godown No  17 Vyaparmandal Godown Murliganja","uniqueid":"DCP_66d763ff223","active":"1","type":"DCP","latitude":"25.900343","longitude":"86.986107","district":"Madhepura","id":"2131312","demand":"3594.17","demand_rice":"00"}
[2025-09-02 14:38:38] district_user -> DCP Edit ->Madhepura@pds| Requested JSON -> {"name":"Godown No  17 Vyaparmandal Godown Murliganj","uniqueid":"DCP_66d763ff223","active":"1","type":"DCP","latitude":"25.900343","longitude":"86.986107","district":"Madhepura","id":"2131312","demand":"3594.17","demand_rice":"00"}
[2025-09-02 14:41:06] district_user -> DCP Edit ->Madhepura@pds| Requested JSON -> {"name":"Godown No- 17Vyaparmandal Godown Murliganja","uniqueid":"DCP_66d763ff223","active":"1","type":"DCP","latitude":"25.900343","longitude":"86.986107","district":"Madhepura","id":"2131312","demand":"3594.17","demand_rice":"00"}
[2025-09-02 14:48:33] district_user -> DCP Edit ->Madhepura@pds| Requested JSON -> {"name":"Godown No  04 Nigam Godown   Bazar Samiti  Bihariganj","uniqueid":"DCP_66d763ff1bd","active":"1","type":"DCP","latitude":"25.730192","longitude":"86.981262","district":"Madhepura","id":"2131308","demand":"3594.17","demand_rice":"00"}
[2025-09-02 14:53:10] district_user -> DCP Edit ->Madhepura@pds| Requested JSON -> {"name":"Godown No  06 Ghailad Prakhand parishar Nigam Godown","uniqueid":"DCP_66d763ff1d9","active":"1","type":"DCP","latitude":"25.97663","longitude":"86.6914","district":"Madhepura","id":"2131314","demand":"3594.17","demand_rice":"00"}
[2025-09-02 14:57:17] district_user -> DCP Edit ->Madhepura@pds| Requested JSON -> {"name":"Godown No  02 Nigam Godown   Block Parisar  GHAMARIYA","uniqueid":"DCP_66d763ff1e2","active":"1","type":"DCP","latitude":"26.052142","longitude":"86.73039","district":"Madhepura","id":"2131307","demand":"3594.17","demand_rice":"00"}
[2025-09-02 15:47:55] district_user -> Warehouse Edit ->Samastipur@pds| Requested JSON -> {"name":"BSWC","uniqueid":"WH_66d5b4bdba4e","active":"1","type":"motorable","latitude":"25.874830","storage":"100000","district":"Samastipur","id":"221968","warehousetype":"swc","longitude":"85.794270"}
[2025-09-02 15:52:06] district_user -> Warehouse Edit ->Samastipur@pds| Requested JSON -> {"name":"CWC Samastipur","uniqueid":"WH_66d5b4bdbae8","active":"1","type":"motorable","latitude":"25.858760","storage":"144760","district":"Samastipur","id":"221969","warehousetype":"cwc","longitude":"85.811530"}
[2025-09-02 15:52:46] district_user -> Warehouse Edit ->Samastipur@pds| Requested JSON -> {"name":"Bswc Samastipur","uniqueid":"WH_66d5b4bdba4e","active":"1","type":"motorable","latitude":"25.874830","storage":"100000","district":"Samastipur","id":"221968","warehousetype":"swc","longitude":"85.794270"}
[2025-09-02 15:55:08] User -> Warehouse InActive -> Nawada@pds| 
[2025-09-02 15:55:13] User -> Warehouse InActive -> Nawada@pds| 
[2025-09-02 16:14:38] district_user -> Warehouse Edit ->Samastipur@pds| Requested JSON -> {"name":"TPDS Shivajee Nagar","uniqueid":"WH_66d5b62d4268","active":"1","type":"motorable","latitude":"25.888064","storage":"3000","district":"Samastipur","id":"2210379","warehousetype":"swc","longitude":"86.018968"}
[2025-09-02 16:26:41] User -> DCP InActive -> Araria@pds| Godown No   6  Nigam Godown  Bazar Samiti Parisar  Araria
[2025-09-02 16:26:49] User -> DCP Active -> Araria@pds| Godown No   6  Nigam Godown  Bazar Samiti Parisar  Araria
[2025-09-02 17:25:05] district_user -> Warehouse Edit ->Darbhanga@pds| Requested JSON -> {"name":"BSWC Ladha Darbhanga","uniqueid":"WH_66d5b4bda022","active":"1","type":"motorable","latitude":"26.235050","storage":"100000","district":"Darbhanga","id":"215913","warehousetype":"swc","longitude":"85.851210"}
[2025-09-02 17:26:09] district_user -> Warehouse Edit ->Darbhanga@pds| Requested JSON -> {"name":"CWC Darbhanga","uniqueid":"WH_66d5b4bda09c","active":"1","type":"motorable","latitude":"26.181650","storage":"34800","district":"Darbhanga","id":"215914","warehousetype":"swc","longitude":"85.877810"}
[2025-09-02 17:27:09] district_user -> Warehouse Edit ->Darbhanga@pds| Requested JSON -> {"name":"FSD Darbhanga","uniqueid":"WH_66d5b4bda111","active":"1","type":"motorable","latitude":"26.165450","storage":"60000","district":"Darbhanga","id":"215915","warehousetype":"fci","longitude":"85.903210"}
[2025-09-02 17:27:43] district_user -> Warehouse Edit ->Darbhanga@pds| Requested JSON -> {"name":"Cwc Darbhanga","uniqueid":"WH_66d5b4bda09c","active":"1","type":"motorable","latitude":"26.181650","storage":"34800","district":"Darbhanga","id":"215914","warehousetype":"cwc","longitude":"85.877810"}
