[2025-09-04 08:32:58] User -> Warehouse InActive -> Vaishali@pds| 
[2025-09-04 08:33:02] User -> Warehouse InActive -> Vaishali@pds| 
[2025-09-04 12:02:17] district_user -> Warehouse Edit ->Munger@pds| Requested JSON -> {"name":"CWC Munger","uniqueid":"WH_66d5b4bdad00","active":"1","type":"motorable","latitude":"25.342376","storage":"185870","district":"Munger","id":"226939","warehousetype":"swc","longitude":"86.485896"}
[2025-09-04 12:03:01] district_user -> Warehouse Edit ->Munger@pds| Requested JSON -> {"name":"CWC Munger","uniqueid":"WH_66d5b4bdad00","active":"1","type":"motorable","latitude":"25.342376","storage":"185870","district":"Munger","id":"226939","warehousetype":"swc","longitude":"86.485896"}
[2025-09-04 12:03:34] district_user -> Warehouse Edit ->Munger@pds| Requested JSON -> {"name":"CWC Munger","uniqueid":"WH_66d5b4bdad00","active":"1","type":"motorable","latitude":"25.342376","storage":"185870","district":"Munger","id":"226939","warehousetype":"swc","longitude":"86.485896"}
[2025-09-04 12:04:15] district_user -> Warehouse Edit ->Munger@pds| Requested JSON -> {"name":"CWC Munger","uniqueid":"WH_66d5b4bdad00","active":"1","type":"motorable","latitude":"25.342376","storage":"185870","district":"Munger","id":"226939","warehousetype":"swc","longitude":"86.485896"}
[2025-09-04 12:05:01] district_user -> Warehouse Edit ->Munger@pds| Requested JSON -> {"name":"FSD Munger","uniqueid":"WH_66d5b4bdad7c","active":"1","type":"motorable","latitude":"25.342177","storage":"32000","district":"Munger","id":"226940","warehousetype":"swc","longitude":"86.486781"}
[2025-09-04 12:06:21] district_user -> Warehouse Edit ->Munger@pds| Requested JSON -> {"name":"TPDS Sangrampur","uniqueid":"WH_66d5b62d061d","active":"1","type":"motorable","latitude":"24.953268","storage":"5000","district":"Munger","id":"2260301","warehousetype":"swc","longitude":"86.587469"}
[2025-09-04 12:07:30] district_user -> Warehouse Edit ->Munger@pds| Requested JSON -> {"name":"TPDS Tarapur","uniqueid":"WH_66d5b62d0671","active":"1","type":"motorable","latitude":"25.09841263","storage":"10000","district":"Munger","id":"2260302","warehousetype":"swc","longitude":"86.66900218"}
[2025-09-04 12:10:10] district_user -> Warehouse Edit ->Munger@pds| Requested JSON -> {"name":"Cwc Munger","uniqueid":"WH_66d5b4bdad00","active":"1","type":"motorable","latitude":"25.342376","storage":"185870","district":"Munger","id":"226939","warehousetype":"cwc","longitude":"86.485896"}
[2025-09-04 12:10:33] district_user -> Warehouse Edit ->Munger@pds| Requested JSON -> {"name":"Fsd Munger","uniqueid":"WH_66d5b4bdad7c","active":"1","type":"motorable","latitude":"25.342177","storage":"32000","district":"Munger","id":"226940","warehousetype":"fci","longitude":"86.486781"}
[2025-09-04 12:11:55] district_user -> Warehouse Edit ->Munger@pds| Requested JSON -> {"name":"Tpds Sangrampur","uniqueid":"WH_66d5b62d061d","active":"1","type":"motorable","latitude":"24.953268","storage":"5000","district":"Munger","id":"2260301","warehousetype":"cap","longitude":"86.587469"}
[2025-09-04 12:12:04] User -> Warehouse InActive -> Munger@pds| 
[2025-09-04 12:12:09] User -> Warehouse Active -> Munger@pds| 
[2025-09-04 12:16:49] district_user -> Warehouse Edit ->Munger@pds| Requested JSON -> {"name":"Tpds Sangrampur","uniqueid":"WH_66d5b62d061d","active":"1","type":"motorable","latitude":"24.953268","storage":"5000","district":"Munger","id":"2260301","warehousetype":"other","longitude":"86.587469"}
[2025-09-04 12:17:16] district_user -> Warehouse Edit ->Munger@pds| Requested JSON -> {"name":"Tpds Sangrampur","uniqueid":"WH_66d5b62d061d","active":"1","type":"motorable","latitude":"24.953268","storage":"5000","district":"Munger","id":"2260301","warehousetype":"swc","longitude":"86.587469"}
[2025-09-04 12:33:48] district_user -> Warehouse Edit ->Nalanda@pds| Requested JSON -> {"name":"FCI FSD MOKAMA","uniqueid":"WH_66d5b4bdaef8","active":"1","type":"motorable","latitude":"25.204537","storage":"100000","district":"Nalanda","id":"229944","warehousetype":"swc","longitude":"85.412136"}
[2025-09-04 12:45:16] district_user -> DCP added ->Nalanda@pds| Requested JSON -> {"name":"DCP","latitude":"25.200017","longitude":"85.688622","district":"Nalanda","id":"SFCAGM721","demand":"0.00","demand_rice":"0.00"}
[2025-09-04 12:46:10] district_user -> DCP Edit ->Nalanda@pds| Requested JSON -> {"name":"Godown No- 19 Nigam Godown  Jangipur Asthawa Block Parisar","uniqueid":"DCP_68b93c84e13","active":"1","type":"DCP","latitude":"25.200017","longitude":"85.688622","district":"Nalanda","id":"SFCAGM721","demand":"0.00","demand_rice":"0.00"}
[2025-09-04 12:46:57] district_user -> DCP Edit ->Nalanda@pds| Requested JSON -> {"name":"Godown No -19 Nigam Godown  Jangipur Asthawa Block Parisar","uniqueid":"DCP_68b93c84e13","active":"1","type":"DCP","latitude":"25.200017","longitude":"85.688622","district":"Nalanda","id":"SFCAGM721","demand":"0.00","demand_rice":"0.00"}
[2025-09-04 12:47:44] district_user -> DCP Edit ->Nalanda@pds| Requested JSON -> {"name":"Godown No- 19 Nigam Godown  Jangipur Asthawa Block Parisar","uniqueid":"DCP_68b93c84e13","active":"1","type":"DCP","latitude":"25.200017","longitude":"85.688622","district":"Nalanda","id":"SFCAGM721","demand":"0.00","demand_rice":"0.00"}
[2025-09-04 12:49:44] district_user -> DCP added ->Nalanda@pds| Requested JSON -> {"name":"DCP","latitude":"25.200017","longitude":"85.688622","district":"Nalanda","id":"Nalanda@pds","demand":"0.00","demand_rice":"0.00"}
[2025-09-04 12:50:08] district_user -> DCP Edit ->Nalanda@pds| Requested JSON -> {"name":"Godown No-19 Nigam Godown Jungipur Asthawan ","uniqueid":"DCP_68b93d906d8","active":"1","type":"DCP","latitude":"25.200017","longitude":"85.688622","district":"Nalanda","id":"Nalanda@pds","demand":"0.00","demand_rice":"0.00"}
[2025-09-04 12:51:09] district_user -> DCP Edit ->Nalanda@pds| Requested JSON -> {"name":"Godown No 19Nigam Godown Jungipur Asthawan","uniqueid":"DCP_68b93d906d8","active":"1","type":"DCP","latitude":"25.200017","longitude":"85.688622","district":"Nalanda","id":"Nalanda@pds","demand":"0.00","demand_rice":"0.00"}
[2025-09-04 12:51:49] district_user -> DCP Edit ->Nalanda@pds| Requested JSON -> {"name":"Godown No  19 Nigam Godown Jungipur Asthawan","uniqueid":"DCP_68b93d906d8","active":"1","type":"DCP","latitude":"25.200017","longitude":"85.688622","district":"Nalanda","id":"Nalanda@pds","demand":"0.00","demand_rice":"0.00"}
[2025-09-04 12:51:58] User -> DCP InActive -> Nalanda@pds| Godown No   Nigam Godown Jungipur Asthawan
[2025-09-04 12:53:39] district_user -> DCP added ->Nalanda@pds| Requested JSON -> {"name":"DCP","latitude":"25.200017","longitude":"85.688622","district":"Nalanda","id":"Nalanda@pds","demand":"00","demand_rice":"00"}
[2025-09-04 12:54:41] district_user -> DCP Edit ->Nalanda@pds| Requested JSON -> {"name":"Godown No   19NIgam Godown Jungipur Asthawan","uniqueid":"DCP_68b93e7bbd4","active":"1","type":"DCP","latitude":"25.200017","longitude":"85.688622","district":"Nalanda","id":"Nalanda@pds","demand":"00","demand_rice":"00"}
[2025-09-04 12:56:34] district_user -> DCP Edit ->Nalanda@pds| Requested JSON -> {"name":"Godown No 19 Nigam Godown Jungipur Asthawan","uniqueid":"DCP_68b93e7bbd4","active":"1","type":"DCP","latitude":"25.200017","longitude":"85.688622","district":"Nalanda","id":"Nalanda@pds","demand":"00","demand_rice":"00"}
[2025-09-04 12:57:08] district_user -> DCP Edit ->Nalanda@pds| Requested JSON -> {"name":"Godown No 19 Nigam Godown Jungipur Asthawan","uniqueid":"DCP_68b93e7bbd4","active":"1","type":"DCP","latitude":"25.200017","longitude":"85.688622","district":"Nalanda","id":"Nalanda@pds","demand":"00","demand_rice":"00"}
[2025-09-04 12:58:02] district_user -> DCP Edit ->Nalanda@pds| Requested JSON -> {"name":"Godown No 19 Nigam Godown Jungipur Asthawan","uniqueid":"DCP_68b93e7bbd4","active":"1","type":"DCP","latitude":"25.200017","longitude":"85.688622","district":"Nalanda","id":"SFCAGM721","demand":"00","demand_rice":"00"}
[2025-09-04 12:59:36] district_user -> DCP Edit ->Nalanda@pds| Requested JSON -> {"name":"Godown No 19 Nigam Godown Jungipur Asthawan","uniqueid":"DCP_68b93e7bbd4","active":"1","type":"DCP","latitude":"25.200017","longitude":"85.688622","district":"Nalanda","id":"SFCAGM721","demand":"00","demand_rice":"00"}
[2025-09-04 13:01:59] district_user -> DCP Edit ->Nalanda@pds| Requested JSON -> {"name":"Godown No 19","uniqueid":"DCP_68b93e7bbd4","active":"1","type":"DCP","latitude":"25.200017","longitude":"85.688622","district":"Nalanda","id":"SFCAGM721","demand":"00","demand_rice":"00"}
[2025-09-04 13:02:18] district_user -> DCP Edit ->Nalanda@pds| Requested JSON -> {"name":"Godown No 19 Nigam Godown Jungipur Asthawan","uniqueid":"DCP_68b93e7bbd4","active":"1","type":"DCP","latitude":"25.200017","longitude":"85.688622","district":"Nalanda","id":"SFCAGM721","demand":"00","demand_rice":"00"}
[2025-09-04 13:04:23] district_user -> Warehouse Edit ->Nalanda@pds| Requested JSON -> {"name":"Fci Fsd Mokama","uniqueid":"WH_66d5b4bdaef8","active":"1","type":"motorable","latitude":"25.399139","storage":"5100000","district":"Nalanda","id":"229944","warehousetype":"swc","longitude":"85.901938"}
[2025-09-04 14:32:48] User -> DCP InActive -> Patna@pds| Godown No  06  Fci Parisar Digha
[2025-09-04 14:33:01] User -> DCP InActive -> Patna@pds| Godown No  07  Fci Parisar Digha
[2025-09-04 14:51:44] district_user -> Warehouse Edit ->Patna@pds| Requested JSON -> {"name":"BSWC BIHTA","uniqueid":"WH_66d5b4bdb20c","active":"1","type":"motorable","latitude":"25.549510","storage":"100000","district":"Patna","id":"230952","warehousetype":"swc","longitude":"84.863240"}
[2025-09-04 14:53:14] district_user -> Warehouse Edit ->Patna@pds| Requested JSON -> {"name":"FCI FSD MOKAMA","uniqueid":"WH_66d5b4bdb29b","active":"1","type":"motorable","latitude":"25.399139","storage":"510000","district":"Patna","id":"230953","warehousetype":"swc","longitude":"85.901938"}
[2025-09-04 14:54:42] district_user -> Warehouse Edit ->Patna@pds| Requested JSON -> {"name":"FCI FSD PHULWARISARIF","uniqueid":"WH_66d5b4bdb32d","active":"1","type":"motorable","latitude":"25.582103","storage":"615720","district":"Patna","id":"230954","warehousetype":"swc","longitude":"85.064369"}
[2025-09-04 14:59:53] district_user -> Warehouse Edit ->Patna@pds| Requested JSON -> {"name":"TPDS Bihta","uniqueid":"WH_66d5b62d1e43","active":"1","type":"motorable","latitude":"25.549232","storage":"5000","district":"Patna","id":"2300029","warehousetype":"swc","longitude":"84.863695"}
[2025-09-04 15:00:49] district_user -> Warehouse Edit ->Patna@pds| Requested JSON -> {"name":"Fci Fsd Mokama","uniqueid":"WH_66d5b4bdb29b","active":"1","type":"motorable","latitude":"25.399139","storage":"510000","district":"Patna","id":"230953","warehousetype":"fci","longitude":"85.901938"}
[2025-09-04 15:01:09] district_user -> Warehouse Edit ->Patna@pds| Requested JSON -> {"name":"Fci Fsd Phulwarisarif","uniqueid":"WH_66d5b4bdb32d","active":"1","type":"motorable","latitude":"25.582103","storage":"615720","district":"Patna","id":"230954","warehousetype":"fci","longitude":"85.064369"}
[2025-09-04 15:02:07] district_user -> Warehouse Edit ->Patna@pds| Requested JSON -> {"name":"Tpds Bihta","uniqueid":"WH_66d5b62d1e43","active":"1","type":"motorable","latitude":"25.549232","storage":"5000","district":"Patna","id":"2300029","warehousetype":"swc","longitude":"84.863695"}
[2025-09-04 15:04:17] district_user -> Warehouse Edit ->Patna@pds| Requested JSON -> {"name":"TPDS Dulhin Bazar","uniqueid":"WH_66d5b62d1f01","active":"1","type":"motorable","latitude":"25.34624","storage":"5000","district":"Patna","id":"2300455","warehousetype":"other","longitude":"84.82229"}
[2025-09-04 15:09:16] district_user -> Warehouse Edit ->Patna@pds| Requested JSON -> {"name":"TPDS Khusrupur","uniqueid":"WH_66d5b62d20d0","active":"1","type":"motorable","latitude":"25.508946","storage":"3000","district":"Patna","id":"2300033","warehousetype":"other","longitude":"85.299751"}
[2025-09-04 15:11:03] district_user -> Warehouse Edit ->Patna@pds| Requested JSON -> {"name":"TPDS Maner","uniqueid":"WH_66d5b62d2131","active":"1","type":"motorable","latitude":"25.631340","storage":"10000","district":"Patna","id":"2300034","warehousetype":"swc","longitude":"84.874245"}
[2025-09-04 15:12:52] district_user -> Warehouse Edit ->Patna@pds| Requested JSON -> {"name":"TPDS Masaurhi","uniqueid":"WH_66d5b62d218b","active":"1","type":"motorable","latitude":"25.361853","storage":"10000","district":"Patna","id":"2300035","warehousetype":"swc","longitude":"85.040407"}
[2025-09-04 15:16:44] district_user -> Warehouse Edit ->Patna@pds| Requested JSON -> {"name":"TPDS Mokama","uniqueid":"WH_66d5b62d22be","active":"1","type":"motorable","latitude":"25.40093","storage":"10000","district":"Patna","id":"2300386","warehousetype":"swc","longitude":"85.90833"}
[2025-09-04 15:21:13] district_user -> Warehouse Edit ->Patna@pds| Requested JSON -> {"name":"TPDS Pandarak","uniqueid":"WH_66d5b62d23e3","active":"1","type":"motorable","latitude":"25.495460","storage":"5000","district":"Patna","id":"2300038","warehousetype":"swc","longitude":"85.793297"}
[2025-09-04 15:22:22] district_user -> Warehouse Edit ->Patna@pds| Requested JSON -> {"name":"TPDS Phulwarisharif","uniqueid":"WH_66d5b62d2441","active":"1","type":"motorable","latitude":"25.580914","storage":"5000","district":"Patna","id":"2300376","warehousetype":"swc","longitude":"85.076508"}
[2025-09-04 15:32:40] district_user -> DCP added ->Patna@pds| Requested JSON -> {"name":"DCP","latitude":"25.508852","longitude":"85.298075","district":"Patna","id":"230751","demand":"2862.20","demand_rice":"0.00"}
[2025-09-04 15:33:21] district_user -> DCP Edit ->Patna@pds| Requested JSON -> {"name":"GODOWN NO-21 BSWC KA GODOWN PATNA","uniqueid":"DCP_68b963c02f3","active":"1","type":"DCP","latitude":"25.508852","longitude":"85.298075","district":"Patna","id":"230751","demand":"2862.20","demand_rice":"0.00"}
[2025-09-04 15:34:08] district_user -> Warehouse Edit ->Munger@pds| Requested JSON -> {"name":"Tpds Sangrampur","uniqueid":"WH_66d5b62d061d","active":"1","type":"motorable","latitude":"24.953268","storage":"5000","district":"Munger","id":"2260301","warehousetype":"other","longitude":"86.587469"}
[2025-09-04 15:34:09] district_user -> DCP Edit ->Patna@pds| Requested JSON -> {"name":"Godown No -21 Bswc Ka Godown Patna","uniqueid":"DCP_68b963c02f3","active":"1","type":"DCP","latitude":"25.508852","longitude":"85.298075","district":"Patna","id":"230751","demand":"2862.20","demand_rice":"0.00"}
[2025-09-04 15:34:27] district_user -> Warehouse Edit ->Munger@pds| Requested JSON -> {"name":"Tpds Tarapur","uniqueid":"WH_66d5b62d0671","active":"1","type":"motorable","latitude":"25.09841263","storage":"10000","district":"Munger","id":"2260302","warehousetype":"other","longitude":"86.66900218"}
[2025-09-04 15:35:11] district_user -> DCP Edit ->Patna@pds| Requested JSON -> {"name":"GODOWN NO -21 BSWC KA GODOWN PATNA","uniqueid":"DCP_68b963c02f3","active":"1","type":"DCP","latitude":"25.508852","longitude":"85.298075","district":"Patna","id":"230751","demand":"2862.20","demand_rice":"0.00"}
[2025-09-04 15:41:07] district_user -> DCP added ->Patna@pds| Requested JSON -> {"name":"DCP","latitude":"25.508852","longitude":"85.301249","district":"Patna","id":"230752","demand":"0.00","demand_rice":"0.00"}
[2025-09-04 15:41:37] district_user -> DCP Edit ->Patna@pds| Requested JSON -> {"name":"GODOWN NO-22 SONARU CHILKA FATUHA DANIYAWA ROADBHAGWAN PRASAD KA NIJI GODOWN","uniqueid":"DCP_68b965bb429","active":"1","type":"DCP","latitude":"25.508852","longitude":"85.301249","district":"Patna","id":"230752","demand":"0.00","demand_rice":"0.00"}
[2025-09-04 15:45:47] district_user -> DCP added ->Patna@pds| Requested JSON -> {"name":"DCP","latitude":"25.500332","longitude":"84.844227","district":"Patna","id":"230753","demand":"0.00","demand_rice":"0.00"}
[2025-09-04 15:46:23] district_user -> DCP Edit ->Patna@pds| Requested JSON -> {"name":"GODOWN NO-23 BIHTA FATUHA ROAD SHIVGARH SANTOSH KUMAR KA NIJI GODOWN","uniqueid":"DCP_68b966d3af2","active":"1","type":"DCP","latitude":"25.500332","longitude":"84.844227","district":"Patna","id":"230753","demand":"0.00","demand_rice":"0.00"}
[2025-09-04 15:47:12] district_user -> DCP Edit ->Patna@pds| Requested JSON -> {"name":"Godown No Sonaru Chilka Fatuha Daniyawa Road Bhagwan Prasad Ka Niji Godown","uniqueid":"DCP_68b965bb429","active":"1","type":"DCP","latitude":"25.508852","longitude":"85.301249","district":"Patna","id":"230752","demand":"0.00","demand_rice":"0.00"}
[2025-09-04 16:05:28] district_user -> FPS Edit ->Munger@pds| Requested JSON -> {"name":"Dina Devi","uniqueid":"FPS_66bb8cde3d4","active":"1","type":"Model FPS","latitude":"25.383017","longitude":"86.623293","district":"Munger","id":"122600400436","demand":"71.51","demand_rice":"47.67"}
[2025-09-04 16:13:29] district_user -> FPS Edit ->Munger@pds| Requested JSON -> {"name":"Ravindra Kumar Sah","uniqueid":"FPS_66bb8cde57d","active":"1","type":"Model FPS","latitude":"25.411482","longitude":"86.654183","district":"Munger","id":"122600400437","demand":"44.48","demand_rice":"29.65"}
[2025-09-04 16:43:09] district_user -> FPS Edit ->Munger@pds| Requested JSON -> {"name":"Ram Baran Paswan","uniqueid":"FPS_66bb8d30254","active":"1","type":"Model FPS","latitude":"24.988547","longitude":"86.591793","district":"Munger","id":"122600100102","demand":"48.49","demand_rice":"32.32"}
[2025-09-04 16:44:27] district_user -> FPS Edit ->Munger@pds| Requested JSON -> {"name":"Nisha Devi","uniqueid":"FPS_66bb8d2b5c3","active":"1","type":"Model FPS","latitude":"25.3811","longitude":"86.483677","district":"Munger","id":"122600400533","demand":"30.65","demand_rice":"20.43"}
[2025-09-04 16:45:21] district_user -> FPS Edit ->Munger@pds| Requested JSON -> {"name":"Niraj Kumar","uniqueid":"FPS_66bb8d2b2d3","active":"1","type":"Model FPS","latitude":"25.339165","longitude":"86.545957","district":"Munger","id":"122600400530","demand":"38.42","demand_rice":"25.61"}
[2025-09-04 17:06:16] User -> DCP InActive -> Araria@pds| Godown No   6  Nigam Godown  Bazar Samiti Parisar  Araria
[2025-09-04 17:06:29] User -> DCP Active -> Araria@pds| Godown No   6  Nigam Godown  Bazar Samiti Parisar  Araria
