[2026-04-18 16:09:06] district_user -> DCP Edit ->Aurangabad@pds| Requested JSON -> {"name":"Godown No- 04 Nigam Godown Bazar Samiti Daudnagar","uniqueid":"DCP_69145b94196","active":"1","type":"DCP","latitude":"25.02602","longitude":"84.4227","district":"Aurangabad","id":"111","demand":"5697.357","demand_rice":"0.00"}
[2026-04-18 16:10:33] district_user -> DCP Edit ->Aurangabad@pds| Requested JSON -> {"name":"Godown No- 03 Nigam Godown Bazar Samiti Daudnagar","uniqueid":"DCP_69145b941a5","active":"1","type":"DCP","latitude":"25.02808","longitude":"84.42215","district":"Aurangabad","id":"109","demand":"4715.367","demand_rice":"0.00"}
[2026-04-18 16:11:51] district_user -> DCP Edit ->Aurangabad@pds| Requested JSON -> {"name":"Godown No- 03 Nigam Godown Bazar Samiti Daudnagar","uniqueid":"DCP_69145b941a5","active":"1","type":"DCP","latitude":"25.02808","longitude":"84.42215","district":"Aurangabad","id":"109","demand":"47153.67","demand_rice":"0.00"}
[2026-04-18 16:12:22] district_user -> DCP Edit ->Aurangabad@pds| Requested JSON -> {"name":"Godown No- 04 Nigam Godown Bazar Samiti Daudnagar","uniqueid":"DCP_69145b94196","active":"1","type":"DCP","latitude":"25.02602","longitude":"84.4227","district":"Aurangabad","id":"111","demand":"56973.57","demand_rice":"0.00"}
[2026-04-18 16:13:42] district_user -> DCP Edit ->Aurangabad@pds| Requested JSON -> {"name":"Godown No- 01 Nigam Godown Bazar Samiti Daudnagar","uniqueid":"DCP_69145b941b3","active":"1","type":"DCP","latitude":"25.02783","longitude":"84.42197","district":"Aurangabad","id":"107","demand":"34900.00","demand_rice":"0.00"}
[2026-04-18 16:14:39] district_user -> DCP Edit ->Aurangabad@pds| Requested JSON -> {"name":"Godown No- 02 Nigam Godown Bazar Samiti Daudnagar","uniqueid":"DCP_69145b941bf","active":"1","type":"DCP","latitude":"25.02771","longitude":"84.42159","district":"Aurangabad","id":"108","demand":"47160.00","demand_rice":"0.00"}
[2026-04-18 16:17:19] district_user -> DCP Edit ->Aurangabad@pds| Requested JSON -> {"name":"Godown No- 05 Biscoman Godown  Forum Godown Biscoman Aurangabad","uniqueid":"DCP_69145b941cc","active":"1","type":"DCP","latitude":"24.73512","longitude":"84.40735","district":"Aurangabad","id":"112","demand":"23931.08","demand_rice":"0.00"}
[2026-04-18 16:21:21] district_user -> DCP Edit ->Aurangabad@pds| Requested JSON -> {"name":"Godown No- 08 Nigam Godown  Barun Barka Nahar Ke Paas","uniqueid":"DCP_69145b94303","active":"1","type":"DCP","latitude":"24.86114","longitude":"84.22704","district":"Aurangabad","id":"115","demand":"0.00","demand_rice":"0.00"}
[2026-04-18 16:22:32] district_user -> DCP Edit ->Aurangabad@pds| Requested JSON -> {"name":"Godown No13  Nigam Godown Block Parishar Navinagar Aurangabad","uniqueid":"DCP_69145b943db","active":"1","type":"DCP","latitude":"24.61013","longitude":"84.14746","district":"Aurangabad","id":"509","demand":"10440.00","demand_rice":"0.00"}
[2026-04-18 16:28:27] district_user -> DCP added ->Aurangabad@pds| Requested JSON -> {"name":"DCP","latitude":"24.964307","longitude":"84.008375","district":"Aurangabad","id":"1111","demand":"9750.00","demand_rice":"0.00"}
[2026-04-18 16:30:23] district_user -> DCP Edit ->Aurangabad@pds| Requested JSON -> {"name":"Godown No-27SWC Godown Bazar Samiti ParisarSasaram","uniqueid":"DCP_69e363d3e29","active":"1","type":"DCP","latitude":"24.964307","longitude":"84.008375","district":"Aurangabad","id":"475","demand":"9750.00","demand_rice":"0.00"}
[2026-04-18 16:31:04] User -> DCP Active -> Aurangabad@pds| Godown No-32,BSWC Godown Obra
[2026-04-18 16:35:48] district_user -> DCP Edit ->Aurangabad@pds| Requested JSON -> {"name":"Godown No- 33 Obra BSWC Campus PEG AN ROAD Aurangabad","uniqueid":"DCP_69145b941ff","active":false,"type":"DCP","latitude":"24.888895","longitude":"84.3871841","district":"Aurangabad","id":"718","demand":"0.00","demand_rice":"0.00"}
[2026-04-18 16:36:03] User -> DCP Active -> Aurangabad@pds| Godown No- 33 Obra Bswc Campus Peg An Road Aurangabad
[2026-04-18 16:39:19] district_user -> DCP added ->Aurangabad@pds| Requested JSON -> {"name":"DCP","latitude":"24.61013","longitude":"84.14746","district":"Aurangabad","id":"509","demand":"10440.00","demand_rice":"0.00"}
[2026-04-18 16:39:58] district_user -> DCP Edit ->Aurangabad@pds| Requested JSON -> {"name":"Godown No.13  Nigam Godown Block parishar Navinagar Aurangabad","uniqueid":"DCP_69e3665fe4d","active":"1","type":"DCP","latitude":"24.61013","longitude":"84.14746","district":"Aurangabad","id":"509","demand":"10440.00","demand_rice":"0.00"}
[2026-04-18 16:41:38] district_user -> DCP added ->Aurangabad@pds| Requested JSON -> {"name":"DCP","latitude":"24.610607","longitude":"84.147411","district":"Aurangabad","id":"760","demand":"0.00","demand_rice":"0.00"}
[2026-04-18 16:42:10] district_user -> DCP Edit ->Aurangabad@pds| Requested JSON -> {"name":"Godown No-36Navinagar Prakhand Vyaparmandal GodownAurangabad","uniqueid":"DCP_69e366ea188","active":"1","type":"DCP","latitude":"24.610607","longitude":"84.147411","district":"Aurangabad","id":"760","demand":"0.00","demand_rice":"0.00"}
[2026-04-18 16:44:04] district_user -> DCP added ->Aurangabad@pds| Requested JSON -> {"name":"DCP","latitude":"24.611532","longitude":"84.146091","district":"Aurangabad","id":"761","demand":"0.00","demand_rice":"0.00"}
[2026-04-18 16:44:36] district_user -> DCP Edit ->Aurangabad@pds| Requested JSON -> {"name":"Godown No-37Navinagar Prakhand Vyaparmandal GodownAurangabad","uniqueid":"DCP_69e3677c3c6","active":"1","type":"DCP","latitude":"24.611532","longitude":"84.146091","district":"Aurangabad","id":"761","demand":"0.00","demand_rice":"0.00"}
