[2026-04-24 15:40:12] district_user -> DCP Edit ->Supaul@pds| Requested JSON -> {"name":"Godown No- 04 Nigam Godown  Jadiya","uniqueid":"DCP_69145b9327a","active":"1","type":"DCP","latitude":"26.096648","longitude":"86.969037","district":"Supaul","id":"209","demand":"74240","demand_rice":"0.00"}
[2026-04-24 15:45:21] district_user -> DCP added ->Supaul@pds| Requested JSON -> {"name":"DCP","latitude":"26.298469","longitude":"86.737209","district":"Supaul","id":"454","demand":"5220.00","demand_rice":"0.00"}
[2026-04-24 15:45:48] district_user -> DCP Edit ->Supaul@pds| Requested JSON -> {"name":"Godown No-12 Nigam GodownSaraigadh","uniqueid":"DCP_69eb42b9b3b","active":"1","type":"DCP","latitude":"26.298469","longitude":"86.737209","district":"Supaul","id":"454","demand":"5220.00","demand_rice":"0.00"}
[2026-04-24 15:47:40] district_user -> DCP Edit ->Sheohar@pds| Requested JSON -> {"name":"Godown No  Nigam Godown Near Bsnl Tower Sheohar","uniqueid":"DCP_69145b93aae","active":"1","type":"DCP","latitude":"26.51745","longitude":"85.28551","district":"Sheohar","id":"155","demand":"17151.68","demand_rice":"0.00"}
[2026-04-24 15:48:33] district_user -> DCP Edit ->Sheohar@pds| Requested JSON -> {"name":"Godown No- 02 Nigam Godown Near Bsnl Tower Sheohar","uniqueid":"DCP_69145b93ac8","active":"1","type":"DCP","latitude":"26.51753","longitude":"85.28523","district":"Sheohar","id":"156","demand":"6843.52","demand_rice":"0.00"}
[2026-04-24 15:48:38] district_user -> DCP added ->Supaul@pds| Requested JSON -> {"name":"DCP","latitude":"26.10742","longitude":"86.605195","district":"Supaul","id":"787","demand":"28211.36","demand_rice":"0.00"}
[2026-04-24 15:48:56] district_user -> DCP Edit ->Supaul@pds| Requested JSON -> {"name":"Godown No-27 Jai Maa Bhawani Aan Bhandar Supaul","uniqueid":"DCP_69eb437eed9","active":"1","type":"DCP","latitude":"26.10742","longitude":"86.605195","district":"Supaul","id":"787","demand":"28211.36","demand_rice":"0.00"}
[2026-04-24 15:49:18] district_user -> DCP Edit ->Sheohar@pds| Requested JSON -> {"name":"Godown No- 04 Nigam Godown Sunaul Sultaan Kay Paas  Punahia","uniqueid":"DCP_69145b93a60","active":"1","type":"DCP","latitude":"26.60851","longitude":"85.32666","district":"Sheohar","id":"158","demand":"4350.00","demand_rice":"0.00"}
[2026-04-24 15:50:06] district_user -> DCP Edit ->Sheohar@pds| Requested JSON -> {"name":"Godown No- 04 Nigam Godown Sunaul Sultaan Kay Paas  Punahia","uniqueid":"DCP_69145b93a60","active":"1","type":"DCP","latitude":"26.60851","longitude":"85.32666","district":"Sheohar","id":"158","demand":"7250.00","demand_rice":"0.00"}
[2026-04-24 15:50:40] district_user -> DCP Edit ->Sheohar@pds| Requested JSON -> {"name":"Godown No- 03 Nigam Godown Sheohar Block Parisar","uniqueid":"DCP_69145b93aba","active":"1","type":"DCP","latitude":"26.51473","longitude":"85.2854","district":"Sheohar","id":"157","demand":"4350.00","demand_rice":"0.00"}
[2026-04-24 15:51:30] district_user -> DCP Edit ->Sheohar@pds| Requested JSON -> {"name":"Godown No- 06 Nigam Godown Piprahi Block Parisar","uniqueid":"DCP_69145b93a6d","active":"1","type":"DCP","latitude":"26.56841","longitude":"85.31312","district":"Sheohar","id":"160","demand":"4350.00","demand_rice":"0.00"}
[2026-04-24 15:52:08] district_user -> DCP Edit ->Sheohar@pds| Requested JSON -> {"name":"Godown No-12new Constructed Godown Dumri Blocksheohar","uniqueid":"DCP_69145b93ad5","active":"1","type":"DCP","latitude":"26.468089","longitude":"85.25351","district":"Sheohar","id":"716","demand":"10150.00","demand_rice":"0.00"}
[2026-04-24 15:56:16] district_user -> DCP Edit ->Saharsa@pds| Requested JSON -> {"name":"Godown No- 01 Nigam Godown Rajeshwari Godown Rahuamani Kahra","uniqueid":"DCP_69145b9348b","active":"1","type":"DCP","latitude":"25.86916569","longitude":"86.55012112","district":"Saharsa","id":"198","demand":"25520.000","demand_rice":"0.00"}
[2026-04-24 15:56:30] district_user -> DCP Edit ->Bhagalpur@pds| Requested JSON -> {"name":"Godown No-10 Nigam Godown Bagbari Bazar Samiti Bhagalpur","uniqueid":"DCP_69145b93252","active":"1","type":"DCP","latitude":"25.218321","longitude":"86.979006","district":"Bhagalpur","id":"423","demand":"34220","demand_rice":"0.00"}
[2026-04-24 15:57:17] district_user -> DCP Edit ->Saharsa@pds| Requested JSON -> {"name":"Godown No- 02 Nigam Godown Sai Godown -01 2 Patori Satarkatiya","uniqueid":"DCP_69145b9347d","active":"1","type":"DCP","latitude":"25.971582","longitude":"86.555178","district":"Saharsa","id":"199","demand":"18080.00","demand_rice":"0.00"}
[2026-04-24 15:58:24] district_user -> DCP Edit ->Saharsa@pds| Requested JSON -> {"name":"Godown No- 05 Nigam Godown Pacs Godown Vijalpur Sattarkatia","uniqueid":"DCP_69145b933fe","active":"1","type":"DCP","latitude":"25.982742","longitude":"86.612354","district":"Saharsa","id":"203","demand":"8020.51","demand_rice":"0.00"}
[2026-04-24 15:58:33] district_user -> DCP Edit ->Sitamarhi@pds| Requested JSON -> {"name":"Godown No  Nigam Godown Bazar Samiti Parisar  Sitamarhi","uniqueid":"DCP_69145b9391e","active":"1","type":"DCP","latitude":"26.595342","longitude":"85.510404","district":"Sitamarhi","id":"151","demand":"12420","demand_rice":"0.00"}
[2026-04-24 15:59:17] district_user -> DCP Edit ->Saharsa@pds| Requested JSON -> {"name":"Godown No- 9 Alamnagar Madhepura","uniqueid":"DCP_69145b932c1","active":"1","type":"DCP","latitude":"25.578113","longitude":"86.901417","district":"Saharsa","id":"330","demand":"31160.00","demand_rice":"0.00"}
[2026-04-24 16:01:16] User -> DCP Active -> Saharsa@pds| Godown No.-10, MS UMA AGRO BHANDAR, BANGAOWN, SAHARSA
[2026-04-24 16:04:23] district_user -> DCP Edit ->Sitamarhi@pds| Requested JSON -> {"name":"Godown No- 03 Nigam Godown Bazar Samiti Parisar  Pupri.","uniqueid":"DCP_69145b9383a","active":"1","type":"DCP","latitude":"26.475474","longitude":"85.696408","district":"Sitamarhi","id":"153","demand":"27000","demand_rice":"0.00"}
[2026-04-24 16:04:56] district_user -> DCP Edit ->Sitamarhi@pds| Requested JSON -> {"name":"Godown No  Nigam Godown Bazar Samiti Parisar  Pupri","uniqueid":"DCP_69145b9382b","active":"1","type":"DCP","latitude":"26.475409","longitude":"85.696727","district":"Sitamarhi","id":"152","demand":"44030","demand_rice":"0.00"}
[2026-04-24 16:05:38] district_user -> DCP Edit ->Sitamarhi@pds| Requested JSON -> {"name":"Godown No  Nigam Godown Bazar Samiti Parisar Sitamarhi","uniqueid":"DCP_69145b9392e","active":"1","type":"DCP","latitude":"26.594994","longitude":"85.509688","district":"Sitamarhi","id":"154","demand":"64160","demand_rice":"0.00"}
[2026-04-24 16:07:48] User -> DCP InActive -> Saharsa@pds| Godown No- 9 Alamnagar Madhepura
[2026-04-24 16:07:57] User -> DCP Active -> Saharsa@pds| Godown No-16,UMA AGRO BHANDAR, BANGAOWN, SAHARSA
[2026-04-24 16:15:24] district_user -> DCP Edit ->Saharsa@pds| Requested JSON -> {"name":"Godown No-16UMA AGRO BHANDAR BANGAOWN SAHARSA","uniqueid":"DCP_69145b934d8","active":"1","type":"DCP","latitude":"25.883423","longitude":"86.523964","district":"Saharsa","id":"715","demand":"3000.00","demand_rice":"0.00"}
[2026-04-24 16:15:43] User -> DCP Active -> Saharsa@pds| Godown No- 9 Alamnagar Madhepura
[2026-04-24 16:16:09] User -> DCP InActive -> Saharsa@pds| Godown No-16uma Agro Bhandar Bangaown Saharsa
[2026-04-24 16:16:32] User -> DCP Active -> Saharsa@pds| Godown No-16uma Agro Bhandar Bangaown Saharsa
[2026-04-24 16:20:03] district_user -> DCP Edit ->Saharsa@pds| Requested JSON -> {"name":"Godown No.-10 MS UMA AGRO BHANDAR BANGAOWN SAHARSA","uniqueid":"DCP_69145b934ca","active":"1","type":"DCP","latitude":"25.883253","longitude":"86.523967","district":"Saharsa","id":"376","demand":"3000.00","demand_rice":"0.00"}
[2026-04-24 16:21:12] district_user -> DCP Edit ->Gaya@pds| Requested JSON -> {"name":"Godown No- 09 Nigam Godown Barachatti Parkhand Parisar","uniqueid":"DCP_69145b93bb9","active":"1","type":"DCP","latitude":"24.504283","longitude":"85.016101","district":"Gaya","id":"80","demand":"11705.03","demand_rice":"0.00"}
[2026-04-24 16:21:46] district_user -> DCP Edit ->Gaya@pds| Requested JSON -> {"name":"Godown No- 10 Nigam Godown Barachatti Parkhand Parisar","uniqueid":"DCP_69145b93bc5","active":"1","type":"DCP","latitude":"24.504283","longitude":"85.016101","district":"Gaya","id":"81","demand":"7000","demand_rice":"0.00"}
[2026-04-24 16:22:58] district_user -> DCP Edit ->Gaya@pds| Requested JSON -> {"name":"Godown No- 04 Nigam Godown Parkhand Parisar Chandauti","uniqueid":"DCP_69145b93c36","active":"1","type":"DCP","latitude":"24.787087","longitude":"84.97104","district":"Gaya","id":"75","demand":"8500","demand_rice":"0.00"}
[2026-04-24 16:24:06] district_user -> DCP Edit ->Gaya@pds| Requested JSON -> {"name":"Godown No- 01 Nigam Godown Chandauti Bazar Samiti","uniqueid":"DCP_69145b93c80","active":"1","type":"DCP","latitude":"24.788097","longitude":"84.969882","district":"Gaya","id":"72","demand":"80714.31","demand_rice":"0.00"}
[2026-04-24 16:25:26] district_user -> DCP Edit ->Gaya@pds| Requested JSON -> {"name":"Godown No- 02 Nigam Godown Chandauti Bazar Samiti","uniqueid":"DCP_69145b93c90","active":"1","type":"DCP","latitude":"24.788097","longitude":"84.969882","district":"Gaya","id":"73","demand":"10500","demand_rice":"0.00"}
[2026-04-24 16:26:06] district_user -> DCP Edit ->Gaya@pds| Requested JSON -> {"name":"Godown No- 03 Nigam Godown Chandauti Bazar Samiti","uniqueid":"DCP_69145b93ca0","active":"1","type":"DCP","latitude":"24.788097","longitude":"84.969882","district":"Gaya","id":"74","demand":"5220","demand_rice":"0.00"}
[2026-04-24 16:27:10] district_user -> DCP Edit ->Gaya@pds| Requested JSON -> {"name":"Godown No-41 Bazar Samiti Chandautigaya","uniqueid":"DCP_69145b93cad","active":"1","type":"DCP","latitude":"24.789629","longitude":"84.969737","district":"Gaya","id":"702","demand":"111144.23","demand_rice":"0.00"}
[2026-04-24 16:27:50] district_user -> DCP Edit ->Gaya@pds| Requested JSON -> {"name":"Godown No-42 Bazar Samitichandautigaya","uniqueid":"DCP_69145b93cba","active":"1","type":"DCP","latitude":"24.789516","longitude":"84.969592","district":"Gaya","id":"736","demand":"84774.45","demand_rice":"0.00"}
[2026-04-24 16:28:36] district_user -> DCP Edit ->Gaya@pds| Requested JSON -> {"name":"Godown No- 05 Nigam Godown Chandauti Bazar Samiti","uniqueid":"DCP_69145b93cd6","active":"1","type":"DCP","latitude":"24.78985","longitude":"84.968372","district":"Gaya","id":"76","demand":"84291","demand_rice":"0.00"}
[2026-04-24 16:29:15] district_user -> DCP Edit ->Gaya@pds| Requested JSON -> {"name":"Godown No- 06 Nigam Godown Sherghati Block Parisar","uniqueid":"DCP_69145b93d92","active":"1","type":"DCP","latitude":"24.573832","longitude":"84.803205","district":"Gaya","id":"77","demand":"10150","demand_rice":"0.00"}
[2026-04-24 16:30:12] district_user -> DCP Edit ->Gaya@pds| Requested JSON -> {"name":"Godown No- 11 Nigam Godown Gurua Parkhand Parisar","uniqueid":"DCP_69145b93ddd","active":"1","type":"DCP","latitude":"24.664866","longitude":"84.78388","district":"Gaya","id":"82","demand":"5200","demand_rice":"0.00"}
[2026-04-24 16:30:59] district_user -> DCP Edit ->Gaya@pds| Requested JSON -> {"name":"Godown No- 12 Nigam Godown Gurua Parkhand Parisar","uniqueid":"DCP_69145b93dea","active":"1","type":"DCP","latitude":"24.664866","longitude":"84.78388","district":"Gaya","id":"83","demand":"5220","demand_rice":"0.00"}
[2026-04-24 16:31:51] district_user -> DCP Edit ->Gaya@pds| Requested JSON -> {"name":"Godown No- 40 Pareb Nigam Godown Gurudham","uniqueid":"DCP_69145b93dc1","active":"1","type":"DCP","latitude":"24.73117","longitude":"84.800052","district":"Gaya","id":"647","demand":"88292.21","demand_rice":"0.00"}
[2026-04-24 16:34:00] district_user -> DCP added ->Saharsa@pds| Requested JSON -> {"name":"DCP","latitude":"25.852465","longitude":"86.673494","district":"Saharsa","id":"SCOPT680","demand":"10730.00","demand_rice":"0.000"}
[2026-04-24 16:34:53] district_user -> DCP Edit ->Saharsa@pds| Requested JSON -> {"name":"Godown No-14Pacs GodownChandaur PurbiSaurbazar","uniqueid":"DCP_69eb4e204f8","active":"1","type":"DCP","latitude":"25.852465","longitude":"86.673494","district":"Saharsa","id":"SCOPT680","demand":"10730.00","demand_rice":"0.000"}
[2026-04-24 16:41:10] district_user -> DCP Edit ->Aurangabad@pds| Requested JSON -> {"name":"Godown No- 03 Nigam Godown Bazar Samiti Daudnagar","uniqueid":"DCP_69145b941a5","active":"1","type":"DCP","latitude":"25.02808","longitude":"84.42215","district":"Aurangabad","id":"109","demand":"61028.67","demand_rice":"0.00"}
[2026-04-24 16:42:47] district_user -> DCP Edit ->Aurangabad@pds| Requested JSON -> {"name":"Godown No- 01 Nigam Godown Bazar Samiti Daudnagar","uniqueid":"DCP_69145b941b3","active":"1","type":"DCP","latitude":"25.02783","longitude":"84.42197","district":"Aurangabad","id":"107","demand":"56475.00","demand_rice":"0.00"}
[2026-04-24 16:44:58] district_user -> DCP Edit ->Aurangabad@pds| Requested JSON -> {"name":"Godown No- 02 Nigam Godown Bazar Samiti Daudnagar","uniqueid":"DCP_69145b941bf","active":"1","type":"DCP","latitude":"25.02771","longitude":"84.42159","district":"Aurangabad","id":"108","demand":"55660.00","demand_rice":"0.00"}
[2026-04-24 16:46:46] district_user -> DCP Edit ->Aurangabad@pds| Requested JSON -> {"name":"Godown No- 07 Nigam Godown Block Parisar Kutmba","uniqueid":"DCP_69145b942ba","active":"1","type":"DCP","latitude":"24.62738","longitude":"84.2862","district":"Aurangabad","id":"114","demand":"4280.00","demand_rice":"0.00"}
[2026-04-24 16:47:32] district_user -> DCP Edit ->Aurangabad@pds| Requested JSON -> {"name":"Godown No-32BSWC Godown Obra","uniqueid":"DCP_69145b941f2","active":"1","type":"DCP","latitude":"24.889892","longitude":"84.387208","district":"Aurangabad","id":"701","demand":"0.00","demand_rice":"0.00"}
[2026-04-24 16:47:55] district_user -> DCP Edit ->Nalanda@pds| Requested JSON -> {"name":"Godown No- 14 Bhartiye Khadh Nigam Godown Mokama","uniqueid":"DCP_69145b93735","active":"1","type":"DCP","latitude":"25.400244","longitude":"85.902741","district":"Nalanda","id":"23","demand":"22910","demand_rice":"00"}
[2026-04-24 16:48:36] district_user -> DCP Edit ->Nalanda@pds| Requested JSON -> {"name":"Godown No- 13 Nigam Godown  Bazar Samiti Parisar Barh","uniqueid":"DCP_69145b93819","active":"1","type":"DCP","latitude":"25.475405","longitude":"85.719198","district":"Nalanda","id":"13","demand":"26546.72","demand_rice":"00"}
[2026-04-24 16:49:12] district_user -> DCP Edit ->Nalanda@pds| Requested JSON -> {"name":"Godown No- 19 Nigam Godown Jangipur Asthawa Block Parisar","uniqueid":"DCP_69145b93846","active":"1","type":"DCP","latitude":"25.200017","longitude":"85.688622","district":"Nalanda","id":"721","demand":"16530","demand_rice":"0.0"}
[2026-04-24 16:49:30] district_user -> DCP Edit ->Aurangabad@pds| Requested JSON -> {"name":"Godown No-27swc Godown Bazar Samiti Parisarsasaram","uniqueid":"DCP_69e363d3e29","active":"1","type":"DCP","latitude":"24.964307","longitude":"84.008375","district":"Aurangabad","id":"475","demand":"19167.24","demand_rice":"0.00"}
[2026-04-24 16:49:47] district_user -> DCP Edit ->Nalanda@pds| Requested JSON -> {"name":"Cmr Godown No-5 Nigam Godown Bazar Samiti  Biharsharif","uniqueid":"DCP_69145b9393c","active":"1","type":"DCP","latitude":"25.19855","longitude":"85.50603","district":"Nalanda","id":"14","demand":"21750","demand_rice":"0.0"}
[2026-04-24 16:50:19] district_user -> DCP Edit ->Nalanda@pds| Requested JSON -> {"name":"Godown No- 01 Swc Godown  Bazar Samiti Parisar Biharsharif","uniqueid":"DCP_69145b93948","active":"1","type":"DCP","latitude":"25.19691","longitude":"85.50696","district":"Nalanda","id":"15","demand":"20300","demand_rice":"0.0"}
[2026-04-24 16:50:44] district_user -> DCP Edit ->Nalanda@pds| Requested JSON -> {"name":"Godown No- 02swc Godown  Bazar Samiti Parisar Biharsharif","uniqueid":"DCP_69145b93955","active":"1","type":"DCP","latitude":"25.19691","longitude":"85.50721","district":"Nalanda","id":"16","demand":"12180","demand_rice":"0.0"}
[2026-04-24 16:51:23] district_user -> DCP Edit ->Nalanda@pds| Requested JSON -> {"name":"Godown No- 03swc Godown  Bazar Samiti Parisar Biharsharif","uniqueid":"DCP_69145b93965","active":"1","type":"DCP","latitude":"25.19665","longitude":"85.50711","district":"Nalanda","id":"17","demand":"22299.76","demand_rice":"0.0"}
[2026-04-24 16:51:59] district_user -> DCP Edit ->Nalanda@pds| Requested JSON -> {"name":"Godown No- 04swc Godown  Bazar Samiti Parisar Biharsharif","uniqueid":"DCP_69145b93972","active":"1","type":"DCP","latitude":"25.19652","longitude":"85.50699","district":"Nalanda","id":"18","demand":"17400","demand_rice":"0.0"}
[2026-04-24 16:52:37] district_user -> DCP Edit ->Nalanda@pds| Requested JSON -> {"name":"Godown No- 06 Nira Godown Bazar Samiti Parisar Bihar Sharif","uniqueid":"DCP_69145b93984","active":"1","type":"DCP","latitude":"25.197405","longitude":"85.505908","district":"Nalanda","id":"19","demand":"53940","demand_rice":"0.0"}
[2026-04-24 16:53:08] district_user -> DCP Edit ->Nalanda@pds| Requested JSON -> {"name":"Godown No-12 Neera Godown Bazar Samiti Parisar Biharsharif Nalanda","uniqueid":"DCP_69145b93994","active":"1","type":"DCP","latitude":"25.19719","longitude":"85.50533","district":"Nalanda","id":"314","demand":"12760","demand_rice":"0.0"}
[2026-04-24 17:04:38] district_user -> DCP Edit ->Katihar@pds| Requested JSON -> {"name":"Godown No-05 Bazar Samiti Tingachiya Katihar-C Katihar","uniqueid":"DCP_69145b930ac","active":"1","type":"DCP","latitude":"25.527637","longitude":"87.580235","district":"Katihar","id":"380","demand":"30127.36","demand_rice":"0.00"}
[2026-04-24 17:06:08] district_user -> DCP Edit ->Katihar@pds| Requested JSON -> {"name":"Godown No- 01 Nigam Godownbazar Samitiparisar Tingachia","uniqueid":"DCP_69145b9309f","active":"1","type":"DCP","latitude":"25.52669","longitude":"87.582285","district":"Katihar","id":"224","demand":"64670.00","demand_rice":"0.00"}
[2026-04-24 17:43:21] district_user -> DCP Edit ->Muzaffarpur@pds| Requested JSON -> {"name":"Godown No-2Nigam Godown Gayghat","uniqueid":"DCP_69145b93851","active":"1","type":"DCP","latitude":"26.131935","longitude":"85.654582","district":"Muzaffarpur","id":"572","demand":"5800.00","demand_rice":"0.00"}
[2026-04-24 17:44:25] district_user -> DCP Edit ->Muzaffarpur@pds| Requested JSON -> {"name":"Godown No-05SWC Godown Malighat","uniqueid":"DCP_69145b939d9","active":"1","type":"DCP","latitude":"26.119427","longitude":"85.40952","district":"Muzaffarpur","id":"574","demand":"4060.00","demand_rice":"0.00"}
[2026-04-24 17:45:17] district_user -> DCP Edit ->Muzaffarpur@pds| Requested JSON -> {"name":"Godown No-04SWC Godown Malighat","uniqueid":"DCP_69145b939e4","active":"1","type":"DCP","latitude":"26.119598","longitude":"85.409364","district":"Muzaffarpur","id":"573","demand":"1160.00","demand_rice":"0.00"}
[2026-04-24 17:48:00] district_user -> DCP Edit ->Muzaffarpur@pds| Requested JSON -> {"name":"Godown No- 10 Nigam Godown Minapur","uniqueid":"DCP_69145b93a3a","active":"1","type":"DCP","latitude":"26.242446","longitude":"85.354014","district":"Muzaffarpur","id":"581","demand":"9860.00","demand_rice":"0.00"}
[2026-04-24 17:48:21] district_user -> DCP Edit ->Muzaffarpur@pds| Requested JSON -> {"name":"Godown Noswc Godownb Narayanpurmuzaffarpur","uniqueid":"DCP_69145b939f0","active":"1","type":"DCP","latitude":"26.094884","longitude":"85.4072949","district":"Muzaffarpur","id":"697","demand":"0.00","demand_rice":"0.00"}
[2026-04-24 17:48:58] district_user -> DCP Edit ->Muzaffarpur@pds| Requested JSON -> {"name":"Godown No- 11 Nigam Godown Kudhani","uniqueid":"DCP_69145b93a48","active":"1","type":"DCP","latitude":"26.03378","longitude":"85.344885","district":"Muzaffarpur","id":"579","demand":"17547.84","demand_rice":"0.00"}
[2026-04-24 17:49:53] district_user -> DCP Edit ->Muzaffarpur@pds| Requested JSON -> {"name":"Godown No- 12 Nigam Godown Kudhani","uniqueid":"DCP_69145b93a53","active":"1","type":"DCP","latitude":"26.03378","longitude":"85.344885","district":"Muzaffarpur","id":"580","demand":"12470.00","demand_rice":"0.00"}
[2026-04-24 17:52:28] district_user -> DCP Edit ->Muzaffarpur@pds| Requested JSON -> {"name":"Godown No-14SWC Godown3B NarayanpurMuzaffarpur","uniqueid":"DCP_69145b939f0","active":"1","type":"DCP","latitude":"26.094884","longitude":"85.4072949","district":"Muzaffarpur","id":"697","demand":"77424.26","demand_rice":"0.00"}
[2026-04-24 17:53:11] district_user -> DCP Edit ->Muzaffarpur@pds| Requested JSON -> {"name":"Godown No- 08 Nigam Godown Kanti","uniqueid":"DCP_69145b93a95","active":"1","type":"DCP","latitude":"26.201817","longitude":"85.292453","district":"Muzaffarpur","id":"577","demand":"2030.00","demand_rice":"0.00"}
[2026-04-24 17:54:44] district_user -> DCP Edit ->Muzaffarpur@pds| Requested JSON -> {"name":"Godown No- 01 Nigam Godown Kanti Block Parisar","uniqueid":"DCP_69145b93aa1","active":"1","type":"DCP","latitude":"26.2019005","longitude":"85.2922134","district":"Muzaffarpur","id":"142","demand":"77120.06","demand_rice":"0.00"}
[2026-04-24 17:55:25] district_user -> DCP Edit ->Muzaffarpur@pds| Requested JSON -> {"name":"Godown No-2Nigam Godown Gayghat","uniqueid":"DCP_69145b93851","active":"1","type":"DCP","latitude":"26.131935","longitude":"85.654582","district":"Muzaffarpur","id":"572","demand":"5800.00","demand_rice":"0.00"}
[2026-04-24 18:14:48] district_user -> DCP Edit ->Lakhisarai@pds| Requested JSON -> {"name":"Godown No- 08 Nigam Godown Bazar Samiti Lakhisarai","uniqueid":"DCP_69145b9361f","active":"1","type":"DCP","latitude":"25.153019","longitude":"86.09811","district":"Lakhisarai","id":"239","demand":"35094.62","demand_rice":"0.00"}
[2026-04-24 18:15:50] district_user -> DCP Edit ->Lakhisarai@pds| Requested JSON -> {"name":"Godown No- 01 Nigam Godown  Bazar Samiti Lakhisarai","uniqueid":"DCP_69145b9362e","active":"1","type":"DCP","latitude":"25.153968","longitude":"86.097824","district":"Lakhisarai","id":"232","demand":"9280.00","demand_rice":"0.00"}
[2026-04-24 18:16:33] district_user -> DCP Edit ->Lakhisarai@pds| Requested JSON -> {"name":"Godown No- 02 Nigam Godown Bazar Samiti Lakhisarai","uniqueid":"DCP_69145b9363d","active":"1","type":"DCP","latitude":"25.154123","longitude":"86.097331","district":"Lakhisarai","id":"233","demand":"14388.00","demand_rice":"0.00"}
[2026-04-24 18:17:00] district_user -> DCP Edit ->Lakhisarai@pds| Requested JSON -> {"name":"Godown No- 03 Nigam Godown Bazar Samiti Lakhisarai","uniqueid":"DCP_69145b9364a","active":"1","type":"DCP","latitude":"25.155758","longitude":"86.096531","district":"Lakhisarai","id":"234","demand":"1450.00","demand_rice":"0.00"}
[2026-04-24 18:17:21] district_user -> DCP Edit ->Lakhisarai@pds| Requested JSON -> {"name":"Godown No- 04 Nigam Godown Bazar Samiti Lakhisarai","uniqueid":"DCP_69145b93657","active":"1","type":"DCP","latitude":"25.155932","longitude":"86.095862","district":"Lakhisarai","id":"235","demand":"0.00","demand_rice":"0.00"}
[2026-04-24 18:17:59] district_user -> DCP Edit ->Lakhisarai@pds| Requested JSON -> {"name":"Godown No- 05 Nigam Godown  Halshi Block Parisar","uniqueid":"DCP_69145b936c8","active":"1","type":"DCP","latitude":"25.028356","longitude":"86.049396","district":"Lakhisarai","id":"236","demand":"1740.00","demand_rice":"0.00"}
[2026-04-24 18:18:55] district_user -> DCP Edit ->Lakhisarai@pds| Requested JSON -> {"name":"Godown No- 06 Nigam Godown  Halshi Block Parisar","uniqueid":"DCP_69145b936ba","active":"1","type":"DCP","latitude":"25.028864","longitude":"86.049761","district":"Lakhisarai","id":"237","demand":"4347.41","demand_rice":"0.00"}
[2026-04-24 18:20:27] district_user -> DCP Edit ->Lakhisarai@pds| Requested JSON -> {"name":"Godown No-11shri Satish Singh Ka Niji Godownkendi Prakhnd Halsi","uniqueid":"DCP_69145b93691","active":"1","type":"DCP","latitude":"25.054526","longitude":"86.060163","district":"Lakhisarai","id":"708","demand":"5841.00","demand_rice":"0.00"}
