[2026-04-25 11:33:42] district_user -> DCP Edit ->Supaul@pds| Requested JSON -> {"name":"Godown No- 04 Nigam Godown  Jadiya","uniqueid":"DCP_69145b9327a","active":"1","type":"DCP","latitude":"26.096648","longitude":"86.969037","district":"Supaul","id":"209","demand":"73080","demand_rice":"0.00"}
[2026-04-25 11:34:33] district_user -> DCP Edit ->Supaul@pds| Requested JSON -> {"name":"Godown No- 5 Nigam Godown  Basantpur","uniqueid":"DCP_69145b9318b","active":"1","type":"DCP","latitude":"26.496917","longitude":"87.017985","district":"Supaul","id":"275","demand":"7540","demand_rice":"0.00"}
[2026-04-25 11:35:25] district_user -> DCP Edit ->Supaul@pds| Requested JSON -> {"name":"Godown No- 01 Nigam Godown  Atithi Grah Supaul Ke Bagl Me","uniqueid":"DCP_69145b93419","active":"1","type":"DCP","latitude":"26.12358","longitude":"86.60812","district":"Supaul","id":"206","demand":"47850","demand_rice":"0.00"}
[2026-04-25 14:08:07] district_user -> DCP added ->Vaishali@pds| Requested JSON -> {"name":"DCP","latitude":"25.823388","longitude":"85.357078","district":"Vaishali","id":"794","demand":"00","demand_rice":"00"}
[2026-04-25 14:09:02] district_user -> DCP Edit ->Vaishali@pds| Requested JSON -> {"name":"Godown No-15 Vishunpur Hira Ram Urf Paharpur Panchayat Pacs Mahua Vaishali","uniqueid":"DCP_69ec7d6f5b1","active":"1","type":"DCP","latitude":"25.823388","longitude":"85.357078","district":"Vaishali","id":"794","demand":"00","demand_rice":"00"}
[2026-04-25 14:10:58] district_user -> DCP Edit ->Vaishali@pds| Requested JSON -> {"name":"Godown No- 02  Nigam Godown mahua block office","uniqueid":"DCP_69145b939fe","active":"1","type":"DCP","latitude":"25.813627","longitude":"85.395063","district":"Vaishali","id":"144","demand":"26680","demand_rice":"0.00"}
[2026-04-25 14:12:14] district_user -> DCP Edit ->Vaishali@pds| Requested JSON -> {"name":"Godown No- 06  Nigam Godown Block Parisar Mahua","uniqueid":"DCP_69145b93a0e","active":"1","type":"DCP","latitude":"25.813627","longitude":"85.395063","district":"Vaishali","id":"148","demand":"10730","demand_rice":"0.00"}
[2026-04-25 14:13:15] district_user -> DCP Edit ->Vaishali@pds| Requested JSON -> {"name":"Godown No- 03  Nigam Godown Patehpur Block Karyalye Parisar","uniqueid":"DCP_69145b938cd","active":"1","type":"DCP","latitude":"25.871854","longitude":"85.542078","district":"Vaishali","id":"145","demand":"10150","demand_rice":"00"}
[2026-04-25 14:13:38] User -> DCP InActive -> Vaishali@pds| Godown No.10,Tisiautta Dharmpur Panchayat Pacs
[2026-04-25 14:14:29] district_user -> DCP Edit ->Vaishali@pds| Requested JSON -> {"name":"Godown No- 04  Nigam Godown  Premraj Chehrakala Nigam Godown","uniqueid":"DCP_69145b93a2d","active":"1","type":"DCP","latitude":"25.8621","longitude":"85.3572","district":"Vaishali","id":"146","demand":"8410","demand_rice":"00"}
[2026-04-25 14:14:59] district_user -> DCP Edit ->Vaishali@pds| Requested JSON -> {"name":"Godown No- 04  Nigam Godown  Premraj Chehrakala Nigam Godown","uniqueid":"DCP_69145b93a2d","active":"1","type":"DCP","latitude":"25.8621","longitude":"85.3572","district":"Vaishali","id":"146","demand":"8410","demand_rice":"00"}
[2026-04-25 14:15:38] district_user -> DCP Edit ->Vaishali@pds| Requested JSON -> {"name":"Godown No- 05  Nigam Godown Block Parisar Lalganj","uniqueid":"DCP_69145b93b1a","active":"1","type":"DCP","latitude":"25.853556","longitude":"85.173317","district":"Vaishali","id":"147","demand":"14195","demand_rice":"00"}
[2026-04-25 14:17:03] district_user -> DCP Edit ->Vaishali@pds| Requested JSON -> {"name":"Godown No- 07 Nigam Godown Block Parisar Jandaha","uniqueid":"DCP_69145b93912","active":"1","type":"DCP","latitude":"25.717538","longitude":"85.524567","district":"Vaishali","id":"149","demand":"15440","demand_rice":"00"}
[2026-04-25 14:17:38] district_user -> DCP Edit ->Vaishali@pds| Requested JSON -> {"name":"Godown No.-08Nigam Godown Sahdei Prakhand Godown","uniqueid":"DCP_69145b939a2","active":"1","type":"DCP","latitude":"25.65974","longitude":"85.44979","district":"Vaishali","id":"328","demand":"15080","demand_rice":"00"}
[2026-04-25 14:18:13] district_user -> DCP Edit ->Vaishali@pds| Requested JSON -> {"name":"Godown No.13TPDS GodownSahdeyi BugurgNigam Godown","uniqueid":"DCP_69145b939b0","active":"1","type":"DCP","latitude":"25.65974","longitude":"85.44979","district":"Vaishali","id":"619","demand":"7830","demand_rice":"00"}
[2026-04-25 14:18:49] district_user -> DCP Edit ->Vaishali@pds| Requested JSON -> {"name":"Godown No-09Patedhi Belsar Block","uniqueid":"DCP_69145b93b0e","active":"1","type":"DCP","latitude":"25.97635","longitude":"85.21661","district":"Vaishali","id":"455","demand":"5525","demand_rice":"00"}
[2026-04-25 14:19:22] district_user -> DCP Edit ->Vaishali@pds| Requested JSON -> {"name":"Godown No-14Vyaparmandal sahdehi Bujurg","uniqueid":"DCP_69145b939bc","active":"1","type":"DCP","latitude":"25.660902","longitude":"85.449439","district":"Vaishali","id":"709","demand":"4060","demand_rice":"00"}
[2026-04-25 14:20:42] district_user -> DCP Edit ->Vaishali@pds| Requested JSON -> {"name":"Godown No-15 Vishunpur Hira Ram Urf Paharpur Panchayat Pacs Mahua Vaishali","uniqueid":"DCP_69ec7d6f5b1","active":"1","type":"DCP","latitude":"25.823388","longitude":"85.357078","district":"Vaishali","id":"794","demand":"3770","demand_rice":"00"}
[2026-04-25 15:24:51] User -> DCP Edit -> Purnia@pds| Godown No- 01 Nigam Godown , Bazar Samiti, Kasba,
[2026-04-25 15:24:51] User -> DCP Edit -> Purnia@pds| Godown No- 04,Nigam Godown,Bazar Samiti,Kasba
[2026-04-25 15:24:51] User -> DCP Edit -> Purnia@pds| Godown No- 03, Nigam Godown , Jalalgardh
[2026-04-25 15:24:51] User -> DCP Edit -> Purnia@pds| Godown No -05 Nigam Godown Bazar Samati,Banmankhi
[2026-04-25 15:24:51] User -> DCP Edit -> Purnia@pds| Godown No- 02 Nigam Godown , , Banmankhi Bazar Samiti
[2026-04-25 21:18:19] district_user -> DCP Edit ->Patna@pds| Requested JSON -> {"name":"Godown No- 01 Nigam Godown  Bazar Samiti  Bihta","uniqueid":"DCP_69145b93d1c","active":"1","type":"DCP","latitude":"25.550955","longitude":"84.862494","district":"Patna","id":"1","demand":"50330","demand_rice":"0.00"}
[2026-04-25 21:19:35] district_user -> DCP Edit ->Patna@pds| Requested JSON -> {"name":"Godown No- 02 Nigam Godown  Bazar Samiti  Bihta","uniqueid":"DCP_69145b93d29","active":"1","type":"DCP","latitude":"25.554554","longitude":"84.859588","district":"Patna","id":"2","demand":"19140","demand_rice":"0.00"}
[2026-04-25 21:20:19] district_user -> DCP Edit ->Patna@pds| Requested JSON -> {"name":"Godown No- 08 Nigam Godown  Bazar Samiti  Barh","uniqueid":"DCP_69145b937ff","active":"1","type":"DCP","latitude":"25.474797","longitude":"85.719443","district":"Patna","id":"10","demand":"47501.08","demand_rice":"0.00"}
[2026-04-25 21:21:14] district_user -> DCP Edit ->Patna@pds| Requested JSON -> {"name":"Godown No- 09 Nigam Godown  Bazar Samiti  Katra","uniqueid":"DCP_69145b93ae1","active":"1","type":"DCP","latitude":"25.575220","longitude":"85.250855","district":"Patna","id":"11","demand":"32190","demand_rice":"0.00"}
[2026-04-25 21:22:23] district_user -> DCP Edit ->Patna@pds| Requested JSON -> {"name":"Godown No 10  Nigam Godown  Bazar Samiti  Katra","uniqueid":"DCP_69145b93af1","active":"1","type":"DCP","latitude":"25.575220","longitude":"85.250855","district":"Patna","id":"12","demand":"15950","demand_rice":"0.000"}
[2026-04-25 21:23:16] district_user -> DCP Edit ->Patna@pds| Requested JSON -> {"name":"Godown No- 12 Bihar Rajya Bhandaar Nigam Bihta","uniqueid":"DCP_69145b93d51","active":"1","type":"DCP","latitude":"25.547780","longitude":"84.862220","district":"Patna","id":"6","demand":"42830","demand_rice":"0.00"}
[2026-04-25 21:24:48] district_user -> DCP Edit ->Patna@pds| Requested JSON -> {"name":"Godown No- 14 Nigam Godown Barh Patna","uniqueid":"DCP_69145b9380d","active":"1","type":"DCP","latitude":"25.474897","longitude":"85.719343","district":"Patna","id":"369","demand":"38900","demand_rice":"0.00"}
[2026-04-25 21:28:52] district_user -> DCP Edit ->Patna@pds| Requested JSON -> {"name":"Godown No-03 Nigam Godown Bazar Samiti Bihta","uniqueid":"DCP_69145b93d35","active":"1","type":"DCP","latitude":"25.549752","longitude":"84.862393","district":"Patna","id":"3","demand":"39930.02","demand_rice":"0.00"}
[2026-04-25 21:29:39] district_user -> DCP Edit ->Patna@pds| Requested JSON -> {"name":"Godown No-04 Nigam Godown Bazar Samiti Bihta","uniqueid":"DCP_69145b93d43","active":"1","type":"DCP","latitude":"25.549752","longitude":"84.862393","district":"Patna","id":"4","demand":"14500","demand_rice":"0.00"}
[2026-04-25 21:30:29] district_user -> DCP Edit ->Patna@pds| Requested JSON -> {"name":"Godown No-11 Bihar Rajya Bhandhar Nigam Bihta","uniqueid":"DCP_69145b93d5f","active":"1","type":"DCP","latitude":"25.547780","longitude":"84.862220","district":"Patna","id":"5","demand":"42340","demand_rice":"0.00"}
[2026-04-25 21:31:29] district_user -> DCP Edit ->Patna@pds| Requested JSON -> {"name":"Godown No 17 Nigam Godown Katra","uniqueid":"DCP_69145b93aff","active":"1","type":"DCP","latitude":"25.575220","longitude":"85.250855","district":"Patna","id":"416","demand":"38788","demand_rice":"0.000"}
