[2025-11-15 21:04:14] User -> FPS Added -> admin@pds| LAL BANO
[2025-11-15 21:04:14] User -> FPS Added -> admin@pds| NIRAJ KUMAR SINGH 
[2025-11-15 21:04:14] User -> FPS Added -> admin@pds| BIBI GHAZALA PARWEEN 
[2025-11-15 21:04:14] User -> FPS Added -> admin@pds| UMMEHANI  
[2025-11-15 21:04:14] User -> FPS Added -> admin@pds| AFZAL HUSSAIN 
[2025-11-15 21:04:14] User -> FPS Added -> admin@pds| JAVED ALAM
[2025-11-15 21:04:37] User -> FPS Added -> admin@pds| BABY KUMARI 
[2025-11-15 21:04:37] User -> FPS Added -> admin@pds| UMESH LAL RISHIDEV 
[2025-11-15 21:04:38] User -> FPS Added -> admin@pds| SHAMBHU PRASAD YADAV 
[2025-11-15 21:04:38] User -> FPS Added -> admin@pds| KAMESHWAR PASWAN 
[2025-11-15 21:04:38] User -> FPS Added -> admin@pds| BIBI SANOBAR 
[2025-11-15 21:04:38] User -> FPS Added -> admin@pds| DHRIN KUMAR SINGH 
[2025-11-15 21:04:38] User -> FPS Added -> admin@pds| MD ISRAIL 
[2025-11-15 21:04:38] User -> FPS Added -> admin@pds| TEJNARAYAN YADAV 
[2025-11-15 21:04:38] User -> FPS Added -> admin@pds| SATYA NARAYAN YADAV
[2025-11-15 21:04:38] User -> FPS Added -> admin@pds| RAMDEV YADAV
[2025-11-15 21:04:52] User -> FPS Added -> admin@pds| RAHUL RAJ 
[2025-11-15 21:04:52] User -> FPS Added -> admin@pds| AMJAD HUSSAIN 
[2025-11-15 21:04:53] User -> FPS Added -> admin@pds| ATHAR HUSSAIN 
[2025-11-15 21:04:53] User -> FPS Added -> admin@pds| RAJESHWAR PRASAD 
[2025-11-15 21:04:53] User -> FPS Added -> admin@pds| DINANATH KUMAR 
[2025-11-15 21:04:53] User -> FPS Added -> admin@pds| SHIV VILAAS RAM 
[2025-11-15 21:04:54] User -> FPS Added -> admin@pds| RAMVINAY SINGH 
[2025-11-15 21:04:54] User -> FPS Added -> admin@pds| KRISHANNANDAN SHRMA  
[2025-11-15 21:04:54] User -> FPS Added -> admin@pds| RAMNARAYAN SHARMA  
