[2025-02-08 00:09:37] district_user -> DCP added ->Arwal@pds| Requested JSON -> {"name":"Mill","latitude":"9.10","longitude":"56.45","district":"Arwal","id":"QWE123","demand":"1000","demand_rice":"1234"}
[2025-02-08 00:10:28] User -> DCP InActive -> Arwal@pds| Mill
[2025-02-08 00:10:33] User -> DCP Active -> Arwal@pds| Mill
[2025-02-08 00:29:23] User -> DCP Edit -> Arwal@pds| Godown No  01  Nigam Godown   Pipra Bangla
[2025-02-08 00:29:23] User -> DCP Edit -> Arwal@pds| Godown No  12  Nigam Godown   Pipra Bangla
[2025-02-08 00:29:23] User -> DCP Edit -> Arwal@pds| Godown No  02  Nigam Godown   Balidaad
[2025-02-08 00:29:23] User -> DCP Edit -> Arwal@pds| Godown No  03  Nigam Godown   Balidaad
[2025-02-08 00:29:23] User -> DCP Edit -> Arwal@pds| Godown No  04  Nigam Godown   Balidaad
[2025-02-08 00:29:23] User -> DCP Edit -> Arwal@pds| Godown No  05  Nigam Godown   Balidaad
[2025-02-08 00:29:23] User -> DCP Edit -> Arwal@pds| Godown No  06  Nigam Godown   Balidaad
[2025-02-08 00:29:23] User -> DCP Edit -> Arwal@pds| Godown No  07  Nigam Godown   Bajitpur
[2025-02-08 00:29:23] User -> DCP Edit -> Arwal@pds| Godown No  08  Nigam Godown   Bajitpur
[2025-02-08 00:29:23] User -> DCP Edit -> Arwal@pds| Godown No  09  Nigam Godown   Bajitpur
[2025-02-08 00:29:23] User -> DCP Edit -> Arwal@pds| Godown No  10  Nigam Godown   Karpi
[2025-02-08 00:29:23] User -> DCP Edit -> Arwal@pds| Godown No  11  Nigam Godown  Karpi
[2025-02-08 00:29:23] User -> DCP Edit -> Arwal@pds| Mill
[2025-02-08 00:36:17] User -> Warehouse InActive -> Arwal@pds| 
[2025-02-08 00:36:18] User -> Warehouse Active -> Arwal@pds| 
[2025-02-08 00:36:45] district_user -> Warehouse Edit ->Arwal@pds| Requested JSON -> {"name":"TPDS Arwal","uniqueid":"WH_67a5bb7aa0dc","active":"1","type":"motorable","latitude":"25.243162","storage":"15000","district":"Arwal","id":"2360132","warehousetype":"swc","longitude":"84.667"}
[2025-02-08 00:37:25] district_user -> Warehouse Edit ->Arwal@pds| Requested JSON -> {"name":"Tpds Arwal","uniqueid":"WH_67a5bb7aa0dc","active":"1","type":"motorable","latitude":"25.243162","storage":"15000","district":"Arwal","id":"2360132","warehousetype":"swc","longitude":"84.667"}
[2025-02-08 00:37:56] district_user -> Warehouse added ->Arwal@pds| Requested JSON -> {"name":"Mill","type":"motorable","latitude":"9.10","storage":"15000","district":"Arwal","id":"QWE123","warehousetype":"swc","longitude":"56.45"}
[2025-02-08 00:38:00] User -> Warehouse InActive -> Arwal@pds| 
[2025-02-08 00:38:01] User -> Warehouse Active -> Arwal@pds| 
[2025-02-08 00:38:27] district_user -> Warehouse deleted -> Arwal@pds| Requested JSON -> {"uid":"WH_67a65a0cbc63"} | Mill
[2025-02-08 00:48:45] User -> Warehouse Added -> Arwal@pds| Tpds Arwal
[2025-02-08 00:48:45] User -> Warehouse Added -> Arwal@pds| TPDS Karpi
[2025-02-08 00:48:45] User -> Warehouse Added -> Arwal@pds| TPDS Kurtha
[2025-02-08 00:48:45] User -> Warehouse Added -> Arwal@pds| Mill
[2025-02-08 01:03:09] User -> Warehouse Edit -> Arwal@pds| Tpds Arwal
[2025-02-08 01:03:09] User -> Warehouse Edit -> Arwal@pds| TPDS Karpi
[2025-02-08 01:03:09] User -> Warehouse Edit -> Arwal@pds| TPDS Kurtha
[2025-02-08 01:03:09] User -> Warehouse Edit -> Arwal@pds| Mill
[2025-02-08 01:03:29] User -> FPS InActive -> Arwal@pds| 
[2025-02-08 01:15:47] User -> DCP Added -> Arwal@pds| Godown No  01  Nigam Godown   Pipra Bangla
[2025-02-08 01:15:47] User -> DCP Added -> Arwal@pds| Godown No  12  Nigam Godown   Pipra Bangla
[2025-02-08 01:15:47] User -> DCP Added -> Arwal@pds| Godown No  02  Nigam Godown   Balidaad
[2025-02-08 01:15:47] User -> DCP Added -> Arwal@pds| Godown No  03  Nigam Godown   Balidaad
[2025-02-08 01:15:47] User -> DCP Added -> Arwal@pds| Godown No  04  Nigam Godown   Balidaad
[2025-02-08 01:15:47] User -> DCP Added -> Arwal@pds| Godown No  05  Nigam Godown   Balidaad
[2025-02-08 01:15:47] User -> DCP Added -> Arwal@pds| Godown No  06  Nigam Godown   Balidaad
[2025-02-08 01:15:47] User -> DCP Added -> Arwal@pds| Godown No  07  Nigam Godown   Bajitpur
[2025-02-08 01:15:47] User -> DCP Added -> Arwal@pds| Godown No  08  Nigam Godown   Bajitpur
[2025-02-08 01:15:47] User -> DCP Added -> Arwal@pds| Godown No  09  Nigam Godown   Bajitpur
[2025-02-08 01:15:47] User -> DCP Added -> Arwal@pds| Godown No  10  Nigam Godown   Karpi
[2025-02-08 01:15:47] User -> DCP Added -> Arwal@pds| Godown No  11  Nigam Godown  Karpi
[2025-02-08 01:16:21] district_user -> Warehouse deleted -> Arwal@pds| Requested JSON -> {"uid":"WH_67a65c9558be"} | Mill
[2025-02-08 01:18:10] User -> Warehouse Added -> Arwal@pds| Tpds Arwal
[2025-02-08 01:18:10] User -> Warehouse Added -> Arwal@pds| TPDS Karpi
[2025-02-08 01:18:10] User -> Warehouse Added -> Arwal@pds| TPDS Kurtha
[2025-02-08 01:18:10] User -> Warehouse Added -> Arwal@pds| Mill
[2025-02-08 01:18:23] district_user -> Warehouse deleted -> Arwal@pds| Requested JSON -> {"uid":"WH_67a6637a061b"} | Mill
[2025-02-08 01:24:37] User -> FPS Active -> Arwal@pds| 
[2025-02-08 01:24:37] User -> FPS InActive -> Arwal@pds| 
[2025-02-08 01:24:43] User -> FPS Active -> Arwal@pds| 
[2025-02-08 01:31:41] User -> Warehouse Added -> Arwal@pds| Tpds Arwal
[2025-02-08 01:31:41] User -> Warehouse Added -> Arwal@pds| TPDS Karpi
[2025-02-08 01:31:41] User -> Warehouse Added -> Arwal@pds| TPDS Kurtha
[2025-02-08 01:31:41] User -> Warehouse Added -> Arwal@pds| Mill
[2025-02-08 01:31:54] district_user -> Warehouse deleted -> Arwal@pds| Requested JSON -> {"uid":"WH_67a666a5a278"} | Mill
[2025-02-08 01:33:15] User -> Warehouse Added -> Arwal@pds| Tpds Arwal
[2025-02-08 01:33:15] User -> Warehouse Added -> Arwal@pds| TPDS Karpi
[2025-02-08 01:33:15] User -> Warehouse Added -> Arwal@pds| TPDS Kurtha
[2025-02-08 01:33:15] User -> Warehouse Added -> Arwal@pds| Mill
[2025-02-08 01:34:10] district_user -> Warehouse deleted -> Arwal@pds| Requested JSON -> {"uid":"WH_67a66703c2a7"} | Mill
[2025-02-08 01:36:49] district_user -> Warehouse added ->Arwal@pds| Requested JSON -> {"name":"test","type":"motorable","latitude":"9.10","storage":"15000","district":"Arwal","id":"asdf","warehousetype":"swc","longitude":"56.45"}
[2025-02-08 01:37:38] district_user -> Warehouse added ->Arwal@pds| Requested JSON -> {"name":"test1","type":"motorable","latitude":"9.10","storage":"15000","district":"Arwal","id":"qwe123","warehousetype":"swc","longitude":"84.621006"}
[2025-02-08 01:37:49] district_user -> Warehouse deleted -> Arwal@pds| Requested JSON -> {"uid":"WH_67a6680ab6af"} | Test
[2025-02-08 01:38:16] User -> FPS InActive -> Arwal@pds| 
[2025-02-08 01:38:19] User -> FPS Active -> Arwal@pds| 
[2025-02-08 01:38:23] User -> FPS InActive -> Arwal@pds| 
[2025-02-08 01:38:27] User -> FPS Active -> Arwal@pds| 
[2025-02-08 01:38:45] district_user -> FPS Edit ->Arwal@pds| Requested JSON -> {"name":"Md Ajhar Hussain Tag Rajkeshwar Singh","uniqueid":"FPS_67a5bf798c3","active":"1","type":"Normal FPS","latitude":"25.203378","longitude":"84.643177","district":"Arwal","id":"123600100020","demand":"55.55","demand_rice":"37.02"}
[2025-02-08 01:39:15] district_user -> FPS deleted -> Arwal@pds| Requested JSON -> {"uid":"FPS_67a5bf798c3"} | Md Ajhar Hussain Tag Rajkeshwar Singh
[2025-02-08 01:39:20] User ->Model FPS InActive -> Arwal@pds| Binod Sharma
[2025-02-08 01:39:22] User ->Model FPS Active -> Arwal@pds| Binod Sharma
[2025-02-08 01:39:55] district_user -> FPS added ->Arwal@pds| Requested JSON -> {"name":"test","type":"Model FPS","latitude":"25.225977","longitude":"84.621006","district":"Arwal","id":"QWE123","demand":"1000","demand_rice":"1234"}
[2025-02-08 01:40:18] district_user -> FPS deleted -> Arwal@pds| Requested JSON -> {"uid":"all"} | all
[2025-02-08 01:40:34] User -> FPS Added -> Arwal@pds| Md Ajhar Hussain Tag Rajkeshwar Singh
[2025-02-08 01:40:34] User -> FPS Added -> Arwal@pds| Binod Sharma
[2025-02-08 01:40:34] User -> FPS Added -> Arwal@pds| Sarouti Pax Tag Binod Kumar
[2025-02-08 01:40:35] User -> FPS Added -> Arwal@pds| Nepali Ram
[2025-02-08 01:40:35] User -> FPS Added -> Arwal@pds| North Kaler Pacs Tag Nepali Ram
[2025-02-08 01:40:35] User -> FPS Added -> Arwal@pds| Sakri Pacs Tag Surydev Ram
[2025-02-08 01:40:35] User -> FPS Added -> Arwal@pds| Papu Kumar
[2025-02-08 01:40:35] User -> FPS Added -> Arwal@pds| Surydeo Ram
[2025-02-08 01:40:35] User -> FPS Added -> Arwal@pds| Ravindra Kumar
[2025-02-08 01:40:35] User -> FPS Added -> Arwal@pds| Rajkeshwar Singh
[2025-02-08 01:40:35] User -> FPS Added -> Arwal@pds| Janardhan Singh
[2025-02-08 01:40:35] User -> FPS Added -> Arwal@pds| Rajeshwar Singh Tag Janardan Singh
[2025-02-08 01:40:35] User -> FPS Added -> Arwal@pds| Ram Kumar
[2025-02-08 01:40:35] User -> FPS Added -> Arwal@pds| Anukul Prasad Gupta Tagged With Kishori Prasad Gupta
[2025-02-08 01:40:35] User -> FPS Added -> Arwal@pds| Kishori Prasad Gupta
[2025-02-08 01:40:35] User -> FPS Added -> Arwal@pds| Ramesh Kumar Tag Lakshman Singh
[2025-02-08 01:40:35] User -> FPS Added -> Arwal@pds| Jaygopal Singh Sonvarsa Pax
[2025-02-08 01:40:35] User -> FPS Added -> Arwal@pds| Harinarayan Singh
[2025-02-08 01:40:35] User -> FPS Added -> Arwal@pds| Bishwa Nath Singh
[2025-02-08 01:40:35] User -> FPS Added -> Arwal@pds| Ramayan Prasad
[2025-02-08 01:40:35] User -> FPS Added -> Arwal@pds| Mathura Prasad Singh  Tagged Bishwanath Singh
[2025-02-08 01:40:35] User -> FPS Added -> Arwal@pds| Kameshwar Sharma
[2025-02-08 01:40:35] User -> FPS Added -> Arwal@pds| Siwadhar Prasad
[2025-02-08 01:40:35] User -> FPS Added -> Arwal@pds| Lakhu Sav
[2025-02-08 01:40:35] User -> FPS Added -> Arwal@pds| Sudarshan Singh Tag Fakharpur Pax
[2025-02-08 01:40:35] User -> FPS Added -> Arwal@pds| Dinesh Paswan I
[2025-02-08 01:40:35] User -> FPS Added -> Arwal@pds| Dhanesh Kumar Pax
[2025-02-08 01:40:35] User -> FPS Added -> Arwal@pds| Bharat Pd Gupta Tag Ashok Kumar
[2025-02-08 01:40:36] User -> FPS Added -> Arwal@pds| Pramod Kumar
[2025-02-08 01:40:36] User -> FPS Added -> Arwal@pds| Pannalal Paswan
[2025-02-08 01:40:36] User -> FPS Added -> Arwal@pds| Dharmdeo Baitha
[2025-02-08 01:40:36] User -> FPS Added -> Arwal@pds| Jaykumar Ram
[2025-02-08 01:40:36] User -> FPS Added -> Arwal@pds| Anil Kumar 
[2025-02-08 01:40:36] User -> FPS Added -> Arwal@pds| Kesho Sharma
[2025-02-08 01:40:36] User -> FPS Added -> Arwal@pds| Sanjay Kumar 
[2025-02-08 01:40:36] User -> FPS Added -> Arwal@pds| Khabhaini Pax Tag Sanjay Kumar
[2025-02-08 01:40:36] User -> FPS Added -> Arwal@pds| Nandji Singh
[2025-02-08 01:40:36] User -> FPS Added -> Arwal@pds| Harendra Kumar 
[2025-02-08 01:40:36] User -> FPS Added -> Arwal@pds| Harinandan Prasad
[2025-02-08 01:40:36] User -> FPS Added -> Arwal@pds| Rameshwar Prasad
[2025-02-08 01:40:36] User -> FPS Added -> Arwal@pds| Rajkishor Kumar 
[2025-02-08 01:40:36] User -> FPS Added -> Arwal@pds| Bhuneswar Paswan
[2025-02-08 01:40:36] User -> FPS Added -> Arwal@pds| Santosh Kumar
[2025-02-08 01:40:36] User -> FPS Added -> Arwal@pds| Khaje Moinuddin
[2025-02-08 01:40:36] User -> FPS Added -> Arwal@pds| Md. Kashim
[2025-02-08 01:40:36] User -> FPS Added -> Arwal@pds| Badrinath Gupta
[2025-02-08 01:40:36] User -> FPS Added -> Arwal@pds| Anirudh Prasad Singh
[2025-02-08 01:40:36] User -> FPS Added -> Arwal@pds| Guddu Sharma
[2025-02-08 01:40:36] User -> FPS Added -> Arwal@pds| Rajnath Singh Tag Binod Kumar
[2025-02-08 01:40:36] User -> FPS Added -> Arwal@pds| Vinod Kumar
[2025-02-08 01:40:36] User -> FPS Added -> Arwal@pds| Shivdeshar Ram
[2025-02-08 01:40:36] User -> FPS Added -> Arwal@pds| Shambhu Singh Yadav
[2025-02-08 01:40:36] User -> FPS Added -> Arwal@pds| Chandeshwar Yadav
[2025-02-08 01:40:37] User -> FPS Added -> Arwal@pds| Pax Tagged Chandeshwar Yadav
[2025-02-08 01:40:37] User -> FPS Added -> Arwal@pds| Prayag Saw
[2025-02-08 01:40:37] User -> FPS Added -> Arwal@pds| Rajkali Kunvar Tagged Amar Kishor Prasad
[2025-02-08 01:40:37] User -> FPS Added -> Arwal@pds| Pacs Tagged Rajkali Kunwar
[2025-02-08 01:40:37] User -> FPS Added -> Arwal@pds| Bnaudhi Yadav
[2025-02-08 01:40:37] User -> FPS Added -> Arwal@pds| Nawal Kishor Paswan
[2025-02-08 01:40:37] User -> FPS Added -> Arwal@pds| Rajendra Yadav
[2025-02-08 01:40:37] User -> FPS Added -> Arwal@pds| Surendra Kumar
[2025-02-08 01:40:37] User -> FPS Added -> Arwal@pds| Surendra Yadav
[2025-02-08 01:40:37] User -> FPS Added -> Arwal@pds| Jawahar Prasad
[2025-02-08 01:40:37] User -> FPS Added -> Arwal@pds| Sikendra Singh
[2025-02-08 01:40:37] User -> FPS Added -> Arwal@pds| Dhananjay Sharma
[2025-02-08 01:40:37] User -> FPS Added -> Arwal@pds| Anil Kumar
[2025-02-08 01:40:37] User -> FPS Added -> Arwal@pds| Krishna Prasad
[2025-02-08 01:40:37] User -> FPS Added -> Arwal@pds| Amarjeet Kumar
[2025-02-08 01:40:37] User -> FPS Added -> Arwal@pds| Kaliya Devi
[2025-02-08 01:40:37] User -> FPS Added -> Arwal@pds| Ramjee Singh
[2025-02-08 01:40:37] User -> FPS Added -> Arwal@pds| Raj Kumar Prasad
[2025-02-08 01:40:37] User -> FPS Added -> Arwal@pds| Koshori Lal
[2025-02-08 01:40:37] User -> FPS Added -> Arwal@pds| Bekar Ahmad
[2025-02-08 01:40:37] User -> FPS Added -> Arwal@pds| Surendra Singh
[2025-02-08 01:40:37] User -> FPS Added -> Arwal@pds| Beyapar Mandal Arwal
[2025-02-08 01:40:37] User -> FPS Added -> Arwal@pds| Shankar Paswan Arwal Sipah Pax
[2025-02-08 01:40:37] User -> FPS Added -> Arwal@pds| Baleshwar Singh
[2025-02-08 01:40:37] User -> FPS Added -> Arwal@pds| Nandu Prasad Yadav
[2025-02-08 01:40:38] User -> FPS Added -> Arwal@pds| Fakharpur Pacs Tagged Shiwadhar Prasad
[2025-02-08 01:40:38] User -> FPS Added -> Arwal@pds| Dinesh Paswan Ii
[2025-02-08 01:40:38] User -> FPS Added -> Arwal@pds| Bimal Kumar
[2025-02-08 01:40:38] User -> FPS Added -> Arwal@pds| Lalti Devi
[2025-02-08 01:40:38] User -> FPS Added -> Arwal@pds| Md Minhaj Khan Tag Shankar Paswan Pax
[2025-02-08 01:40:38] User -> FPS Added -> Arwal@pds| Md Arsad Alam
[2025-02-08 01:40:38] User -> FPS Added -> Arwal@pds| Sunil Kumar Gupta
[2025-02-08 01:40:38] User -> FPS Added -> Arwal@pds| Awadhesh Paswan
[2025-02-08 01:40:38] User -> FPS Added -> Arwal@pds| Dwarika Nath Tag Yugal Chaudhari
[2025-02-08 01:40:38] User -> FPS Added -> Arwal@pds| Chandramani Devi
[2025-02-08 01:40:38] User -> FPS Added -> Arwal@pds| Ashok Kumar Muradpur Hujra Pacs
[2025-02-08 01:40:38] User -> FPS Added -> Arwal@pds| Raj Kumar Sinha
[2025-02-08 01:40:38] User -> FPS Added -> Arwal@pds| Abgila Pax
[2025-02-08 01:40:38] User -> FPS Added -> Arwal@pds| Rampur Baina Pax
[2025-02-08 01:40:38] User -> FPS Added -> Arwal@pds| Suresh Choudhary Tag Ram Kumar
[2025-02-08 01:40:38] User -> FPS Added -> Arwal@pds| Sanjay Rajak
[2025-02-08 01:40:38] User -> FPS Added -> Arwal@pds| Ramsagar Singh
[2025-02-08 01:40:38] User -> FPS Added -> Arwal@pds| Damodar Sharma
[2025-02-08 01:40:38] User -> FPS Added -> Arwal@pds| Parasi Pax 
[2025-02-08 01:40:38] User -> FPS Added -> Arwal@pds| Ranjit Singh
[2025-02-08 01:40:38] User -> FPS Added -> Arwal@pds| Uday Narayan Singh
[2025-02-08 01:40:38] User -> FPS Added -> Arwal@pds| Mithlesh Kumar Singh
[2025-02-08 01:40:38] User -> FPS Added -> Arwal@pds| Dukhan Saw
[2025-02-08 01:40:38] User -> FPS Added -> Arwal@pds| Jitan Mehta
[2025-02-08 01:40:38] User -> FPS Added -> Arwal@pds| Birendra Kumar
[2025-02-08 01:40:39] User -> FPS Added -> Arwal@pds| Anant Prasad
[2025-02-08 01:40:39] User -> FPS Added -> Arwal@pds| Pax Tagged Shiwlakhan Singh
[2025-02-08 01:40:39] User -> FPS Added -> Arwal@pds| Pacs Tag Banaudhi Yadav
[2025-02-08 01:40:39] User -> FPS Added -> Arwal@pds| Ravi Prakash Sudhakar
[2025-02-08 01:40:39] User -> FPS Added -> Arwal@pds| Mithilesh Kumar
[2025-02-08 01:40:39] User -> FPS Added -> Arwal@pds| Rakesh Kumar
[2025-02-08 01:40:39] User -> FPS Added -> Arwal@pds| Vijay Ram 
[2025-02-08 01:40:39] User -> FPS Added -> Arwal@pds| Sakri Khurd Pax Tag Mithlesh Kumar
[2025-02-08 01:40:39] User -> FPS Added -> Arwal@pds| Dudheshwar Prasad Singh
[2025-02-08 01:40:39] User -> FPS Added -> Arwal@pds| Gaya Prasad Singh
[2025-02-08 01:40:39] User -> FPS Added -> Arwal@pds| Makhdumpur Kabir Pacs Kanti Devi
[2025-02-08 01:40:39] User -> FPS Added -> Arwal@pds| Bishundeo Ram
[2025-02-08 01:40:39] User -> FPS Added -> Arwal@pds| Pax Tagged Mahendra Nath Yadav
[2025-02-08 01:40:39] User -> FPS Added -> Arwal@pds| Pradeep Kumar
[2025-02-08 01:40:39] User -> FPS Added -> Arwal@pds| Urmila Devi Syam Sahayata Samuh
[2025-02-08 01:40:39] User -> FPS Added -> Arwal@pds| Sanjay Kumar Pax
[2025-02-08 01:40:39] User -> FPS Added -> Arwal@pds| Satendra Narayan Singh
[2025-02-08 01:40:39] User -> FPS Added -> Arwal@pds| Mahendra Yadav
[2025-02-08 01:40:39] User -> FPS Added -> Arwal@pds| Satyanarayan Kumar
[2025-02-08 01:40:39] User -> FPS Added -> Arwal@pds| Kamakhya Sharma
[2025-02-08 01:40:39] User -> FPS Added -> Arwal@pds| Yogendra Paswan
[2025-02-08 01:40:39] User -> FPS Added -> Arwal@pds| Chhotelal Paswan
[2025-02-08 01:40:39] User -> FPS Added -> Arwal@pds| Kapil Dev Prasad
[2025-02-08 01:40:39] User -> FPS Added -> Arwal@pds| Laxman Singh
[2025-02-08 01:40:39] User -> FPS Added -> Arwal@pds| Munarik Saw
[2025-02-08 01:40:40] User -> FPS Added -> Arwal@pds| Raju Kumar
[2025-02-08 01:40:40] User -> FPS Added -> Arwal@pds| Rita Devi
[2025-02-08 01:40:40] User -> FPS Added -> Arwal@pds| Shri Shivlakhan Singh
[2025-02-08 01:40:40] User -> FPS Added -> Arwal@pds| Sikander Tag Sidesher Ram
[2025-02-08 01:40:40] User -> FPS Added -> Arwal@pds| Yugal Chaudhary
[2025-02-08 01:40:40] User -> FPS Added -> Arwal@pds| Krishna Ram Tag Ram Kumar
[2025-02-08 01:40:40] User -> FPS Added -> Arwal@pds| Amar Kishor Prasad
[2025-02-08 01:40:40] User -> FPS Added -> Arwal@pds| Nirbhya Kumar
[2025-02-08 01:40:40] User -> FPS Added -> Arwal@pds| Dilip Kumar Pax
[2025-02-08 01:40:40] User -> FPS Added -> Arwal@pds| Dudheshwar Prasad
[2025-02-08 01:40:40] User -> FPS Added -> Arwal@pds| Sikanti Devi 
[2025-02-08 01:40:40] User -> FPS Added -> Arwal@pds| Laxuman Singh
[2025-02-08 01:40:40] User -> FPS Added -> Arwal@pds| Brajkishor Pd Gupta
[2025-02-08 01:40:40] User -> FPS Added -> Arwal@pds| Virendra Prasad
[2025-02-08 01:40:40] User -> FPS Added -> Arwal@pds| Pacs Adhyash Tagged Satyanarayan Singh
[2025-02-08 01:40:40] User -> FPS Added -> Arwal@pds| Chanchal Devi
[2025-02-08 01:40:40] User -> FPS Added -> Arwal@pds| Suman Kumari Tagged Chanchal Devi
[2025-02-08 01:40:40] User -> FPS Added -> Arwal@pds| Vibha Devi
[2025-02-08 01:40:40] User -> FPS Added -> Arwal@pds| Munni Devi
[2025-02-08 01:40:40] User -> FPS Added -> Arwal@pds| Inderdev Singh Tagged Rajendra Prasad
[2025-02-08 01:40:40] User -> FPS Added -> Arwal@pds| Rajendra Prasad
[2025-02-08 01:40:40] User -> FPS Added -> Arwal@pds| Basudeo Singh 
[2025-02-08 01:40:40] User -> FPS Added -> Arwal@pds| Basudev Singh
[2025-02-08 01:40:40] User -> FPS Added -> Arwal@pds| Satyanarayan Saw
[2025-02-08 01:40:40] User -> FPS Added -> Arwal@pds| Bhuneshwar Singh Pacs
[2025-02-08 01:40:41] User -> FPS Added -> Arwal@pds| Bhuneshwar Singh
[2025-02-08 01:40:41] User -> FPS Added -> Arwal@pds| Munga Yadav Urf Amlesh Yadav
[2025-02-08 01:40:41] User -> FPS Added -> Arwal@pds| Usha Devi
[2025-02-08 01:40:41] User -> FPS Added -> Arwal@pds| Rajesh Ranjan
[2025-02-08 01:40:41] User -> FPS Added -> Arwal@pds| Ramekbal Singh
[2025-02-08 01:40:41] User -> FPS Added -> Arwal@pds| Kundan Paswan
[2025-02-08 01:40:41] User -> FPS Added -> Arwal@pds| Hardayal Yadav
[2025-02-08 01:40:41] User -> FPS Added -> Arwal@pds| Achmchm Devi
[2025-02-08 01:40:41] User -> FPS Added -> Arwal@pds| Hardayal Yadav
[2025-02-08 01:40:41] User -> FPS Added -> Arwal@pds| Budhram Paswan Tagg Brajkishor Prasad Gupta
[2025-02-08 01:40:41] User -> FPS Added -> Arwal@pds| Vinod Kumar
[2025-02-08 01:40:41] User -> FPS Added -> Arwal@pds| Sushila Devi
[2025-02-08 01:40:41] User -> FPS Added -> Arwal@pds| Krishna Murari Prasad
[2025-02-08 01:40:41] User -> FPS Added -> Arwal@pds| Ranjan Kumar
[2025-02-08 01:40:41] User -> FPS Added -> Arwal@pds| Jogendra Singh
[2025-02-08 01:40:41] User -> FPS Added -> Arwal@pds| Haridwar Singh
[2025-02-08 01:40:41] User -> FPS Added -> Arwal@pds| Surendra Kumar
[2025-02-08 01:40:41] User -> FPS Added -> Arwal@pds| Rajeshwar Singh Tagged Naval Paswan
[2025-02-08 01:40:41] User -> FPS Added -> Arwal@pds| Satish Kumar Saksena   
[2025-02-08 01:40:41] User -> FPS Added -> Arwal@pds| Rajendra Prasad
[2025-02-08 01:40:41] User -> FPS Added -> Arwal@pds| Ramvijay Sharma
[2025-02-08 01:40:41] User -> FPS Added -> Arwal@pds| Uday Kumar Sinha
[2025-02-08 01:40:41] User -> FPS Added -> Arwal@pds| Rajendra Prasad 
[2025-02-08 01:40:41] User -> FPS Added -> Arwal@pds| Radha Devi Tagged Vednarayan Sharma
[2025-02-08 01:40:41] User -> FPS Added -> Arwal@pds| Yasmin Praveen
[2025-02-08 01:40:42] User -> FPS Added -> Arwal@pds| Satyanarayan Singh
[2025-02-08 01:40:42] User -> FPS Added -> Arwal@pds| Md. Ayub Ansari
[2025-02-08 01:40:42] User -> FPS Added -> Arwal@pds| Judagir Prasad Sudhakar Judagir Mochi
[2025-02-08 01:40:42] User -> FPS Added -> Arwal@pds| Chandradip Ram
[2025-02-08 01:40:42] User -> FPS Added -> Arwal@pds| Diplal Ram
[2025-02-08 01:40:42] User -> FPS Added -> Arwal@pds| Umda Devi
[2025-02-08 01:40:42] User -> FPS Added -> Arwal@pds| Vijay Narayan Sharma
[2025-02-08 01:40:42] User -> FPS Added -> Arwal@pds| Prince Kumar Ranjan 
[2025-02-08 01:40:42] User -> FPS Added -> Arwal@pds| Mahendra Kumar (Pacs)
[2025-02-08 01:40:42] User -> FPS Added -> Arwal@pds| Radhakant Sharma (Pacs)
[2025-02-08 01:40:42] User -> FPS Added -> Arwal@pds| Birendra Kumar
[2025-02-08 01:40:42] User -> FPS Added -> Arwal@pds| Lalan Chaudhari
[2025-02-08 01:40:42] User -> FPS Added -> Arwal@pds| Shilendra Kumar (Pacs)
[2025-02-08 01:40:42] User -> FPS Added -> Arwal@pds| Suresh Sao
[2025-02-08 01:40:42] User -> FPS Added -> Arwal@pds| Abhinna Kumar
[2025-02-08 01:40:42] User -> FPS Added -> Arwal@pds| Sarwananda Singh
[2025-02-08 01:40:42] User -> FPS Added -> Arwal@pds| Nitish Kumar       
[2025-02-08 01:40:42] User -> FPS Added -> Arwal@pds| Kameshawar Rajak
[2025-02-08 01:40:42] User -> FPS Added -> Arwal@pds| Udaynarayan Singh
[2025-02-08 01:40:42] User -> FPS Added -> Arwal@pds| Permeshwar Singh Tagged Naval Paswan
[2025-02-08 01:40:42] User -> FPS Added -> Arwal@pds| Ragani Devi
[2025-02-08 01:40:42] User -> FPS Added -> Arwal@pds| Vednarayan Sharma
[2025-02-08 01:40:42] User -> FPS Added -> Arwal@pds| Sohar Paswan
[2025-02-08 01:40:42] User -> FPS Added -> Arwal@pds| Pokhraj Prasad 
[2025-02-08 01:40:42] User -> FPS Added -> Arwal@pds| Sudhir Kumar
[2025-02-08 01:40:43] User -> FPS Added -> Arwal@pds| Madheshwar Singh Tag Alakh Paswan
[2025-02-08 01:40:43] User -> FPS Added -> Arwal@pds| Nandkishor Rajak
[2025-02-08 01:40:43] User -> FPS Added -> Arwal@pds| Chandra Dev Singh
[2025-02-08 01:40:43] User -> FPS Added -> Arwal@pds| Birendra Kumar-1
[2025-02-08 01:40:43] User -> FPS Added -> Arwal@pds| Subodh Kumar Bhaskar
[2025-02-08 01:40:43] User -> FPS Added -> Arwal@pds| Balmukund Paswan
[2025-02-08 01:40:43] User -> FPS Added -> Arwal@pds| Sunil Sharma
[2025-02-08 01:40:43] User -> FPS Added -> Arwal@pds| Raghuvansh Singh 
[2025-02-08 01:40:43] User -> FPS Added -> Arwal@pds| Shiv Kumar Singh
[2025-02-08 01:40:43] User -> FPS Added -> Arwal@pds| Mahesh Singh
[2025-02-08 01:40:43] User -> FPS Added -> Arwal@pds| Chandrama Paswan
[2025-02-08 01:40:43] User -> FPS Added -> Arwal@pds| Aniket Kumar
[2025-02-08 01:40:43] User -> FPS Added -> Arwal@pds| Sudhir Kumar
[2025-02-08 01:40:43] User -> FPS Added -> Arwal@pds| Janeshwar Sao 
[2025-02-08 01:40:43] User -> FPS Added -> Arwal@pds| Gorakhnath Manjhi
[2025-02-08 01:40:43] User -> FPS Added -> Arwal@pds| Manoj Kumar
[2025-02-08 01:40:43] User -> FPS Added -> Arwal@pds| Daya Shankar Mishra Tagged Birendra Kumar
[2025-02-08 01:40:43] User -> FPS Added -> Arwal@pds| Ranjeet Kumar   
[2025-02-08 01:40:43] User -> FPS Added -> Arwal@pds| Avadhesh Paswan
[2025-02-08 01:40:43] User -> FPS Added -> Arwal@pds| Birendra Kumar
[2025-02-08 01:40:43] User -> FPS Added -> Arwal@pds| Munna Singh
[2025-02-08 01:40:43] User -> FPS Added -> Arwal@pds| Anil Kumar 
[2025-02-08 01:40:43] User -> FPS Added -> Arwal@pds| Mukesh Kumar Vasta
[2025-02-08 01:40:43] User -> FPS Added -> Arwal@pds| Ramashish Prasad
[2025-02-08 01:40:44] User -> FPS Added -> Arwal@pds| Anil Kumar
[2025-02-08 01:40:44] User -> FPS Added -> Arwal@pds| Mukesh Kumar
[2025-02-08 01:40:44] User -> FPS Added -> Arwal@pds| Rampari Devi
[2025-02-08 01:40:44] User -> FPS Added -> Arwal@pds| Manjay Kumar Singh
[2025-02-08 01:40:44] User -> FPS Added -> Arwal@pds| Uday Sharma Pax
[2025-02-08 01:40:44] User -> FPS Added -> Arwal@pds| Anil Kumar
[2025-02-08 01:40:44] User -> FPS Added -> Arwal@pds| Nand Paswan
[2025-02-08 01:40:44] User -> FPS Added -> Arwal@pds| Mithilesh Dwedi
[2025-02-08 01:40:44] User -> FPS Added -> Arwal@pds| Suresh Chaudhari
[2025-02-08 01:40:44] User -> FPS Added -> Arwal@pds| Mrityunay Kumar
[2025-02-08 01:40:44] User -> FPS Added -> Arwal@pds| Manoranjan Kumar
[2025-02-08 01:40:44] User -> FPS Added -> Arwal@pds| Ramashish Singh
[2025-02-08 01:40:44] User -> FPS Added -> Arwal@pds| Narendra Paswan
[2025-02-08 01:40:44] User -> FPS Added -> Arwal@pds| Krishnanandan Singh
[2025-02-08 01:40:44] User -> FPS Added -> Arwal@pds| Satyendra Kumar
[2025-02-08 01:40:44] User -> FPS Added -> Arwal@pds| Babita Devi 
[2025-02-08 01:40:44] User -> FPS Added -> Arwal@pds| Chandrajeet Kumar 
[2025-02-08 01:40:44] User -> FPS Added -> Arwal@pds| Shiv Bachhan Sarma Tag Rajesh Ranjan
[2025-02-08 01:40:44] User -> FPS Added -> Arwal@pds| Dhananjay Kumar
[2025-02-08 01:40:44] User -> FPS Added -> Arwal@pds| Md Shakir Ansari
[2025-02-08 01:40:44] User -> FPS Added -> Arwal@pds| Bhuneshwar Das
[2025-02-08 01:40:44] User -> FPS Added -> Arwal@pds| Praveen Kumar
[2025-02-08 01:40:44] User -> FPS Added -> Arwal@pds| Ramchandra Paswan
[2025-02-08 01:40:44] User -> FPS Added -> Arwal@pds| Subalal Singh
[2025-02-08 01:40:44] User -> FPS Added -> Arwal@pds| Gajendra Kumar 
[2025-02-08 01:40:45] User -> FPS Added -> Arwal@pds| Bijendra Yadav
[2025-02-08 01:40:45] User -> FPS Added -> Arwal@pds| Raghunath Prasad
[2025-02-08 01:40:45] User -> FPS Added -> Arwal@pds| Lalbahadur Yadav
[2025-02-08 01:40:45] User -> FPS Added -> Arwal@pds| Chandramani Devi
[2025-02-08 01:40:45] User -> FPS Added -> Arwal@pds| Rajendra Prasad 
[2025-02-08 01:40:45] User -> FPS Added -> Arwal@pds| Akhilesh Prasad
[2025-02-08 01:40:45] User -> FPS Added -> Arwal@pds| Yugal Kishor Singh
[2025-02-08 01:40:45] User -> FPS Added -> Arwal@pds| Jagarnath Singh
[2025-02-08 01:40:45] User -> FPS Added -> Arwal@pds| Virendra Kumar
[2025-02-08 01:40:45] User -> FPS Added -> Arwal@pds| Rajendra Prasad 
[2025-02-08 01:40:45] User -> FPS Added -> Arwal@pds| Birendra Kumar Singh
[2025-02-08 01:40:45] User -> FPS Added -> Arwal@pds| Pokhraj Prasad
[2025-02-08 01:40:45] User -> FPS Added -> Arwal@pds| Kusum Kumari
[2025-02-08 01:40:45] User -> FPS Added -> Arwal@pds| Jitendra Paswan
[2025-02-08 01:40:45] User -> FPS Added -> Arwal@pds| Kamlesh  Kumar
[2025-02-08 01:40:45] User -> FPS Added -> Arwal@pds| Satyendra Paswan
[2025-02-08 01:40:45] User -> FPS Added -> Arwal@pds| Naval Paswan
[2025-02-08 01:40:45] User -> FPS Added -> Arwal@pds| Sunil Kumar
[2025-02-08 01:40:45] User -> FPS Added -> Arwal@pds| Madhuni Ram
[2025-02-08 01:40:45] User -> FPS Added -> Arwal@pds| Shiv Prasad Tagged Sohar Paswan
[2025-02-08 01:40:45] User -> FPS Added -> Arwal@pds| Amarjit Kumar Misra
[2025-02-08 01:40:45] User -> FPS Added -> Arwal@pds| Alakh Paswan
[2025-02-08 01:40:45] User -> FPS Added -> Arwal@pds| Madhav Kumar
[2025-02-08 01:40:45] User -> FPS Added -> Arwal@pds| Sri Chandan Kumar 
[2025-02-08 01:40:45] User -> FPS Added -> Arwal@pds| Vinod Kumar Varma
[2025-02-08 01:40:45] User -> FPS Added -> Arwal@pds| Manisen Paswan Tagg Birendra Prasad
[2025-02-08 01:40:45] User -> FPS Added -> Arwal@pds| Mithilesh Ram
[2025-02-08 01:40:46] User -> FPS Added -> Arwal@pds| Gouri Devi
[2025-02-08 01:40:46] User -> FPS Added -> Arwal@pds| Md Khurshid Imam
[2025-02-08 01:40:46] User -> FPS Added -> Arwal@pds| Ambika Paswan
[2025-02-08 01:40:46] User -> FPS Added -> Arwal@pds| Munni Paswan Tagged Ramvinay Yadav
[2025-02-08 01:40:46] User -> FPS Added -> Arwal@pds| Ramvinay Yadav
[2025-02-08 01:40:46] User -> FPS Added -> Arwal@pds| Rampravesh Singh (Pacs)
[2025-02-08 01:40:46] User -> FPS Added -> Arwal@pds| Abhishek Kumar
[2025-02-08 01:40:46] User -> FPS Added -> Arwal@pds| Hira Paswan Tageed
[2025-02-08 01:40:46] User -> FPS Added -> Arwal@pds| Rupnarayan Singh Tagged Abhishek Kumar
[2025-02-08 01:40:46] User -> FPS Added -> Arwal@pds| Dinehs Chandra Verma
[2025-02-08 01:40:46] User -> FPS Added -> Arwal@pds| Nafisa Khatoon
[2025-02-08 01:40:46] User -> FPS Added -> Arwal@pds| Md Hasib Ullah
[2025-02-08 01:40:46] User -> FPS Added -> Arwal@pds|  Sahabuddin Ansari
[2025-02-08 01:40:46] User -> FPS Added -> Arwal@pds| Bhagwan Paswan
[2025-02-08 01:40:46] User -> FPS Added -> Arwal@pds| Bachchu Yadav
[2025-02-08 01:40:46] User -> FPS Added -> Arwal@pds| Shilakahan Prasad Kesari
[2025-02-08 01:40:46] User -> FPS Added -> Arwal@pds| Divamani Devi 
[2025-02-08 01:40:46] User -> FPS Added -> Arwal@pds| Rajesh Kumar Gupta
[2025-02-08 01:40:46] User -> FPS Added -> Arwal@pds| Shivmohan Singh
[2025-02-08 01:40:46] User -> FPS Added -> Arwal@pds| Soni Kumari
[2025-02-08 01:40:46] User -> FPS Added -> Arwal@pds| Mantu Kumar 
[2025-02-08 01:40:46] User -> FPS Added -> Arwal@pds| Ramuday Ram
[2025-02-08 01:40:46] User -> FPS Added -> Arwal@pds| Munna Paswan
[2025-02-08 01:40:46] User -> FPS Added -> Arwal@pds| Nagmati Devi Tag Akalesh Prasad
[2025-02-08 01:40:46] User -> FPS Added -> Arwal@pds| Ravi Prakash Singh (Pacs)
[2025-02-08 01:40:46] User -> FPS Added -> Arwal@pds| Rajiv Kumar 
[2025-02-08 01:40:46] User -> FPS Added -> Arwal@pds| Rajiv Kumar
[2025-02-08 01:40:46] User -> FPS Added -> Arwal@pds| Ashok Kumar
[2025-02-08 01:40:46] User -> FPS Added -> Arwal@pds| Ramadhar Singh
[2025-02-08 01:40:46] User -> FPS Added -> Arwal@pds| Ranjeet Prasad (Pacs)
[2025-02-08 01:40:47] User -> FPS Added -> Arwal@pds| Afjal Hussain
[2025-02-08 01:40:47] User -> FPS Added -> Arwal@pds| Rajnandan Sharma
[2025-02-08 01:40:47] User -> FPS Added -> Arwal@pds| Rama Nand Prasad Keshri
[2025-02-08 01:40:47] User -> FPS Added -> Arwal@pds| Rohan Paswan Tagged Rama Nand Prasad Keshri
[2025-02-08 01:40:47] User -> FPS Added -> Arwal@pds| Satyanarayan Sharma
[2025-02-08 01:40:47] User -> FPS Added -> Arwal@pds| Abadhesh Paswan
[2025-02-08 01:40:47] User -> FPS Added -> Arwal@pds| Vidyanand Yadav 
[2025-02-08 01:40:47] User -> FPS Added -> Arwal@pds| Doman Das Tagged Satendra Prasad
[2025-02-08 01:40:47] User -> FPS Added -> Arwal@pds| Satyendra Prasad
[2025-02-08 01:40:47] User -> FPS Added -> Arwal@pds| Mohan Lal Keshari
[2025-02-08 01:40:47] User -> FPS Added -> Arwal@pds| Omprakash Osh
[2025-02-08 01:40:47] User -> FPS Added -> Arwal@pds| Mahesh Chaudhari
[2025-02-08 01:40:47] User -> FPS Added -> Arwal@pds| Basnati Devi
[2025-02-08 01:40:47] User -> FPS Added -> Arwal@pds| Akalesh Prasad
[2025-02-08 01:40:47] User -> FPS Added -> Arwal@pds| Md Khurshid Imam
[2025-02-08 01:40:47] User -> FPS Added -> Arwal@pds| Siyasharan Sharma
[2025-02-08 01:40:47] User -> FPS Added -> Arwal@pds| Dinanath Kumar
[2025-02-08 01:40:47] User -> FPS Added -> Arwal@pds| Ather Husain
[2025-02-08 01:40:47] User -> FPS Added -> Arwal@pds| Amjad Husain
[2025-02-08 01:40:47] User -> FPS Added -> Arwal@pds| Suresh Prasad Singh
[2025-02-08 01:40:47] User -> FPS Added -> Arwal@pds| Ganesh Lal
[2025-02-08 01:40:47] User -> FPS Added -> Arwal@pds| Pacs Tag Amjad Hussain
[2025-02-08 01:40:47] User -> FPS Added -> Arwal@pds| Dharmender Kumar Tagg Dinesh Chandra Verma
[2025-02-08 01:40:47] User -> FPS Added -> Arwal@pds| Priyansu Kumari
[2025-02-08 01:40:47] User -> FPS Added -> Arwal@pds| Jayparkash Das
[2025-02-08 01:42:07] User -> Warehouse Added -> Arwal@pds| Tpds Arwal
[2025-02-08 01:42:07] User -> Warehouse Added -> Arwal@pds| TPDS Karpi
[2025-02-08 01:42:07] User -> Warehouse Added -> Arwal@pds| TPDS Kurtha
[2025-02-08 01:42:07] User -> Warehouse Added -> Arwal@pds| Mill
[2025-02-08 01:43:47] district_user -> Warehouse deleted -> Arwal@pds| Requested JSON -> {"uid":"WH_67a669177f4f"} | Mill
[2025-02-08 01:43:52] User -> Read  Message ->Arwal@pds| Requested JSON -> {"uid":"29ff553a13"} | Arwal@pds
[2025-02-08 01:57:15] User -> Warehouse Added -> Arwal@pds| Tpds Arwal
[2025-02-08 01:57:15] User -> Warehouse Added -> Arwal@pds| TPDS Karpi
[2025-02-08 01:57:15] User -> Warehouse Added -> Arwal@pds| TPDS Kurtha
[2025-02-08 01:57:15] User -> Warehouse Added -> Arwal@pds| Mill
[2025-02-08 02:04:03] district_user -> DCP Edit ->Arwal@pds| Requested JSON -> {"name":"Godown No  12  Nigam Godown   Pipra Bangla","uniqueid":"DCP_67a662eb2ae","active":"1","type":"DCP","latitude":"25.226644","longitude":"84.620613","district":"Arwal","id":"2361124","demand":"1395.57","demand_rice":"0212"}
