[2025-02-06 10:33:20] User -> District added ->admin@pds| Requested JSON -> {"name":"test"}
[2025-02-06 11:29:37] User -> User Add ->admin@pds| Requested JSON -> {"newusername":"Araria@pds","district":"Araria","newpassword":"Araria"} | Araria@pds
[2025-02-06 11:30:36] User -> User Add ->admin@pds| Requested JSON -> {"newusername":"Arwal@pds","district":"Arwal","newpassword":"Arwal"} | Arwal@pds
[2025-02-06 11:30:59] User -> User Add ->admin@pds| Requested JSON -> {"newusername":"Aurangabad@pds","district":"Aurangabad","newpassword":"Aurangabad"} | Aurangabad@pds
[2025-02-06 11:31:19] User -> User Add ->admin@pds| Requested JSON -> {"newusername":"Banka@pds","district":"Banka","newpassword":"Banka"} | Banka@pds
[2025-02-06 11:31:37] User -> User Add ->admin@pds| Requested JSON -> {"newusername":"Begusarai@pds","district":"Begusarai","newpassword":"Begusarai"} | Begusarai@pds
[2025-02-06 11:32:00] User -> User Add ->admin@pds| Requested JSON -> {"newusername":"Bhagalpur@pds","district":"Bhagalpur","newpassword":"Bhagalpur"} | Bhagalpur@pds
[2025-02-06 11:32:20] User -> User Add ->admin@pds| Requested JSON -> {"newusername":"Bhojpur@pds","district":"Bhojpur","newpassword":"Bhojpur"} | Bhojpur@pds
[2025-02-06 11:32:41] User -> User Add ->admin@pds| Requested JSON -> {"newusername":"Buxar@pds","district":"Buxar","newpassword":"Buxar"} | Buxar@pds
[2025-02-06 11:32:58] User -> User Add ->admin@pds| Requested JSON -> {"newusername":"Darbhanga@pds","district":"Darbhanga","newpassword":"Darbhanga"} | Darbhanga@pds
[2025-02-06 11:36:16] User -> User Add ->admin@pds| Requested JSON -> {"newusername":"Gopalganj@pds","district":"Gopalganj","newpassword":"Gopalganj"} | Gopalganj@pds
[2025-02-06 11:36:35] User -> User Add ->admin@pds| Requested JSON -> {"newusername":"Jamui@pds","district":"Jamui","newpassword":"Jamui"} | Jamui@pds
[2025-02-06 11:36:52] User -> User Add ->admin@pds| Requested JSON -> {"newusername":"Jehanabad@pds","district":"Jehanabad","newpassword":"Jehanabad"} | Jehanabad@pds
[2025-02-06 11:37:18] User -> User Add ->admin@pds| Requested JSON -> {"newusername":"Kaimur@pds","district":"Kaimur","newpassword":"Kaimur"} | Kaimur@pds
[2025-02-06 11:37:49] User -> User Add ->admin@pds| Requested JSON -> {"newusername":"Katihar@pds","district":"Katihar","newpassword":"Katihar"} | Katihar@pds
[2025-02-06 11:39:17] User -> User Add ->admin@pds| Requested JSON -> {"newusername":"Khagaria@pds","district":"Khagaria","newpassword":"Khagaria"} | Khagaria@pds
[2025-02-06 11:39:35] User -> User Add ->admin@pds| Requested JSON -> {"newusername":"Kishanganj@pds","district":"Kishanganj","newpassword":"Kishanganj"} | Kishanganj@pds
[2025-02-06 11:39:51] User -> User Add ->admin@pds| Requested JSON -> {"newusername":"Lakhisarai@pds","district":"Lakhisarai","newpassword":"Lakhisarai"} | Lakhisarai@pds
[2025-02-06 11:40:06] User -> User Add ->admin@pds| Requested JSON -> {"newusername":"Madhepura@pds","district":"Madhepura","newpassword":"Madhepura"} | Madhepura@pds
[2025-02-06 11:40:29] User -> User Add ->admin@pds| Requested JSON -> {"newusername":"Madhubani@pds","district":"Madhubani","newpassword":"Madhubani"} | Madhubani@pds
[2025-02-06 11:40:48] User -> User Add ->admin@pds| Requested JSON -> {"newusername":"Munger@pds","district":"Munger","newpassword":"Munger"} | Munger@pds
[2025-02-06 11:41:21] User -> User Add ->admin@pds| Requested JSON -> {"newusername":"Muzaffarpur@pds","district":"Muzaffarpur","newpassword":"Muzaffarpur"} | Muzaffarpur@pds
[2025-02-06 11:41:42] User -> User Add ->admin@pds| Requested JSON -> {"newusername":"Nalanda@pds","district":"Nalanda","newpassword":"Nalanda"} | Nalanda@pds
[2025-02-06 11:42:01] User -> User Add ->admin@pds| Requested JSON -> {"newusername":"Nawada@pds","district":"Nawada","newpassword":"Nawada"} | Nawada@pds
[2025-02-06 11:54:32] User -> User Add ->admin@pds| Requested JSON -> {"newusername":"Patna@pds","district":"Patna","newpassword":"Patna"} | Patna@pds
[2025-02-06 11:57:02] User -> User Add ->admin@pds| Requested JSON -> {"newusername":"Purnia@pds","district":"Purnia","newpassword":"Purnia"} | Purnia@pds
[2025-02-06 11:57:52] User -> User Add ->admin@pds| Requested JSON -> {"newusername":"Rohtas@pds","district":"Rohtas","newpassword":"Rohtas"} | Rohtas@pds
[2025-02-06 11:58:12] User -> User Add ->admin@pds| Requested JSON -> {"newusername":"Saharsa@pds","district":"Saharsa","newpassword":"Saharsa"} | Saharsa@pds
[2025-02-06 11:58:52] User -> User Add ->admin@pds| Requested JSON -> {"newusername":"Samastipur@pds","district":"Samastipur","newpassword":"Samastipur"} | Samastipur@pds
[2025-02-06 11:59:15] User -> User Add ->admin@pds| Requested JSON -> {"newusername":"Saran@pds","district":"Saran","newpassword":"Saran"} | Saran@pds
[2025-02-06 11:59:38] User -> User Add ->admin@pds| Requested JSON -> {"newusername":"Sheikhpura@pds","district":"Sheikhpura","newpassword":"Sheikhpura"} | Sheikhpura@pds
[2025-02-06 12:00:07] User -> User Add ->admin@pds| Requested JSON -> {"newusername":"Sheohar@pds","district":"Sheohar","newpassword":"Sheohar"} | Sheohar@pds
[2025-02-06 12:02:35] User -> User Add ->admin@pds| Requested JSON -> {"newusername":"Sitamarhi@pds","district":"Sitamarhi","newpassword":"Sitamarhi"} | Sitamarhi@pds
[2025-02-06 12:04:03] User -> User Add ->admin@pds| Requested JSON -> {"newusername":"Siwan@pds","district":"Siwan","newpassword":"Siwan"} | Siwan@pds
[2025-02-06 12:04:20] User -> User Add ->admin@pds| Requested JSON -> {"newusername":"Supaul@pds","district":"Supaul","newpassword":"Supaul"} | Supaul@pds
[2025-02-06 12:05:21] User -> User Add ->admin@pds| Requested JSON -> {"newusername":"Vaishali@pds","district":"Vaishali","newpassword":"Vaishali"} | Vaishali@pds
[2025-02-06 13:01:35] User -> Cost for leg2 Added ->admin@pds| Requested JSON -> {"cost_ELjeMth9FyW3gU":"100"} | 2025 | feb
[2025-02-06 13:01:41] {"id":"ELjeMth9FyW3gU"}
[2025-02-06 13:01:41] User -> Cost for leg2 Reset ->admin@pds| Requested JSON -> {"id":"ELjeMth9FyW3gU"} | 
[2025-02-06 13:02:24] User -> Cost for legl Added ->admin@pds| Requested JSON -> {"cost_NTUnSpTWeucUgA":"","cost_n1ei5UJtuD4fAr":"","cost_bEU0nNRrWT0m6b":"","cost_N3vbcDc7IUiTQP":"","cost_4vaoPpLQERJ8Lx":"","cost_hq9SXZPihawU3y":"1000"} | 2024 | dec
[2025-02-06 13:02:26] User -> Cost for leg1 Reset ->admin@pds| Requested JSON -> {"id":"hq9SXZPihawU3y"} | 
[2025-02-06 13:06:10] User -> DCP added ->admin@pds| Requested JSON -> {"name":"test","type":"DCP","latitude":"31.3367","longitude":"78.5","district":"Araria","id":"qwe345","demand":"900","demand_rice":"500"}
[2025-02-06 13:07:34] User -> DCP InActive -> admin@pds| test
[2025-02-06 13:07:35] User -> DCP Active -> admin@pds| test
[2025-02-06 13:09:34] User -> DCP added ->admin@pds| Requested JSON -> {"name":"test","type":"DCP","latitude":"33","longitude":"76.7661","district":"Araria","id":"qwe123","demand":"234","demand_rice":"456"}
[2025-02-06 13:09:40] User -> DCP InActive -> admin@pds| test
[2025-02-06 13:09:42] User -> DCP Active -> admin@pds| test
[2025-02-06 13:10:50] User -> DCP deleted -> admin@pds| Requested JSON -> {"uid":"all"} | all
[2025-02-06 16:26:29] User -> DCP deleted -> admin@pds| Requested JSON -> {"uid":"all"} | all
[2025-02-06 16:26:44] User -> DCP Added -> | Godown No   6  Nigam Godown  Bazar Samiti Parisar  Araria
[2025-02-06 16:26:44] User -> DCP Added -> | Godown No 01 Nigam Godown Bazar Samiti Araria
[2025-02-06 16:26:45] User -> DCP Added -> | Godown No 10 Nigam Godown TPDS
[2025-02-06 16:26:45] User -> DCP Added -> | Godown No 11 Bazar Samiti Araria
[2025-02-06 16:26:45] User -> DCP Added -> | Godown No 02 Nigam Godown Bazar Samiti Forbesganj
[2025-02-06 16:26:45] User -> DCP Added -> | Godown No 03 Nigam Godown Bazar Samiti Forbesganj
[2025-02-06 16:26:45] User -> DCP Added -> | Godown No 04 Nigam Godown Bazar Samiti Forbesganj
[2025-02-06 16:26:45] User -> DCP Added -> | Godown No 05 Nigam Godown Bazar Samiti Forbesganj
[2025-02-06 16:26:45] User -> DCP Added -> | Godown no  08 BSWC  Bazar Samiti (16B)Farbisganj Araria
[2025-02-06 16:26:45] User -> DCP Added -> | Godown No  09 BSWC  Bazar Samiti (16C)Farbisganj Araria
[2025-02-06 16:26:45] User -> DCP Added -> | Godown No 14 Nigam Godown  Prakhand Parishar Forbesganj
[2025-02-06 16:26:45] User -> DCP Added -> | Godown No  01  Nigam Godown   Pipra Bangla
[2025-02-06 16:26:45] User -> DCP Added -> | Godown No  12  Nigam Godown   Pipra Bangla
[2025-02-06 16:26:45] User -> DCP Added -> | Godown No  02  Nigam Godown   Balidaad
[2025-02-06 16:26:45] User -> DCP Added -> | Godown No  03  Nigam Godown   Balidaad
[2025-02-06 16:26:45] User -> DCP Added -> | Godown No  04  Nigam Godown   Balidaad
[2025-02-06 16:26:46] User -> DCP Added -> | Godown No  05  Nigam Godown   Balidaad
[2025-02-06 16:26:48] User -> DCP Added -> | Godown No  06  Nigam Godown   Balidaad
[2025-02-06 16:26:49] User -> DCP Added -> | Godown No  07  Nigam Godown   Bajitpur
[2025-02-06 16:26:49] User -> DCP Added -> | Godown No  08  Nigam Godown   Bajitpur
[2025-02-06 16:26:50] User -> DCP Added -> | Godown No  09  Nigam Godown   Bajitpur
[2025-02-06 16:26:50] User -> DCP Added -> | Godown No  10  Nigam Godown   Karpi
[2025-02-06 16:26:51] User -> DCP Added -> | Godown No  11  Nigam Godown  Karpi
[2025-02-06 16:26:51] User -> DCP Added -> | Godown No  05  Biscoman Godown   Forum Godown  Biscoman  Aurangabad
[2025-02-06 16:26:51] User -> DCP Added -> | Godown No  08  Nigam Godown   Barun Barka Nahar Ke Paas
[2025-02-06 16:26:51] User -> DCP Added -> | Godown No  01  Nigam Godown Bazar Samiti Daudnagar
[2025-02-06 16:26:51] User -> DCP Added -> | Godown No  02  Nigam Godown Bazar Samiti Daudnagar
[2025-02-06 16:26:51] User -> DCP Added -> | Godown No  03  Nigam Godown Bazar Samiti Daudnagar
[2025-02-06 16:26:51] User -> DCP Added -> | Godown No  04  Nigam Godown Bazar Samiti  Daudnagar
[2025-02-06 16:26:51] User -> DCP Added -> | Godown No  09  Nigam Godown Block Parisar Haspura
[2025-02-06 16:26:51] User -> DCP Added -> | Godown No  06  Nigam Godown  Block Parisar  Kutmba
[2025-02-06 16:26:51] User -> DCP Added -> | Godown No  07  Nigam Godown  Block Parisar  Kutmba
[2025-02-06 16:26:52] User -> DCP Added -> | Godown No 19 Prakhand Parisar  Kutumbha
[2025-02-06 16:26:52] User -> DCP Added -> | Godown No 13   Nigam Godown Block parishar  Navinagar Aurangabad
[2025-02-06 16:26:52] User -> DCP Added -> | Godown No 14 1B SWC Godown Takiya
[2025-02-06 16:26:52] User -> DCP Added -> | Godown No 15 1C SWC Godown Takiya
[2025-02-06 16:26:52] User -> DCP Added -> | Godown No 16 1D SWC Godown Takiya
[2025-02-06 16:26:52] User -> DCP Added -> | Godown No 17 1E SWC Godown Takiya
[2025-02-06 16:26:52] User -> DCP Added -> | Godown No 18 1L SWC Godown Takiya
[2025-02-06 16:26:52] User -> DCP Added -> | Godown No  03   Nigam Godown  Nawagarh   Pokhar
[2025-02-06 16:26:52] User -> DCP Added -> | Godown No  01  Raghvendra Singh Ka Godown  Aliganj Godown
[2025-02-06 16:26:52] User -> DCP Added -> | Godown No  05  Jay Prakash Chaudhay Ka Godown  Mohanpur  Barahat
[2025-02-06 16:26:52] User -> DCP Added -> | Godown No 04  Bharat Lal Chaudhary ka Godown  Barhat
[2025-02-06 16:26:52] User -> DCP Added -> | SHREE SITARAM CHAUDHARY KA NIGI GODOWN GODOWN NO  7
[2025-02-06 16:26:52] User -> DCP Added -> | Godown No 9  Nigam Godown Chandan
[2025-02-06 16:26:52] User -> DCP Added -> | Godown No  06  Nigam Godown  Ktoriya
[2025-02-06 16:26:52] User -> DCP Added -> | Godown No  01  Bazar Samiti Parisar Begusarai
[2025-02-06 16:26:52] User -> DCP Added -> | Godown No  02  Bazar Samiti Parisar Begusarai
[2025-02-06 16:26:52] User -> DCP Added -> | Godown No  01 Nigam Godown   Bagbari  Bazar Parisar
[2025-02-06 16:26:52] User -> DCP Added -> | Godown No  02 Nigam Godown   Bagbari  Bazar Parisar
[2025-02-06 16:26:52] User -> DCP Added -> | Godown No  03 Nigam Godown   Bagbari  Bazar Parisar
[2025-02-06 16:26:53] User -> DCP Added -> | Godown No 10 Nigam Godown Bagbari Bazar Samiti Bhagalpur
[2025-02-06 16:26:53] User -> DCP Added -> | Godown No  04 Nigam Godown   Pirpanti Block Parisar  
[2025-02-06 16:26:53] User -> DCP Added -> | Godown No  05 Nigam Godown   Saadi  Simanpur Panchayat Pirpanti 
[2025-02-06 16:26:53] User -> DCP Added -> | Godown No  06  Nigam Godown   Raushanpur  Pacs Godown
[2025-02-06 16:26:53] User -> DCP Added -> | Godown No  09   Sarkari Godown  Block Parisar  Sanhaula
[2025-02-06 16:26:53] User -> DCP Added -> | Godown No  08   Pacs Godown  Naya Gao Sultanganj
[2025-02-06 16:26:53] User -> DCP Added -> | Godown No  01  Nigam Godown   Bazar Samiti   Arah
[2025-02-06 16:26:53] User -> DCP Added -> | Godown No  02  Nigam Godown   Bazar Samiti   Arah
[2025-02-06 16:26:53] User -> DCP Added -> | Godown No  03  Nigam Godown   Bazar Samiti   Arah
[2025-02-06 16:26:53] User -> DCP Added -> | Godown No  04  Nigam Godown   Bazar Samiti   Arah
[2025-02-06 16:26:53] User -> DCP Added -> | Godown No  05 Nigam Godown  Bazaar Samiti Arah
[2025-02-06 16:26:53] User -> DCP Added -> | Godown No  06  Swc Godown   Bazar Samiti Arah
[2025-02-06 16:26:53] User -> DCP Added -> | Godown No  07  Swc Godown   Bazar Samiti Arah
[2025-02-06 16:26:53] User -> DCP Added -> | Godown No 12 BSWC Ka Purana Godown Parisar
[2025-02-06 16:26:53] User -> DCP Added -> | Godown No 13 BSWC Ka Purana Godown Parisar
[2025-02-06 16:26:53] User -> DCP Added -> | Godown No  14  Nigam Godown  Koilwar  Prakhand Parisar Koilwar
[2025-02-06 16:26:54] User -> DCP Added -> | Godown No  11  Sahar Block Parisar
[2025-02-06 16:26:54] User -> DCP Added -> | Godown No  08  Block Parisar Shahpur
[2025-02-06 16:26:54] User -> DCP Added -> | Godown No  09  Tarari Block Parisar
[2025-02-06 16:26:54] User -> DCP Added -> | Godown No  01  Nigam Godown   Bazar Samiti   Buxar
[2025-02-06 16:26:54] User -> DCP Added -> | Godown No  02  Nigam Godown   Bazar Samiti   Buxar
[2025-02-06 16:26:54] User -> DCP Added -> | Godown No  03  Nigam Godown   Bazar Samiti   Buxar
[2025-02-06 16:26:54] User -> DCP Added -> | Godown No  04  Nigam Godown   Bazar Samiti   Buxar
[2025-02-06 16:26:54] User -> DCP Added -> | Godown No  07  Nigam Godown   Bazar Samiti   Buxar
[2025-02-06 16:26:54] User -> DCP Added -> | Godown No  08  Nigam Godown   Bazar Samiti   Buxar
[2025-02-06 16:26:54] User -> DCP Added -> | Godown No  05  Nigam Godown   Block Parisar Bahadurpur
[2025-02-06 16:26:54] User -> DCP Added -> | Godown No  10  Nigam Godown   Hawidih   Behri
[2025-02-06 16:26:54] User -> DCP Added -> | Godown No 15 Bitholi Pacs Godown Bahedi
[2025-02-06 16:26:54] User -> DCP Added -> | Godown No  22 Sri Shyam Yadav Jariso Pacs Godown  Benipur
[2025-02-06 16:26:54] User -> DCP Added -> | Godown No  12 Nigam Godown   Block Parisar  Viraul
[2025-02-06 16:26:54] User -> DCP Added -> | Godown No  01  Nigam Godown   Shivdhara Bazar Samiti
[2025-02-06 16:26:54] User -> DCP Added -> | Godown No  13  Nigam Godown   Block   Parisar  Ghanshyampur
[2025-02-06 16:26:55] User -> DCP Added -> | Godown No  07  Nigam Godown   Hayaghat
[2025-02-06 16:26:55] User -> DCP Added -> | Godown No  21 Sri Tapeshwar Thakur Ka Niji Godown Vishanpur(Mirjapur)
[2025-02-06 16:26:55] User -> DCP Added -> | Godown No 20 Shri Mti Kiran Devi Ka Godown  Devipur Near Ashok Paper Mill
[2025-02-06 16:26:55] User -> DCP Added -> | Godown No  06  Nigam Godown block campus  Keoti
[2025-02-06 16:26:55] User -> DCP Added -> | Godown No  08  Nigam Godown   Block Parisar  Manigachi
[2025-02-06 16:26:55] User -> DCP Added -> | Godown No  03  Nigam Godown   Block Parisar  Singhwada
[2025-02-06 16:26:55] User -> DCP Added -> | Godown No  08  Nigam Godown amas parkhand parisar GAYA
[2025-02-06 16:26:55] User -> DCP Added -> | Godown No  09  Nigam Godown barachatti parkhand parisar GAYA
[2025-02-06 16:26:55] User -> DCP Added -> | Godown No  10  Nigam Godown barachatti parkhand parisar GAYA
[2025-02-06 16:26:55] User -> DCP Added -> | Godown No  01  Nigam Godown  Chandauti Bazar Samiti GAYA
[2025-02-06 16:26:55] User -> DCP Added -> | Godown No  02  Nigam Godown  Chandauti Bazar Samiti
[2025-02-06 16:26:55] User -> DCP Added -> | Godown No  03  Nigam Godown  Chandauti Bazar Samiti GAYA
[2025-02-06 16:26:55] User -> DCP Added -> | Godown No  04  Nigam Godown  parkhand parisar chandauti GAYA
[2025-02-06 16:26:55] User -> DCP Added -> | Godown No  05  Nigam Godown  Chandauti Bazar Samiti GAYA
[2025-02-06 16:26:55] User -> DCP Added -> | Godown No  31  Nigam Godown   Bazar Samiti Chandauti
[2025-02-06 16:26:55] User -> DCP Added -> | Godown No 21 FCI Parisar  Gaya
[2025-02-06 16:26:55] User -> DCP Added -> | Godown No 22 FCI Parisar  Gaya
[2025-02-06 16:26:56] User -> DCP Added -> | Godown No 23 FCI Parisar  Gaya
[2025-02-06 16:26:56] User -> DCP Added -> | Godown No 24 FCI Parisar  Gaya
[2025-02-06 16:26:56] User -> DCP Added -> | Godown No 25 FCI Parisar  Gaya
[2025-02-06 16:26:56] User -> DCP Added -> | Godown No 26 FCI Parisar  Gaya
[2025-02-06 16:26:56] User -> DCP Added -> | Godown No 27 FCI Parisar  Gaya
[2025-02-06 16:26:56] User -> DCP Added -> | Godown No 32 FCI Godown Katari Hill(Shade No 11 Two Chamber)
[2025-02-06 16:26:56] User -> DCP Added -> | Godown No 38 FCI Godown Katari Hill Gaya(Shade No 10)
[2025-02-06 16:26:56] User -> DCP Added -> | Godown No 39 FCI Godown Katari Hill Gaya(Shade No 09)
[2025-02-06 16:26:56] User -> DCP Added -> | Godown No  11  Nigam Godown gurua parkhand parisar GAYA
[2025-02-06 16:26:56] User -> DCP Added -> | Godown No  12  Nigam Godown gurua parkhand parisar GAYA
[2025-02-06 16:26:56] User -> DCP Added -> | Godown No  06  Nigam Godown Sherghati Block Parisar GAYA
[2025-02-06 16:26:56] User -> DCP Added -> | Godown No  07  Nigam Godown Sherghati Block Parisar GAYA
[2025-02-06 16:26:56] User -> DCP Added -> | Godown No  11  Nigam Godown Vijaypur
[2025-02-06 16:26:56] User -> DCP Added -> | Godown No  06  Biscoman Godown  Goplaganj Manikpur Road
[2025-02-06 16:26:56] User -> DCP Added -> | Godown No 17 PEG Godown  Block A Gopalganj
[2025-02-06 16:26:56] User -> DCP Added -> | Godown No 18 PEG Godown  Block B Gopalganj
[2025-02-06 16:26:56] User -> DCP Added -> | Godown No 19 PEG Godown  Block C Gopalganj
[2025-02-06 16:26:56] User -> DCP Added -> | Godown No  15 Singh Godown Koien Ke Pass
[2025-02-06 16:26:56] User -> DCP Added -> | Godown No 14 Singh Godown Koini(CMR)Godown
[2025-02-06 16:26:57] User -> DCP Added -> | Godown No  02  Nigam Godown  Manjha Block Parisar
[2025-02-06 16:26:57] User -> DCP Added -> | Godown No  03  Singh Godown  Koeni Gao N H
[2025-02-06 16:26:57] User -> DCP Added -> | Godown No 13 Singh Godown Koini(CMR)Godown
[2025-02-06 16:26:57] User -> DCP Added -> | Godown No  16 Hatuwa Sugar Mill Godown  Mirganj(TPDS Godown)
[2025-02-06 16:26:57] User -> DCP Added -> | Godown No  08  Nigam Godown   Panchdevri
[2025-02-06 16:26:57] User -> DCP Added -> | Godown No  07  Nigam Godown   Phulwaria
[2025-02-06 16:26:57] User -> DCP Added -> | Godown No  01  Nigam Godown  Sidwaliya Block Parisar
[2025-02-06 16:26:57] User -> DCP Added -> | Godown No  09  Nigam Godown   Uchka Gao Block Parisar
[2025-02-06 16:26:57] User -> DCP Added -> | Godown No  10  Nigam Godown   Uchka Gao Block Parisar
[2025-02-06 16:26:57] User -> DCP Added -> | Godown No  06 Shri Santosh kr Singh ka niji godown Mulaypur Block Barhat Jamui 
[2025-02-06 16:26:57] User -> DCP Added -> | Godown No 4 Giddaur Vyapar Mandal Ka Godown
[2025-02-06 16:26:57] User -> DCP Added -> | Godown No  01 Nigam Godown  Khaira
[2025-02-06 16:26:57] User -> DCP Added -> | Godown No  09 Khaira Vyaparmandal Ka Godown Khaira Jamui  Mukhya Marg Se Naudiha Janewali Sadak
[2025-02-06 16:26:57] User -> DCP Added -> | Godown No  03 Nigam Godown  Sikandra
[2025-02-06 16:26:57] User -> DCP Added -> | Godown No  08 Shri Gagan Kumar  Gaurav Ka Niji Godown Prakhand Sikandra Sikandra jamui Marg
[2025-02-06 16:26:57] User -> DCP Added -> | Godown No  09  Nigam Godown Goshi Block Parisar
[2025-02-06 16:26:57] User -> DCP Added -> | Godown No  10  Nigam Godown Goshi Block Parisar
[2025-02-06 16:26:57] User -> DCP Added -> | Godown No  06  Nigam Godown Hulasganj  Jehanabad
[2025-02-06 16:26:57] User -> DCP Added -> | Godown No  01  Swc Godown Bazar Samiti Parisar  Jehanabad
[2025-02-06 16:26:57] User -> DCP Added -> | Godown No  02  Nigam Godown  Bazar Samiti Parisar  Jehanabad
[2025-02-06 16:26:57] User -> DCP Added -> | Godown No  03  Nigam Godown  Bazar Samiti Parisar  Jehanabad
[2025-02-06 16:26:57] User -> DCP Added -> | Godown No  04  Nigam Godown bazaar samiti parisar jehananbad
[2025-02-06 16:26:57] User -> DCP Added -> | Godown No  05  Nigam Godown  Treasury Bhawan ke Paas  jehanabad
[2025-02-06 16:26:58] User -> DCP Added -> | Godown No 12 Viscoman Godown Bazar Samiti Jahanabad
[2025-02-06 16:26:58] User -> DCP Added -> | Godown No 13 Kargil Chouk   Jahanabad
[2025-02-06 16:26:58] User -> DCP Added -> | Godown No  11 Nigam Godown  Dharnai Makdumpur
[2025-02-06 16:26:58] User -> DCP Added -> | Godown No  07  Nigam Godown Makhdumpur Block Parisar
[2025-02-06 16:26:58] User -> DCP Added -> | Godown No  08  Nigam Godown Makhdumpur Block Parisar
[2025-02-06 16:26:58] User -> DCP Added -> | Godown No 47 Shri Narad Singh Ka Niji Godown Mokri Bhabhua
[2025-02-06 16:26:58] User -> DCP Added -> | Godown No 49 Shri Komal Prashad Singh Ka Niji Godown Sagar Bhabhua
[2025-02-06 16:26:58] User -> DCP Added -> | Godown No  11  Nigam Godown   Block Parisar Durgawati
[2025-02-06 16:26:58] User -> DCP Added -> | Godown No 34 Sri Mati Julli Sinha Pachaganj Kudra
[2025-02-06 16:26:58] User -> DCP Added -> | Godown No  01  Nigam Godown  Bazar samiti parisar Mohania
[2025-02-06 16:26:58] User -> DCP Added -> | Godown No  02  Nigam Godown   Bazar samiti parisar  Mohania
[2025-02-06 16:26:58] User -> DCP Added -> | Godown No  03  Nigam Godown   Bazar samiti parisar Mohania
[2025-02-06 16:26:58] User -> DCP Added -> | Godown No  05  Nigam Godown   Bazar samiti parisar Mohania
[2025-02-06 16:26:58] User -> DCP Added -> | Godown No  08  Nigam Godown   Bazar samiti parisar Mohania
[2025-02-06 16:26:58] User -> DCP Added -> | Godown No  09  Nigam Godown  Bazar samiti parisar Mohania
[2025-02-06 16:26:58] User -> DCP Added -> | Godown No 40 Nigam Godown  Bazar Samiti Mohania
[2025-02-06 16:26:58] User -> DCP Added -> | Godown No 41 Nigam Godown  Bazar Samiti Mohania
[2025-02-06 16:26:59] User -> DCP Added -> | Godown No 42 Nigam Godown  Bazar Samiti Mohania
[2025-02-06 16:26:59] User -> DCP Added -> | Godown No 35 Sheikhsemi Akhtar Hussain Ramgadh Road Araa
[2025-02-06 16:26:59] User -> DCP Added -> | Godown No  12  Nigam Godown   Nauhatta
[2025-02-06 16:26:59] User -> DCP Added -> | Godown No  21  Nigam Godown  Rampur Prakhand Parisar  Kaimur
[2025-02-06 16:26:59] User -> DCP Added -> | Godown No 31 Sri Sandeep Kumar Singh Basini Prakhand Rampur
[2025-02-06 16:26:59] User -> DCP Added -> | Godown No  21 Nigam Godown  Bazar Samiti Parisar  Sasaram
[2025-02-06 16:26:59] User -> DCP Added -> | Godown No  22 SWC Godown  Bazar Samiti Parisar  Sasaram
[2025-02-06 16:26:59] User -> DCP Added -> | Godown No   23 SWC Godown Bazar Samiti Parisar  Sasaram
[2025-02-06 16:26:59] User -> DCP Added -> | Godown No   27  SWC Godown  Bazar Samiti Parisar  Sasaram
[2025-02-06 16:26:59] User -> DCP Added -> | Godown No  01 Nigam Godown Bazar Samiti Parisar  Tingachia
[2025-02-06 16:26:59] User -> DCP Added -> | Godown No 05  Bazar Samiti  Tingachiya  Katihar C  Katihar
[2025-02-06 16:26:59] User -> DCP Added -> | Godown No  01 Nigam Godown   Bazar Samiti  Khagaria
[2025-02-06 16:26:59] User -> DCP Added -> | Godown No 04 Nav Nirmit Nigam Godown  Sadar Prakhand Khagaria
[2025-02-06 16:26:59] User -> DCP Added -> | Godown No  01 Nigam Godown  Bazar Samiti  Kishanganj
[2025-02-06 16:26:59] User -> DCP Added -> | Godown No  02 Nigam Godown  Bazar Samiti  Kishanganj
[2025-02-06 16:27:00] User -> DCP Added -> | Godown No  03 Nigam Godown  Bazar Samiti  Kishanganj
[2025-02-06 16:27:00] User -> DCP Added -> | Godown No  4  Bazar Samiti  Kishanganj
[2025-02-06 16:27:00] User -> DCP Added -> | Godown No  5   Bazar Samiti  Kishanganj
[2025-02-06 16:27:00] User -> DCP Added -> | Godown No  06 Nigam Godown  Bazar Samiti  Kishanganj
[2025-02-06 16:27:00] User -> DCP Added -> | Godown No  05 Nigam Godown   Halshi Block Parisar
[2025-02-06 16:27:00] User -> DCP Added -> | Godown No  06 Nigam Godown   Halshi Block Parisar
[2025-02-06 16:27:00] User -> DCP Added -> | Godown No  01 Nigam Godown   Bazar Samiti  Lakhisarai 
[2025-02-06 16:27:00] User -> DCP Added -> | Godown No  02 Nigam Godown  Bazar Samiti  Lakhisarai 
[2025-02-06 16:27:00] User -> DCP Added -> | Godown No  03 Nigam Godown  Bazar Samiti  Lakhisarai 
[2025-02-06 16:27:00] User -> DCP Added -> | Godown No  04 Nigam Godown  Bazar Samiti  Lakhisarai 
[2025-02-06 16:27:00] User -> DCP Added -> | Godown No  08 Nigam Godown  Bazar Samiti  Lakhisarai 
[2025-02-06 16:27:00] User -> DCP Added -> | Godown No  15  Vyaparmandal Godown Alamnagar
[2025-02-06 16:27:00] User -> DCP Added -> | Godown No  04 Nigam Godown   Bazar Samiti  Bihariganj
[2025-02-06 16:27:00] User -> DCP Added -> | Godown No 18 Bazar Samiti Godown Bihariganj
[2025-02-06 16:27:00] User -> DCP Added -> | Godown No 11  Ghosai  Pacs Godown  Chausa  Madhepura
[2025-02-06 16:27:00] User -> DCP Added -> | Godown No  06 Ghailad Prakhand parishar Nigam Godown
[2025-02-06 16:27:00] User -> DCP Added -> | Godown No  02 Nigam Godown   Block Parisar  GHAMARIYA
[2025-02-06 16:27:00] User -> DCP Added -> | Godown No  14  Nigam Godown Gwalpada Prakhand Parishar Gwalpada
[2025-02-06 16:27:00] User -> DCP Added -> | Godown No 07 Prakhand Parishar Muraliganj Nigam Godown
[2025-02-06 16:27:00] User -> DCP Added -> | Godown No 08 Bazar Samiti Parisar Murliganj
[2025-02-06 16:27:00] User -> DCP Added -> | Godown No 13 CMR Godown Bazar Samiti Parisar Murliganj
[2025-02-06 16:27:00] User -> DCP Added -> | Godown No  01 Nigam Godown   Bazar Samiti Parisar  Murliganj
[2025-02-06 16:27:00] User -> DCP Added -> | Godown No  5 Nigam Godown Bazar Samiti Parishar  Murliganj
[2025-02-06 16:27:00] User -> DCP Added -> | Godown No  17 Vyaparmandal Godown Murliganja
[2025-02-06 16:27:01] User -> DCP Added -> | Godown No 09 Manpur  Pacs Godown  Sinheshwar  Madhepura
[2025-02-06 16:27:01] User -> DCP Added -> | Godown No 10 Sukhasan  Pacs Godown  Sinheshwar  Madhepura
[2025-02-06 16:27:01] User -> DCP Added -> | Godown No  16 Pacs Godown Lalpur Singhneswar(Sarropatti)
[2025-02-06 16:27:01] User -> DCP Added -> | Godown No  02 Nigam Godown   Basopatti  Block Parisar
[2025-02-06 16:27:01] User -> DCP Added -> | Godown No  03 Nigam Godown   Block Headquarter  Ghorgadih
[2025-02-06 16:27:01] User -> DCP Added -> | Godown No  04 Nigam Godown   Block Headquarter  Ghorgadih
[2025-02-06 16:27:01] User -> DCP Added -> | Godown No  06 Nigam Godown   Block Headquarter  Ghorgadih
[2025-02-06 16:27:01] User -> DCP Added -> | Godown No  02 Nigam Godown  Bazar Samiti  Safiasarai  Safiyabad  Munger
[2025-02-06 16:27:01] User -> DCP Added -> | Godown No  03 Nigam Godown  Bazar Samiti  Safiasarai  Safiyabad  Munger
[2025-02-06 16:27:01] User -> DCP Added -> | Godown No  04 Nigam Godown Bazar Samiti Safiyabad Munger
[2025-02-06 16:27:01] User -> DCP Added -> | Godown No 06 Nigam Godown Sadar Prakhand
[2025-02-06 16:27:01] User -> DCP Added -> | Godown No 07 Nigam Godown Sadar Prakhand  Munger
[2025-02-06 16:27:01] User -> DCP Added -> | Godown No  09  Nigam Godown Motipur(Baruraj)
[2025-02-06 16:27:01] User -> DCP Added -> | Godown No  07 shri Harinandan rai ka niji godown Motipur Prakhand
[2025-02-06 16:27:01] User -> DCP Added -> | Godown No 03 Nigam Godown Gayghat Block Parishar
[2025-02-06 16:27:01] User -> DCP Added -> | Godown No 2 Nigam Godown Gayghat
[2025-02-06 16:27:01] User -> DCP Added -> | Godown No  01  Nigam Godown Kanti Block Parisar
[2025-02-06 16:27:01] User -> DCP Added -> | Godown No  8 SWC Godown Kanti Block Parisar
[2025-02-06 16:27:01] User -> DCP Added -> | Godown No  11  Nigam Godown Kudhani
[2025-02-06 16:27:01] User -> DCP Added -> | Godown No  12  Nigam Godown Kudhani
[2025-02-06 16:27:01] User -> DCP Added -> | Godown No  10  Nigam Godown Minapur
[2025-02-06 16:27:01] User -> DCP Added -> | Godown No 04 SWC Godown Malighat
[2025-02-06 16:27:01] User -> DCP Added -> | Godown No 05 SWC Godown Malighat
[2025-02-06 16:27:02] User -> DCP Added -> | Godown No 06 SWC Godown Narayanpur
[2025-02-06 16:27:02] User -> DCP Added -> | Godown No 07 SWC Godown Narayanpur
[2025-02-06 16:27:02] User -> DCP Added -> | Godown No  13  Nigam Godown   Bazar Samiti  Parisar Barh 
[2025-02-06 16:27:02] User -> DCP Added -> | Godown No  12  Neera Godown  Bazar Samiti parisar  Biharsharif  Nalanda
[2025-02-06 16:27:02] User -> DCP Added -> | Godown No  01 Swc Godown   Bazar Samiti Parisar  Biharsharif
[2025-02-06 16:27:02] User -> DCP Added -> | Godown No  02Swc Godown   Bazar Samiti Parisar  Biharsharif
[2025-02-06 16:27:02] User -> DCP Added -> | Godown No  03 Swc Godown   Bazar Samiti Parisar  Biharsharif
[2025-02-06 16:27:02] User -> DCP Added -> | Godown No  04 Swc Godown   Bazar Samiti Parisar  Biharsharif
[2025-02-06 16:27:02] User -> DCP Added -> | Godown No  05  Swc Godown   Bazar Samiti Parisar  Biharsharif
[2025-02-06 16:27:02] User -> DCP Added -> | Godown No  06  Nira Godown  Bazar Samiti Parisar  Bihar Sharif
[2025-02-06 16:27:02] User -> DCP Added -> | Godown No  14  Bhartiye Khadh Nigam Godown Mokama
[2025-02-06 16:27:02] User -> DCP Added -> | Godown No  08  Nigam Godown  Rajgir
[2025-02-06 16:27:02] User -> DCP Added -> | Godown No  05  Shri  Sudhusharan Singh Ka Personal Godown  Barev
[2025-02-06 16:27:02] User -> DCP Added -> | Godown No  06  Shri  pankaj kumar Ka Personal Godown Kulna Akabarpur
[2025-02-06 16:27:02] User -> DCP Added -> | Godown No 07  Shri Samdarshi Prasad Singh ka Nigi Godown  Badhauna  Nawada
[2025-02-06 16:27:02] User -> DCP Added -> | Godown No  02  Biscoman Godown   Sobiya
[2025-02-06 16:27:02] User -> DCP Added -> | Godown No  03  Biscoman Sobiya
[2025-02-06 16:27:02] User -> DCP Added -> | Godown No 01  Bij Nigam Godown  Sobiya
[2025-02-06 16:27:02] User -> DCP Added -> | Godown No 8 Shree Mati Veena Devi Ka Niji Godown Nawada
[2025-02-06 16:27:03] User -> DCP Added -> | Godown No  04  Shri  Dharmchandr Prasad Ka Personal Godown  Pakribarawa
[2025-02-06 16:27:03] User -> DCP Added -> | Godown No 10 Shri Sanjeev Kumar Saxsena Ka Niji Godown Pakribarawa 
[2025-02-06 16:27:03] User -> DCP Added -> | Godown No 9 Shri Rajeev Kumar Ka Niji Godown Varsaliganj
[2025-02-06 16:27:03] User -> DCP Added -> | Godown No 11  Shri Dharmendra Prashad Singh Ka Niji Godown(Godown No 1)
[2025-02-06 16:27:03] User -> DCP Added -> | Godown No 12  Shri Dharmendra Prashad Singh Ka Niji Godown(Godown No 2)
[2025-02-06 16:27:03] User -> DCP Added -> | Godown No  03  Nigam Godown  Chanpatia Bazar Samati
[2025-02-06 16:27:03] User -> DCP Added -> | Godown No  01  Nigam Godown  Bazar Samiti Bettiah
[2025-02-06 16:27:03] User -> DCP Added -> | Godown No  02  Nigam Godown  Bazar Samiti Bettiah
[2025-02-06 16:27:03] User -> DCP Added -> | Godown No  04  Nigam Godown  Narkatiyaganj Bazar Samiti
[2025-02-06 16:27:03] User -> DCP Added -> | Godown No 07 Nigam Godown Bazar Samiti Naktiyaganj Bettiah
[2025-02-06 16:27:03] User -> DCP Added -> | Godown No  08  Nigam Godown   Bazar Samiti   Barh
[2025-02-06 16:27:03] User -> DCP Added -> | Godown No  14  Nigam Godown  Barh  Patna
[2025-02-06 16:27:03] User -> DCP Added -> | Godown No  01  Nigam Godown   Bazar Samiti   Bihta
[2025-02-06 16:27:03] User -> DCP Added -> | Godown No  02  Nigam Godown   Bazar Samiti   Bihta
[2025-02-06 16:27:03] User -> DCP Added -> | Godown No  12  Bihar Rajya Bhandaar Nigam  Bihta
[2025-02-06 16:27:03] User -> DCP Added -> | Godown No 03  Nigam Godown  Bazar Samiti  Bihta
[2025-02-06 16:27:03] User -> DCP Added -> | Godown No 04  Nigam Godown  Bazar Samiti  Bihta
[2025-02-06 16:27:03] User -> DCP Added -> | Godown No 11  Bihar Rajya Bhandhar Nigam  Bihta
[2025-02-06 16:27:03] User -> DCP Added -> | Godown No 18 Nitin Krishna ka niji Godown veer Oriyara  Dhanarua Patna
[2025-02-06 16:27:03] User -> DCP Added -> | Godown No  09  Nigam Godown   Bazar Samiti   Katra
[2025-02-06 16:27:03] User -> DCP Added -> | Godown No  10  Nigam Godown   Bazar Samiti   Katra
[2025-02-06 16:27:03] User -> DCP Added -> | Godown No 17 Nigam Godown Katra
[2025-02-06 16:27:03] User -> DCP Added -> | Godown No  06  Fci Parisar Digha
[2025-02-06 16:27:03] User -> DCP Added -> | Godown No  07  Fci Parisar Digha
[2025-02-06 16:27:04] User -> DCP Added -> | Godown No  07  Nigam Godown   Banjaria
[2025-02-06 16:27:04] User -> DCP Added -> | Godown No  09 Banjariya Prakhand Parisar Stith Nigam Godown
[2025-02-06 16:27:04] User -> DCP Added -> | Godown No  01  Nigam Godown  Chakia Bazaar Samiti
[2025-02-06 16:27:04] User -> DCP Added -> | Godown No  02  Nigam Godown  Chakia Bazaar Samiti
[2025-02-06 16:27:04] User -> DCP Added -> | Godown No  03  Nigam Godown  Chakia Bazaar Samiti
[2025-02-06 16:27:04] User -> DCP Added -> | Godown No  05  Nigam Godown   Chakia Bazar Samiti
[2025-02-06 16:27:04] User -> DCP Added -> | Godown No  06  Nigam Godown   Chakia Bazar Samiti
[2025-02-06 16:27:04] User -> DCP Added -> | Godown No  08 Nigam Godown Bazar Samiti Chakiya
[2025-02-06 16:27:04] User -> DCP Added -> | Godown No 13  Ramghadhwa Prakhand Ke Pass
[2025-02-06 16:27:04] User -> DCP Added -> | Godown No  04  Nigam Godown  Sugauli Anchal Office
[2025-02-06 16:27:04] User -> DCP Added -> | Godown No  02 Nigam Godown     Banmankhi Bazar Samiti
[2025-02-06 16:27:04] User -> DCP Added -> | Godown No  05 Nigam Godown Bazar Samati Banmankhi
[2025-02-06 16:27:04] User -> DCP Added -> | Godown No  03  Nigam Godown   Jalalgardh
[2025-02-06 16:27:04] User -> DCP Added -> | Godown No  01 Nigam Godown   Bazar Samiti  Kasba 
[2025-02-06 16:27:04] User -> DCP Added -> | Godown No  04 Nigam Godown Bazar Samiti Kasba
[2025-02-06 16:27:04] User -> DCP Added -> | Godown No  20  Nigam Godown   Block Parisar  Chenari
[2025-02-06 16:27:04] User -> DCP Added -> | Godown No  25  Nigam Godown   Block Parisar  Chenari
[2025-02-06 16:27:04] User -> DCP Added -> | Godown No  12  Nigam Godown   Bazar Samiti   Natwar
[2025-02-06 16:27:04] User -> DCP Added -> | Godown No  13  Nigam Godown   Bazar Samiti   Natwar
[2025-02-06 16:27:04] User -> DCP Added -> | Godown No  14  Nigam Godown   Bazar Samiti   Natwar
[2025-02-06 16:27:05] User -> DCP Added -> | Godown No  15  Nigam Godown   Bazar Samiti   Natwar
[2025-02-06 16:27:05] User -> DCP Added -> | Godown No  16  Nigam Godown   Bazar Samiti   Natwar
[2025-02-06 16:27:05] User -> DCP Added -> | Godown No  17  Nigam Godown   Bazar Samiti   Natwar
[2025-02-06 16:27:05] User -> DCP Added -> | Godown No  18  Nigam Godown   Block Parisar Dinara
[2025-02-06 16:27:05] User -> DCP Added -> | Godown No   26  SWC Godown  Bazar Samiti Parisar  Sasaram
[2025-02-06 16:27:05] User -> DCP Added -> | Godown No 26 Bazar Samiti Natwar  Bswc Godown
[2025-02-06 16:27:05] User -> DCP Added -> | Godown No 27 Bazar Samiti Natwar  Bswc Godown
[2025-02-06 16:27:05] User -> DCP Added -> | Godown No 28 Bazar Samiti Godown  Natwar Bswc Ka Godown
[2025-02-06 16:27:05] User -> DCP Added -> | Godown No 35 SWC Godown  Bazar Samiti Natwar
[2025-02-06 16:27:05] User -> DCP Added -> | Godown No  19  Nigam Godown   Block Parisar  Nauhatta
[2025-02-06 16:27:05] User -> DCP Added -> | Godown No 34  Prakhand Parisar Godown  Nauhatta
[2025-02-06 16:27:05] User -> DCP Added -> | Godown No  04  Nigam Godown   Bazar Samiti   Nokha
[2025-02-06 16:27:05] User -> DCP Added -> | Godown No  05  Nigam Godown   Bazar Samiti   Nokha
[2025-02-06 16:27:05] User -> DCP Added -> | Godown No  06  Nigam Godown   Bazar Samiti   Nokha
[2025-02-06 16:27:05] User -> DCP Added -> | Godown No  07  Nigam Godown   Bazar Samiti   Nokha
[2025-02-06 16:27:05] User -> DCP Added -> | Godown No  08  Nigam Godown   Bazar Samiti   Nokha
[2025-02-06 16:27:05] User -> DCP Added -> | Godown No  09  Nigam Godown   Prakhand Parisar  Nokha
[2025-02-06 16:27:05] User -> DCP Added -> | Godown No  10  Nigam Godown   Bazar Samiti   Nokha
[2025-02-06 16:27:05] User -> DCP Added -> | Godown No  11  Nigam Godown   Bazar Samiti   Nokha
[2025-02-06 16:27:05] User -> DCP Added -> | Godown No  24  Swc Godown  Bazar Samiti Parisar  Nokha  Rohtas
[2025-02-06 16:27:05] User -> DCP Added -> | Godown No  01  Nigam Godown   Bazar Samiti   Sasaram
[2025-02-06 16:27:05] User -> DCP Added -> | Godown No  02  Nigam Godown   Bazar Samiti   Sasaram
[2025-02-06 16:27:05] User -> DCP Added -> | Godown No 29 Swc Ka Godown Sasaram
[2025-02-06 16:27:06] User -> DCP Added -> | Godown No 32 Bazar Samiti Sasaram Bswc Godown
[2025-02-06 16:27:06] User -> DCP Added -> | Godown No 33 Bazar Samiti Parisar  Sasaram
[2025-02-06 16:27:06] User -> DCP Added -> | Godown No  9  Alamnagar Madhepura
[2025-02-06 16:27:06] User -> DCP Added -> | Godown No  01  Nigam Godown  Rajeshwari Godown  Rahuamani  Kahra
[2025-02-06 16:27:06] User -> DCP Added -> | Godown No  04  Nigam Godown Durga Agro Bhandar Patuaha  Kahra
[2025-02-06 16:27:06] User -> DCP Added -> | Godown No  06  Nigam Godown  Kahra
[2025-02-06 16:27:06] User -> DCP Added -> | Godown No  10  Ms Uma Agro Bhandar  Bangaown  Saharsa
[2025-02-06 16:27:06] User -> DCP Added -> | Godown No  03  Nigam Godown  Navhatta
[2025-02-06 16:27:06] User -> DCP Added -> | Godown No  02  Nigam Godown  Sai Godown  01 &2 Patori Satarkatiya
[2025-02-06 16:27:06] User -> DCP Added -> | Godown No  05  Nigam Godown Pacs Godown  Vijalpur  Sattarkatia
[2025-02-06 16:27:06] User -> DCP Added -> | Godown No  03  Nigam Godown Dalsinghsarai  Bazar Samiti
[2025-02-06 16:27:06] User -> DCP Added -> | Godown No  04  Nigam Godown Dalsinghsarai  Bazar Samiti
[2025-02-06 16:27:06] User -> DCP Added -> | Godown No  05  Nigam Godown Dalsinghsarai  Bazar Samiti
[2025-02-06 16:27:06] User -> DCP Added -> | Godown No  06  Nigam Godown Dalsinghsarai  Bazar Samiti
[2025-02-06 16:27:06] User -> DCP Added -> | Godown No  01 Nigam Godown   Bazar Samiti   Samastipur
[2025-02-06 16:27:06] User -> DCP Added -> | Godown No  02 Nigam Godown   Bazar Samiti   Samastipur
[2025-02-06 16:27:06] User -> DCP Added -> | Godown No  13  Shri Mti Ahilya Devi  Kohluwa
[2025-02-06 16:27:06] User -> DCP Added -> | Godown No  01  Nigam Godown  Bazar Samiti Parisar  Chhapra
[2025-02-06 16:27:06] User -> DCP Added -> | Godown No  03  Nigam Godown  Bazar Samiti Parisar  Chhapra
[2025-02-06 16:27:06] User -> DCP Added -> | Godown No 02  Nigam Godown  Bajar Samiti Parisar  Chhapra
[2025-02-06 16:27:06] User -> DCP Added -> | Godown no 11  (TPDS Godown) Prakhand Prisar  Dighwara
[2025-02-06 16:27:07] User -> DCP Added -> | Godown No  08 (TPDS Godown) Kerwa Prakhand Ishuwapur
[2025-02-06 16:27:07] User -> DCP Added -> | Godown No  07  Nigam Godown  Dayalpur Prakhand Lahladpur
[2025-02-06 16:27:07] User -> DCP Added -> | Godown No  04  Nigam Godown  Manghi
[2025-02-06 16:27:07] User -> DCP Added -> | Godown No  9 (TPDS Godown) Prakhand Prisar  Mashrakh
[2025-02-06 16:27:07] User -> DCP Added -> | Godown No 10 (TPDS Godown)  Prakhand Prisar  Purana Nigam Godown  Mashrakh
[2025-02-06 16:27:07] User -> DCP Added -> | Godown No  05  Nigam Godown Mahamadpur Prakhand Panapur
[2025-02-06 16:27:07] User -> DCP Added -> | Godown No  06  Nigam Godown  Prakhand Parisar Parsha
[2025-02-06 16:27:07] User -> DCP Added -> | Godown no  12 (TPDS Godown)  Prakhand  Taraiya
[2025-02-06 16:27:07] User -> DCP Added -> | Godown No  08 Nigam Godown   Ariyari Block
[2025-02-06 16:27:07] User -> DCP Added -> | Godown No  06 Nigam Godown   Chewara Block
[2025-02-06 16:27:07] User -> DCP Added -> | Godown No  10 Nigam Godown  Sheikhpura  College More 
[2025-02-06 16:27:07] User -> DCP Added -> | Godown No  08 TPDS Godown Dumri Katsari(Prakhand Parisar)
[2025-02-06 16:27:07] User -> DCP Added -> | Godown No  06  Nigam Godown  Piprahi Block Parisar
[2025-02-06 16:27:07] User -> DCP Added -> | Godown No  04  Nigam Godown  Sunaul Sultaan Kay Paas   Punahia
[2025-02-06 16:27:07] User -> DCP Added -> | Godown No  05  Nigam Godown  Gram Parsauni Gop  Punaiha
[2025-02-06 16:27:07] User -> DCP Added -> | Godown No  01  Nigam Godown  Near BSNL Tower  Sheohar
[2025-02-06 16:27:07] User -> DCP Added -> | Godown No  02  Nigam Godown  Near BSNL Tower  Sheohar
[2025-02-06 16:27:07] User -> DCP Added -> | Godown No  03  Nigam Godown  Sheohar Block Parisar
[2025-02-06 16:27:07] User -> DCP Added -> | Godown No  07  New Constructed At Tariyani Block Campus
[2025-02-06 16:27:07] User -> DCP Added -> | Godown No  01  Nigam Godown  Bairgania Bazar Samiti
[2025-02-06 16:27:07] User -> DCP Added -> | Godown No  02  Nigam Godown  Bazar Samiti Parisar   SItamarhi
[2025-02-06 16:27:07] User -> DCP Added -> | Godown No  05  Nigam Godown  Bazar Samiti Parisar  Sitamarhi 
[2025-02-06 16:27:07] User -> DCP Added -> | Godown No  03  Nigam Godown  Bazar Samiti Parisar   Pupri 
[2025-02-06 16:27:07] User -> DCP Added -> | Godown No  04  Nigam Godown  Bazar Samiti Parisar   Pupri 
[2025-02-06 16:27:08] User -> DCP Added -> | Godown No  24  Nigam Godown Aandar
[2025-02-06 16:27:08] User -> DCP Added -> | Godown No 13 Nigam Godown Andar
[2025-02-06 16:27:08] User -> DCP Added -> | Godown No  21  Nigam Godown Basantpur
[2025-02-06 16:27:08] User -> DCP Added -> | Godown No  7  Darauli Prakhand Parisar
[2025-02-06 16:27:08] User -> DCP Added -> | Godown No  8  Darauli Prakhand Parisar
[2025-02-06 16:27:08] User -> DCP Added -> | Godown No 05  Nigam Godown  Darondha
[2025-02-06 16:27:08] User -> DCP Added -> | Godown No  20  Nigam Godown Goriyakothi
[2025-02-06 16:27:08] User -> DCP Added -> | Godown No  23  Nigam Godown  Gudhni
[2025-02-06 16:27:08] User -> DCP Added -> | Godown No 14 Nigam Godown Hussainganj
[2025-02-06 16:27:08] User -> DCP Added -> | Godown No 15 Nigam Godown Hussainganj
[2025-02-06 16:27:08] User -> DCP Added -> | Godown No 03  Nigam Godown  Block Parisar  Maharajganj
[2025-02-06 16:27:08] User -> DCP Added -> | Godown No 04  Nigam Godown  Block Parisar  Maharajganj
[2025-02-06 16:27:08] User -> DCP Added -> | Godown No  22  Nigam Godown Mairwa
[2025-02-06 16:27:08] User -> DCP Added -> | Godown No  18  Nigam Godown Raghunathpur
[2025-02-06 16:27:08] User -> DCP Added -> | Godown No  27 Shri Vishal Kumar Singh Khujwa Raghunathpur Aamwari
[2025-02-06 16:27:08] User -> DCP Added -> | Godown No  19  Nigam Godown Siswan
[2025-02-06 16:27:08] User -> DCP Added -> | Godown No  26 Biskoman Godown Virudiya Hata Krishi Bhawan Ke Pass
[2025-02-06 16:27:08] User -> DCP Added -> | Godown No 17 Shri Manoj Kumar Singh Ka Niji Godown Hussainganj Chaap(Siwan Nagar)
[2025-02-06 16:27:08] User -> DCP Added -> | Godown No 25 Shri Manoj Kumar Haridiya Mod
[2025-02-06 16:27:08] User -> DCP Added -> | Godown No  02  Nigam Godown  Siwan New Poilce Line
[2025-02-06 16:27:08] User -> DCP Added -> | Godown No  02  Nigam Godown   Block Parisar  Birpur
[2025-02-06 16:27:08] User -> DCP Added -> | Godown No  5  Nigam Godown   Basantpur
[2025-02-06 16:27:09] User -> DCP Added -> | Godown No 06 Deenbandhi Pacs Godown Basantpur Supaul
[2025-02-06 16:27:09] User -> DCP Added -> | Godown No 13 Pacs Godown Sukhasan Block Kishanpur Supaul
[2025-02-06 16:27:09] User -> DCP Added -> | Godown No  01  Nigam Godown   Atithi Grah Supaul Ke Bagl Me 
[2025-02-06 16:27:09] User -> DCP Added -> | Godown No 9 Shukhpur Solhani Pacs Godown Supaul
[2025-02-06 16:27:09] User -> DCP Added -> | Godown No  04  Nigam Godown   Jadiya
[2025-02-06 16:27:09] User -> DCP Added -> | Godown No 7 Pacs Godown Piluaha Prakhand Triveniganj Supaul
[2025-02-06 16:27:09] User -> DCP Added -> | Godown No  04   Nigam Godown   Premraj Chehrakala  Nigam Godown
[2025-02-06 16:27:09] User -> DCP Added -> | Godown No  07  Nigam Godown Block Parisar Jandaha
[2025-02-06 16:27:09] User -> DCP Added -> | Godown No  05   Nigam Godown Block Parisar Lalganj
[2025-02-06 16:27:09] User -> DCP Added -> | Godown No  02   Nigam Godown mahua block office
[2025-02-06 16:27:09] User -> DCP Added -> | Godown No  06   Nigam Godown Block Parisar Mahua
[2025-02-06 16:27:09] User -> DCP Added -> | Godown No 09  Patedhi Belsar Block
[2025-02-06 16:27:09] User -> DCP Added -> | Godown No  03   Nigam Godown Patehpur Block Karyalye Parisar
[2025-02-06 16:27:09] User -> DCP Added -> | Godown No 10 Tisiautta Dharmpur Panchayat Pacs
[2025-02-06 16:27:09] User -> DCP Added -> | Godown No 11 Dabhich Panchayat Pacs  Vaishali
[2025-02-06 16:27:09] User -> DCP Added -> | Godown No 12 Langurav Bilandpur Panchayat Pacs
[2025-02-06 16:27:09] User -> DCP Added -> | Godown No  08  Nigam Godown  Sahdei Prakhand Godown
[2025-02-06 16:27:09] User -> DCP Added -> | Godown No 13 TPDS Godown Sahdeyi Bugurg(Nigam Godown)
[2025-02-06 16:31:07] User -> DCP InActive -> admin@pds| Godown No   6  Nigam Godown  Bazar Samiti Parisar  Araria
[2025-02-06 16:31:11] User -> DCP Active -> admin@pds| Godown No   6  Nigam Godown  Bazar Samiti Parisar  Araria
[2025-02-06 20:03:31] User -> DCP added ->admin@pds| Requested JSON -> {"name":"test","type":"DCP","latitude":"9.89","longitude":"76.7661","district":"Araria","id":"123qwe","demand":"4567","demand_rice":"5678"}
[2025-02-06 20:04:20] User -> DCP deleted -> admin@pds| Requested JSON -> {"uid":"DCP_67a4c83ba28"} | test
[2025-02-06 20:09:06] User -> DCP InActive -> admin@pds| Araria
[2025-02-06 20:09:14] User -> DCP Active -> admin@pds| Araria
[2025-02-06 20:09:29] User -> Warehouse InActive -> admin@pds| TPDS Araria 01
[2025-02-06 20:09:32] User -> Warehouse Active -> admin@pds| TPDS Araria 01
[2025-02-06 20:13:12] User -> Warehouse added ->admin@pds| Requested JSON -> {"name":"test","type":"motorable","latitude":"9.89","storage":"100","district":"Araria","id":"123qwe","warehousetype":"swc","longitude":"76.7661"}
[2025-02-06 20:17:37] User -> Warehouse deleted -> admin@pds| Requested JSON -> {"uid":"WH_67a4ca804956"} | Test
[2025-02-06 20:18:01] User -> Warehouse added ->admin@pds| Requested JSON -> {"name":"test","type":"motorable","latitude":"9.89","storage":"250","district":"Araria","id":"123qwe","warehousetype":"swc","longitude":"76.7661"}
[2025-02-06 20:18:13] User -> Warehouse deleted -> admin@pds| Requested JSON -> {"uid":"WH_67a4cba16d6f"} | Test
[2025-02-06 20:39:55] User -> Warehouse deleted -> admin@pds| Requested JSON -> {"uid":"all"} | all
[2025-02-06 23:32:54] User -> Warehouse Added -> admin@pds| TPDS Araria 01
[2025-02-06 23:32:55] User -> Warehouse Added -> admin@pds| TPDS Araria 02
[2025-02-06 23:32:55] User -> Warehouse Added -> admin@pds| TPDS Kursakatta
[2025-02-06 23:32:55] User -> Warehouse Added -> admin@pds| TPDS Bhargama
[2025-02-06 23:32:55] User -> Warehouse Added -> admin@pds| TPDS Forbesganj
[2025-02-06 23:32:55] User -> Warehouse Added -> admin@pds| TPDS Narpatganj
[2025-02-06 23:32:55] User -> Warehouse Added -> admin@pds| TPDS Palasi
[2025-02-06 23:32:55] User -> Warehouse Added -> admin@pds| TPDS Raniganj
[2025-02-06 23:32:55] User -> Warehouse Added -> admin@pds| TPDS Arwal
[2025-02-06 23:32:55] User -> Warehouse Added -> admin@pds| TPDS Karpi
[2025-02-06 23:32:55] User -> Warehouse Added -> admin@pds| TPDS Kurtha
[2025-02-06 23:32:55] User -> Warehouse Added -> admin@pds| TPDS Aurangabad
[2025-02-06 23:32:56] User -> Warehouse Added -> admin@pds| TPDS Barun
[2025-02-06 23:32:56] User -> Warehouse Added -> admin@pds| TPDS Daudnagar
[2025-02-06 23:32:56] User -> Warehouse Added -> admin@pds| TPDS Deo
[2025-02-06 23:32:56] User -> Warehouse Added -> admin@pds| TPDS Goh
[2025-02-06 23:32:56] User -> Warehouse Added -> admin@pds| TPDS Haspura
[2025-02-06 23:32:56] User -> Warehouse Added -> admin@pds| TPDS Kutumba
[2025-02-06 23:32:56] User -> Warehouse Added -> admin@pds| TPDS Madanpur
[2025-02-06 23:32:56] User -> Warehouse Added -> admin@pds| TPDS Nabinagar
[2025-02-06 23:32:56] User -> Warehouse Added -> admin@pds| TPDS Obra
[2025-02-06 23:32:56] User -> Warehouse Added -> admin@pds| TPDS Rafiganj
[2025-02-06 23:32:56] User -> Warehouse Added -> admin@pds| TPDS Amarpur
[2025-02-06 23:32:56] User -> Warehouse Added -> admin@pds| TPDS Banka
[2025-02-06 23:32:56] User -> Warehouse Added -> admin@pds| TPDS Barahat
[2025-02-06 23:32:56] User -> Warehouse Added -> admin@pds| TPDS Bausi
[2025-02-06 23:32:56] User -> Warehouse Added -> admin@pds| TPDS Chandan
[2025-02-06 23:32:56] User -> Warehouse Added -> admin@pds| TPDS Katoriya
[2025-02-06 23:32:56] User -> Warehouse Added -> admin@pds| TPDS Fullidumer
[2025-02-06 23:32:56] User -> Warehouse Added -> admin@pds| TPDS Shambhuganj
[2025-02-06 23:32:56] User -> Warehouse Added -> admin@pds| TPDS Belhar
[2025-02-06 23:32:56] User -> Warehouse Added -> admin@pds| TPDS Rajoun
[2025-02-06 23:32:56] User -> Warehouse Added -> admin@pds| TPDS Dhouraiya
[2025-02-06 23:32:56] User -> Warehouse Added -> admin@pds| TPDS Bachhwara  
[2025-02-06 23:32:57] User -> Warehouse Added -> admin@pds| TPDS Bakhri 
[2025-02-06 23:32:57] User -> Warehouse Added -> admin@pds| TPDS Balia
[2025-02-06 23:32:57] User -> Warehouse Added -> admin@pds| TPDS Barauni
[2025-02-06 23:32:57] User -> Warehouse Added -> admin@pds| TPDS Begusarai
[2025-02-06 23:32:57] User -> Warehouse Added -> admin@pds| TPDS Bhagwan pur
[2025-02-06 23:32:57] User -> Warehouse Added -> admin@pds| TPDS Cheria Bariyarpur
[2025-02-06 23:32:57] User -> Warehouse Added -> admin@pds| TPDS Chhorahi
[2025-02-06 23:32:57] User -> Warehouse Added -> admin@pds| TPDS Garhpura
[2025-02-06 23:32:57] User -> Warehouse Added -> admin@pds| TPDS Matihani
[2025-02-06 23:32:57] User -> Warehouse Added -> admin@pds| TPDS Sahabpur Kamal
[2025-02-06 23:32:57] User -> Warehouse Added -> admin@pds| TPDS Teghra
[2025-02-06 23:32:57] User -> Warehouse Added -> admin@pds| TPDS Bagwari
[2025-02-06 23:32:57] User -> Warehouse Added -> admin@pds| TPDS Bihpur
[2025-02-06 23:32:57] User -> Warehouse Added -> admin@pds| TPDS Goradih
[2025-02-06 23:32:57] User -> Warehouse Added -> admin@pds| TPDS Jagdishpur
[2025-02-06 23:32:57] User -> Warehouse Added -> admin@pds| TPDS Kahalgaon
[2025-02-06 23:32:57] User -> Warehouse Added -> admin@pds| TPDS Kharik
[2025-02-06 23:32:57] User -> Warehouse Added -> admin@pds| TPDS Nathnagar
[2025-02-06 23:32:57] User -> Warehouse Added -> admin@pds| TPDS Naugachia
[2025-02-06 23:32:57] User -> Warehouse Added -> admin@pds| TPDS Pirpainti
[2025-02-06 23:32:57] User -> Warehouse Added -> admin@pds| TPDS Rangra Chowk
[2025-02-06 23:32:57] User -> Warehouse Added -> admin@pds| TPDS Sabour
[2025-02-06 23:32:57] User -> Warehouse Added -> admin@pds| TPDS Sanhaula
[2025-02-06 23:32:57] User -> Warehouse Added -> admin@pds| TPDS Shakund
[2025-02-06 23:32:57] User -> Warehouse Added -> admin@pds| TPDS Sultanganj
[2025-02-06 23:32:58] User -> Warehouse Added -> admin@pds| TPDS Agiaon
[2025-02-06 23:32:58] User -> Warehouse Added -> admin@pds| TPDS Ara
[2025-02-06 23:32:58] User -> Warehouse Added -> admin@pds| TPDS Sahar
[2025-02-06 23:32:58] User -> Warehouse Added -> admin@pds| TPDS Sandesh
[2025-02-06 23:32:58] User -> Warehouse Added -> admin@pds| TPDS Tarari
[2025-02-06 23:32:58] User -> Warehouse Added -> admin@pds| TPDS Bihiya
[2025-02-06 23:32:58] User -> Warehouse Added -> admin@pds| TPDS Barhara
[2025-02-06 23:32:58] User -> Warehouse Added -> admin@pds| TPDS Charpokhari
[2025-02-06 23:32:58] User -> Warehouse Added -> admin@pds| TPDS Garhani
[2025-02-06 23:32:58] User -> Warehouse Added -> admin@pds| TPDS Jagdish pur
[2025-02-06 23:32:58] User -> Warehouse Added -> admin@pds| TPDS Koilwar
[2025-02-06 23:32:58] User -> Warehouse Added -> admin@pds| TPDS Piro
[2025-02-06 23:32:58] User -> Warehouse Added -> admin@pds| TPDS Shahpur
[2025-02-06 23:32:58] User -> Warehouse Added -> admin@pds| TPDS Brahampur
[2025-02-06 23:32:58] User -> Warehouse Added -> admin@pds| TPDS Buxar (A)
[2025-02-06 23:32:58] User -> Warehouse Added -> admin@pds| TPDS Buxar (B)
[2025-02-06 23:32:58] User -> Warehouse Added -> admin@pds| TPDS Chausa
[2025-02-06 23:32:58] User -> Warehouse Added -> admin@pds| TPDS Dumraon
[2025-02-06 23:32:58] User -> Warehouse Added -> admin@pds| TPDS Itarhi
[2025-02-06 23:32:58] User -> Warehouse Added -> admin@pds| TPDS Nawangar
[2025-02-06 23:32:58] User -> Warehouse Added -> admin@pds| TPDS Rajpur
[2025-02-06 23:32:58] User -> Warehouse Added -> admin@pds| TPDS Simri
[2025-02-06 23:32:58] User -> Warehouse Added -> admin@pds| TPDS Alinagar
[2025-02-06 23:32:58] User -> Warehouse Added -> admin@pds| TPDS Bahadurpur
[2025-02-06 23:32:59] User -> Warehouse Added -> admin@pds| TPDS Baheri
[2025-02-06 23:32:59] User -> Warehouse Added -> admin@pds| TPDS Benipur
[2025-02-06 23:32:59] User -> Warehouse Added -> admin@pds| TPDS Biraul
[2025-02-06 23:32:59] User -> Warehouse Added -> admin@pds| TPDS Biraul Sahari
[2025-02-06 23:32:59] User -> Warehouse Added -> admin@pds| TPDS Ghanshyampur
[2025-02-06 23:32:59] User -> Warehouse Added -> admin@pds| TPDS Hanumannagar
[2025-02-06 23:32:59] User -> Warehouse Added -> admin@pds| TPDS Hayaghat
[2025-02-06 23:32:59] User -> Warehouse Added -> admin@pds| TPDS Jale
[2025-02-06 23:32:59] User -> Warehouse Added -> admin@pds| TPDS Keoti
[2025-02-06 23:32:59] User -> Warehouse Added -> admin@pds| TPDS Kusheshwar Asthan
[2025-02-06 23:32:59] User -> Warehouse Added -> admin@pds| TPDS Lahori Shed
[2025-02-06 23:32:59] User -> Warehouse Added -> admin@pds| TPDS Manigachhi
[2025-02-06 23:32:59] User -> Warehouse Added -> admin@pds| TPDS Shivdhara
[2025-02-06 23:32:59] User -> Warehouse Added -> admin@pds| TPDS Singhwara
[2025-02-06 23:32:59] User -> Warehouse Added -> admin@pds| TPDS Tardih
[2025-02-06 23:32:59] User -> Warehouse Added -> admin@pds| TPDS Amas
[2025-02-06 23:32:59] User -> Warehouse Added -> admin@pds| TPDS Atri
[2025-02-06 23:32:59] User -> Warehouse Added -> admin@pds| TPDS Banke Bazar
[2025-02-06 23:32:59] User -> Warehouse Added -> admin@pds| TPDS Barachatti
[2025-02-06 23:32:59] User -> Warehouse Added -> admin@pds| TPDS Belaganj
[2025-02-06 23:32:59] User -> Warehouse Added -> admin@pds| TPDS Bhusunda
[2025-02-06 23:32:59] User -> Warehouse Added -> admin@pds| TPDS Bodhgaya
[2025-02-06 23:32:59] User -> Warehouse Added -> admin@pds| TPDS Dobhi
[2025-02-06 23:32:59] User -> Warehouse Added -> admin@pds| TPDS Dumariya
[2025-02-06 23:33:00] User -> Warehouse Added -> admin@pds| TPDS Fatehpur
[2025-02-06 23:33:00] User -> Warehouse Added -> admin@pds| TPDS Gurua
[2025-02-06 23:33:00] User -> Warehouse Added -> admin@pds| TPDS Imamganj
[2025-02-06 23:33:00] User -> Warehouse Added -> admin@pds| TPDS Khizisarai
[2025-02-06 23:33:00] User -> Warehouse Added -> admin@pds| TPDS Konch
[2025-02-06 23:33:00] User -> Warehouse Added -> admin@pds| TPDS Manpur
[2025-02-06 23:33:00] User -> Warehouse Added -> admin@pds| TPDS Mohanpur
[2025-02-06 23:33:00] User -> Warehouse Added -> admin@pds| TPDS Muhra
[2025-02-06 23:33:00] User -> Warehouse Added -> admin@pds| TPDS Neem Chak Bathani
[2025-02-06 23:33:00] User -> Warehouse Added -> admin@pds| TPDS Paraiya
[2025-02-06 23:33:00] User -> Warehouse Added -> admin@pds| TPDS Sherghati
[2025-02-06 23:33:00] User -> Warehouse Added -> admin@pds| TPDS Tankuppa
[2025-02-06 23:33:00] User -> Warehouse Added -> admin@pds| TPDS Tikari
[2025-02-06 23:33:00] User -> Warehouse Added -> admin@pds| TPDS Wazirganj
[2025-02-06 23:33:00] User -> Warehouse Added -> admin@pds| TPDS Guraru
[2025-02-06 23:33:00] User -> Warehouse Added -> admin@pds| TPDS Baikunthpur
[2025-02-06 23:33:00] User -> Warehouse Added -> admin@pds| TPDS Bhorey
[2025-02-06 23:33:00] User -> Warehouse Added -> admin@pds| TPDS Bijaipur
[2025-02-06 23:33:00] User -> Warehouse Added -> admin@pds| TPDS Gopalganj
[2025-02-06 23:33:00] User -> Warehouse Added -> admin@pds| TPDS Hathua
[2025-02-06 23:33:00] User -> Warehouse Added -> admin@pds| TPDS Kateya
[2025-02-06 23:33:00] User -> Warehouse Added -> admin@pds| TPDS Kuchaikot
[2025-02-06 23:33:00] User -> Warehouse Added -> admin@pds| TPDS Koinee(Manjha)
[2025-02-06 23:33:00] User -> Warehouse Added -> admin@pds| TPDS Uchkagaon (Mirganj)
[2025-02-06 23:33:00] User -> Warehouse Added -> admin@pds| TPDS Barhat
[2025-02-06 23:33:01] User -> Warehouse Added -> admin@pds| TPDS Chakai
[2025-02-06 23:33:01] User -> Warehouse Added -> admin@pds| TPDS Gidhaur (Bandharura)
[2025-02-06 23:33:01] User -> Warehouse Added -> admin@pds| TPDS Islamnagar Aliganj
[2025-02-06 23:33:01] User -> Warehouse Added -> admin@pds| TPDS Jamui(Block Campus)
[2025-02-06 23:33:01] User -> Warehouse Added -> admin@pds| TPDS Jamui(Masaurhi Chowk)
[2025-02-06 23:33:01] User -> Warehouse Added -> admin@pds| TPDS Jhajha
[2025-02-06 23:33:01] User -> Warehouse Added -> admin@pds| TPDS Khaira
[2025-02-06 23:33:01] User -> Warehouse Added -> admin@pds| TPDS Lakshmipur
[2025-02-06 23:33:01] User -> Warehouse Added -> admin@pds| TPDS Sikandra
[2025-02-06 23:33:01] User -> Warehouse Added -> admin@pds| TPDS Sono
[2025-02-06 23:33:01] User -> Warehouse Added -> admin@pds| TPDS Ghoshi
[2025-02-06 23:33:01] User -> Warehouse Added -> admin@pds| TPDS Jehanabad
[2025-02-06 23:33:01] User -> Warehouse Added -> admin@pds| TPDS Kako
[2025-02-06 23:33:01] User -> Warehouse Added -> admin@pds| TPDS Makhdumpur
[2025-02-06 23:33:01] User -> Warehouse Added -> admin@pds| TPDS Ratni-Faridpur
[2025-02-06 23:33:01] User -> Warehouse Added -> admin@pds| TPDS Bhabhua
[2025-02-06 23:33:01] User -> Warehouse Added -> admin@pds| TPDS Mohania
[2025-02-06 23:33:01] User -> Warehouse Added -> admin@pds| TPDS Adhaura
[2025-02-06 23:33:01] User -> Warehouse Added -> admin@pds| TPDS Bhagwanpur
[2025-02-06 23:33:01] User -> Warehouse Added -> admin@pds| TPDS Chainpur
[2025-02-06 23:33:01] User -> Warehouse Added -> admin@pds| TPDS Chand
[2025-02-06 23:33:01] User -> Warehouse Added -> admin@pds| TPDS Durgawati
[2025-02-06 23:33:01] User -> Warehouse Added -> admin@pds| TPDS Kudra
[2025-02-06 23:33:02] User -> Warehouse Added -> admin@pds| TPDS Nuwan
[2025-02-06 23:33:02] User -> Warehouse Added -> admin@pds| TPDS Ramgarh
[2025-02-06 23:33:02] User -> Warehouse Added -> admin@pds| TPDS Rampur
[2025-02-06 23:33:02] User -> Warehouse Added -> admin@pds| TPDS Amdabad
[2025-02-06 23:33:02] User -> Warehouse Added -> admin@pds| TPDS Azamnagar
[2025-02-06 23:33:02] User -> Warehouse Added -> admin@pds| TPDS Balrampur
[2025-02-06 23:33:02] User -> Warehouse Added -> admin@pds| TPDS Barari
[2025-02-06 23:33:02] User -> Warehouse Added -> admin@pds| TPDS Barsoi
[2025-02-06 23:33:02] User -> Warehouse Added -> admin@pds| TPDS Falka
[2025-02-06 23:33:02] User -> Warehouse Added -> admin@pds| TPDS Kadwa
[2025-02-06 23:33:02] User -> Warehouse Added -> admin@pds| TPDS Katihar Sadar
[2025-02-06 23:33:02] User -> Warehouse Added -> admin@pds| TPDS Katihar A
[2025-02-06 23:33:02] User -> Warehouse Added -> admin@pds| TPDS Katihar B
[2025-02-06 23:33:02] User -> Warehouse Added -> admin@pds| TPDS Korha
[2025-02-06 23:33:02] User -> Warehouse Added -> admin@pds| TPDS Manihari
[2025-02-06 23:33:02] User -> Warehouse Added -> admin@pds| TPDS Sameli
[2025-02-06 23:33:02] User -> Warehouse Added -> admin@pds| TPDS Alauli 
[2025-02-06 23:33:02] User -> Warehouse Added -> admin@pds| TPDS  Beldaur
[2025-02-06 23:33:02] User -> Warehouse Added -> admin@pds| TPDS Chautham
[2025-02-06 23:33:02] User -> Warehouse Added -> admin@pds| TPDS Gogri 
[2025-02-06 23:33:02] User -> Warehouse Added -> admin@pds| TPDS Khagaria 
[2025-02-06 23:33:02] User -> Warehouse Added -> admin@pds| TPDS Prabatta  
[2025-02-06 23:33:02] User -> Warehouse Added -> admin@pds| TPDS Kishanganj
[2025-02-06 23:33:02] User -> Warehouse Added -> admin@pds| TPDS Bahadurganj
[2025-02-06 23:33:03] User -> Warehouse Added -> admin@pds| TPDS Dighalbank
[2025-02-06 23:33:03] User -> Warehouse Added -> admin@pds| TPDS Kochadhaman
[2025-02-06 23:33:03] User -> Warehouse Added -> admin@pds| TPDS Pothia
[2025-02-06 23:33:03] User -> Warehouse Added -> admin@pds| TPDS Terhagachh
[2025-02-06 23:33:03] User -> Warehouse Added -> admin@pds| TPDS Thakurganj
[2025-02-06 23:33:03] User -> Warehouse Added -> admin@pds| TPDS Barahiya
[2025-02-06 23:33:03] User -> Warehouse Added -> admin@pds| TPDS Lakhisarai (Bazar Samiti)
[2025-02-06 23:33:03] User -> Warehouse Added -> admin@pds| TPDS Lakhisarai
[2025-02-06 23:33:03] User -> Warehouse Added -> admin@pds| TPDS Ramgrh Chowk
[2025-02-06 23:33:03] User -> Warehouse Added -> admin@pds| TPDS Surajghara
[2025-02-06 23:33:03] User -> Warehouse Added -> admin@pds| TPDS Alamnagar
[2025-02-06 23:33:03] User -> Warehouse Added -> admin@pds| TPDS Bihariganj
[2025-02-06 23:33:03] User -> Warehouse Added -> admin@pds| TPDS Kumarkhand
[2025-02-06 23:33:03] User -> Warehouse Added -> admin@pds| TPDS Madhepura
[2025-02-06 23:33:03] User -> Warehouse Added -> admin@pds| TPDS Muraliganj
[2025-02-06 23:33:03] User -> Warehouse Added -> admin@pds| TPDS Singheshwar
[2025-02-06 23:33:03] User -> Warehouse Added -> admin@pds| TPDS Udakishanganj
[2025-02-06 23:33:03] User -> Warehouse Added -> admin@pds| TPDS Andhratharhi
[2025-02-06 23:33:03] User -> Warehouse Added -> admin@pds| TPDS Babubarhi
[2025-02-06 23:33:03] User -> Warehouse Added -> admin@pds| TPDS Basopatti
[2025-02-06 23:33:03] User -> Warehouse Added -> admin@pds| TPDS Benipatti
[2025-02-06 23:33:03] User -> Warehouse Added -> admin@pds| TPDS Bisfi
[2025-02-06 23:33:03] User -> Warehouse Added -> admin@pds| TPDS Ghoghardiha, Phulparas
[2025-02-06 23:33:03] User -> Warehouse Added -> admin@pds| TPDS Harlakhi
[2025-02-06 23:33:04] User -> Warehouse Added -> admin@pds| TPDS Jaynagar
[2025-02-06 23:33:04] User -> Warehouse Added -> admin@pds| TPDS Jhanjharpur
[2025-02-06 23:33:04] User -> Warehouse Added -> admin@pds| TPDS Khajauli
[2025-02-06 23:33:04] User -> Warehouse Added -> admin@pds| TPDS Khutauna
[2025-02-06 23:33:04] User -> Warehouse Added -> admin@pds| TPDS Ladaniya
[2025-02-06 23:33:04] User -> Warehouse Added -> admin@pds| TPDS Lakhnaur
[2025-02-06 23:33:04] User -> Warehouse Added -> admin@pds| TPDS Laukahi
[2025-02-06 23:33:04] User -> Warehouse Added -> admin@pds| TPDS Madhepur
[2025-02-06 23:33:04] User -> Warehouse Added -> admin@pds| TPDS Madhwapur
[2025-02-06 23:33:04] User -> Warehouse Added -> admin@pds| TPDS Pandaul
[2025-02-06 23:33:04] User -> Warehouse Added -> admin@pds| TPDS Rahika
[2025-02-06 23:33:04] User -> Warehouse Added -> admin@pds| TPDS Rajnagar
[2025-02-06 23:33:04] User -> Warehouse Added -> admin@pds| TPDS Asarganj
[2025-02-06 23:33:04] User -> Warehouse Added -> admin@pds| TPDS Bariyarpur
[2025-02-06 23:33:04] User -> Warehouse Added -> admin@pds| TPDS Dharahara
[2025-02-06 23:33:04] User -> Warehouse Added -> admin@pds| TPDS Jamalpur
[2025-02-06 23:33:04] User -> Warehouse Added -> admin@pds| TPDS Kharagpur
[2025-02-06 23:33:04] User -> Warehouse Added -> admin@pds| TPDS Munger
[2025-02-06 23:33:04] User -> Warehouse Added -> admin@pds| TPDS Sangrampur
[2025-02-06 23:33:04] User -> Warehouse Added -> admin@pds| TPDS Tarapur
[2025-02-06 23:33:04] User -> Warehouse Added -> admin@pds| TPDS Aurai
[2025-02-06 23:33:04] User -> Warehouse Added -> admin@pds| TPDS Aurai At Janar
[2025-02-06 23:33:05] User -> Warehouse Added -> admin@pds| TPDS Bandra
[2025-02-06 23:33:05] User -> Warehouse Added -> admin@pds| TPDS Baruraj (Motipur)
[2025-02-06 23:33:05] User -> Warehouse Added -> admin@pds| TPDS Musahari Bela
[2025-02-06 23:33:05] User -> Warehouse Added -> admin@pds| TPDS Bochaha
[2025-02-06 23:33:05] User -> Warehouse Added -> admin@pds| TPDS Dholi (Moraul)
[2025-02-06 23:33:05] User -> Warehouse Added -> admin@pds| TPDS Gaighat
[2025-02-06 23:33:05] User -> Warehouse Added -> admin@pds| TPDS Kanti
[2025-02-06 23:33:05] User -> Warehouse Added -> admin@pds| TPDS Katra
[2025-02-06 23:33:05] User -> Warehouse Added -> admin@pds| TPDS Musahari Khadi Bhandar
[2025-02-06 23:33:05] User -> Warehouse Added -> admin@pds| TPDS Kurhani
[2025-02-06 23:33:05] User -> Warehouse Added -> admin@pds| TPDS Marwan
[2025-02-06 23:33:05] User -> Warehouse Added -> admin@pds| TPDS Minapur
[2025-02-06 23:33:05] User -> Warehouse Added -> admin@pds| TPDS Musahari
[2025-02-06 23:33:05] User -> Warehouse Added -> admin@pds| TPDS Paroo
[2025-02-06 23:33:05] User -> Warehouse Added -> admin@pds| TPDS Sahebganj
[2025-02-06 23:33:05] User -> Warehouse Added -> admin@pds| TPDS Sakra
[2025-02-06 23:33:05] User -> Warehouse Added -> admin@pds| TPDS Saraiya
[2025-02-06 23:33:05] User -> Warehouse Added -> admin@pds| TPDS Asthawan
[2025-02-06 23:33:05] User -> Warehouse Added -> admin@pds| TPDS Biharsharif Bs
[2025-02-06 23:33:05] User -> Warehouse Added -> admin@pds| TPDS Chandi
[2025-02-06 23:33:06] User -> Warehouse Added -> admin@pds| TPDS Ekangarsarai
[2025-02-06 23:33:06] User -> Warehouse Added -> admin@pds| TPDS Giriak
[2025-02-06 23:33:06] User -> Warehouse Added -> admin@pds| TPDS Harnaut
[2025-02-06 23:33:06] User -> Warehouse Added -> admin@pds| TPDS Hilsa
[2025-02-06 23:33:06] User -> Warehouse Added -> admin@pds| TPDS Islampur
[2025-02-06 23:33:06] User -> Warehouse Added -> admin@pds| TPDS Noorsarai
[2025-02-06 23:33:06] User -> Warehouse Added -> admin@pds| TPDS Rahui
[2025-02-06 23:33:06] User -> Warehouse Added -> admin@pds| TPDS Rajgir
[2025-02-06 23:33:06] User -> Warehouse Added -> admin@pds| TPDS Sarmera
[2025-02-06 23:33:06] User -> Warehouse Added -> admin@pds| TPDS Silao
[2025-02-06 23:33:06] User -> Warehouse Added -> admin@pds| TPDS Biharsharif PP
[2025-02-06 23:33:06] User -> Warehouse Added -> admin@pds| TPDS Akbarpur
[2025-02-06 23:33:06] User -> Warehouse Added -> admin@pds| TPDS Ganesh Godown Nawada
[2025-02-06 23:33:06] User -> Warehouse Added -> admin@pds| TPDS Govindpur
[2025-02-06 23:33:06] User -> Warehouse Added -> admin@pds| TPDS Hisua
[2025-02-06 23:33:06] User -> Warehouse Added -> admin@pds| TPDS Kawakol
[2025-02-06 23:33:06] User -> Warehouse Added -> admin@pds| TPDS Meskaur
[2025-02-06 23:33:07] User -> Warehouse Added -> admin@pds| TPDS Nardiganj
[2025-02-06 23:33:07] User -> Warehouse Added -> admin@pds| TPDS Narhat
[2025-02-06 23:33:07] User -> Warehouse Added -> admin@pds| TPDS Nawada
[2025-02-06 23:33:07] User -> Warehouse Added -> admin@pds| TPDS Pakribarawan
[2025-02-06 23:33:07] User -> Warehouse Added -> admin@pds| TPDS Rajauli
[2025-02-06 23:33:07] User -> Warehouse Added -> admin@pds| TPDS Sirdala
[2025-02-06 23:33:07] User -> Warehouse Added -> admin@pds| TPDS Warisaliganj
[2025-02-06 23:33:07] User -> Warehouse Added -> admin@pds| TPDS Bagaha-1
[2025-02-06 23:33:07] User -> Warehouse Added -> admin@pds| TPDS Bagaha-2
[2025-02-06 23:33:07] User -> Warehouse Added -> admin@pds| TPDS Bairia
[2025-02-06 23:33:07] User -> Warehouse Added -> admin@pds| TPDS Bettiah
[2025-02-06 23:33:07] User -> Warehouse Added -> admin@pds| TPDS Chanpatia
[2025-02-06 23:33:07] User -> Warehouse Added -> admin@pds| TPDS Gaunaha
[2025-02-06 23:33:07] User -> Warehouse Added -> admin@pds| TPDS Jogapatti
[2025-02-06 23:33:07] User -> Warehouse Added -> admin@pds| TPDS Lauria
[2025-02-06 23:33:07] User -> Warehouse Added -> admin@pds| TPDS Madhuban
[2025-02-06 23:33:07] User -> Warehouse Added -> admin@pds| TPDS Mainatanr
[2025-02-06 23:33:07] User -> Warehouse Added -> admin@pds| TPDS Majhwalia
[2025-02-06 23:33:08] User -> Warehouse Added -> admin@pds| TPDS Narkatiyaganj
[2025-02-06 23:33:08] User -> Warehouse Added -> admin@pds| TPDS Nautan
[2025-02-06 23:33:08] User -> Warehouse Added -> admin@pds| TPDS Ramnagar
[2025-02-06 23:33:08] User -> Warehouse Added -> admin@pds| TPDS Sikta
[2025-02-06 23:33:08] User -> Warehouse Added -> admin@pds| TPDS Thakraha
[2025-02-06 23:33:08] User -> Warehouse Added -> admin@pds| TPDS Bakhtiyarpur
[2025-02-06 23:33:08] User -> Warehouse Added -> admin@pds| TPDS Barh
[2025-02-06 23:33:08] User -> Warehouse Added -> admin@pds| TPDS Bihta
[2025-02-06 23:33:08] User -> Warehouse Added -> admin@pds| TPDS Bikram
[2025-02-06 23:33:08] User -> Warehouse Added -> admin@pds| TPDS Dulhin Bazar
[2025-02-06 23:33:08] User -> Warehouse Added -> admin@pds| TPDS Danapur
[2025-02-06 23:33:08] User -> Warehouse Added -> admin@pds| TPDS Dhanarua
[2025-02-06 23:33:08] User -> Warehouse Added -> admin@pds| TPDS Fatuha
[2025-02-06 23:33:08] User -> Warehouse Added -> admin@pds| TPDS Katra (Rationing)
[2025-02-06 23:33:08] User -> Warehouse Added -> admin@pds| TPDS Khusrupur
[2025-02-06 23:33:08] User -> Warehouse Added -> admin@pds| TPDS Maner
[2025-02-06 23:33:08] User -> Warehouse Added -> admin@pds| TPDS Masaurhi
[2025-02-06 23:33:08] User -> Warehouse Added -> admin@pds| TPDS M-Hatt(A)
[2025-02-06 23:33:08] User -> Warehouse Added -> admin@pds| TPDS M-Hatt(B)
[2025-02-06 23:33:08] User -> Warehouse Added -> admin@pds| TPDS Mokama
[2025-02-06 23:33:09] User -> Warehouse Added -> admin@pds| TPDS Naubatpur
[2025-02-06 23:33:09] User -> Warehouse Added -> admin@pds| TPDS Paliganj
[2025-02-06 23:33:09] User -> Warehouse Added -> admin@pds| TPDS Pandarak
[2025-02-06 23:33:09] User -> Warehouse Added -> admin@pds| TPDS Phulwarisharif
[2025-02-06 23:33:09] User -> Warehouse Added -> admin@pds| TPDS Punpun
[2025-02-06 23:33:09] User -> Warehouse Added -> admin@pds| TPDS Adapur
[2025-02-06 23:33:09] User -> Warehouse Added -> admin@pds| TPDS Areraj
[2025-02-06 23:33:09] User -> Warehouse Added -> admin@pds| TPDS Banjaria
[2025-02-06 23:33:09] User -> Warehouse Added -> admin@pds| TPDS Chakiya
[2025-02-06 23:33:09] User -> Warehouse Added -> admin@pds| TPDS Chhauradano
[2025-02-06 23:33:09] User -> Warehouse Added -> admin@pds| TPDS Dhaka
[2025-02-06 23:33:09] User -> Warehouse Added -> admin@pds| TPDS Dhaka-1
[2025-02-06 23:33:09] User -> Warehouse Added -> admin@pds| TPDS Ghorasahan
[2025-02-06 23:33:09] User -> Warehouse Added -> admin@pds| TPDS Ghorashan-1
[2025-02-06 23:33:09] User -> Warehouse Added -> admin@pds| TPDS Harsidhi
[2025-02-06 23:33:09] User -> Warehouse Added -> admin@pds| TPDS Kalayanpur
[2025-02-06 23:33:09] User -> Warehouse Added -> admin@pds| TPDS Keshariya
[2025-02-06 23:33:09] User -> Warehouse Added -> admin@pds| TPDS Kotwa
[2025-02-06 23:33:09] User -> Warehouse Added -> admin@pds| TPDS Madhooban
[2025-02-06 23:33:10] User -> Warehouse Added -> admin@pds| TPDS Madhuban-1
[2025-02-06 23:33:10] User -> Warehouse Added -> admin@pds| TPDS Mehasi
[2025-02-06 23:33:10] User -> Warehouse Added -> admin@pds| TPDS Motihari
[2025-02-06 23:33:10] User -> Warehouse Added -> admin@pds| TPDS Paharpur
[2025-02-06 23:33:10] User -> Warehouse Added -> admin@pds| TPDS Pakaridyal
[2025-02-06 23:33:10] User -> Warehouse Added -> admin@pds| TPDS Patahi
[2025-02-06 23:33:10] User -> Warehouse Added -> admin@pds| TPDS Ramgadhwa
[2025-02-06 23:33:10] User -> Warehouse Added -> admin@pds| TPDS Raxaul
[2025-02-06 23:33:10] User -> Warehouse Added -> admin@pds| TPDS Sugauli
[2025-02-06 23:33:10] User -> Warehouse Added -> admin@pds| TPDS Turkauliya
[2025-02-06 23:33:10] User -> Warehouse Added -> admin@pds| TPDS Amour
[2025-02-06 23:33:10] User -> Warehouse Added -> admin@pds| TPDS Baisa
[2025-02-06 23:33:10] User -> Warehouse Added -> admin@pds| TPDS Baisee
[2025-02-06 23:33:10] User -> Warehouse Added -> admin@pds| TPDS Banmankhi
[2025-02-06 23:33:10] User -> Warehouse Added -> admin@pds| TPDS Barhara Kothi
[2025-02-06 23:33:10] User -> Warehouse Added -> admin@pds| TPDS Bhawanipur
[2025-02-06 23:33:10] User -> Warehouse Added -> admin@pds| TPDS Dagarua
[2025-02-06 23:33:10] User -> Warehouse Added -> admin@pds| TPDS Dhamdha
[2025-02-06 23:33:10] User -> Warehouse Added -> admin@pds| TPDS Gulabbagh-01
[2025-02-06 23:33:11] User -> Warehouse Added -> admin@pds| TPDS Jalalgarh
[2025-02-06 23:33:11] User -> Warehouse Added -> admin@pds| TPDS Kasba
[2025-02-06 23:33:11] User -> Warehouse Added -> admin@pds| TPDS Kritya Nand Nagar
[2025-02-06 23:33:11] User -> Warehouse Added -> admin@pds| TPDS Rupauli
[2025-02-06 23:33:11] User -> Warehouse Added -> admin@pds| TPDS Akorhi Gola
[2025-02-06 23:33:11] User -> Warehouse Added -> admin@pds| TPDS Bikramganj
[2025-02-06 23:33:11] User -> Warehouse Added -> admin@pds| TPDS Chenari
[2025-02-06 23:33:11] User -> Warehouse Added -> admin@pds| TPDS Dawath (New Tpds Godown)
[2025-02-06 23:33:11] User -> Warehouse Added -> admin@pds| TPDS Dehri
[2025-02-06 23:33:11] User -> Warehouse Added -> admin@pds| TPDS Dinara
[2025-02-06 23:33:11] User -> Warehouse Added -> admin@pds| TPDS Karakat
[2025-02-06 23:33:11] User -> Warehouse Added -> admin@pds| TPDS Kargahar
[2025-02-06 23:33:11] User -> Warehouse Added -> admin@pds| TPDS Nasriganj
[2025-02-06 23:33:12] User -> Warehouse Added -> admin@pds| TPDS Nauhata
[2025-02-06 23:33:12] User -> Warehouse Added -> admin@pds| TPDS Nokha
[2025-02-06 23:33:12] User -> Warehouse Added -> admin@pds| TPDS Raj pur
[2025-02-06 23:33:12] User -> Warehouse Added -> admin@pds| TPDS Rohtas
[2025-02-06 23:33:12] User -> Warehouse Added -> admin@pds| TPDS Sanjhauli
[2025-02-06 23:33:12] User -> Warehouse Added -> admin@pds| TPDS Sasaram
[2025-02-06 23:33:12] User -> Warehouse Added -> admin@pds| TPDS Sheosagar
[2025-02-06 23:33:12] User -> Warehouse Added -> admin@pds| TPDS Tilouthu
[2025-02-06 23:33:13] User -> Warehouse Added -> admin@pds| TPDS Kahra
[2025-02-06 23:33:13] User -> Warehouse Added -> admin@pds| TPDS Mahishi
[2025-02-06 23:33:13] User -> Warehouse Added -> admin@pds| TPDS Nauhatta
[2025-02-06 23:33:13] User -> Warehouse Added -> admin@pds| TPDS Patarghat
[2025-02-06 23:33:13] User -> Warehouse Added -> admin@pds| TPDS Sattarkatiya
[2025-02-06 23:33:13] User -> Warehouse Added -> admin@pds| TPDS Shalkhua
[2025-02-06 23:33:13] User -> Warehouse Added -> admin@pds| TPDS Simri Bakhtiyarpur
[2025-02-06 23:33:13] User -> Warehouse Added -> admin@pds| TPDS Sonbarsa
[2025-02-06 23:33:14] User -> Warehouse Added -> admin@pds| TPDS Sourbazar
[2025-02-06 23:33:14] User -> Warehouse Added -> admin@pds| TPDS Bibhutipur
[2025-02-06 23:33:14] User -> Warehouse Added -> admin@pds| TPDS Dalsinghsarai
[2025-02-06 23:33:14] User -> Warehouse Added -> admin@pds| TPDS Hasanpur
[2025-02-06 23:33:14] User -> Warehouse Added -> admin@pds| TPDS Kalyanpur
[2025-02-06 23:33:14] User -> Warehouse Added -> admin@pds| TPDS Khanpur
[2025-02-06 23:33:14] User -> Warehouse Added -> admin@pds| TPDS Mohadinagar
[2025-02-06 23:33:14] User -> Warehouse Added -> admin@pds| TPDS Morwa
[2025-02-06 23:33:15] User -> Warehouse Added -> admin@pds| TPDS Patory
[2025-02-06 23:33:15] User -> Warehouse Added -> admin@pds| TPDS Pusa
[2025-02-06 23:33:15] User -> Warehouse Added -> admin@pds| TPDS Rosera
[2025-02-06 23:33:15] User -> Warehouse Added -> admin@pds| TPDS Samastipur
[2025-02-06 23:33:15] User -> Warehouse Added -> admin@pds| TPDS Sarairanjan
[2025-02-06 23:33:16] User -> Warehouse Added -> admin@pds| TPDS Shivajee Nagar
[2025-02-06 23:33:16] User -> Warehouse Added -> admin@pds| TPDS Singhiya
[2025-02-06 23:33:17] User -> Warehouse Added -> admin@pds| TPDS Tajpur
[2025-02-06 23:33:17] User -> Warehouse Added -> admin@pds| TPDS Ujairpur
[2025-02-06 23:33:17] User -> Warehouse Added -> admin@pds| TPDS Vidyapatinagar
[2025-02-06 23:33:18] User -> Warehouse Added -> admin@pds| TPDS Warisnagar
[2025-02-06 23:33:18] User -> Warehouse Added -> admin@pds| TPDS Amnour
[2025-02-06 23:33:19] User -> Warehouse Added -> admin@pds| TPDS Baniyapur
[2025-02-06 23:33:19] User -> Warehouse Added -> admin@pds| TPDS Chapra
[2025-02-06 23:33:20] User -> Warehouse Added -> admin@pds| TPDS Dariyapur
[2025-02-06 23:33:20] User -> Warehouse Added -> admin@pds| TPDS Dighwara
[2025-02-06 23:33:20] User -> Warehouse Added -> admin@pds| TPDS Ekma
[2025-02-06 23:33:20] User -> Warehouse Added -> admin@pds| TPDS Garkha
[2025-02-06 23:33:20] User -> Warehouse Added -> admin@pds| TPDS Ishuapur
[2025-02-06 23:33:20] User -> Warehouse Added -> admin@pds| TPDS Jalalpur
[2025-02-06 23:33:21] User -> Warehouse Added -> admin@pds| TPDS Manjhi
[2025-02-06 23:33:21] User -> Warehouse Added -> admin@pds| TPDS Marhaurah
[2025-02-06 23:33:21] User -> Warehouse Added -> admin@pds| TPDS Mashrakh
[2025-02-06 23:33:21] User -> Warehouse Added -> admin@pds| TPDS Nagra
[2025-02-06 23:33:21] User -> Warehouse Added -> admin@pds| TPDS Panapur
[2025-02-06 23:33:21] User -> Warehouse Added -> admin@pds| TPDS Parsa
[2025-02-06 23:33:21] User -> Warehouse Added -> admin@pds| TPDS Sonepur
[2025-02-06 23:33:21] User -> Warehouse Added -> admin@pds| TPDS Taraiya
[2025-02-06 23:33:22] User -> Warehouse Added -> admin@pds| TPDS Ariyari
[2025-02-06 23:33:22] User -> Warehouse Added -> admin@pds| TPDS Barbigha
[2025-02-06 23:33:22] User -> Warehouse Added -> admin@pds| TPDS Sheikhpura 1(Police Line)
[2025-02-06 23:33:22] User -> Warehouse Added -> admin@pds| TPDS Sheikhpura 2(Dalu More)
[2025-02-06 23:33:22] User -> Warehouse Added -> admin@pds| TPDS Piprahi
[2025-02-06 23:33:22] User -> Warehouse Added -> admin@pds| TPDS Sheohar
[2025-02-06 23:33:22] User -> Warehouse Added -> admin@pds| TPDS Tariani Chowk
[2025-02-06 23:33:22] User -> Warehouse Added -> admin@pds| TPDS Dumri Katsari
[2025-02-06 23:33:22] User -> Warehouse Added -> admin@pds| TPDS Bairgania
[2025-02-06 23:33:22] User -> Warehouse Added -> admin@pds| TPDS Bajpatti
[2025-02-06 23:33:22] User -> Warehouse Added -> admin@pds| TPDS Bathnaha
[2025-02-06 23:33:22] User -> Warehouse Added -> admin@pds| TPDS Belsand
[2025-02-06 23:33:22] User -> Warehouse Added -> admin@pds| TPDS Dumra
[2025-02-06 23:33:22] User -> Warehouse Added -> admin@pds| TPDS Majorganj
[2025-02-06 23:33:22] User -> Warehouse Added -> admin@pds| TPDS Nanpur
[2025-02-06 23:33:22] User -> Warehouse Added -> admin@pds| TPDS Parihar
[2025-02-06 23:33:22] User -> Warehouse Added -> admin@pds| TPDS Pupri
[2025-02-06 23:33:22] User -> Warehouse Added -> admin@pds| TPDS Riga
[2025-02-06 23:33:22] User -> Warehouse Added -> admin@pds| TPDS Runnisaidpur
[2025-02-06 23:33:22] User -> Warehouse Added -> admin@pds| TPDS Son barsa
[2025-02-06 23:33:23] User -> Warehouse Added -> admin@pds| TPDS Sursand
[2025-02-06 23:33:23] User -> Warehouse Added -> admin@pds| TPDS Andar
[2025-02-06 23:33:23] User -> Warehouse Added -> admin@pds| TPDS Barharia
[2025-02-06 23:33:23] User -> Warehouse Added -> admin@pds| TPDS Basant pur
[2025-02-06 23:33:23] User -> Warehouse Added -> admin@pds| TPDS Bhagwanpur Hatt
[2025-02-06 23:33:23] User -> Warehouse Added -> admin@pds| TPDS Daraundha
[2025-02-06 23:33:23] User -> Warehouse Added -> admin@pds| TPDS Goriakothi
[2025-02-06 23:33:23] User -> Warehouse Added -> admin@pds| TPDS Guthani
[2025-02-06 23:33:23] User -> Warehouse Added -> admin@pds| TPDS Hussainganj
[2025-02-06 23:33:23] User -> Warehouse Added -> admin@pds| TPDS Maharajganj
[2025-02-06 23:33:23] User -> Warehouse Added -> admin@pds| TPDS Mairwa
[2025-02-06 23:33:23] User -> Warehouse Added -> admin@pds| TPDS Siwan\n(Mithamill Godown)
[2025-02-06 23:33:23] User -> Warehouse Added -> admin@pds| TPDS Pachrukhi
[2025-02-06 23:33:23] User -> Warehouse Added -> admin@pds| TPDS Raghunathpur
[2025-02-06 23:33:23] User -> Warehouse Added -> admin@pds| TPDS Siswan
[2025-02-06 23:33:23] User -> Warehouse Added -> admin@pds| TPDS Basantpur
[2025-02-06 23:33:23] User -> Warehouse Added -> admin@pds| TPDS Chhatapur
[2025-02-06 23:33:23] User -> Warehouse Added -> admin@pds| TPDS Kishanpur
[2025-02-06 23:33:23] User -> Warehouse Added -> admin@pds| TPDS Nirmali
[2025-02-06 23:33:23] User -> Warehouse Added -> admin@pds| TPDS Pipra
[2025-02-06 23:33:23] User -> Warehouse Added -> admin@pds| TPDS Raghopur
[2025-02-06 23:33:24] User -> Warehouse Added -> admin@pds| TPDS Supaul
[2025-02-06 23:33:24] User -> Warehouse Added -> admin@pds| TPDS Triveniganj
[2025-02-06 23:33:24] User -> Warehouse Added -> admin@pds| TPDS Bidupur
[2025-02-06 23:33:24] User -> Warehouse Added -> admin@pds| TPDS Goraul
[2025-02-06 23:33:24] User -> Warehouse Added -> admin@pds| TPDS Hajipur
[2025-02-06 23:33:24] User -> Warehouse Added -> admin@pds| TPDS Jandaha
[2025-02-06 23:33:24] User -> Warehouse Added -> admin@pds| TPDS Lalganj
[2025-02-06 23:33:24] User -> Warehouse Added -> admin@pds| TPDS Mahnar
[2025-02-06 23:33:24] User -> Warehouse Added -> admin@pds| TPDS Mahua
[2025-02-06 23:33:24] User -> Warehouse Added -> admin@pds| TPDS Patepur
[2025-02-06 23:33:24] User -> Warehouse Added -> admin@pds| TPDS Paterhi Belsar
[2025-02-06 23:33:24] User -> Warehouse Added -> admin@pds| TPDS Raja Pakar
[2025-02-06 23:33:24] User -> Warehouse Added -> admin@pds| TPDS Sahdai Buzurg
[2025-02-06 23:33:24] User -> Warehouse Added -> admin@pds| TPDS Vaishali
[2025-02-06 23:33:24] User -> Warehouse Added -> admin@pds| abc
[2025-02-06 23:33:24] User -> Warehouse Added -> admin@pds| abc
[2025-02-06 23:33:24] User -> Warehouse Added -> admin@pds| abc
[2025-02-06 23:33:24] User -> Warehouse Added -> admin@pds| abc
[2025-02-06 23:33:24] User -> Warehouse Added -> admin@pds| abc
[2025-02-06 23:33:24] User -> Warehouse Added -> admin@pds| abc
[2025-02-06 23:33:24] User -> Warehouse Added -> admin@pds| abc
[2025-02-06 23:33:24] User -> Warehouse Added -> admin@pds| abc
[2025-02-06 23:33:25] User -> Warehouse Added -> admin@pds| abc
[2025-02-06 23:33:25] User -> Warehouse Added -> admin@pds| abc
[2025-02-06 23:33:25] User -> Warehouse Added -> admin@pds| abc
[2025-02-06 23:33:25] User -> Warehouse Added -> admin@pds| abc
[2025-02-06 23:33:25] User -> Warehouse Added -> admin@pds| abc
[2025-02-06 23:33:25] User -> Warehouse Added -> admin@pds| abc
[2025-02-06 23:33:25] User -> Warehouse Added -> admin@pds| abc
[2025-02-06 23:33:25] User -> Warehouse Added -> admin@pds| abc
[2025-02-06 23:33:25] User -> Warehouse Added -> admin@pds| abc
[2025-02-06 23:33:25] User -> Warehouse Added -> admin@pds| abc
[2025-02-06 23:33:25] User -> Warehouse Added -> admin@pds| abc
[2025-02-06 23:33:25] User -> Warehouse Added -> admin@pds| abc
[2025-02-06 23:33:25] User -> Warehouse Added -> admin@pds| abc
[2025-02-06 23:33:25] User -> Warehouse Added -> admin@pds| abc
[2025-02-06 23:33:25] User -> Warehouse Added -> admin@pds| abc
[2025-02-06 23:33:25] User -> Warehouse Added -> admin@pds| abc
[2025-02-06 23:33:25] User -> Warehouse Added -> admin@pds| abc
[2025-02-06 23:33:25] User -> Warehouse Added -> admin@pds| abc
[2025-02-06 23:33:26] User -> Warehouse Added -> admin@pds| abc
[2025-02-06 23:33:26] User -> Warehouse Added -> admin@pds| abc
[2025-02-06 23:33:26] User -> Warehouse Added -> admin@pds| abc
[2025-02-06 23:33:26] User -> Warehouse Added -> admin@pds| abc
[2025-02-06 23:33:26] User -> Warehouse Added -> admin@pds| abc
[2025-02-06 23:33:26] User -> Warehouse Added -> admin@pds| abc
[2025-02-06 23:33:26] User -> Warehouse Added -> admin@pds| abc
[2025-02-06 23:33:26] User -> Warehouse Added -> admin@pds| abc
[2025-02-06 23:33:26] User -> Warehouse Added -> admin@pds| abc
[2025-02-06 23:33:26] User -> Warehouse Added -> admin@pds| abc
[2025-02-06 23:33:26] User -> Warehouse Added -> admin@pds| abc
[2025-02-06 23:33:26] User -> Warehouse Added -> admin@pds| abc
[2025-02-06 23:33:26] User -> Warehouse Added -> admin@pds| abc
[2025-02-06 23:33:26] User -> Warehouse Added -> admin@pds| abc
[2025-02-06 23:33:26] User -> Warehouse Added -> admin@pds| abc
[2025-02-06 23:33:26] User -> Warehouse Added -> admin@pds| abc
[2025-02-06 23:33:26] User -> Warehouse Added -> admin@pds| abc
[2025-02-06 23:33:26] User -> Warehouse Added -> admin@pds| abc
[2025-02-06 23:33:26] User -> Warehouse Added -> admin@pds| abc
[2025-02-06 23:33:26] User -> Warehouse Added -> admin@pds| abc
[2025-02-06 23:33:26] User -> Warehouse Added -> admin@pds| abc
[2025-02-06 23:33:26] User -> Warehouse Added -> admin@pds| abc
[2025-02-06 23:33:27] User -> Warehouse Added -> admin@pds| abc
[2025-02-06 23:33:27] User -> Warehouse Added -> admin@pds| abc
[2025-02-06 23:33:27] User -> Warehouse Added -> admin@pds| abc
[2025-02-06 23:33:27] User -> Warehouse Added -> admin@pds| abc
[2025-02-06 23:33:27] User -> Warehouse Added -> admin@pds| abc
[2025-02-06 23:33:27] User -> Warehouse Added -> admin@pds| abc
[2025-02-06 23:33:27] User -> Warehouse Added -> admin@pds| abc
[2025-02-06 23:33:27] User -> Warehouse Added -> admin@pds| abc
[2025-02-06 23:33:27] User -> Warehouse Added -> admin@pds| abc
[2025-02-06 23:33:27] User -> Warehouse Added -> admin@pds| abc
[2025-02-06 23:33:27] User -> Warehouse Added -> admin@pds| abc
[2025-02-06 23:33:27] User -> Warehouse Added -> admin@pds| abc
[2025-02-06 23:33:27] User -> Warehouse Added -> admin@pds| abc
[2025-02-06 23:33:27] User -> Warehouse Added -> admin@pds| abc
[2025-02-06 23:33:27] User -> Warehouse Added -> admin@pds| abc
[2025-02-06 23:33:27] User -> Warehouse Added -> admin@pds| abc
[2025-02-06 23:33:27] User -> Warehouse Added -> admin@pds| abc
[2025-02-06 23:33:27] User -> Warehouse Added -> admin@pds| abc
[2025-02-06 23:33:27] User -> Warehouse Added -> admin@pds| abc
[2025-02-06 23:33:27] User -> Warehouse Added -> admin@pds| abc
[2025-02-06 23:33:27] User -> Warehouse Added -> admin@pds| abc
[2025-02-06 23:33:27] User -> Warehouse Added -> admin@pds| abc
[2025-02-06 23:33:27] User -> Warehouse Added -> admin@pds| abc
[2025-02-06 23:33:27] User -> Warehouse Added -> admin@pds| abc
[2025-02-06 23:33:27] User -> Warehouse Added -> admin@pds| abc
[2025-02-06 23:33:39] User -> Warehouse InActive -> admin@pds| TPDS Araria 01
[2025-02-06 23:33:42] User -> Warehouse Active -> admin@pds| TPDS Araria 01
