[2025-02-14 12:56:40] User -> DCP deleted -> admin@pds| Requested JSON -> {"uid":"all"} | all
[2025-02-14 13:00:52] User -> DCP Added -> admin@pds| Godown No   6  Nigam Godown  Bazar Samiti Parisar  Araria
[2025-02-14 13:00:52] User -> DCP Added -> admin@pds| Godown No 01 Nigam Godown Bazar Samiti Araria
[2025-02-14 13:00:52] User -> DCP Added -> admin@pds| Godown No 10 Nigam Godown TPDS
[2025-02-14 13:00:52] User -> DCP Added -> admin@pds| Godown No 11 Bazar Samiti Araria
[2025-02-14 13:00:52] User -> DCP Added -> admin@pds| Godown No 02 Nigam Godown Bazar Samiti Forbesganj
[2025-02-14 13:00:52] User -> DCP Added -> admin@pds| Godown No 03 Nigam Godown Bazar Samiti Forbesganj
[2025-02-14 13:00:52] User -> DCP Added -> admin@pds| Godown No 04 Nigam Godown Bazar Samiti Forbesganj
[2025-02-14 13:00:52] User -> DCP Added -> admin@pds| Godown No 05 Nigam Godown Bazar Samiti Forbesganj
[2025-02-14 13:00:52] User -> DCP Added -> admin@pds| Godown no  08 BSWC  Bazar Samiti (16B)Farbisganj Araria
[2025-02-14 13:00:52] User -> DCP Added -> admin@pds| Godown No  09 BSWC  Bazar Samiti (16C)Farbisganj Araria
[2025-02-14 13:00:52] User -> DCP Added -> admin@pds| Godown No 14 Nigam Godown  Prakhand Parishar Forbesganj
[2025-02-14 13:00:52] User -> DCP Added -> admin@pds| Godown No  01  Nigam Godown   Pipra Bangla
[2025-02-14 13:00:52] User -> DCP Added -> admin@pds| Godown No  12  Nigam Godown   Pipra Bangla
[2025-02-14 13:00:52] User -> DCP Added -> admin@pds| Godown No  02  Nigam Godown   Balidaad
[2025-02-14 13:00:52] User -> DCP Added -> admin@pds| Godown No  03  Nigam Godown   Balidaad
[2025-02-14 13:00:52] User -> DCP Added -> admin@pds| Godown No  04  Nigam Godown   Balidaad
[2025-02-14 13:00:52] User -> DCP Added -> admin@pds| Godown No  05  Nigam Godown   Balidaad
[2025-02-14 13:00:52] User -> DCP Added -> admin@pds| Godown No  06  Nigam Godown   Balidaad
[2025-02-14 13:00:52] User -> DCP Added -> admin@pds| Godown No  07  Nigam Godown   Bajitpur
[2025-02-14 13:00:52] User -> DCP Added -> admin@pds| Godown No  08  Nigam Godown   Bajitpur
[2025-02-14 13:00:52] User -> DCP Added -> admin@pds| Godown No  09  Nigam Godown   Bajitpur
[2025-02-14 13:00:52] User -> DCP Added -> admin@pds| Godown No  10  Nigam Godown   Karpi
[2025-02-14 13:00:52] User -> DCP Added -> admin@pds| Godown No  11  Nigam Godown  Karpi
[2025-02-14 13:00:52] User -> DCP Added -> admin@pds| Godown No  05  Biscoman Godown   Forum Godown  Biscoman  Aurangabad
[2025-02-14 13:00:52] User -> DCP Added -> admin@pds| Godown No  08  Nigam Godown   Barun Barka Nahar Ke Paas
[2025-02-14 13:00:52] User -> DCP Added -> admin@pds| Godown No  01  Nigam Godown Bazar Samiti Daudnagar
[2025-02-14 13:00:52] User -> DCP Added -> admin@pds| Godown No  02  Nigam Godown Bazar Samiti Daudnagar
[2025-02-14 13:00:52] User -> DCP Added -> admin@pds| Godown No  03  Nigam Godown Bazar Samiti Daudnagar
[2025-02-14 13:00:52] User -> DCP Added -> admin@pds| Godown No  04  Nigam Godown Bazar Samiti  Daudnagar
[2025-02-14 13:00:52] User -> DCP Added -> admin@pds| Godown No  09  Nigam Godown Block Parisar Haspura
[2025-02-14 13:00:52] User -> DCP Added -> admin@pds| Godown No  06  Nigam Godown  Block Parisar  Kutmba
[2025-02-14 13:00:52] User -> DCP Added -> admin@pds| Godown No  07  Nigam Godown  Block Parisar  Kutmba
[2025-02-14 13:00:52] User -> DCP Added -> admin@pds| Godown No 19 Prakhand Parisar  Kutumbha
[2025-02-14 13:00:52] User -> DCP Added -> admin@pds| Godown No 13   Nigam Godown Block parishar  Navinagar Aurangabad
[2025-02-14 13:00:52] User -> DCP Added -> admin@pds| Godown No 14 1B SWC Godown Takiya
[2025-02-14 13:00:52] User -> DCP Added -> admin@pds| Godown No 15 1C SWC Godown Takiya
[2025-02-14 13:00:52] User -> DCP Added -> admin@pds| Godown No 16 1D SWC Godown Takiya
[2025-02-14 13:00:52] User -> DCP Added -> admin@pds| Godown No 17 1E SWC Godown Takiya
[2025-02-14 13:00:52] User -> DCP Added -> admin@pds| Godown No 18 1L SWC Godown Takiya
[2025-02-14 13:00:52] User -> DCP Added -> admin@pds| Godown No  03   Nigam Godown  Nawagarh   Pokhar
[2025-02-14 13:00:52] User -> DCP Added -> admin@pds| Godown No  01  Raghvendra Singh Ka Godown  Aliganj Godown
[2025-02-14 13:00:52] User -> DCP Added -> admin@pds| Godown No  05  Jay Prakash Chaudhay Ka Godown  Mohanpur  Barahat
[2025-02-14 13:00:52] User -> DCP Added -> admin@pds| Godown No 04  Bharat Lal Chaudhary ka Godown  Barhat
[2025-02-14 13:00:52] User -> DCP Added -> admin@pds| SHREE SITARAM CHAUDHARY KA NIGI GODOWN GODOWN NO  7
[2025-02-14 13:00:52] User -> DCP Added -> admin@pds| Godown No 9  Nigam Godown Chandan
[2025-02-14 13:00:52] User -> DCP Added -> admin@pds| Godown No  06  Nigam Godown  Ktoriya
[2025-02-14 13:00:52] User -> DCP Added -> admin@pds| Godown No  01  Bazar Samiti Parisar Begusarai
[2025-02-14 13:00:52] User -> DCP Added -> admin@pds| Godown No  02  Bazar Samiti Parisar Begusarai
[2025-02-14 13:00:52] User -> DCP Added -> admin@pds| Godown No  01 Nigam Godown   Bagbari  Bazar Parisar
[2025-02-14 13:00:52] User -> DCP Added -> admin@pds| Godown No  02 Nigam Godown   Bagbari  Bazar Parisar
[2025-02-14 13:00:52] User -> DCP Added -> admin@pds| Godown No  03 Nigam Godown   Bagbari  Bazar Parisar
[2025-02-14 13:00:52] User -> DCP Added -> admin@pds| Godown No 10 Nigam Godown Bagbari Bazar Samiti Bhagalpur
[2025-02-14 13:00:52] User -> DCP Added -> admin@pds| Godown No  04 Nigam Godown   Pirpanti Block Parisar  
[2025-02-14 13:00:52] User -> DCP Added -> admin@pds| Godown No  05 Nigam Godown   Saadi  Simanpur Panchayat Pirpanti 
[2025-02-14 13:00:52] User -> DCP Added -> admin@pds| Godown No  06  Nigam Godown   Raushanpur  Pacs Godown
[2025-02-14 13:00:52] User -> DCP Added -> admin@pds| Godown No  09   Sarkari Godown  Block Parisar  Sanhaula
[2025-02-14 13:00:52] User -> DCP Added -> admin@pds| Godown No  08   Pacs Godown  Naya Gao Sultanganj
[2025-02-14 13:00:52] User -> DCP Added -> admin@pds| Godown No  01  Nigam Godown   Bazar Samiti   Arah
[2025-02-14 13:00:52] User -> DCP Added -> admin@pds| Godown No  02  Nigam Godown   Bazar Samiti   Arah
[2025-02-14 13:00:52] User -> DCP Added -> admin@pds| Godown No  03  Nigam Godown   Bazar Samiti   Arah
[2025-02-14 13:00:52] User -> DCP Added -> admin@pds| Godown No  04  Nigam Godown   Bazar Samiti   Arah
[2025-02-14 13:00:52] User -> DCP Added -> admin@pds| Godown No  05 Nigam Godown  Bazaar Samiti Arah
[2025-02-14 13:00:52] User -> DCP Added -> admin@pds| Godown No  06  Swc Godown   Bazar Samiti Arah
[2025-02-14 13:00:52] User -> DCP Added -> admin@pds| Godown No  07  Swc Godown   Bazar Samiti Arah
[2025-02-14 13:00:52] User -> DCP Added -> admin@pds| Godown No 12 BSWC Ka Purana Godown Parisar
[2025-02-14 13:00:52] User -> DCP Added -> admin@pds| Godown No 13 BSWC Ka Purana Godown Parisar
[2025-02-14 13:00:52] User -> DCP Added -> admin@pds| Godown No  14  Nigam Godown  Koilwar  Prakhand Parisar Koilwar
[2025-02-14 13:00:52] User -> DCP Added -> admin@pds| Godown No  11  Sahar Block Parisar
[2025-02-14 13:00:52] User -> DCP Added -> admin@pds| Godown No  08  Block Parisar Shahpur
[2025-02-14 13:00:52] User -> DCP Added -> admin@pds| Godown No  09  Tarari Block Parisar
[2025-02-14 13:00:52] User -> DCP Added -> admin@pds| Godown No  01  Nigam Godown   Bazar Samiti   Buxar
[2025-02-14 13:00:52] User -> DCP Added -> admin@pds| Godown No  02  Nigam Godown   Bazar Samiti   Buxar
[2025-02-14 13:00:52] User -> DCP Added -> admin@pds| Godown No  03  Nigam Godown   Bazar Samiti   Buxar
[2025-02-14 13:00:52] User -> DCP Added -> admin@pds| Godown No  04  Nigam Godown   Bazar Samiti   Buxar
[2025-02-14 13:00:52] User -> DCP Added -> admin@pds| Godown No  07  Nigam Godown   Bazar Samiti   Buxar
[2025-02-14 13:00:52] User -> DCP Added -> admin@pds| Godown No  08  Nigam Godown   Bazar Samiti   Buxar
[2025-02-14 13:00:52] User -> DCP Added -> admin@pds| Godown No  05  Nigam Godown   Block Parisar Bahadurpur
[2025-02-14 13:00:52] User -> DCP Added -> admin@pds| Godown No  10  Nigam Godown   Hawidih   Behri
[2025-02-14 13:00:52] User -> DCP Added -> admin@pds| Godown No 15 Bitholi Pacs Godown Bahedi
[2025-02-14 13:00:52] User -> DCP Added -> admin@pds| Godown No  22 Sri Shyam Yadav Jariso Pacs Godown  Benipur
[2025-02-14 13:00:52] User -> DCP Added -> admin@pds| Godown No  12 Nigam Godown   Block Parisar  Viraul
[2025-02-14 13:00:52] User -> DCP Added -> admin@pds| Godown No  01  Nigam Godown   Shivdhara Bazar Samiti
[2025-02-14 13:00:52] User -> DCP Added -> admin@pds| Godown No  13  Nigam Godown   Block   Parisar  Ghanshyampur
[2025-02-14 13:00:52] User -> DCP Added -> admin@pds| Godown No  07  Nigam Godown   Hayaghat
[2025-02-14 13:00:52] User -> DCP Added -> admin@pds| Godown No  21 Sri Tapeshwar Thakur Ka Niji Godown Vishanpur(Mirjapur)
[2025-02-14 13:00:52] User -> DCP Added -> admin@pds| Godown No 20 Shri Mti Kiran Devi Ka Godown  Devipur Near Ashok Paper Mill
[2025-02-14 13:00:52] User -> DCP Added -> admin@pds| Godown No  06  Nigam Godown block campus  Keoti
[2025-02-14 13:00:52] User -> DCP Added -> admin@pds| Godown No  08  Nigam Godown   Block Parisar  Manigachi
[2025-02-14 13:00:52] User -> DCP Added -> admin@pds| Godown No  03  Nigam Godown   Block Parisar  Singhwada
[2025-02-14 13:00:52] User -> DCP Added -> admin@pds| Godown No  08  Nigam Godown amas parkhand parisar GAYA
[2025-02-14 13:00:52] User -> DCP Added -> admin@pds| Godown No  09  Nigam Godown barachatti parkhand parisar GAYA
[2025-02-14 13:00:52] User -> DCP Added -> admin@pds| Godown No  10  Nigam Godown barachatti parkhand parisar GAYA
[2025-02-14 13:00:52] User -> DCP Added -> admin@pds| Godown No  01  Nigam Godown  Chandauti Bazar Samiti GAYA
[2025-02-14 13:00:52] User -> DCP Added -> admin@pds| Godown No  02  Nigam Godown  Chandauti Bazar Samiti
[2025-02-14 13:00:52] User -> DCP Added -> admin@pds| Godown No  03  Nigam Godown  Chandauti Bazar Samiti GAYA
[2025-02-14 13:00:52] User -> DCP Added -> admin@pds| Godown No  04  Nigam Godown  parkhand parisar chandauti GAYA
[2025-02-14 13:00:52] User -> DCP Added -> admin@pds| Godown No  05  Nigam Godown  Chandauti Bazar Samiti GAYA
[2025-02-14 13:00:52] User -> DCP Added -> admin@pds| Godown No  31  Nigam Godown   Bazar Samiti Chandauti
[2025-02-14 13:00:52] User -> DCP Added -> admin@pds| Godown No 21 FCI Parisar  Gaya
[2025-02-14 13:00:52] User -> DCP Added -> admin@pds| Godown No 22 FCI Parisar  Gaya
[2025-02-14 13:00:52] User -> DCP Added -> admin@pds| Godown No 23 FCI Parisar  Gaya
[2025-02-14 13:00:52] User -> DCP Added -> admin@pds| Godown No 24 FCI Parisar  Gaya
[2025-02-14 13:00:52] User -> DCP Added -> admin@pds| Godown No 25 FCI Parisar  Gaya
[2025-02-14 13:00:52] User -> DCP Added -> admin@pds| Godown No 26 FCI Parisar  Gaya
[2025-02-14 13:00:52] User -> DCP Added -> admin@pds| Godown No 27 FCI Parisar  Gaya
[2025-02-14 13:00:52] User -> DCP Added -> admin@pds| Godown No 32 FCI Godown Katari Hill(Shade No 11 Two Chamber)
[2025-02-14 13:00:52] User -> DCP Added -> admin@pds| Godown No 38 FCI Godown Katari Hill Gaya(Shade No 10)
[2025-02-14 13:00:52] User -> DCP Added -> admin@pds| Godown No 39 FCI Godown Katari Hill Gaya(Shade No 09)
[2025-02-14 13:00:52] User -> DCP Added -> admin@pds| Godown No  11  Nigam Godown gurua parkhand parisar GAYA
[2025-02-14 13:00:52] User -> DCP Added -> admin@pds| Godown No  12  Nigam Godown gurua parkhand parisar GAYA
[2025-02-14 13:00:52] User -> DCP Added -> admin@pds| Godown No  06  Nigam Godown Sherghati Block Parisar GAYA
[2025-02-14 13:00:52] User -> DCP Added -> admin@pds| Godown No  07  Nigam Godown Sherghati Block Parisar GAYA
[2025-02-14 13:00:52] User -> DCP Added -> admin@pds| Godown No  11  Nigam Godown Vijaypur
[2025-02-14 13:00:52] User -> DCP Added -> admin@pds| Godown No  06  Biscoman Godown  Goplaganj Manikpur Road
[2025-02-14 13:00:52] User -> DCP Added -> admin@pds| Godown No 17 PEG Godown  Block A Gopalganj
[2025-02-14 13:00:52] User -> DCP Added -> admin@pds| Godown No 18 PEG Godown  Block B Gopalganj
[2025-02-14 13:00:52] User -> DCP Added -> admin@pds| Godown No 19 PEG Godown  Block C Gopalganj
[2025-02-14 13:00:52] User -> DCP Added -> admin@pds| Godown No  15 Singh Godown Koien Ke Pass
[2025-02-14 13:00:52] User -> DCP Added -> admin@pds| Godown No 14 Singh Godown Koini(CMR)Godown
[2025-02-14 13:00:52] User -> DCP Added -> admin@pds| Godown No  02  Nigam Godown  Manjha Block Parisar
[2025-02-14 13:00:52] User -> DCP Added -> admin@pds| Godown No  03  Singh Godown  Koeni Gao N H
[2025-02-14 13:00:52] User -> DCP Added -> admin@pds| Godown No 13 Singh Godown Koini(CMR)Godown
[2025-02-14 13:00:52] User -> DCP Added -> admin@pds| Godown No  16 Hatuwa Sugar Mill Godown  Mirganj(TPDS Godown)
[2025-02-14 13:00:52] User -> DCP Added -> admin@pds| Godown No  08  Nigam Godown   Panchdevri
[2025-02-14 13:00:52] User -> DCP Added -> admin@pds| Godown No  07  Nigam Godown   Phulwaria
[2025-02-14 13:00:52] User -> DCP Added -> admin@pds| Godown No  01  Nigam Godown  Sidwaliya Block Parisar
[2025-02-14 13:00:52] User -> DCP Added -> admin@pds| Godown No  09  Nigam Godown   Uchka Gao Block Parisar
[2025-02-14 13:00:52] User -> DCP Added -> admin@pds| Godown No  10  Nigam Godown   Uchka Gao Block Parisar
[2025-02-14 13:00:52] User -> DCP Added -> admin@pds| Godown No  06 Shri Santosh kr Singh ka niji godown Mulaypur Block Barhat Jamui 
[2025-02-14 13:00:52] User -> DCP Added -> admin@pds| Godown No 4 Giddaur Vyapar Mandal Ka Godown
[2025-02-14 13:00:52] User -> DCP Added -> admin@pds| Godown No  01 Nigam Godown  Khaira
[2025-02-14 13:00:52] User -> DCP Added -> admin@pds| Godown No  09 Khaira Vyaparmandal Ka Godown Khaira Jamui  Mukhya Marg Se Naudiha Janewali Sadak
[2025-02-14 13:00:52] User -> DCP Added -> admin@pds| Godown No  03 Nigam Godown  Sikandra
[2025-02-14 13:00:52] User -> DCP Added -> admin@pds| Godown No  08 Shri Gagan Kumar  Gaurav Ka Niji Godown Prakhand Sikandra Sikandra jamui Marg
[2025-02-14 13:00:52] User -> DCP Added -> admin@pds| Godown No  09  Nigam Godown Goshi Block Parisar
[2025-02-14 13:00:52] User -> DCP Added -> admin@pds| Godown No  10  Nigam Godown Goshi Block Parisar
[2025-02-14 13:00:52] User -> DCP Added -> admin@pds| Godown No  06  Nigam Godown Hulasganj  Jehanabad
[2025-02-14 13:00:52] User -> DCP Added -> admin@pds| Godown No  01  Swc Godown Bazar Samiti Parisar  Jehanabad
[2025-02-14 13:00:52] User -> DCP Added -> admin@pds| Godown No  02  Nigam Godown  Bazar Samiti Parisar  Jehanabad
[2025-02-14 13:00:52] User -> DCP Added -> admin@pds| Godown No  03  Nigam Godown  Bazar Samiti Parisar  Jehanabad
[2025-02-14 13:00:52] User -> DCP Added -> admin@pds| Godown No  04  Nigam Godown bazaar samiti parisar jehananbad
[2025-02-14 13:00:52] User -> DCP Added -> admin@pds| Godown No  05  Nigam Godown  Treasury Bhawan ke Paas  jehanabad
[2025-02-14 13:00:52] User -> DCP Added -> admin@pds| Godown No 12 Viscoman Godown Bazar Samiti Jahanabad
[2025-02-14 13:00:52] User -> DCP Added -> admin@pds| Godown No 13 Kargil Chouk   Jahanabad
[2025-02-14 13:00:52] User -> DCP Added -> admin@pds| Godown No  11 Nigam Godown  Dharnai Makdumpur
[2025-02-14 13:00:52] User -> DCP Added -> admin@pds| Godown No  07  Nigam Godown Makhdumpur Block Parisar
[2025-02-14 13:00:52] User -> DCP Added -> admin@pds| Godown No  08  Nigam Godown Makhdumpur Block Parisar
[2025-02-14 13:00:52] User -> DCP Added -> admin@pds| Godown No 47 Shri Narad Singh Ka Niji Godown Mokri Bhabhua
[2025-02-14 13:00:52] User -> DCP Added -> admin@pds| Godown No 49 Shri Komal Prashad Singh Ka Niji Godown Sagar Bhabhua
[2025-02-14 13:00:52] User -> DCP Added -> admin@pds| Godown No  11  Nigam Godown   Block Parisar Durgawati
[2025-02-14 13:00:52] User -> DCP Added -> admin@pds| Godown No 34 Sri Mati Julli Sinha Pachaganj Kudra
[2025-02-14 13:00:52] User -> DCP Added -> admin@pds| Godown No  01  Nigam Godown  Bazar samiti parisar Mohania
[2025-02-14 13:00:52] User -> DCP Added -> admin@pds| Godown No  02  Nigam Godown   Bazar samiti parisar  Mohania
[2025-02-14 13:00:52] User -> DCP Added -> admin@pds| Godown No  03  Nigam Godown   Bazar samiti parisar Mohania
[2025-02-14 13:00:52] User -> DCP Added -> admin@pds| Godown No  05  Nigam Godown   Bazar samiti parisar Mohania
[2025-02-14 13:00:52] User -> DCP Added -> admin@pds| Godown No  08  Nigam Godown   Bazar samiti parisar Mohania
[2025-02-14 13:00:52] User -> DCP Added -> admin@pds| Godown No  09  Nigam Godown  Bazar samiti parisar Mohania
[2025-02-14 13:00:52] User -> DCP Added -> admin@pds| Godown No 40 Nigam Godown  Bazar Samiti Mohania
[2025-02-14 13:00:52] User -> DCP Added -> admin@pds| Godown No 41 Nigam Godown  Bazar Samiti Mohania
[2025-02-14 13:00:52] User -> DCP Added -> admin@pds| Godown No 42 Nigam Godown  Bazar Samiti Mohania
[2025-02-14 13:00:52] User -> DCP Added -> admin@pds| Godown No 35 Sheikhsemi Akhtar Hussain Ramgadh Road Araa
[2025-02-14 13:00:52] User -> DCP Added -> admin@pds| Godown No  12  Nigam Godown   Nauhatta
[2025-02-14 13:00:52] User -> DCP Added -> admin@pds| Godown No  21  Nigam Godown  Rampur Prakhand Parisar  Kaimur
[2025-02-14 13:00:52] User -> DCP Added -> admin@pds| Godown No 31 Sri Sandeep Kumar Singh Basini Prakhand Rampur
[2025-02-14 13:00:52] User -> DCP Added -> admin@pds| Godown No  21 Nigam Godown  Bazar Samiti Parisar  Sasaram
[2025-02-14 13:00:52] User -> DCP Added -> admin@pds| Godown No  22 SWC Godown  Bazar Samiti Parisar  Sasaram
[2025-02-14 13:00:52] User -> DCP Added -> admin@pds| Godown No   23 SWC Godown Bazar Samiti Parisar  Sasaram
[2025-02-14 13:00:52] User -> DCP Added -> admin@pds| Godown No   27  SWC Godown  Bazar Samiti Parisar  Sasaram
[2025-02-14 13:00:52] User -> DCP Added -> admin@pds| Godown No  01 Nigam Godown Bazar Samiti Parisar  Tingachia
[2025-02-14 13:00:52] User -> DCP Added -> admin@pds| Godown No 05  Bazar Samiti  Tingachiya  Katihar C  Katihar
[2025-02-14 13:00:52] User -> DCP Added -> admin@pds| Godown No  01 Nigam Godown   Bazar Samiti  Khagaria
[2025-02-14 13:00:52] User -> DCP Added -> admin@pds| Godown No 04 Nav Nirmit Nigam Godown  Sadar Prakhand Khagaria
[2025-02-14 13:00:52] User -> DCP Added -> admin@pds| Godown No  01 Nigam Godown  Bazar Samiti  Kishanganj
[2025-02-14 13:00:52] User -> DCP Added -> admin@pds| Godown No  02 Nigam Godown  Bazar Samiti  Kishanganj
[2025-02-14 13:00:52] User -> DCP Added -> admin@pds| Godown No  03 Nigam Godown  Bazar Samiti  Kishanganj
[2025-02-14 13:00:52] User -> DCP Added -> admin@pds| Godown No  4  Bazar Samiti  Kishanganj
[2025-02-14 13:00:53] User -> DCP Added -> admin@pds| Godown No  5   Bazar Samiti  Kishanganj
[2025-02-14 13:00:53] User -> DCP Added -> admin@pds| Godown No  06 Nigam Godown  Bazar Samiti  Kishanganj
[2025-02-14 13:00:53] User -> DCP Added -> admin@pds| Godown No  05 Nigam Godown   Halshi Block Parisar
[2025-02-14 13:00:53] User -> DCP Added -> admin@pds| Godown No  06 Nigam Godown   Halshi Block Parisar
[2025-02-14 13:00:53] User -> DCP Added -> admin@pds| Godown No  01 Nigam Godown   Bazar Samiti  Lakhisarai 
[2025-02-14 13:00:53] User -> DCP Added -> admin@pds| Godown No  02 Nigam Godown  Bazar Samiti  Lakhisarai 
[2025-02-14 13:00:53] User -> DCP Added -> admin@pds| Godown No  03 Nigam Godown  Bazar Samiti  Lakhisarai 
[2025-02-14 13:00:53] User -> DCP Added -> admin@pds| Godown No  04 Nigam Godown  Bazar Samiti  Lakhisarai 
[2025-02-14 13:00:53] User -> DCP Added -> admin@pds| Godown No  08 Nigam Godown  Bazar Samiti  Lakhisarai 
[2025-02-14 13:00:53] User -> DCP Added -> admin@pds| Godown No  15  Vyaparmandal Godown Alamnagar
[2025-02-14 13:00:53] User -> DCP Added -> admin@pds| Godown No  04 Nigam Godown   Bazar Samiti  Bihariganj
[2025-02-14 13:00:53] User -> DCP Added -> admin@pds| Godown No 18 Bazar Samiti Godown Bihariganj
[2025-02-14 13:00:53] User -> DCP Added -> admin@pds| Godown No 11  Ghosai  Pacs Godown  Chausa  Madhepura
[2025-02-14 13:00:53] User -> DCP Added -> admin@pds| Godown No  06 Ghailad Prakhand parishar Nigam Godown
[2025-02-14 13:00:53] User -> DCP Added -> admin@pds| Godown No  02 Nigam Godown   Block Parisar  GHAMARIYA
[2025-02-14 13:00:53] User -> DCP Added -> admin@pds| Godown No  14  Nigam Godown Gwalpada Prakhand Parishar Gwalpada
[2025-02-14 13:00:53] User -> DCP Added -> admin@pds| Godown No 07 Prakhand Parishar Muraliganj Nigam Godown
[2025-02-14 13:00:53] User -> DCP Added -> admin@pds| Godown No 08 Bazar Samiti Parisar Murliganj
[2025-02-14 13:00:53] User -> DCP Added -> admin@pds| Godown No 13 CMR Godown Bazar Samiti Parisar Murliganj
[2025-02-14 13:00:53] User -> DCP Added -> admin@pds| Godown No  01 Nigam Godown   Bazar Samiti Parisar  Murliganj
[2025-02-14 13:00:53] User -> DCP Added -> admin@pds| Godown No  5 Nigam Godown Bazar Samiti Parishar  Murliganj
[2025-02-14 13:00:53] User -> DCP Added -> admin@pds| Godown No  17 Vyaparmandal Godown Murliganja
[2025-02-14 13:00:53] User -> DCP Added -> admin@pds| Godown No 09 Manpur  Pacs Godown  Sinheshwar  Madhepura
[2025-02-14 13:00:53] User -> DCP Added -> admin@pds| Godown No 10 Sukhasan  Pacs Godown  Sinheshwar  Madhepura
[2025-02-14 13:00:53] User -> DCP Added -> admin@pds| Godown No  16 Pacs Godown Lalpur Singhneswar(Sarropatti)
[2025-02-14 13:00:53] User -> DCP Added -> admin@pds| Godown No  02 Nigam Godown   Basopatti  Block Parisar
[2025-02-14 13:00:53] User -> DCP Added -> admin@pds| Godown No  03 Nigam Godown   Block Headquarter  Ghorgadih
[2025-02-14 13:00:53] User -> DCP Added -> admin@pds| Godown No  04 Nigam Godown   Block Headquarter  Ghorgadih
[2025-02-14 13:00:53] User -> DCP Added -> admin@pds| Godown No  06 Nigam Godown   Block Headquarter  Ghorgadih
[2025-02-14 13:00:53] User -> DCP Added -> admin@pds| Godown No  02 Nigam Godown  Bazar Samiti  Safiasarai  Safiyabad  Munger
[2025-02-14 13:00:53] User -> DCP Added -> admin@pds| Godown No  03 Nigam Godown  Bazar Samiti  Safiasarai  Safiyabad  Munger
[2025-02-14 13:00:53] User -> DCP Added -> admin@pds| Godown No  04 Nigam Godown Bazar Samiti Safiyabad Munger
[2025-02-14 13:00:53] User -> DCP Added -> admin@pds| Godown No 06 Nigam Godown Sadar Prakhand
[2025-02-14 13:00:53] User -> DCP Added -> admin@pds| Godown No 07 Nigam Godown Sadar Prakhand  Munger
[2025-02-14 13:00:53] User -> DCP Added -> admin@pds| Godown No  09  Nigam Godown Motipur(Baruraj)
[2025-02-14 13:00:53] User -> DCP Added -> admin@pds| Godown No  07 shri Harinandan rai ka niji godown Motipur Prakhand
[2025-02-14 13:00:53] User -> DCP Added -> admin@pds| Godown No 03 Nigam Godown Gayghat Block Parishar
[2025-02-14 13:00:53] User -> DCP Added -> admin@pds| Godown No 2 Nigam Godown Gayghat
[2025-02-14 13:00:53] User -> DCP Added -> admin@pds| Godown No  01  Nigam Godown Kanti Block Parisar
[2025-02-14 13:00:53] User -> DCP Added -> admin@pds| Godown No  8 SWC Godown Kanti Block Parisar
[2025-02-14 13:00:53] User -> DCP Added -> admin@pds| Godown No  11  Nigam Godown Kudhani
[2025-02-14 13:00:53] User -> DCP Added -> admin@pds| Godown No  12  Nigam Godown Kudhani
[2025-02-14 13:00:53] User -> DCP Added -> admin@pds| Godown No  10  Nigam Godown Minapur
[2025-02-14 13:00:53] User -> DCP Added -> admin@pds| Godown No 04 SWC Godown Malighat
[2025-02-14 13:00:53] User -> DCP Added -> admin@pds| Godown No 05 SWC Godown Malighat
[2025-02-14 13:00:53] User -> DCP Added -> admin@pds| Godown No 06 SWC Godown Narayanpur
[2025-02-14 13:00:53] User -> DCP Added -> admin@pds| Godown No 07 SWC Godown Narayanpur
[2025-02-14 13:00:53] User -> DCP Added -> admin@pds| Godown No  13  Nigam Godown   Bazar Samiti  Parisar Barh 
[2025-02-14 13:00:53] User -> DCP Added -> admin@pds| Godown No  12  Neera Godown  Bazar Samiti parisar  Biharsharif  Nalanda
[2025-02-14 13:00:53] User -> DCP Added -> admin@pds| Godown No  01 Swc Godown   Bazar Samiti Parisar  Biharsharif
[2025-02-14 13:00:53] User -> DCP Added -> admin@pds| Godown No  02Swc Godown   Bazar Samiti Parisar  Biharsharif
[2025-02-14 13:00:53] User -> DCP Added -> admin@pds| Godown No  03 Swc Godown   Bazar Samiti Parisar  Biharsharif
[2025-02-14 13:00:53] User -> DCP Added -> admin@pds| Godown No  04 Swc Godown   Bazar Samiti Parisar  Biharsharif
[2025-02-14 13:00:53] User -> DCP Added -> admin@pds| Godown No  05  Swc Godown   Bazar Samiti Parisar  Biharsharif
[2025-02-14 13:00:53] User -> DCP Added -> admin@pds| Godown No  06  Nira Godown  Bazar Samiti Parisar  Bihar Sharif
[2025-02-14 13:00:53] User -> DCP Added -> admin@pds| Godown No  14  Bhartiye Khadh Nigam Godown Mokama
[2025-02-14 13:00:53] User -> DCP Added -> admin@pds| Godown No  08  Nigam Godown  Rajgir
[2025-02-14 13:00:53] User -> DCP Added -> admin@pds| Godown No  05  Shri  Sudhusharan Singh Ka Personal Godown  Barev
[2025-02-14 13:00:53] User -> DCP Added -> admin@pds| Godown No  06  Shri  pankaj kumar Ka Personal Godown Kulna Akabarpur
[2025-02-14 13:00:53] User -> DCP Added -> admin@pds| Godown No 07  Shri Samdarshi Prasad Singh ka Nigi Godown  Badhauna  Nawada
[2025-02-14 13:00:53] User -> DCP Added -> admin@pds| Godown No  02  Biscoman Godown   Sobiya
[2025-02-14 13:00:53] User -> DCP Added -> admin@pds| Godown No  03  Biscoman Sobiya
[2025-02-14 13:00:53] User -> DCP Added -> admin@pds| Godown No 01  Bij Nigam Godown  Sobiya
[2025-02-14 13:00:53] User -> DCP Added -> admin@pds| Godown No 8 Shree Mati Veena Devi Ka Niji Godown Nawada
[2025-02-14 13:00:53] User -> DCP Added -> admin@pds| Godown No  04  Shri  Dharmchandr Prasad Ka Personal Godown  Pakribarawa
[2025-02-14 13:00:53] User -> DCP Added -> admin@pds| Godown No 10 Shri Sanjeev Kumar Saxsena Ka Niji Godown Pakribarawa 
[2025-02-14 13:00:53] User -> DCP Added -> admin@pds| Godown No 9 Shri Rajeev Kumar Ka Niji Godown Varsaliganj
[2025-02-14 13:00:53] User -> DCP Added -> admin@pds| Godown No 11  Shri Dharmendra Prashad Singh Ka Niji Godown(Godown No 1)
[2025-02-14 13:00:53] User -> DCP Added -> admin@pds| Godown No 12  Shri Dharmendra Prashad Singh Ka Niji Godown(Godown No 2)
[2025-02-14 13:00:53] User -> DCP Added -> admin@pds| Godown No  03  Nigam Godown  Chanpatia Bazar Samati
[2025-02-14 13:00:53] User -> DCP Added -> admin@pds| Godown No  01  Nigam Godown  Bazar Samiti Bettiah
[2025-02-14 13:00:53] User -> DCP Added -> admin@pds| Godown No  02  Nigam Godown  Bazar Samiti Bettiah
[2025-02-14 13:00:53] User -> DCP Added -> admin@pds| Godown No  04  Nigam Godown  Narkatiyaganj Bazar Samiti
[2025-02-14 13:00:53] User -> DCP Added -> admin@pds| Godown No 07 Nigam Godown Bazar Samiti Naktiyaganj Bettiah
[2025-02-14 13:00:53] User -> DCP Added -> admin@pds| Godown No  08  Nigam Godown   Bazar Samiti   Barh
[2025-02-14 13:00:53] User -> DCP Added -> admin@pds| Godown No  14  Nigam Godown  Barh  Patna
[2025-02-14 13:00:53] User -> DCP Added -> admin@pds| Godown No  01  Nigam Godown   Bazar Samiti   Bihta
[2025-02-14 13:00:53] User -> DCP Added -> admin@pds| Godown No  02  Nigam Godown   Bazar Samiti   Bihta
[2025-02-14 13:00:53] User -> DCP Added -> admin@pds| Godown No  12  Bihar Rajya Bhandaar Nigam  Bihta
[2025-02-14 13:00:53] User -> DCP Added -> admin@pds| Godown No 03  Nigam Godown  Bazar Samiti  Bihta
[2025-02-14 13:00:53] User -> DCP Added -> admin@pds| Godown No 04  Nigam Godown  Bazar Samiti  Bihta
[2025-02-14 13:00:53] User -> DCP Added -> admin@pds| Godown No 11  Bihar Rajya Bhandhar Nigam  Bihta
[2025-02-14 13:00:53] User -> DCP Added -> admin@pds| Godown No 18 Nitin Krishna ka niji Godown veer Oriyara  Dhanarua Patna
[2025-02-14 13:00:53] User -> DCP Added -> admin@pds| Godown No  09  Nigam Godown   Bazar Samiti   Katra
[2025-02-14 13:00:53] User -> DCP Added -> admin@pds| Godown No  10  Nigam Godown   Bazar Samiti   Katra
[2025-02-14 13:00:53] User -> DCP Added -> admin@pds| Godown No 17 Nigam Godown Katra
[2025-02-14 13:00:53] User -> DCP Added -> admin@pds| Godown No  06  Fci Parisar Digha
[2025-02-14 13:00:53] User -> DCP Added -> admin@pds| Godown No  07  Fci Parisar Digha
[2025-02-14 13:00:53] User -> DCP Added -> admin@pds| Godown No  07  Nigam Godown   Banjaria
[2025-02-14 13:00:53] User -> DCP Added -> admin@pds| Godown No  09 Banjariya Prakhand Parisar Stith Nigam Godown
[2025-02-14 13:00:53] User -> DCP Added -> admin@pds| Godown No  01  Nigam Godown  Chakia Bazaar Samiti
[2025-02-14 13:00:53] User -> DCP Added -> admin@pds| Godown No  02  Nigam Godown  Chakia Bazaar Samiti
[2025-02-14 13:00:53] User -> DCP Added -> admin@pds| Godown No  03  Nigam Godown  Chakia Bazaar Samiti
[2025-02-14 13:00:53] User -> DCP Added -> admin@pds| Godown No  05  Nigam Godown   Chakia Bazar Samiti
[2025-02-14 13:00:53] User -> DCP Added -> admin@pds| Godown No  06  Nigam Godown   Chakia Bazar Samiti
[2025-02-14 13:00:53] User -> DCP Added -> admin@pds| Godown No  08 Nigam Godown Bazar Samiti Chakiya
[2025-02-14 13:00:53] User -> DCP Added -> admin@pds| Godown No 13  Ramghadhwa Prakhand Ke Pass
[2025-02-14 13:00:53] User -> DCP Added -> admin@pds| Godown No  04  Nigam Godown  Sugauli Anchal Office
[2025-02-14 13:00:53] User -> DCP Added -> admin@pds| Godown No  02 Nigam Godown     Banmankhi Bazar Samiti
[2025-02-14 13:00:53] User -> DCP Added -> admin@pds| Godown No  05 Nigam Godown Bazar Samati Banmankhi
[2025-02-14 13:00:53] User -> DCP Added -> admin@pds| Godown No  03  Nigam Godown   Jalalgardh
[2025-02-14 13:00:53] User -> DCP Added -> admin@pds| Godown No  01 Nigam Godown   Bazar Samiti  Kasba 
[2025-02-14 13:00:53] User -> DCP Added -> admin@pds| Godown No  04 Nigam Godown Bazar Samiti Kasba
[2025-02-14 13:00:53] User -> DCP Added -> admin@pds| Godown No  20  Nigam Godown   Block Parisar  Chenari
[2025-02-14 13:00:53] User -> DCP Added -> admin@pds| Godown No  25  Nigam Godown   Block Parisar  Chenari
[2025-02-14 13:00:53] User -> DCP Added -> admin@pds| Godown No  12  Nigam Godown   Bazar Samiti   Natwar
[2025-02-14 13:00:53] User -> DCP Added -> admin@pds| Godown No  13  Nigam Godown   Bazar Samiti   Natwar
[2025-02-14 13:00:53] User -> DCP Added -> admin@pds| Godown No  14  Nigam Godown   Bazar Samiti   Natwar
[2025-02-14 13:00:53] User -> DCP Added -> admin@pds| Godown No  15  Nigam Godown   Bazar Samiti   Natwar
[2025-02-14 13:00:53] User -> DCP Added -> admin@pds| Godown No  16  Nigam Godown   Bazar Samiti   Natwar
[2025-02-14 13:00:53] User -> DCP Added -> admin@pds| Godown No  17  Nigam Godown   Bazar Samiti   Natwar
[2025-02-14 13:00:53] User -> DCP Added -> admin@pds| Godown No  18  Nigam Godown   Block Parisar Dinara
[2025-02-14 13:00:53] User -> DCP Added -> admin@pds| Godown No   26  SWC Godown  Bazar Samiti Parisar  Sasaram
[2025-02-14 13:00:53] User -> DCP Added -> admin@pds| Godown No 26 Bazar Samiti Natwar  Bswc Godown
[2025-02-14 13:00:53] User -> DCP Added -> admin@pds| Godown No 27 Bazar Samiti Natwar  Bswc Godown
[2025-02-14 13:00:53] User -> DCP Added -> admin@pds| Godown No 28 Bazar Samiti Godown  Natwar Bswc Ka Godown
[2025-02-14 13:00:53] User -> DCP Added -> admin@pds| Godown No 35 SWC Godown  Bazar Samiti Natwar
[2025-02-14 13:00:53] User -> DCP Added -> admin@pds| Godown No  19  Nigam Godown   Block Parisar  Nauhatta
[2025-02-14 13:00:53] User -> DCP Added -> admin@pds| Godown No 34  Prakhand Parisar Godown  Nauhatta
[2025-02-14 13:00:53] User -> DCP Added -> admin@pds| Godown No  04  Nigam Godown   Bazar Samiti   Nokha
[2025-02-14 13:00:53] User -> DCP Added -> admin@pds| Godown No  05  Nigam Godown   Bazar Samiti   Nokha
[2025-02-14 13:00:53] User -> DCP Added -> admin@pds| Godown No  06  Nigam Godown   Bazar Samiti   Nokha
[2025-02-14 13:00:53] User -> DCP Added -> admin@pds| Godown No  07  Nigam Godown   Bazar Samiti   Nokha
[2025-02-14 13:00:53] User -> DCP Added -> admin@pds| Godown No  08  Nigam Godown   Bazar Samiti   Nokha
[2025-02-14 13:00:53] User -> DCP Added -> admin@pds| Godown No  09  Nigam Godown   Prakhand Parisar  Nokha
[2025-02-14 13:00:53] User -> DCP Added -> admin@pds| Godown No  10  Nigam Godown   Bazar Samiti   Nokha
[2025-02-14 13:00:53] User -> DCP Added -> admin@pds| Godown No  11  Nigam Godown   Bazar Samiti   Nokha
[2025-02-14 13:00:53] User -> DCP Added -> admin@pds| Godown No  24  Swc Godown  Bazar Samiti Parisar  Nokha  Rohtas
[2025-02-14 13:00:53] User -> DCP Added -> admin@pds| Godown No  01  Nigam Godown   Bazar Samiti   Sasaram
[2025-02-14 13:00:53] User -> DCP Added -> admin@pds| Godown No  02  Nigam Godown   Bazar Samiti   Sasaram
[2025-02-14 13:00:53] User -> DCP Added -> admin@pds| Godown No 29 Swc Ka Godown Sasaram
[2025-02-14 13:00:53] User -> DCP Added -> admin@pds| Godown No 32 Bazar Samiti Sasaram Bswc Godown
[2025-02-14 13:00:53] User -> DCP Added -> admin@pds| Godown No 33 Bazar Samiti Parisar  Sasaram
[2025-02-14 13:00:53] User -> DCP Added -> admin@pds| Godown No  9  Alamnagar Madhepura
[2025-02-14 13:00:53] User -> DCP Added -> admin@pds| Godown No  01  Nigam Godown  Rajeshwari Godown  Rahuamani  Kahra
[2025-02-14 13:00:53] User -> DCP Added -> admin@pds| Godown No  04  Nigam Godown Durga Agro Bhandar Patuaha  Kahra
[2025-02-14 13:00:53] User -> DCP Added -> admin@pds| Godown No  06  Nigam Godown  Kahra
[2025-02-14 13:00:53] User -> DCP Added -> admin@pds| Godown No  10  Ms Uma Agro Bhandar  Bangaown  Saharsa
[2025-02-14 13:00:53] User -> DCP Added -> admin@pds| Godown No  03  Nigam Godown  Navhatta
[2025-02-14 13:00:53] User -> DCP Added -> admin@pds| Godown No  02  Nigam Godown  Sai Godown  01 &2 Patori Satarkatiya
[2025-02-14 13:00:53] User -> DCP Added -> admin@pds| Godown No  05  Nigam Godown Pacs Godown  Vijalpur  Sattarkatia
[2025-02-14 13:00:53] User -> DCP Added -> admin@pds| Godown No  03  Nigam Godown Dalsinghsarai  Bazar Samiti
[2025-02-14 13:00:53] User -> DCP Added -> admin@pds| Godown No  04  Nigam Godown Dalsinghsarai  Bazar Samiti
[2025-02-14 13:00:53] User -> DCP Added -> admin@pds| Godown No  05  Nigam Godown Dalsinghsarai  Bazar Samiti
[2025-02-14 13:00:53] User -> DCP Added -> admin@pds| Godown No  06  Nigam Godown Dalsinghsarai  Bazar Samiti
[2025-02-14 13:00:53] User -> DCP Added -> admin@pds| Godown No  01 Nigam Godown   Bazar Samiti   Samastipur
[2025-02-14 13:00:53] User -> DCP Added -> admin@pds| Godown No  02 Nigam Godown   Bazar Samiti   Samastipur
[2025-02-14 13:00:53] User -> DCP Added -> admin@pds| Godown No  13  Shri Mti Ahilya Devi  Kohluwa
[2025-02-14 13:00:53] User -> DCP Added -> admin@pds| Godown No  01  Nigam Godown  Bazar Samiti Parisar  Chhapra
[2025-02-14 13:00:53] User -> DCP Added -> admin@pds| Godown No  03  Nigam Godown  Bazar Samiti Parisar  Chhapra
[2025-02-14 13:00:53] User -> DCP Added -> admin@pds| Godown No 02  Nigam Godown  Bajar Samiti Parisar  Chhapra
[2025-02-14 13:00:53] User -> DCP Added -> admin@pds| Godown no 11  (TPDS Godown) Prakhand Prisar  Dighwara
[2025-02-14 13:00:53] User -> DCP Added -> admin@pds| Godown No  08 (TPDS Godown) Kerwa Prakhand Ishuwapur
[2025-02-14 13:00:53] User -> DCP Added -> admin@pds| Godown No  07  Nigam Godown  Dayalpur Prakhand Lahladpur
[2025-02-14 13:00:53] User -> DCP Added -> admin@pds| Godown No  04  Nigam Godown  Manghi
[2025-02-14 13:00:53] User -> DCP Added -> admin@pds| Godown No  9 (TPDS Godown) Prakhand Prisar  Mashrakh
[2025-02-14 13:00:53] User -> DCP Added -> admin@pds| Godown No 10 (TPDS Godown)  Prakhand Prisar  Purana Nigam Godown  Mashrakh
[2025-02-14 13:00:53] User -> DCP Added -> admin@pds| Godown No  05  Nigam Godown Mahamadpur Prakhand Panapur
[2025-02-14 13:00:53] User -> DCP Added -> admin@pds| Godown No  06  Nigam Godown  Prakhand Parisar Parsha
[2025-02-14 13:00:53] User -> DCP Added -> admin@pds| Godown no  12 (TPDS Godown)  Prakhand  Taraiya
[2025-02-14 13:00:53] User -> DCP Added -> admin@pds| Godown No  08 Nigam Godown   Ariyari Block
[2025-02-14 13:00:53] User -> DCP Added -> admin@pds| Godown No  06 Nigam Godown   Chewara Block
[2025-02-14 13:00:53] User -> DCP Added -> admin@pds| Godown No  10 Nigam Godown  Sheikhpura  College More 
[2025-02-14 13:00:53] User -> DCP Added -> admin@pds| Godown No  08 TPDS Godown Dumri Katsari(Prakhand Parisar)
[2025-02-14 13:00:53] User -> DCP Added -> admin@pds| Godown No  06  Nigam Godown  Piprahi Block Parisar
[2025-02-14 13:00:53] User -> DCP Added -> admin@pds| Godown No  04  Nigam Godown  Sunaul Sultaan Kay Paas   Punahia
[2025-02-14 13:00:53] User -> DCP Added -> admin@pds| Godown No  05  Nigam Godown  Gram Parsauni Gop  Punaiha
[2025-02-14 13:00:53] User -> DCP Added -> admin@pds| Godown No  01  Nigam Godown  Near BSNL Tower  Sheohar
[2025-02-14 13:00:53] User -> DCP Added -> admin@pds| Godown No  02  Nigam Godown  Near BSNL Tower  Sheohar
[2025-02-14 13:00:53] User -> DCP Added -> admin@pds| Godown No  03  Nigam Godown  Sheohar Block Parisar
[2025-02-14 13:00:53] User -> DCP Added -> admin@pds| Godown No  07  New Constructed At Tariyani Block Campus
[2025-02-14 13:00:53] User -> DCP Added -> admin@pds| Godown No  01  Nigam Godown  Bairgania Bazar Samiti
[2025-02-14 13:00:53] User -> DCP Added -> admin@pds| Godown No  02  Nigam Godown  Bazar Samiti Parisar   SItamarhi
[2025-02-14 13:00:53] User -> DCP Added -> admin@pds| Godown No  05  Nigam Godown  Bazar Samiti Parisar  Sitamarhi 
[2025-02-14 13:00:53] User -> DCP Added -> admin@pds| Godown No  03  Nigam Godown  Bazar Samiti Parisar   Pupri 
[2025-02-14 13:00:53] User -> DCP Added -> admin@pds| Godown No  04  Nigam Godown  Bazar Samiti Parisar   Pupri 
[2025-02-14 13:00:53] User -> DCP Added -> admin@pds| Godown No  24  Nigam Godown Aandar
[2025-02-14 13:00:53] User -> DCP Added -> admin@pds| Godown No 13 Nigam Godown Andar
[2025-02-14 13:00:53] User -> DCP Added -> admin@pds| Godown No  21  Nigam Godown Basantpur
[2025-02-14 13:00:53] User -> DCP Added -> admin@pds| Godown No  7  Darauli Prakhand Parisar
[2025-02-14 13:00:53] User -> DCP Added -> admin@pds| Godown No  8  Darauli Prakhand Parisar
[2025-02-14 13:00:53] User -> DCP Added -> admin@pds| Godown No 05  Nigam Godown  Darondha
[2025-02-14 13:00:53] User -> DCP Added -> admin@pds| Godown No  20  Nigam Godown Goriyakothi
[2025-02-14 13:00:53] User -> DCP Added -> admin@pds| Godown No  23  Nigam Godown  Gudhni
[2025-02-14 13:00:53] User -> DCP Added -> admin@pds| Godown No 14 Nigam Godown Hussainganj
[2025-02-14 13:00:53] User -> DCP Added -> admin@pds| Godown No 15 Nigam Godown Hussainganj
[2025-02-14 13:00:53] User -> DCP Added -> admin@pds| Godown No 03  Nigam Godown  Block Parisar  Maharajganj
[2025-02-14 13:00:53] User -> DCP Added -> admin@pds| Godown No 04  Nigam Godown  Block Parisar  Maharajganj
[2025-02-14 13:00:53] User -> DCP Added -> admin@pds| Godown No  22  Nigam Godown Mairwa
[2025-02-14 13:00:53] User -> DCP Added -> admin@pds| Godown No  18  Nigam Godown Raghunathpur
[2025-02-14 13:00:53] User -> DCP Added -> admin@pds| Godown No  27 Shri Vishal Kumar Singh Khujwa Raghunathpur Aamwari
[2025-02-14 13:00:53] User -> DCP Added -> admin@pds| Godown No  19  Nigam Godown Siswan
[2025-02-14 13:00:53] User -> DCP Added -> admin@pds| Godown No  26 Biskoman Godown Virudiya Hata Krishi Bhawan Ke Pass
[2025-02-14 13:00:53] User -> DCP Added -> admin@pds| Godown No 17 Shri Manoj Kumar Singh Ka Niji Godown Hussainganj Chaap(Siwan Nagar)
[2025-02-14 13:00:53] User -> DCP Added -> admin@pds| Godown No 25 Shri Manoj Kumar Haridiya Mod
[2025-02-14 13:00:53] User -> DCP Added -> admin@pds| Godown No  02  Nigam Godown  Siwan New Poilce Line
[2025-02-14 13:00:53] User -> DCP Added -> admin@pds| Godown No  02  Nigam Godown   Block Parisar  Birpur
[2025-02-14 13:00:53] User -> DCP Added -> admin@pds| Godown No  5  Nigam Godown   Basantpur
[2025-02-14 13:00:53] User -> DCP Added -> admin@pds| Godown No 06 Deenbandhi Pacs Godown Basantpur Supaul
[2025-02-14 13:00:53] User -> DCP Added -> admin@pds| Godown No 13 Pacs Godown Sukhasan Block Kishanpur Supaul
[2025-02-14 13:00:53] User -> DCP Added -> admin@pds| Godown No  01  Nigam Godown   Atithi Grah Supaul Ke Bagl Me 
[2025-02-14 13:00:53] User -> DCP Added -> admin@pds| Godown No 9 Shukhpur Solhani Pacs Godown Supaul
[2025-02-14 13:00:53] User -> DCP Added -> admin@pds| Godown No  04  Nigam Godown   Jadiya
[2025-02-14 13:00:53] User -> DCP Added -> admin@pds| Godown No 7 Pacs Godown Piluaha Prakhand Triveniganj Supaul
[2025-02-14 13:00:53] User -> DCP Added -> admin@pds| Godown No  04   Nigam Godown   Premraj Chehrakala  Nigam Godown
[2025-02-14 13:00:53] User -> DCP Added -> admin@pds| Godown No  07  Nigam Godown Block Parisar Jandaha
[2025-02-14 13:00:53] User -> DCP Added -> admin@pds| Godown No  05   Nigam Godown Block Parisar Lalganj
[2025-02-14 13:00:53] User -> DCP Added -> admin@pds| Godown No  02   Nigam Godown mahua block office
[2025-02-14 13:00:53] User -> DCP Added -> admin@pds| Godown No  06   Nigam Godown Block Parisar Mahua
[2025-02-14 13:00:53] User -> DCP Added -> admin@pds| Godown No 09  Patedhi Belsar Block
[2025-02-14 13:00:53] User -> DCP Added -> admin@pds| Godown No  03   Nigam Godown Patehpur Block Karyalye Parisar
[2025-02-14 13:00:53] User -> DCP Added -> admin@pds| Godown No 10 Tisiautta Dharmpur Panchayat Pacs
[2025-02-14 13:00:53] User -> DCP Added -> admin@pds| Godown No 11 Dabhich Panchayat Pacs  Vaishali
[2025-02-14 13:00:53] User -> DCP Added -> admin@pds| Godown No 12 Langurav Bilandpur Panchayat Pacs
[2025-02-14 13:00:53] User -> DCP Added -> admin@pds| Godown No  08  Nigam Godown  Sahdei Prakhand Godown
[2025-02-14 13:00:53] User -> DCP Added -> admin@pds| Godown No 13 TPDS Godown Sahdeyi Bugurg(Nigam Godown)
