[2026-02-20 12:01:58] district_user -> DCP Edit ->Sheohar@pds| Requested JSON -> {"name":"Godown No  Nigam Godown Near Bsnl Tower Sheohar","uniqueid":"DCP_69145b93aae","active":"1","type":"DCP","latitude":"26.51745","longitude":"85.28551","district":"Sheohar","id":"155","demand":"5510.00","demand_rice":"0.00"}
[2026-02-20 14:04:12] User -> DCP InActive -> Muzaffarpur@pds| Godown No-2,Nigam Godown Gayghat
[2026-02-20 14:04:29] User -> DCP Active -> Muzaffarpur@pds| Godown No-2,Nigam Godown Gayghat
[2026-02-20 14:08:45] district_user -> DCP Edit ->Madhubani@pds| Requested JSON -> {"name":"Godown No- 06 Nigam Godown  Block Headquarter Ghorgadih","uniqueid":"DCP_69145b93565","active":"1","type":"DCP","latitude":"26.29084","longitude":"86.46822","district":"Madhubani","id":"570","demand":"22620","demand_rice":"0.00"}
[2026-02-20 14:09:43] district_user -> DCP Edit ->Madhubani@pds| Requested JSON -> {"name":"Godown No- 03 Nigam Godown  Block Headquarter Ghorgadih","uniqueid":"DCP_69145b93575","active":"1","type":"DCP","latitude":"26.291","longitude":"86.46754","district":"Madhubani","id":"189","demand":"46980","demand_rice":"0.00"}
[2026-02-20 14:12:30] district_user -> DCP Edit ->Vaishali@pds| Requested JSON -> {"name":"Godown No- 02  Nigam Godown mahua block office","uniqueid":"DCP_69145b939fe","active":"1","type":"DCP","latitude":"25.813627","longitude":"85.395063","district":"Vaishali","id":"144","demand":"9570","demand_rice":"0.00"}
[2026-02-20 14:12:31] User -> DCP InActive -> Sitamarhi@pds| Godown No- 04, Nigam Godown, Bazar Samiti Parisar , Pupri.
[2026-02-20 14:12:35] district_user -> DCP Edit ->Nawada@pds| Requested JSON -> {"name":"Godown No-16Shri Mti Anjali Devi Ka Niji Godown OdhanpurNawada","uniqueid":"DCP_69145b938d9","active":"1","type":"DCP","latitude":"24.9588909","longitude":"85.5361786","district":"Nawada","id":"664","demand":"6670.00","demand_rice":"00.0"}
[2026-02-20 14:12:39] User -> DCP Active -> Sitamarhi@pds| Godown No- 04, Nigam Godown, Bazar Samiti Parisar , Pupri.
[2026-02-20 14:13:36] district_user -> DCP Edit ->Vaishali@pds| Requested JSON -> {"name":"Godown No- 06  Nigam Godown Block Parisar Mahua","uniqueid":"DCP_69145b93a0e","active":"1","type":"DCP","latitude":"25.813627","longitude":"85.395063","district":"Vaishali","id":"148","demand":"3480","demand_rice":"0.00"}
[2026-02-20 14:13:44] district_user -> DCP Edit ->Sitamarhi@pds| Requested JSON -> {"name":"Godown No- 04 Nigam Godown Bazar Samiti Parisar  Pupri.","uniqueid":"DCP_69145b9382b","active":"1","type":"DCP","latitude":"26.475409","longitude":"85.696727","district":"Sitamarhi","id":"152","demand":"8425","demand_rice":"0.00"}
[2026-02-20 14:14:18] district_user -> DCP Edit ->Nawada@pds| Requested JSON -> {"name":"Godown No-16 shri Mti Anjali Devi Ka Niji Godown Odhanpur nawada","uniqueid":"DCP_69145b938d9","active":"1","type":"DCP","latitude":"24.9588909","longitude":"85.5361786","district":"Nawada","id":"664","demand":"6670.00","demand_rice":"00.0"}
[2026-02-20 14:14:42] district_user -> DCP Edit ->Sitamarhi@pds| Requested JSON -> {"name":"Godown No- 04 Nigam Godown Bazar Samiti Parisar  Pupri.","uniqueid":"DCP_69145b9382b","active":"1","type":"DCP","latitude":"26.475409","longitude":"85.696727","district":"Sitamarhi","id":"152","demand":"8425","demand_rice":"0.00"}
[2026-02-20 14:14:59] district_user -> DCP Edit ->Nawada@pds| Requested JSON -> {"name":"Godown No 16 Shri Mti Anjali Devi Ka Niji Godown Odhanpur Nawada","uniqueid":"DCP_69145b938d9","active":"1","type":"DCP","latitude":"24.9588909","longitude":"85.5361786","district":"Nawada","id":"664","demand":"6670.00","demand_rice":"00.0"}
[2026-02-20 14:16:07] district_user -> DCP Edit ->Sitamarhi@pds| Requested JSON -> {"name":"Godown No- 04 Nigam Godown Bazar Samiti Parisar  Pupri","uniqueid":"DCP_69145b9382b","active":"1","type":"DCP","latitude":"26.475409","longitude":"85.696727","district":"Sitamarhi","id":"152","demand":"8425","demand_rice":"0.00"}
[2026-02-20 14:16:14] district_user -> DCP Edit ->Nawada@pds| Requested JSON -> {"name":"Godown No 16 Shri Mti Anjali Devi Ka Niji Godown Odhanpur Nawada","uniqueid":"DCP_69145b938d9","active":"1","type":"DCP","latitude":"24.9588909","longitude":"85.5361786","district":"Nawada","id":"664","demand":"6670.00","demand_rice":"00.0"}
[2026-02-20 14:17:56] district_user -> DCP Edit ->Nawada@pds| Requested JSON -> {"name":"Godown No-16  Shri Mti Anjali Devi Ka Niji Godown Odhanpur Nawada","uniqueid":"DCP_69145b938d9","active":"1","type":"DCP","latitude":"24.9588909","longitude":"85.5361786","district":"Nawada","id":"664","demand":"6670.00","demand_rice":"00.0"}
[2026-02-20 14:18:43] district_user -> DCP Edit ->Sitamarhi@pds| Requested JSON -> {"name":"Godown No  Nigam Godown Bazar Samiti Parisar  Pupri","uniqueid":"DCP_69145b9382b","active":"1","type":"DCP","latitude":"26.475409","longitude":"85.696727","district":"Sitamarhi","id":"152","demand":"12000","demand_rice":"0.00"}
[2026-02-20 14:19:15] district_user -> DCP Edit ->Sitamarhi@pds| Requested JSON -> {"name":"Godown No- 02 Nigam Godown Bazar Samiti Parisar  SItamarhi","uniqueid":"DCP_69145b9391e","active":"1","type":"DCP","latitude":"26.595342","longitude":"85.510404","district":"Sitamarhi","id":"151","demand":"1500","demand_rice":"0.00"}
[2026-02-20 14:19:52] district_user -> DCP Edit ->Sitamarhi@pds| Requested JSON -> {"name":"Godown No- 05 Nigam Godown Bazar Samiti Parisar Sitamarhi.","uniqueid":"DCP_69145b9392e","active":"1","type":"DCP","latitude":"26.594994","longitude":"85.509688","district":"Sitamarhi","id":"154","demand":"15790","demand_rice":"0.00"}
[2026-02-20 14:20:47] district_user -> DCP Edit ->Muzaffarpur@pds| Requested JSON -> {"name":"Godown No-14SWC Godown3B NarayanpurMuzaffarpur","uniqueid":"DCP_69145b939f0","active":"1","type":"DCP","latitude":"26.094884","longitude":"85.4072949","district":"Muzaffarpur","id":"697","demand":"17400.00","demand_rice":"0.00"}
[2026-02-20 14:23:51] district_user -> DCP Edit ->Nawada@pds| Requested JSON -> {"name":"Godown No-12Shri Dharmendra Prashad Singh Ka Niji GodownGodown No.2","uniqueid":"DCP_69145b9386c","active":"1","type":"DCP","latitude":"25.0345961","longitude":"85.6466229","district":"Nawada","id":"559","demand":"4295.37","demand_rice":"0.00"}
[2026-02-20 14:24:43] district_user -> DCP Edit ->Patna@pds| Requested JSON -> {"name":"Godown No- 10 Nigam Godown  Bazar Samiti  Katra","uniqueid":"DCP_69145b93af1","active":false,"type":"DCP","latitude":"25.57522","longitude":"85.250855","district":"Patna","id":"12","demand":"11890","demand_rice":"0.000"}
[2026-02-20 14:25:17] district_user -> DCP Edit ->Muzaffarpur@pds| Requested JSON -> {"name":"Godown No- 01 Nigam Godown Kanti Block Parisar","uniqueid":"DCP_69145b93aa1","active":"1","type":"DCP","latitude":"26.2019005","longitude":"85.2922134","district":"Muzaffarpur","id":"142","demand":"4350.00","demand_rice":"0.00"}
[2026-02-20 14:25:29] district_user -> DCP Edit ->Nawada@pds| Requested JSON -> {"name":"Godown No -12 shri Dharmendra Prashad Singh Ka Niji Godown godown No 2","uniqueid":"DCP_69145b9386c","active":"1","type":"DCP","latitude":"25.0345961","longitude":"85.6466229","district":"Nawada","id":"559","demand":"4295.37","demand_rice":"0.00"}
[2026-02-20 14:26:12] district_user -> DCP Edit ->Muzaffarpur@pds| Requested JSON -> {"name":"Godown No- 01 Nigam Godown Kanti Block Parisar","uniqueid":"DCP_69145b93aa1","active":"1","type":"DCP","latitude":"26.2019005","longitude":"85.2922134","district":"Muzaffarpur","id":"142","demand":"4350.00","demand_rice":"0.00"}
[2026-02-20 14:26:22] User -> DCP Active -> banka@pds| Godown No-24,Daliya Pacs Godown ,Banka
[2026-02-20 14:26:30] User -> DCP InActive -> banka@pds| Godown No-24,Daliya Pacs Godown ,Banka
[2026-02-20 14:27:56] district_user -> DCP Edit ->Patna@pds| Requested JSON -> {"name":"Godown No  Nigam Godown  Bazar Samiti  Katra","uniqueid":"DCP_69145b93af1","active":false,"type":"DCP","latitude":"25.57522","longitude":"85.250855","district":"Patna","id":"12","demand":"0000","demand_rice":"0.000"}
[2026-02-20 14:29:28] district_user -> DCP Edit ->Nawada@pds| Requested JSON -> {"name":"Godown No-9 Shri Rajeev Kumar Ka Niji Godownwarsaliganj","uniqueid":"DCP_69145b93879","active":"1","type":"DCP","latitude":"25.0345961","longitude":"85.6466229","district":"Nawada","id":"418","demand":"19330","demand_rice":"0.00"}
[2026-02-20 14:30:21] User -> DCP Active -> Buxar@pds| Godown No- 08, Nigam Godown , Bazar Samiti , Buxar
[2026-02-20 14:30:46] User -> DCP InActive -> Aurangabad@pds| Godown No:-31,BSWC Godown,Obera(PEG A.N.ROAD)
[2026-02-20 14:32:58] district_user -> DCP Edit ->Patna@pds| Requested JSON -> {"name":"Godown No-17 Nigam Godown Katra","uniqueid":"DCP_69145b93aff","active":"1","type":"DCP","latitude":"25.57522","longitude":"85.250855","district":"Patna","id":"416","demand":"11890","demand_rice":"0.000"}
[2026-02-20 14:35:35] district_user -> DCP Edit ->Buxar@pds| Requested JSON -> {"name":"Godown No- 08 Nigam Godown  Bazar Samiti  Buxar","uniqueid":"DCP_69145b945af","active":"1","type":"DCP","latitude":"25.560288","longitude":"83.971359","district":"Buxar","id":"42","demand":"13750.00","demand_rice":"0.00"}
[2026-02-20 14:36:21] district_user -> DCP Edit ->Buxar@pds| Requested JSON -> {"name":"Godown No- 02 Nigam Godown  Bazar Samiti  Buxar","uniqueid":"DCP_69145b9456f","active":"1","type":"DCP","latitude":"25.560152","longitude":"83.973167","district":"Buxar","id":"36","demand":"14200.00","demand_rice":"0.00"}
[2026-02-20 14:40:34] User -> DCP Active -> Patna@pds| Godown No  Nigam Godown  Bazar Samiti  Katra
[2026-02-20 14:42:24] district_user -> DCP Edit ->Nawada@pds| Requested JSON -> {"name":"Godown No- 05 Shri Sudhusharan Singh Ka Personal Godown Barev","uniqueid":"DCP_69145b938bc","active":"1","type":"DCP","latitude":"24.8383675","longitude":"85.5466156","district":"Nawada","id":"120","demand":"22620","demand_rice":"0.00"}
[2026-02-20 14:43:25] User -> DCP Active -> Buxar@pds| Godown No- 03, Nigam Godown , Bazar Samiti , Buxar
[2026-02-20 14:44:02] district_user -> DCP Edit ->Patna@pds| Requested JSON -> {"name":"Godown No  Nigam Godown  Bazar Samiti  Katra","uniqueid":"DCP_69145b93af1","active":"1","type":"DCP","latitude":"25.57522","longitude":"85.250855","district":"Patna","id":"12","demand":"2320","demand_rice":"0.000"}
[2026-02-20 14:44:02] User -> DCP InActive -> Jehanabad@pds| Godown No- 02, Nigam Godown, Bazar Samiti Parisar, Jehanabad
[2026-02-20 14:44:09] User -> DCP Active -> Jehanabad@pds| Godown No- 02, Nigam Godown, Bazar Samiti Parisar, Jehanabad
[2026-02-20 14:45:37] User -> DCP Active -> Buxar@pds| Godown No- 07, Nigam Godown , Bazar Samiti , Buxar
[2026-02-20 14:45:50] User -> DCP InActive -> Buxar@pds| Godown No- 07, Nigam Godown , Bazar Samiti , Buxar
[2026-02-20 14:46:19] district_user -> DCP Edit ->Nawada@pds| Requested JSON -> {"name":"Godown No- 06 Shri pankaj kumar Ka Personal GodownKulna Akabarpur","uniqueid":"DCP_69145b938ad","active":"1","type":"DCP","latitude":"24.780882","longitude":"85.564863","district":"Nawada","id":"355","demand":"4360","demand_rice":"0.00"}
[2026-02-20 14:47:58] district_user -> DCP Edit ->Nawada@pds| Requested JSON -> {"name":"Godown No-14Shri Mti Madhwi Devi Ka Niji Godown KunjroadRoh Bhag-1","uniqueid":"DCP_69145b93893","active":"1","type":"DCP","latitude":"24.857302","longitude":"85.606514","district":"Nawada","id":"661","demand":"21704.63","demand_rice":"0.00"}
[2026-02-20 14:48:55] district_user -> DCP Edit ->Nawada@pds| Requested JSON -> {"name":"Godown No- 04 Shri Dharmchandr Prasad Ka Personal Godown Pakribarawa","uniqueid":"DCP_69145b937d9","active":false,"type":"DCP","latitude":"24.964743","longitude":"85.742287","district":"Nawada","id":"119","demand":"0.00","demand_rice":"0.00"}
[2026-02-20 14:50:50] district_user -> DCP Edit ->Jehanabad@pds| Requested JSON -> {"name":"Godown No- 01 Swc Godown Bazar Samiti Parisar Jehanabad","uniqueid":"DCP_69145b93c2a","active":"1","type":"DCP","latitude":"25.21498","longitude":"84.9811","district":"Jehanabad","id":"85","demand":"5000","demand_rice":"00"}
[2026-02-20 14:53:56] district_user -> DCP added ->West_Champaran@pds| Requested JSON -> {"name":"DCP","latitude":"26.799452","longitude":"84.530823","district":"West champaran","id":"West_Champaran@pds","demand":"580","demand_rice":"0.00"}
[2026-02-20 14:56:33] district_user -> DCP Edit ->Jehanabad@pds| Requested JSON -> {"name":"Godown No- 02 Nigam Godown Bazar Samiti Parisar Jehanabad","uniqueid":"DCP_69145b93c1a","active":"1","type":"DCP","latitude":"25.2154","longitude":"84.9815","district":"Jehanabad","id":"86","demand":"6310","demand_rice":"00"}
[2026-02-20 14:57:18] district_user -> DCP Edit ->Aurangabad@pds| Requested JSON -> {"name":"Godown No- 01 Nigam Godown Bazar Samiti Daudnagar","uniqueid":"DCP_69145b941b3","active":"1","type":"DCP","latitude":"25.02783","longitude":"84.42197","district":"Aurangabad","id":"107","demand":"13050.00","demand_rice":"0.00"}
[2026-02-20 15:03:44] district_user -> DCP Edit ->Aurangabad@pds| Requested JSON -> {"name":"Godown No- 02 Nigam Godown Bazar Samiti Daudnagar","uniqueid":"DCP_69145b941bf","active":"1","type":"DCP","latitude":"25.02771","longitude":"84.42159","district":"Aurangabad","id":"108","demand":"6380.00","demand_rice":"0.00"}
[2026-02-20 15:05:04] district_user -> DCP Edit ->Aurangabad@pds| Requested JSON -> {"name":"Godown No- 03 Nigam Godown Bazar Samiti Daudnagar","uniqueid":"DCP_69145b941a5","active":"1","type":"DCP","latitude":"25.02808","longitude":"84.42215","district":"Aurangabad","id":"109","demand":"13340.00","demand_rice":"0.00"}
[2026-02-20 15:06:15] district_user -> DCP Edit ->Aurangabad@pds| Requested JSON -> {"name":"Godown No- 04 Nigam Godown Bazar Samiti Daudnagar","uniqueid":"DCP_69145b94196","active":"1","type":"DCP","latitude":"25.02602","longitude":"84.4227","district":"Aurangabad","id":"111","demand":"11020.00","demand_rice":"0.00"}
[2026-02-20 15:07:42] district_user -> DCP Edit ->Nawada@pds| Requested JSON -> {"name":"Godown No-07 Shri Samdarshi Prasad Singh ka Nigi Godown Badhauna Nawada","uniqueid":"DCP_69145b93a1e","active":"1","type":"DCP","latitude":"24.8485444","longitude":"85.3602615","district":"Nawada","id":"375","demand":"26000","demand_rice":"0.00"}
[2026-02-20 15:09:45] User -> DCP Active -> Darbhanga@pds| Godown No- 07, Nigam Godown , Hayaghat
[2026-02-20 15:09:49] district_user -> DCP Edit ->Aurangabad@pds| Requested JSON -> {"name":"Godown No- 05 Biscoman Godown  Forum Godown Biscoman Aurangabad","uniqueid":"DCP_69145b941cc","active":"1","type":"DCP","latitude":"24.73512","longitude":"84.40735","district":"Aurangabad","id":"112","demand":"2030.00","demand_rice":"0.00"}
[2026-02-20 15:10:22] User -> DCP Active -> Darbhanga@pds| Godown No- 08, Nigam Godown , Block Parisar, Manigachi
[2026-02-20 15:11:21] district_user -> DCP Edit ->Aurangabad@pds| Requested JSON -> {"name":"Godown No.13  Nigam Godown Block parishar Navinagar Aurangabad","uniqueid":"DCP_69145b943db","active":"1","type":"DCP","latitude":"24.61013","longitude":"84.14746","district":"Aurangabad","id":"509","demand":"580.00","demand_rice":"0.00"}
[2026-02-20 15:13:14] User -> DCP InActive -> Lakhisarai@pds| Godown No- 08 Nigam Godown ,Bazar Samiti, Lakhisarai,
[2026-02-20 15:13:48] district_user -> DCP Edit ->Darbhanga@pds| Requested JSON -> {"name":"Godown No- 08 Nigam Godown  Block Parisar Manigachi","uniqueid":"DCP_69145b935c2","active":"1","type":"DCP","latitude":"26.2126","longitude":"86.14701","district":"Darbhanga","id":"181","demand":"5220.00","demand_rice":"0.00"}
[2026-02-20 15:14:32] district_user -> DCP Edit ->Darbhanga@pds| Requested JSON -> {"name":"Godown No- 07 Nigam Godown  Hayaghat","uniqueid":"DCP_69145b93741","active":"1","type":"DCP","latitude":"26.007872","longitude":"85.88783","district":"Darbhanga","id":"180","demand":"5220.00","demand_rice":"0.00"}
[2026-02-20 15:14:59] district_user -> DCP Edit ->Darbhanga@pds| Requested JSON -> {"name":"Godown No- 03 Nigam Godown  Block Parisar Singhwada","uniqueid":"DCP_69145b937f3","active":"1","type":"DCP","latitude":"26.18267","longitude":"85.73545","district":"Darbhanga","id":"176","demand":"5220.00","demand_rice":"0.00"}
[2026-02-20 15:15:00] district_user -> DCP Edit ->Nawada@pds| Requested JSON -> {"name":"Godown No-11Shri Dharmendra Prashad Singh Ka Niji GodownGodown No.1","uniqueid":"DCP_69145b93860","active":"1","type":"DCP","latitude":"25.0345961","longitude":"85.6466229","district":"Nawada","id":"558","demand":"0.00","demand_rice":"0.00"}
[2026-02-20 15:16:09] district_user -> DCP Edit ->Lakhisarai@pds| Requested JSON -> {"name":"Godown No- 08 Nigam Godown Bazar Samiti Lakhisarai","uniqueid":"DCP_69145b9361f","active":false,"type":"DCP","latitude":"25.153019","longitude":"86.09811","district":"Lakhisarai","id":"239","demand":"9860","demand_rice":"0.00"}
[2026-02-20 15:18:00] district_user -> DCP Edit ->Lakhisarai@pds| Requested JSON -> {"name":"Godown No- 01 Nigam Godown  Bazar Samiti Lakhisarai","uniqueid":"DCP_69145b9362e","active":"1","type":"DCP","latitude":"25.15423","longitude":"86.09773","district":"Lakhisarai","id":"232","demand":"8700.00","demand_rice":"0.00"}
[2026-02-20 15:24:49] User -> DCP Active -> Lakhisarai@pds| Godown No  Nigam Godown Bazar Samiti Lakhisarai
[2026-02-20 15:25:49] district_user -> DCP Edit ->Lakhisarai@pds| Requested JSON -> {"name":"Godown No- 02 Nigam Godown Bazar Samiti Lakhisarai","uniqueid":"DCP_69145b9363d","active":"1","type":"DCP","latitude":"25.154014","longitude":"86.097145","district":"Lakhisarai","id":"233","demand":"0.00","demand_rice":"0.00"}
[2026-02-20 15:26:08] district_user -> DCP Edit ->Lakhisarai@pds| Requested JSON -> {"name":"Godown No- 03 Nigam Godown Bazar Samiti Lakhisarai","uniqueid":"DCP_69145b9364a","active":"1","type":"DCP","latitude":"25.155731","longitude":"86.096622","district":"Lakhisarai","id":"234","demand":"0.00","demand_rice":"0.00"}
[2026-02-20 15:26:13] User -> DCP InActive -> Lakhisarai@pds| Godown No- 04 Nigam Godown ,Bazar Samiti, Lakhisarai,
[2026-02-20 15:26:20] User -> DCP Active -> Lakhisarai@pds| Godown No- 04 Nigam Godown ,Bazar Samiti, Lakhisarai,
[2026-02-20 15:26:46] district_user -> DCP Edit ->Lakhisarai@pds| Requested JSON -> {"name":"Godown No- 04 Nigam Godown Bazar Samiti Lakhisarai","uniqueid":"DCP_69145b93657","active":"1","type":"DCP","latitude":"25.155851","longitude":"86.095723","district":"Lakhisarai","id":"235","demand":"0.00","demand_rice":"0.00"}
[2026-02-20 15:31:12] User -> DCP Active -> Nalanda@pds| Godown No- 19, Nigam Godown, Jangipur Asthawa Block Parisar
[2026-02-20 15:31:40] User -> DCP Active -> Nalanda@pds| Godown No.-12, Neera Godown, Bazar Samiti parisar, Biharsharif, Nalanda
[2026-02-20 15:34:41] district_user -> DCP Edit ->Nalanda@pds| Requested JSON -> {"name":"Godown No- 03Swc Godown  Bazar Samiti Parisar Biharsharif","uniqueid":"DCP_69145b93965","active":"1","type":"DCP","latitude":"25.197405","longitude":"85.505908","district":"Nalanda","id":"17","demand":"17110","demand_rice":"00"}
[2026-02-20 15:36:40] district_user -> DCP Edit ->Nalanda@pds| Requested JSON -> {"name":"Godown No- 01 Swc Godown  Bazar Samiti Parisar Biharsharif","uniqueid":"DCP_69145b93948","active":"1","type":"DCP","latitude":"25.197405","longitude":"85.505908","district":"Nalanda","id":"15","demand":"17400","demand_rice":"00"}
[2026-02-20 15:37:17] district_user -> DCP Edit ->Nalanda@pds| Requested JSON -> {"name":"Godown No- 04Swc Godown  Bazar Samiti Parisar Biharsharif","uniqueid":"DCP_69145b93972","active":"1","type":"DCP","latitude":"25.197405","longitude":"85.505908","district":"Nalanda","id":"18","demand":"16240","demand_rice":"00"}
[2026-02-20 15:39:38] district_user -> DCP Edit ->Nalanda@pds| Requested JSON -> {"name":"Godown No- 14 Bhartiye Khadh Nigam Godown Mokama","uniqueid":"DCP_69145b93735","active":"1","type":"DCP","latitude":"25.400244","longitude":"85.902741","district":"Nalanda","id":"23","demand":"00","demand_rice":"00"}
[2026-02-20 15:39:56] district_user -> DCP Edit ->Nalanda@pds| Requested JSON -> {"name":"Godown No- 13 Nigam Godown  Bazar Samiti Parisar Barh","uniqueid":"DCP_69145b93819","active":"1","type":"DCP","latitude":"25.475405","longitude":"85.719198","district":"Nalanda","id":"13","demand":"00","demand_rice":"00"}
[2026-02-20 15:41:24] district_user -> DCP Edit ->Nalanda@pds| Requested JSON -> {"name":"Godown No-14 Bhartiye Khadh Nigam Godown Mokama","uniqueid":"DCP_69145b93735","active":"1","type":"DCP","latitude":"25.400244","longitude":"85.902741","district":"Nalanda","id":"23","demand":"00","demand_rice":"00"}
[2026-02-20 15:42:08] district_user -> DCP Edit ->Nalanda@pds| Requested JSON -> {"name":"Godown No 14 Bhartiye Khadh Nigam Godown Mokama","uniqueid":"DCP_69145b93735","active":"1","type":"DCP","latitude":"25.400244","longitude":"85.902741","district":"Nalanda","id":"23","demand":"00","demand_rice":"00"}
[2026-02-20 15:45:19] district_user -> DCP Edit ->Nalanda@pds| Requested JSON -> {"name":"Godown No  01 Swc Godown  Bazar Samiti Parisar Biharsharif","uniqueid":"DCP_69145b93948","active":"1","type":"DCP","latitude":"25.197405","longitude":"85.505908","district":"Nalanda","id":"15","demand":"3107.70","demand_rice":"00"}
[2026-02-20 15:46:45] district_user -> DCP Edit ->Nalanda@pds| Requested JSON -> {"name":"Godown No Swc Godown  Bazar Samiti Parisar Biharsharif","uniqueid":"DCP_69145b93965","active":"1","type":"DCP","latitude":"25.197405","longitude":"85.505908","district":"Nalanda","id":"17","demand":"14648.30","demand_rice":"00"}
[2026-02-20 15:48:30] district_user -> DCP Edit ->Bhagalpur@pds| Requested JSON -> {"name":"Godown No-10 Nigam Godown Bagbari Bazar Samiti Bhagalpur","uniqueid":"DCP_69145b93252","active":"1","type":"DCP","latitude":"25.218321","longitude":"86.979006","district":"Bhagalpur","id":"423","demand":"21750","demand_rice":"0.00"}
[2026-02-20 15:48:59] User -> DCP Active -> Bhagalpur@pds| Godown No- 02 Nigam Godown , Bagbari, Bazar Parisar
[2026-02-20 15:51:30] district_user -> DCP Edit ->Bhagalpur@pds| Requested JSON -> {"name":"Godown No- 04 Nigam Godown  Pirpanti Block Parisar","uniqueid":"DCP_69145b93105","active":false,"type":"DCP","latitude":"25.298398","longitude":"87.427994","district":"Bhagalpur","id":"255","demand":"0.00","demand_rice":"0.00"}
[2026-02-20 15:52:33] district_user -> DCP Edit ->Bhagalpur@pds| Requested JSON -> {"name":"Godown No- 01 Nigam Godown  Bagbari Bazar Parisar","uniqueid":"DCP_69145b93225","active":"1","type":"DCP","latitude":"25.217925","longitude":"86.981223","district":"Bhagalpur","id":"252","demand":"0.00","demand_rice":"0.00"}
[2026-02-20 15:52:54] district_user -> DCP Edit ->Bhagalpur@pds| Requested JSON -> {"name":"Godown No- 02 Nigam Godown  Bagbari Bazar Parisar","uniqueid":"DCP_69145b93260","active":"1","type":"DCP","latitude":"25.217554","longitude":"86.978918","district":"Bhagalpur","id":"253","demand":"0.00","demand_rice":"0.00"}
[2026-02-20 15:53:20] district_user -> DCP Edit ->Bhagalpur@pds| Requested JSON -> {"name":"Godown No- 03 Nigam Godown  Bagbari Bazar Parisar","uniqueid":"DCP_69145b9326e","active":"1","type":"DCP","latitude":"25.21737212","longitude":"86.97887737","district":"Bhagalpur","id":"254","demand":"0.00","demand_rice":"0.00"}
[2026-02-20 15:55:04] User -> DCP InActive -> Khagaria@pds| Godown No-04 Nav Nirmit Nigam Godown ,Sadar Prakhand,Khagaria
[2026-02-20 15:59:27] district_user -> DCP Edit ->Khagaria@pds| Requested JSON -> {"name":"Godown No- 01 Nigam Godown  Bazar Samiti Khagaria","uniqueid":"DCP_69145b9354a","active":"1","type":"DCP","latitude":"25.51843","longitude":"86.47459","district":"Khagaria","id":"251","demand":"15080.00","demand_rice":"0.00"}
[2026-02-20 15:59:52] User -> DCP Active -> Khagaria@pds| Godown No-04 Nav Nirmit Nigam Godown ,Sadar Prakhand,Khagaria
[2026-02-20 16:02:34] district_user -> DCP Edit ->Khagaria@pds| Requested JSON -> {"name":"Godown No-04 Nav Nirmit Nigam Godown Sadar PrakhandKhagaria","uniqueid":"DCP_69145b93505","active":"1","type":"DCP","latitude":"25.509548","longitude":"86.491317","district":"Khagaria","id":"467","demand":"0.00","demand_rice":"0.00"}
[2026-02-20 16:02:48] district_user -> DCP added ->West_Champaran@pds| Requested JSON -> {"name":"DCP","latitude":"26.941294","longitude":"84.544661","district":"West champaran","id":"Sfcopt163","demand":"20300","demand_rice":"00"}
[2026-02-20 16:03:33] district_user -> DCP Edit ->Khagaria@pds| Requested JSON -> {"name":"Godown No-01  Nigam Godown  Bazar Samiti Khagaria","uniqueid":"DCP_69145b9354a","active":"1","type":"DCP","latitude":"25.51843","longitude":"86.47459","district":"Khagaria","id":"251","demand":"15080.00","demand_rice":"0.00"}
[2026-02-20 16:07:06] district_user -> DCP added ->West_Champaran@pds| Requested JSON -> {"name":"DCP","latitude":"27.113249","longitude":"84.470575","district":"West champaran","id":"Sfcopt164","demand":"1160","demand_rice":"0.00"}
[2026-02-20 16:09:06] district_user -> DCP added ->West_Champaran@pds| Requested JSON -> {"name":"DCP","latitude":"27.109024","longitude":"84.075242","district":"West champaran","id":"Sfcopt166","demand":"3770","demand_rice":"0.00"}
[2026-02-20 16:11:04] district_user -> DCP added ->West_Champaran@pds| Requested JSON -> {"name":"DCP","latitude":"26.798973","longitude":"84.530595","district":"West champaran","id":"Sfcopt162","demand":"0.00","demand_rice":"0.00"}
[2026-02-20 16:12:27] district_user -> DCP Edit ->West_Champaran@pds| Requested JSON -> {"name":"Godown No- 01 Nigam Godown Bazar Samiti BettiahW CHAMPARAN","uniqueid":"DCP_6998282c19d","active":"1","type":"DCP","latitude":"26.799452","longitude":"84.530823","district":"Pashchim Champaran","id":"Sfcopt161","demand":"7250","demand_rice":"0.00"}
[2026-02-20 16:13:47] district_user -> DCP Edit ->Gopalganj@pds| Requested JSON -> {"name":"Godown No-13Singh GodownKoiniCMRGodown","uniqueid":"DCP_69145b940ff","active":"1","type":"DCP","latitude":"26.427027","longitude":"84.51284","district":"Gopalganj","id":"511","demand":"7350.00","demand_rice":"0.00"}
[2026-02-20 16:14:46] district_user -> DCP Edit ->Gopalganj@pds| Requested JSON -> {"name":"Godown No-14Singh GodownKoiniCMRGodown","uniqueid":"DCP_69145b9410c","active":"1","type":"DCP","latitude":"26.427027","longitude":"84.51284","district":"Gopalganj","id":"512","demand":"0.00","demand_rice":"0.00"}
[2026-02-20 16:15:31] district_user -> DCP added ->West_Champaran@pds| Requested JSON -> {"name":"DCP","latitude":"27.109024","longitude":"84.075242","district":"West champaran","id":"Sfcopt689","demand":"0.00","demand_rice":"0.00"}
[2026-02-20 16:17:02] district_user -> DCP added ->West_Champaran@pds| Requested JSON -> {"name":"DCP","latitude":"27.112489","longitude":"84.470715","district":"West champaran","id":"Sfcopt501","demand":"0.00","demand_rice":"0.00"}
[2026-02-20 16:18:24] district_user -> DCP Edit ->Gopalganj@pds| Requested JSON -> {"name":"Godown No-13Singh GodownKoiniCMRGodown","uniqueid":"DCP_69145b940ff","active":"1","type":"DCP","latitude":"26.427027","longitude":"84.51284","district":"Gopalganj","id":"511","demand":"7350.00","demand_rice":"0.00"}
[2026-02-20 16:20:32] district_user -> DCP Edit ->Gopalganj@pds| Requested JSON -> {"name":"Godown No-13Singh GodownKoiniCMRGodown","uniqueid":"DCP_69145b940ff","active":"1","type":"DCP","latitude":"26.427027","longitude":"84.51284","district":"Gopalganj","id":"511","demand":"7350.00","demand_rice":"0.00"}
[2026-02-20 16:22:04] district_user -> DCP Edit ->Gopalganj@pds| Requested JSON -> {"name":"Godown No-15Singh GodownKoien Ke Pass","uniqueid":"DCP_69145b94118","active":"1","type":"DCP","latitude":"26.427242","longitude":"84.51252","district":"Gopalganj","id":"525","demand":"0.00","demand_rice":"0.00"}
[2026-02-20 16:22:52] district_user -> DCP Edit ->Nawada@pds| Requested JSON -> {"name":"Godown No-15 Shri Mti Madhwi Devi Ka Niji Godown KunjroadRoh Bhag-2","uniqueid":"DCP_69145b938a0","active":"1","type":"DCP","latitude":"24.857302","longitude":"85.606514","district":"Nawada","id":"662","demand":"0.00","demand_rice":"0.00"}
[2026-02-20 16:26:06] district_user -> DCP Edit ->Nawada@pds| Requested JSON -> {"name":"Godown No- 03 Biscoman Sobiya","uniqueid":"DCP_69145b938f6","active":"1","type":"DCP","latitude":"24.869547","longitude":"85.530195","district":"Nawada","id":"118","demand":"0.00","demand_rice":"00.00"}
[2026-02-20 16:26:34] district_user -> DCP Edit ->Gopalganj@pds| Requested JSON -> {"name":"Godown No-13Singh GodownKoiniCMRGodown","uniqueid":"DCP_69145b940ff","active":"1","type":"DCP","latitude":"26.427027","longitude":"84.51284","district":"Gopalganj","id":"511","demand":"7350.00","demand_rice":"0.00"}
[2026-02-20 16:27:06] district_user -> DCP Edit ->Nawada@pds| Requested JSON -> {"name":"Godown No-8 Shree Mati Veena Devi Ka Niji GodownNawada","uniqueid":"DCP_69145b93903","active":"1","type":"DCP","latitude":"24.8928979","longitude":"85.5271161","district":"Nawada","id":"417","demand":"0.00","demand_rice":"0.00"}
[2026-02-20 16:27:22] district_user -> DCP added ->Jamui@pds| Requested JSON -> {"name":"DCP","latitude":"24.814145","longitude":"86.484872","district":"Jamui","id":"770","demand":"14500.00","demand_rice":"0.00"}
[2026-02-20 16:27:39] district_user -> DCP Edit ->Nawada@pds| Requested JSON -> {"name":"Godown No-17Narhat Pacs GodownNawada","uniqueid":"DCP_69145b939c9","active":false,"type":"DCP","latitude":"24.775969","longitude":"85.41662","district":"Nawada","id":"737","demand":"0.00","demand_rice":"0.00"}
[2026-02-20 16:28:16] district_user -> DCP Edit ->Jamui@pds| Requested JSON -> {"name":"Godown No-14Nav Nirmit  Pre-fab GodownJhajha","uniqueid":"DCP_69983e12ee4","active":"1","type":"DCP","latitude":"24.814145","longitude":"86.484872","district":"Jamui","id":"770","demand":"14500.00","demand_rice":"0.00"}
[2026-02-20 16:29:22] district_user -> DCP Edit ->Jamui@pds| Requested JSON -> {"name":"Godown No-14Nav Nirmit  Pre-fab GodownJhajha","uniqueid":"DCP_69983e12ee4","active":"1","type":"DCP","latitude":"24.814145","longitude":"86.484872","district":"Jamui","id":"770","demand":"14500.00","demand_rice":"0.00"}
[2026-02-20 16:30:10] district_user -> DCP Edit ->Jamui@pds| Requested JSON -> {"name":"Godown No-14Nav Nirmit  Pre-fab GodownJhajha","uniqueid":"DCP_69983e12ee4","active":"1","type":"DCP","latitude":"24.814145","longitude":"86.484872","district":"Jamui","id":"770","demand":"14500.00","demand_rice":"0.00"}
[2026-02-20 16:31:52] district_user -> DCP added ->West_Champaran@pds| Requested JSON -> {"name":"DCP","latitude":"27.112489","longitude":"84.470715","district":"West champaran","id":"Sfcopt501","demand":"0.00","demand_rice":"0.00"}
[2026-02-20 16:32:08] district_user -> DCP Edit ->Jamui@pds| Requested JSON -> {"name":"Godown No-14Nav Nirmit  Pre-fab GodownJhajha","uniqueid":"DCP_69983e12ee4","active":"1","type":"DCP","latitude":"24.814145","longitude":"86.484872","district":"Jamui","id":"770","demand":"14500.00","demand_rice":"0.00"}
[2026-02-20 16:33:04] district_user -> DCP Edit ->Jamui@pds| Requested JSON -> {"name":"Godown No- 01 Nigam Godown Khaira","uniqueid":"DCP_69145b935a9","active":"1","type":"DCP","latitude":"24.8329697","longitude":"86.1944046","district":"Jamui","id":"229","demand":"21170.00","demand_rice":"0.00"}
[2026-02-20 16:34:58] district_user -> DCP added ->Nawada@pds| Requested JSON -> {"name":"DCP","latitude":"24.86781","longitude":"85.51278","district":"Nawada","id":"780","demand":"0.00","demand_rice":"0.00"}
[2026-02-20 16:35:06] district_user -> DCP Edit ->Jamui@pds| Requested JSON -> {"name":"Godown No-14 Nav Nirmit Pre-feb Godown Jhajha","uniqueid":"DCP_69983e12ee4","active":"1","type":"DCP","latitude":"24.814145","longitude":"86.484872","district":"Jamui","id":"770","demand":"14500.00","demand_rice":"0.00"}
[2026-02-20 16:35:55] district_user -> DCP Edit ->Jamui@pds| Requested JSON -> {"name":"Godown No-14 Nav Nirmit Prefeb Godown","uniqueid":"DCP_69983e12ee4","active":"1","type":"DCP","latitude":"24.814145","longitude":"86.484872","district":"Jamui","id":"770","demand":"14500.00","demand_rice":"0.00"}
[2026-02-20 16:37:11] district_user -> DCP Edit ->Nawada@pds| Requested JSON -> {"name":"Godown No-18 Shri Mati Veena Devi Nawada Biyada","uniqueid":"DCP_69983fda4c0","active":"1","type":"DCP","latitude":"24.86781","longitude":"85.51278","district":"Nawada","id":"780","demand":"0.00","demand_rice":"0.00"}
[2026-02-20 16:37:23] district_user -> DCP Edit ->Jamui@pds| Requested JSON -> {"name":"Godown No-14Nav Nirmit  Pre-fab GodownJhajha","uniqueid":"DCP_69983e12ee4","active":"1","type":"DCP","latitude":"24.814145","longitude":"86.484872","district":"Jamui","id":"770","demand":"14500.00","demand_rice":"0.00"}
[2026-02-20 16:41:16] district_user -> DCP Edit ->Jamui@pds| Requested JSON -> {"name":"Godown No-14 Nav Nirmit  Pre-fab GodownJhajha","uniqueid":"DCP_69983e12ee4","active":"1","type":"DCP","latitude":"24.814145","longitude":"86.484872","district":"Jamui","id":"770","demand":"14500.00","demand_rice":"0.00"}
[2026-02-20 16:43:01] district_user -> Warehouse Edit ->Gopalganj@pds| Requested JSON -> {"name":"Tpds Manjha","uniqueid":"WH_69145dd92c46","active":"1","type":"motorable","latitude":"26.399852","storage":"5000","district":"Gopalganj","id":"2170214","warehousetype":"swc","longitude":"84.491055"}
[2026-02-20 16:43:18] User -> DCP Active -> Purnia@pds| Godown No- 01 Nigam Godown , Bazar Samiti, Kasba,
[2026-02-20 16:43:21] User -> DCP Active -> Purnia@pds| Godown No- 04,Nigam Godown,Bazar Samiti,Kasba
[2026-02-20 16:43:23] User -> DCP Active -> Purnia@pds| Godown No- 03, Nigam Godown , Jalalgardh
[2026-02-20 16:43:26] User -> DCP Active -> Purnia@pds| Godown No -05 Nigam Godown Bazar Samati,Banmankhi
[2026-02-20 16:44:48] district_user -> DCP Edit ->Jamui@pds| Requested JSON -> {"name":"Godown No-14 Nav Nirmit  Prefab Godown jhajha","uniqueid":"DCP_69983e12ee4","active":"1","type":"DCP","latitude":"24.814145","longitude":"86.484872","district":"Jamui","id":"770","demand":"14500.00","demand_rice":"0.00"}
[2026-02-20 16:45:16] User -> DCP InActive -> Jamui@pds| Godown No Nav Nirmit  Prefab Godown Jhajha
[2026-02-20 16:46:57] User -> DCP Edit -> Katihar@pds| Godown No- 01 Nigam Godown,Bazar Samiti,Parisar, Tingachia
[2026-02-20 16:46:57] User -> DCP Edit -> Katihar@pds| Godown No-05, Bazar Samiti, Tingachiya, Katihar-C, Katihar
[2026-02-20 16:54:02] User -> DCP InActive -> Samastipur@pds| Godown No- 03, Nigam Godown Dalsinghsarai, Bazar Samiti,
[2026-02-20 16:55:36] district_user -> DCP Edit ->Samastipur@pds| Requested JSON -> {"name":"Godown No- 01 Nigam Godown  Bazar Samiti  Samastipur","uniqueid":"DCP_69145b937be","active":"1","type":"DCP","latitude":"25.87505","longitude":"85.79266","district":"Samastipur","id":"192","demand":"30160.00","demand_rice":"00"}
[2026-02-20 16:57:21] district_user -> DCP Edit ->Samastipur@pds| Requested JSON -> {"name":"Godown No- 04 Nigam Godown Dalsinghsarai Bazar Samiti","uniqueid":"DCP_69145b937a5","active":"1","type":"DCP","latitude":"25.67256","longitude":"85.82439","district":"Samastipur","id":"195","demand":"17400.00","demand_rice":"00"}
[2026-02-20 16:58:03] district_user -> DCP Edit ->Samastipur@pds| Requested JSON -> {"name":"Godown No- 05 Nigam Godown Dalsinghsarai Bazar Samiti","uniqueid":"DCP_69145b937b1","active":"1","type":"DCP","latitude":"25.67256","longitude":"85.82439","district":"Samastipur","id":"196","demand":"6670.00","demand_rice":"00"}
[2026-02-20 16:58:56] district_user -> DCP Edit ->Samastipur@pds| Requested JSON -> {"name":"Godown No- 02Nigam Godown  Bazar Samiti  Samastipur","uniqueid":"DCP_69145b937cc","active":"1","type":"DCP","latitude":"25.87505","longitude":"85.79266","district":"Samastipur","id":"193","demand":"00","demand_rice":"00"}
[2026-02-20 16:59:13] district_user -> DCP Edit ->Samastipur@pds| Requested JSON -> {"name":"Godown No- 03 Nigam Godown Dalsinghsarai Bazar Samiti","uniqueid":"DCP_69145b93794","active":false,"type":"DCP","latitude":"25.67256","longitude":"85.82439","district":"Samastipur","id":"194","demand":"00","demand_rice":"00"}
[2026-02-20 16:59:27] User -> DCP Active -> Samastipur@pds| Godown No  Nigam Godown Dalsinghsarai Bazar Samiti
[2026-02-20 18:56:39] district_user -> DCP Edit ->banka@pds| Requested JSON -> {"name":"Godown No- 03  Nigam Godown Nawagarh  Pokhar","uniqueid":"DCP_69145b932d1","active":"1","type":"DCP","latitude":"25.055242","longitude":"86.89346","district":"Banka","id":"263","demand":"5220.00","demand_rice":"0.00"}
[2026-02-20 18:58:07] district_user -> DCP Edit ->banka@pds| Requested JSON -> {"name":"Godown No- 06 Nigam Godown Ktoriya","uniqueid":"DCP_69145b93361","active":"1","type":"DCP","latitude":"24.743461","longitude":"86.72642","district":"Banka","id":"388","demand":"5000.00","demand_rice":"0.00"}
[2026-02-20 18:58:40] district_user -> DCP Edit ->banka@pds| Requested JSON -> {"name":"Godown No  Nigam Godown Ktoriya","uniqueid":"DCP_69145b93361","active":"1","type":"DCP","latitude":"24.743461","longitude":"86.72642","district":"Banka","id":"388","demand":"5000.00","demand_rice":"0.00"}
[2026-02-20 19:02:46] district_user -> DCP Edit ->banka@pds| Requested JSON -> {"name":"Godown No.9 Nigam Godown Chandan","uniqueid":"DCP_69145b933b7","active":"1","type":"DCP","latitude":"24.6121512","longitude":"86.66569","district":"Banka","id":"411","demand":"5220.00","demand_rice":"0.00"}
[2026-02-20 19:04:14] district_user -> DCP Edit ->banka@pds| Requested JSON -> {"name":"Godown No.10 Nigam Godown Belhar","uniqueid":"DCP_69145b93428","active":"1","type":"DCP","latitude":"24.918271","longitude":"86.598236","district":"Banka","id":"412","demand":"4930.00","demand_rice":"0.00"}
[2026-02-20 19:05:49] district_user -> DCP Edit ->banka@pds| Requested JSON -> {"name":"Godown No  Nigam Godown Ktoriya","uniqueid":"DCP_69145b93361","active":"1","type":"DCP","latitude":"24.743461","longitude":"86.72642","district":"Banka","id":"388","demand":"7540.00","demand_rice":"0.00"}
[2026-02-20 19:08:36] district_user -> DCP added ->banka@pds| Requested JSON -> {"name":"DCP","latitude":"25.04915","longitude":"86.998101","district":"Banka","id":"banka@pds","demand":"0.00","demand_rice":"0.00"}
[2026-02-20 22:47:46] district_user -> DCP Edit ->Siwan@pds| Requested JSON -> {"name":"Godown No- 19 Nigam Godown Siswan","uniqueid":"DCP_69145b941e4","active":"1","type":"DCP","latitude":"25.951606","longitude":"84.399216","district":"Siwan","id":"584","demand":"3190","demand_rice":"0.00"}
[2026-02-20 22:48:52] district_user -> DCP Edit ->Siwan@pds| Requested JSON -> {"name":"Godown No- 26Biskoman GodownVirudiya HataKrishi Bhawan Ke Pass","uniqueid":"DCP_69145b94249","active":"1","type":"DCP","latitude":"26.2315","longitude":"84.3533","district":"Siwan","id":"623","demand":"8990","demand_rice":"0.00"}
[2026-02-20 22:49:30] district_user -> DCP Edit ->Siwan@pds| Requested JSON -> {"name":"Godown No- 8 Darauli Prakhand Parisar","uniqueid":"DCP_69145b94415","active":"1","type":"DCP","latitude":"26.0889708","longitude":"84.1309455","district":"Siwan","id":"333","demand":"4350","demand_rice":"0.00"}
[2026-02-20 22:50:05] district_user -> DCP Edit ->Siwan@pds| Requested JSON -> {"name":"Godown No-03 Nigam Godown Block Parisar Maharajganj","uniqueid":"DCP_69145b94134","active":"1","type":"DCP","latitude":"26.107919","longitude":"84.494755","district":"Siwan","id":"127","demand":"4640","demand_rice":"0.00"}
[2026-02-20 22:51:10] district_user -> DCP Edit ->Siwan@pds| Requested JSON -> {"name":"Godown No-04 Nigam Godown Block Parisar Maharajganj","uniqueid":"DCP_69145b94127","active":"1","type":"DCP","latitude":"26.108027","longitude":"84.495687","district":"Siwan","id":"128","demand":"3190","demand_rice":"0.00"}
[2026-02-20 22:52:38] district_user -> DCP Edit ->Siwan@pds| Requested JSON -> {"name":"Godown No-05 Nigam Godown Darondha","uniqueid":"DCP_69145b9416c","active":"1","type":"DCP","latitude":"26.084758","longitude":"84.459806","district":"Siwan","id":"129","demand":"4350","demand_rice":"0.00"}
[2026-02-20 22:53:05] district_user -> DCP Edit ->Siwan@pds| Requested JSON -> {"name":"Godown No-13Nigam GodownAandarSiwan","uniqueid":"DCP_69145b9429c","active":"1","type":"DCP","latitude":"26.101148","longitude":"84.291581","district":"Siwan","id":"477","demand":"4350","demand_rice":"0.00"}
[2026-02-20 22:53:40] district_user -> DCP Edit ->Siwan@pds| Requested JSON -> {"name":"Godown No-14Nigam GodownHussainganjSiwan","uniqueid":"DCP_69145b94273","active":"1","type":"DCP","latitude":"26.148224","longitude":"84.326176","district":"Siwan","id":"478","demand":"2610","demand_rice":"0.00"}
[2026-02-20 22:54:10] district_user -> DCP Edit ->Siwan@pds| Requested JSON -> {"name":"Godown No-15Nigam GodownHussainganjSiwan","uniqueid":"DCP_69145b94280","active":"1","type":"DCP","latitude":"26.144165","longitude":"84.325896","district":"Siwan","id":"479","demand":"4060","demand_rice":"0.00"}
[2026-02-20 22:55:51] User -> DCP InActive -> Siwan@pds| Godown Nonigam Godownhussainganjsiwan
[2026-02-20 22:56:14] User -> DCP Active -> Siwan@pds| Godown Nonigam Godownhussainganjsiwan
