[2026-02-21 07:52:01] district_user -> DCP added ->Gopalganj@pds| Requested JSON -> {"name":"DCP","latitude":"26.42722","longitude":"84.51256","district":"Gopalganj","id":"132","demand":"0.00","demand_rice":"0.00"}
[2026-02-21 08:00:33] district_user -> DCP added ->Gopalganj@pds| Requested JSON -> {"name":"DCP","latitude":"26.498417","longitude":"84.404382","district":"Gopalganj","id":"776","demand":"0.00","demand_rice":"0.00"}
[2026-02-21 08:02:19] User -> DCP Active -> Gopalganj@pds| Godown No-21,Singh Godown,Manjha,Gopalganj
[2026-02-21 10:26:18] district_user -> DCP added ->East_Champaran@pds| Requested JSON -> {"name":"DCP","latitude":"26.4118","longitude":"85.04233","district":"East champaran","id":"East_Champaran@pds","demand":"0.00","demand_rice":"0.00"}
[2026-02-21 10:32:14] User -> DCP InActive -> East_Champaran@pds| DCP
[2026-02-21 10:32:25] User -> DCP Active -> East_Champaran@pds| DCP
[2026-02-21 10:35:11] district_user -> DCP added ->East_Champaran@pds| Requested JSON -> {"name":"DCP","latitude":"26.4118","longitude":"85.04233","district":"East champaran","id":"SFCOPT167","demand":"3480.00","demand_rice":"0.00"}
[2026-02-21 10:39:23] district_user -> DCP added ->East_Champaran@pds| Requested JSON -> {"name":"DCP","latitude":"26.4118","longitude":"85.04233","district":"East champaran","id":"East_Champaran@pds","demand":"14790.00","demand_rice":"0.00"}
[2026-02-21 10:50:42] district_user -> DCP added ->East_Champaran@pds| Requested JSON -> {"name":"DCP","latitude":"26.4118","longitude":"85.04233","district":"East champaran","id":"SFCOPT167","demand":"0.00","demand_rice":"0.00"}
[2026-02-21 10:53:18] district_user -> DCP added ->East_Champaran@pds| Requested JSON -> {"name":"DCP","latitude":"26.4118","longitude":"85.04233","district":"East champaran","id":"SFCOPT168","demand":"14790.00","demand_rice":"0.00"}
[2026-02-21 10:55:57] district_user -> DCP added ->East_Champaran@pds| Requested JSON -> {"name":"DCP","latitude":"26.4118","longitude":"85.04233","district":"East champaran","id":"SFCOPT169","demand":"0.00","demand_rice":"0.00"}
[2026-02-21 10:57:53] district_user -> DCP added ->East_Champaran@pds| Requested JSON -> {"name":"DCP","latitude":"26.4118","longitude":"85.04233","district":"East champaran","id":"SFCOPT170","demand":"0.00","demand_rice":"0.00"}
[2026-02-21 11:01:22] district_user -> DCP added ->East_Champaran@pds| Requested JSON -> {"name":"DCP","latitude":"26.4118","longitude":"85.04233","district":"East champaran","id":"SFCOPT171","demand":"17400.00","demand_rice":"0.00"}
[2026-02-21 11:04:24] district_user -> DCP added ->East_Champaran@pds| Requested JSON -> {"name":"DCP","latitude":"26.69713","longitude":"84.88651","district":"East champaran","id":"SFCOPT172","demand":"8700.00","demand_rice":"0.00"}
[2026-02-21 11:11:54] district_user -> DCP added ->East_Champaran@pds| Requested JSON -> {"name":"DCP","latitude":"26.4118","longitude":"85.04233","district":"East champaran","id":"SFCOPT173","demand":"26390.00","demand_rice":"0.00"}
[2026-02-21 11:15:41] district_user -> DCP added ->East_Champaran@pds| Requested JSON -> {"name":"DCP","latitude":"26.69713","longitude":"84.88651","district":"East champaran","id":"SFCOPT298","demand":"0.00","demand_rice":"0.00"}
[2026-02-21 11:19:13] district_user -> DCP added ->East_Champaran@pds| Requested JSON -> {"name":"DCP","latitude":"26.69713","longitude":"84.88651","district":"East champaran","id":"SFCOPT408","demand":"0.00","demand_rice":"0.00"}
[2026-02-21 11:22:56] district_user -> DCP added ->East_Champaran@pds| Requested JSON -> {"name":"DCP","latitude":"26.87393","longitude":"84.790231","district":"East champaran","id":"SFCOPT629","demand":"25520.00","demand_rice":"0.00"}
[2026-02-21 11:48:37] district_user -> DCP added ->banka@pds| Requested JSON -> {"name":"DCP","latitude":"24.948377","longitude":"86.605263","district":"Banka","id":"775","demand":"0.00","demand_rice":"0.00"}
[2026-02-21 11:49:58] district_user -> DCP Edit ->banka@pds| Requested JSON -> {"name":"DCP","uniqueid":"DCP_699863dc58a","active":"1","type":"DCP","latitude":"25.04915","longitude":"86.998101","district":"Banka","id":"774","demand":"0.00","demand_rice":"0.00"}
[2026-02-21 11:52:46] district_user -> DCP Edit ->banka@pds| Requested JSON -> {"name":"Godown no-35A.S Warehouse ka Niji Godown Dumaria Belhar Banka","uniqueid":"DCP_69994e3d2fd","active":"1","type":"DCP","latitude":"24.948377","longitude":"86.605263","district":"Banka","id":"775","demand":"0.00","demand_rice":"0.00"}
[2026-02-21 11:54:16] district_user -> DCP Edit ->banka@pds| Requested JSON -> {"name":"Godown no-34 M.singh ji warehouse ka niji godown Anandpur Rajaun Banka","uniqueid":"DCP_699863dc58a","active":"1","type":"DCP","latitude":"25.04915","longitude":"86.998101","district":"Banka","id":"774","demand":"0.00","demand_rice":"0.00"}
[2026-02-21 12:01:29] district_user -> DCP Edit ->Munger@pds| Requested JSON -> {"name":"Godown No- 02 Nigam Godown Bazar Samiti Safiasarai Safiyabad Munger","uniqueid":"DCP_69145b93532","active":"1","type":"DCP","latitude":"25.344114","longitude":"86.485046","district":"Munger","id":"227","demand":"15080.00","demand_rice":"0.00"}
[2026-02-21 12:02:44] district_user -> DCP Edit ->Munger@pds| Requested JSON -> {"name":"Godown No.-04Nigam GodownBazar SamitiSafiyabadMunger","uniqueid":"DCP_69145b9353e","active":"1","type":"DCP","latitude":"25.343908","longitude":"86.484108","district":"Munger","id":"362","demand":"11600.00","demand_rice":"0.00"}
[2026-02-21 12:03:00] User -> DCP InActive -> Munger@pds| Godown No  Nigam Godown Bazar Samiti Safiasarai Safiyabad Munger
[2026-02-21 12:03:09] User -> DCP Active -> Munger@pds| Godown No  Nigam Godown Bazar Samiti Safiasarai Safiyabad Munger
[2026-02-21 17:18:39] district_user -> DCP Edit ->Gopalganj@pds| Requested JSON -> {"name":"Godown No-21Singh GodownManjhaGopalganj","uniqueid":"DCP_69145b940f1","active":"1","type":"DCP","latitude":"26.427425","longitude":"84.513299","district":"Gopalganj","id":"739","demand":"0.00","demand_rice":"0.00"}
[2026-02-21 17:23:51] district_user -> DCP Edit ->Gopalganj@pds| Requested JSON -> {"name":"Godown No- 02 Nigam Godown Manjha Block Parisar","uniqueid":"DCP_69145b94141","active":"1","type":"DCP","latitude":"26.427274","longitude":"84.51288","district":"Gopalganj","id":"131","demand":"17400.00","demand_rice":"00.00"}
[2026-02-21 17:25:12] district_user -> DCP Edit ->Gopalganj@pds| Requested JSON -> {"name":"Godown No-20Shri Krishna Traders Aarar Mod Ke Najdik Gopalganj","uniqueid":"DCP_69145b94186","active":"1","type":"DCP","latitude":"26.459871","longitude":"84.451492","district":"Gopalganj","id":"663","demand":"14500","demand_rice":"0.00"}
[2026-02-21 17:26:13] district_user -> DCP Edit ->Gopalganj@pds| Requested JSON -> {"name":"Godown No  Nigam Godown Manjha Block Parisar","uniqueid":"DCP_69145b94141","active":"1","type":"DCP","latitude":"26.427274","longitude":"84.51288","district":"Gopalganj","id":"131","demand":"17400","demand_rice":"00.00"}
[2026-02-21 17:26:43] district_user -> DCP Edit ->Gopalganj@pds| Requested JSON -> {"name":"Godown Nosingh Godownkoinicmrgodown","uniqueid":"DCP_69145b940ff","active":"1","type":"DCP","latitude":"26.427027","longitude":"84.51284","district":"Gopalganj","id":"511","demand":"7350","demand_rice":"0.00"}
[2026-02-21 17:27:29] district_user -> DCP Edit ->Gopalganj@pds| Requested JSON -> {"name":"Godown No-22Indarwa Abdullah Pacs GodownThawe","uniqueid":"DCP_69145b9421e","active":"1","type":"DCP","latitude":"26.471144","longitude":"84.383886","district":"Gopalganj","id":"740","demand":"0.00","demand_rice":"0.00"}
[2026-02-21 17:29:35] district_user -> DCP Edit ->Gopalganj@pds| Requested JSON -> {"name":"Godown No- 03 Singh Godown Koeni Gao N.H","uniqueid":"DCP_699916c9db1","active":"1","type":"DCP","latitude":"26.42722","longitude":"84.51256","district":"Gopalganj","id":"132","demand":"16530","demand_rice":"0.00"}
[2026-02-21 17:30:38] district_user -> DCP Edit ->Gopalganj@pds| Requested JSON -> {"name":"Godown No-23Rai Godown Konhawa Gopalganj","uniqueid":"DCP_699918c9ec4","active":"1","type":"DCP","latitude":"26.498417","longitude":"84.404382","district":"Gopalganj","id":"776","demand":"0.00","demand_rice":"0.00"}
[2026-02-21 17:31:07] User -> DCP InActive -> Gopalganj@pds| Godown No- 06- Biscoman Godown, Goplaganj Manikpur Road
