[2026-02-27 06:52:38] district_user -> FPS Edit ->Jehanabad@pds| Requested JSON -> {"name":"SHIV KUMAR SINGH ","uniqueid":"FPS_691c2e4e989","active":"1","type":"Normal FPS","latitude":"25.025801","longitude":"84.922462","district":"Jehanabad","id":"123500100739","demand":"26.46","demand_rice":"13.55"}
[2026-02-27 06:53:03] district_user -> FPS Edit ->Jehanabad@pds| Requested JSON -> {"name":"SHIV PRASAD ","uniqueid":"FPS_691c2e493a3","active":"1","type":"Normal FPS","latitude":"25.141727","longitude":"84.986107","district":"Jehanabad","id":"123500100263","demand":"57.60","demand_rice":"38.38"}
[2026-02-27 07:11:06] district_user -> FPS Edit ->Jehanabad@pds| Requested JSON -> {"name":"SHRI CHAND MANJHI ","uniqueid":"FPS_691c2e490b1","active":"1","type":"Normal FPS","latitude":"25.03508","longitude":"85.00399","district":"Jehanabad","id":"123500100240","demand":"0.52","demand_rice":"0.63"}
[2026-02-27 07:25:35] district_user -> FPS Edit ->Jehanabad@pds| Requested JSON -> {"name":"Shri Niwas Kumar","uniqueid":"FPS_691c2e4c69f","active":"1","type":"Normal FPS","latitude":"25.088311","longitude":"85.054111","district":"Jehanabad","id":"123500100563","demand":"65.20","demand_rice":"42.78"}
[2026-02-27 07:26:02] district_user -> FPS Edit ->Jehanabad@pds| Requested JSON -> {"name":"SHYAMBLI SHRMA ","uniqueid":"FPS_691c2e474bd","active":"1","type":"Normal FPS","latitude":"25.138908","longitude":"84.918268","district":"Jehanabad","id":"123500100097","demand":"31.20","demand_rice":"20.80"}
[2026-02-27 07:26:28] district_user -> FPS Edit ->Jehanabad@pds| Requested JSON -> {"name":"SIDESWAR PRASAD GUPTA ","uniqueid":"FPS_691c2e482ed","active":"1","type":"Normal FPS","latitude":"25.112322","longitude":"84.990182","district":"Jehanabad","id":"123500100176","demand":"89.04","demand_rice":"59.52"}
[2026-02-27 07:26:52] district_user -> FPS Edit ->Jehanabad@pds| Requested JSON -> {"name":"SINIL KUMAR SINGH ","uniqueid":"FPS_691c2e4b635","active":"1","type":"Normal FPS","latitude":"25.0659","longitude":"84.97173","district":"Jehanabad","id":"123500100435","demand":"44.28","demand_rice":"29.52"}
[2026-02-27 07:34:29] district_user -> FPS Edit ->Jehanabad@pds| Requested JSON -> {"name":"SITA RAM SINGH ","uniqueid":"FPS_691c2e48d35","active":"1","type":"Normal FPS","latitude":"25.049505","longitude":"84.950492","district":"Jehanabad","id":"123500100223","demand":"5.01","demand_rice":"3.34"}
[2026-02-27 07:34:53] district_user -> FPS Edit ->Jehanabad@pds| Requested JSON -> {"name":"SIYARAM PRASAD","uniqueid":"FPS_691c2e48b02","active":"1","type":"Normal FPS","latitude":"25.028527","longitude":"85.049625","district":"Jehanabad","id":"123500100212","demand":"66.21","demand_rice":"44.14"}
[2026-02-27 07:35:20] district_user -> FPS Edit ->Jehanabad@pds| Requested JSON -> {"name":"SONAFI DEVI ","uniqueid":"FPS_691c2e47694","active":"1","type":"Normal FPS","latitude":"25.126197","longitude":"84.905648","district":"Jehanabad","id":"123500100106","demand":"10.92","demand_rice":"7.38"}
[2026-02-27 07:35:44] district_user -> FPS Edit ->Jehanabad@pds| Requested JSON -> {"name":"SONA LAL SINGH YADAV PACS","uniqueid":"FPS_691c2e49de5","active":"1","type":"Normal FPS","latitude":"25.055814","longitude":"85.058085","district":"Jehanabad","id":"123500100314","demand":"40.32","demand_rice":"26.87"}
[2026-02-27 07:36:21] district_user -> FPS Edit ->Jehanabad@pds| Requested JSON -> {"name":"SURENDRA CHAUDHRI ","uniqueid":"FPS_691c2e4b3ac","active":"1","type":"Normal FPS","latitude":"25.06597","longitude":"84.97116","district":"Jehanabad","id":"123500100418","demand":"76.75","demand_rice":"51.20"}
[2026-02-27 07:36:45] district_user -> FPS Edit ->Jehanabad@pds| Requested JSON -> {"name":"SURENDRA MANJHI ","uniqueid":"FPS_691c2e4d713","active":"1","type":"Normal FPS","latitude":"25.03267","longitude":"85.00309","district":"Jehanabad","id":"123500100649","demand":"19.02","demand_rice":"12.68"}
[2026-02-27 07:37:25] district_user -> FPS Edit ->Jehanabad@pds| Requested JSON -> {"name":"SURENDRA PASWAN ","uniqueid":"FPS_691c2e49a57","active":"1","type":"Normal FPS","latitude":"25.078161","longitude":"84.954626","district":"Jehanabad","id":"123500100298","demand":"33.55","demand_rice":"22.36"}
[2026-02-27 07:37:52] district_user -> FPS Edit ->Jehanabad@pds| Requested JSON -> {"name":"SURENDRA SINGH ","uniqueid":"FPS_691c2e48e08","active":"1","type":"Normal FPS","latitude":"25.051688","longitude":"84.981948","district":"Jehanabad","id":"123500100227","demand":"42.03","demand_rice":"28.01"}
[2026-02-27 07:38:16] district_user -> FPS Edit ->Jehanabad@pds| Requested JSON -> {"name":"SURESH PASWAN ","uniqueid":"FPS_691c2e4a192","active":"1","type":"Normal FPS","latitude":"25.049917","longitude":"85.076391","district":"Jehanabad","id":"123500100327","demand":"43.26","demand_rice":"28.84"}
[2026-02-27 07:38:40] district_user -> FPS Edit ->Jehanabad@pds| Requested JSON -> {"name":"SURESH PRASAD ","uniqueid":"FPS_691c2e4d008","active":"1","type":"Normal FPS","latitude":"25.113138","longitude":"85.018306","district":"Jehanabad","id":"123500100605","demand":"49.71","demand_rice":"33.16"}
[2026-02-27 07:39:32] district_user -> FPS Edit ->Jehanabad@pds| Requested JSON -> {"name":"SUSHIL KUMAR ","uniqueid":"FPS_691c2e4b4d1","active":"1","type":"Normal FPS","latitude":"25.05628","longitude":"84.97083","district":"Jehanabad","id":"123500100424","demand":"45.00","demand_rice":"30.00"}
[2026-02-27 07:39:56] district_user -> FPS Edit ->Jehanabad@pds| Requested JSON -> {"name":"UMESHWAR SINGH ","uniqueid":"FPS_691c2e48511","active":"1","type":"Normal FPS","latitude":"25.055958","longitude":"84.933083","district":"Jehanabad","id":"123500100186","demand":"70.32","demand_rice":"44.75"}
[2026-02-27 07:40:23] district_user -> FPS Edit ->Jehanabad@pds| Requested JSON -> {"name":"UMESH YADAV PAIX ","uniqueid":"FPS_691c2e48cec","active":"1","type":"Normal FPS","latitude":"25.00702","longitude":"84.93655","district":"Jehanabad","id":"123500100221","demand":"73.07","demand_rice":"48.78"}
[2026-02-27 07:51:56] district_user -> FPS Edit ->Jehanabad@pds| Requested JSON -> {"name":"UPENDRA KUMAR ","uniqueid":"FPS_691c2e4aafd","active":"1","type":"Normal FPS","latitude":"25.083298","longitude":"84.96409","district":"Jehanabad","id":"123500100371","demand":"16.80","demand_rice":"11.20"}
[2026-02-27 07:52:22] district_user -> FPS Edit ->Jehanabad@pds| Requested JSON -> {"name":"UPENDRA PRASAD ","uniqueid":"FPS_691c2e48d7d","active":"1","type":"Normal FPS","latitude":"25.046483","longitude":"84.949882","district":"Jehanabad","id":"123500100224","demand":"87.07","demand_rice":"58.18"}
[2026-02-27 07:52:45] district_user -> FPS Edit ->Jehanabad@pds| Requested JSON -> {"name":"URMILA DEVI ","uniqueid":"FPS_691c2e4a63c","active":"1","type":"Normal FPS","latitude":"25.123015","longitude":"85.015816","district":"Jehanabad","id":"123500100347","demand":"2.97","demand_rice":"1.98"}
[2026-02-27 07:53:10] district_user -> FPS Edit ->Jehanabad@pds| Requested JSON -> {"name":"VIJAY KUMAR SINGH ","uniqueid":"FPS_691c2e49cd5","active":"1","type":"Normal FPS","latitude":"25.065535","longitude":"85.061574","district":"Jehanabad","id":"123500100309","demand":"39.81","demand_rice":"26.54"}
[2026-02-27 07:53:32] district_user -> FPS Edit ->Jehanabad@pds| Requested JSON -> {"name":"VINDESWAR SINGH ","uniqueid":"FPS_691c2e48ca7","active":"1","type":"Normal FPS","latitude":"25.02565","longitude":"84.92234","district":"Jehanabad","id":"123500100220","demand":"92.90","demand_rice":"62.10"}
[2026-02-27 07:53:54] district_user -> FPS Edit ->Jehanabad@pds| Requested JSON -> {"name":"VINOD KUMAR RAI  ","uniqueid":"FPS_691c2e4f60a","active":"1","type":"Normal FPS","latitude":"25.113943","longitude":"84.971368","district":"Jehanabad","id":"123500100783","demand":"52.52","demand_rice":"35.17"}
[2026-02-27 07:54:16] district_user -> FPS Edit ->Jehanabad@pds| Requested JSON -> {"name":"YOGESH DAS ","uniqueid":"FPS_691c2e4c611","active":"1","type":"Normal FPS","latitude":"25.060361","longitude":"85.037501","district":"Jehanabad","id":"123500100560","demand":"48.66","demand_rice":"32.44"}
[2026-02-27 07:54:40] district_user -> FPS Edit ->Jehanabad@pds| Requested JSON -> {"name":"YUGALKISHORE SHARMA  ","uniqueid":"FPS_691c2e48b8f","active":"1","type":"Normal FPS","latitude":"25.09676","longitude":"84.916587","district":"Jehanabad","id":"123500100214","demand":"53.22","demand_rice":"35.47"}
[2026-02-27 10:45:42] district_user -> FPS Edit ->Jehanabad@pds| Requested JSON -> {"name":"ABADHESH SHARMA ","uniqueid":"FPS_691c2e47070","active":"1","type":"Normal FPS","latitude":"25.202872","longitude":"84.91885","district":"Jehanabad","id":"123500100075","demand":"55.65","demand_rice":"37.1"}
[2026-02-27 10:46:13] district_user -> FPS Edit ->Jehanabad@pds| Requested JSON -> {"name":"ABHIJEET NARAYAN ","uniqueid":"FPS_691c2e4797f","active":"1","type":"Normal FPS","latitude":"25.12641","longitude":"84.847272","district":"Jehanabad","id":"123500100127","demand":"67.42","demand_rice":"44.98"}
[2026-02-27 10:46:45] district_user -> FPS Edit ->Jehanabad@pds| Requested JSON -> {"name":"ABHISHEK KUMAR ","uniqueid":"FPS_691c2e47321","active":"1","type":"Normal FPS","latitude":"25.189595","longitude":"84.841625","district":"Jehanabad","id":"123500100089","demand":"47.71","demand_rice":"31.6"}
[2026-02-27 10:47:12] district_user -> FPS Edit ->Jehanabad@pds| Requested JSON -> {"name":"AJAY KUMAR ","uniqueid":"FPS_691c2e473eb","active":"1","type":"Normal FPS","latitude":"25.205192","longitude":"84.879287","district":"Jehanabad","id":"123500100093","demand":"21.88","demand_rice":"14.64"}
[2026-02-27 10:47:40] district_user -> FPS Edit ->Jehanabad@pds| Requested JSON -> {"name":"AMIT KUMAR  ","uniqueid":"FPS_691c2e47478","active":"1","type":"Normal FPS","latitude":"25.202482","longitude":"84.905123","district":"Jehanabad","id":"123500100096","demand":"57.12","demand_rice":"38.08"}
[2026-02-27 10:48:20] district_user -> FPS Edit ->Jehanabad@pds| Requested JSON -> {"name":"AMIT KUMAR ","uniqueid":"FPS_691c2e4cd27","active":"1","type":"Normal FPS","latitude":"25.248995","longitude":"84.882045","district":"Jehanabad","id":"123500100596","demand":"41.58","demand_rice":"27.72"}
[2026-02-27 10:48:48] district_user -> FPS Edit ->Jehanabad@pds| Requested JSON -> {"name":"ARUN KUMAR ","uniqueid":"FPS_691c2e4e7dd","active":"1","type":"Normal FPS","latitude":"25.150792","longitude":"84.901625","district":"Jehanabad","id":"123500100733","demand":"64.68","demand_rice":"43.03"}
[2026-02-27 10:49:15] district_user -> FPS Edit ->Jehanabad@pds| Requested JSON -> {"name":"ARVIND KUMAR ","uniqueid":"FPS_691c2e477e0","active":"1","type":"Normal FPS","latitude":"25.14612","longitude":"84.872025","district":"Jehanabad","id":"123500100117","demand":"110.91","demand_rice":"73.94"}
[2026-02-27 10:49:46] district_user -> FPS Edit ->Jehanabad@pds| Requested JSON -> {"name":"BALKESWAR RAM ","uniqueid":"FPS_691c2e47547","active":"1","type":"Normal FPS","latitude":"25.175675","longitude":"84.891128","district":"Jehanabad","id":"123500100100","demand":"31.99","demand_rice":"21.46"}
[2026-02-27 10:50:20] district_user -> FPS Edit ->Jehanabad@pds| Requested JSON -> {"name":"BINDESWARI YADAV PAIX ","uniqueid":"FPS_691c2e4c9fa","active":"1","type":"Normal FPS","latitude":"25.217343","longitude":"84.846858","district":"Jehanabad","id":"123500100578","demand":"20.52","demand_rice":"13.68"}
[2026-02-27 10:50:57] district_user -> FPS Edit ->Jehanabad@pds| Requested JSON -> {"name":"BINDESWAR SINGH ","uniqueid":"FPS_691c2e47cb5","active":"1","type":"Normal FPS","latitude":"25.151209","longitude":"84.86718","district":"Jehanabad","id":"123500100147","demand":"32.61","demand_rice":"21.74"}
[2026-02-27 10:51:26] district_user -> FPS Edit ->Jehanabad@pds| Requested JSON -> {"name":"BISHWNATH SING ","uniqueid":"FPS_691c2e471c7","active":"1","type":"Normal FPS","latitude":"25.227205","longitude":"84.887965","district":"Jehanabad","id":"123500100081","demand":"36.96","demand_rice":"24.52"}
[2026-02-27 10:51:53] district_user -> FPS Edit ->Jehanabad@pds| Requested JSON -> {"name":"BRAJBHUSHAN SHARMA PAIX ","uniqueid":"FPS_691c2e47253","active":"1","type":"Normal FPS","latitude":"25.179985","longitude":"84.916314","district":"Jehanabad","id":"123500100083","demand":"16.71","demand_rice":"11.14"}
[2026-02-27 10:52:54] district_user -> FPS Edit ->Jehanabad@pds| Requested JSON -> {"name":"CHANDESWAR SINGH ","uniqueid":"FPS_691c2e4764f","active":"1","type":"Normal FPS","latitude":"25.169282","longitude":"84.903427","district":"Jehanabad","id":"123500100105","demand":"60.09","demand_rice":"40.06"}
[2026-02-27 10:55:48] district_user -> FPS Edit ->Jehanabad@pds| Requested JSON -> {"name":"DHANANJAY KUMAR  ","uniqueid":"FPS_691c2e479c8","active":"1","type":"Normal FPS","latitude":"25.128237","longitude":"84.849208","district":"Jehanabad","id":"123500100129","demand":"18.96","demand_rice":"12.64"}
[2026-02-27 10:56:16] district_user -> FPS Edit ->Jehanabad@pds| Requested JSON -> {"name":"DEVCHANDRA PRASAD ","uniqueid":"FPS_691c2e473a5","active":"1","type":"Normal FPS","latitude":"25.217523","longitude":"84.845646","district":"Jehanabad","id":"123500100091","demand":"57.6","demand_rice":"38.4"}
[2026-02-27 10:57:15] district_user -> FPS Edit ->Jehanabad@pds| Requested JSON -> {"name":"DINESH KUMAR ","uniqueid":"FPS_691c2e4eb1d","active":"1","type":"Normal FPS","latitude":"25.21366","longitude":"84.870735","district":"Jehanabad","id":"123500100745","demand":"33.73","demand_rice":"22.68"}
[2026-02-27 10:57:44] district_user -> FPS Edit ->Jehanabad@pds| Requested JSON -> {"name":"DINESH KUMAR","uniqueid":"FPS_691c2e47210","active":"1","type":"Normal FPS","latitude":"25.206169","longitude":"84.869957","district":"Jehanabad","id":"123500100082","demand":"31.95","demand_rice":"21.3"}
[2026-02-27 10:59:13] district_user -> FPS Edit ->Jehanabad@pds| Requested JSON -> {"name":"GANESH PRASAD SAW ","uniqueid":"FPS_691c2e4d537","active":"1","type":"Normal FPS","latitude":"25.08221","longitude":"84.875346","district":"Jehanabad","id":"123500100634","demand":"40.59","demand_rice":"27.06"}
[2026-02-27 10:59:40] district_user -> FPS Edit ->Jehanabad@pds| Requested JSON -> {"name":"KASHINATH SINGH ","uniqueid":"FPS_691c2e478ae","active":"1","type":"Normal FPS","latitude":"25.151435","longitude":"84.858863","district":"Jehanabad","id":"123500100122","demand":"139.15","demand_rice":"92.61"}
[2026-02-27 11:00:06] district_user -> FPS Edit ->Jehanabad@pds| Requested JSON -> {"name":"KEDARNATH VARMA ","uniqueid":"FPS_691c2e470b5","active":"1","type":"Normal FPS","latitude":"25.195502","longitude":"84.905423","district":"Jehanabad","id":"123500100077","demand":"47.85","demand_rice":"31.87"}
[2026-02-27 11:00:30] district_user -> FPS Edit ->Jehanabad@pds| Requested JSON -> {"name":"KUMARI MAMTA ","uniqueid":"FPS_691c2e4e23a","active":"1","type":"Normal FPS","latitude":"25.132657","longitude":"84.859565","district":"Jehanabad","id":"123500100703","demand":"43.53","demand_rice":"29.07"}
[2026-02-27 11:00:53] district_user -> FPS Edit ->Jehanabad@pds| Requested JSON -> {"name":"KUMAR VIJAY SAW ","uniqueid":"FPS_691c2e47c72","active":"1","type":"Normal FPS","latitude":"25.068718","longitude":"84.867957","district":"Jehanabad","id":"123500100146","demand":"72.18","demand_rice":"48.01"}
[2026-02-27 11:01:22] district_user -> FPS Edit ->Jehanabad@pds| Requested JSON -> {"name":"LALAN PASWAN ","uniqueid":"FPS_691c2e47a0d","active":"1","type":"Normal FPS","latitude":"25.126223","longitude":"84.855545","district":"Jehanabad","id":"123500100131","demand":"91.09","demand_rice":"60.78"}
[2026-02-27 11:01:45] district_user -> FPS Edit ->Jehanabad@pds| Requested JSON -> {"name":"LALAN PRASAD ","uniqueid":"FPS_691c2e4f368","active":"1","type":"Normal FPS","latitude":"25.06625","longitude":"84.89072","district":"Jehanabad","id":"123500100774","demand":"50.07","demand_rice":"33.38"}
[2026-02-27 11:02:19] district_user -> FPS Edit ->Jehanabad@pds| Requested JSON -> {"name":"MANJU SINHA ","uniqueid":"FPS_691c2e47142","active":"1","type":"Normal FPS","latitude":"25.225858","longitude":"84.905505","district":"Jehanabad","id":"123500100079","demand":"110.79","demand_rice":"73.86"}
[2026-02-27 11:02:45] district_user -> FPS Edit ->Jehanabad@pds| Requested JSON -> {"name":"MD NAZRUL ISLAM  ","uniqueid":"FPS_691c2e4f6e0","active":"1","type":"Normal FPS","latitude":"25.151697","longitude":"84.90255","district":"Jehanabad","id":"123500100786","demand":"25.56","demand_rice":"17.05"}
[2026-02-27 11:03:38] district_user -> FPS Edit ->Jehanabad@pds| Requested JSON -> {"name":"NAVIN PASWAN ","uniqueid":"FPS_691c2e47b29","active":"1","type":"Normal FPS","latitude":"25.211505","longitude":"84.881785","district":"Jehanabad","id":"123500100137","demand":"41.19","demand_rice":"27.41"}
[2026-02-27 11:04:42] district_user -> FPS Edit ->Jehanabad@pds| Requested JSON -> {"name":"RAJDEV PRASAD YADAV ","uniqueid":"FPS_691c2e47931","active":"1","type":"Normal FPS","latitude":"25.175772","longitude":"84.8529","district":"Jehanabad","id":"123500100125","demand":"28.48","demand_rice":"19.07"}
[2026-02-27 11:05:11] district_user -> FPS Edit ->Jehanabad@pds| Requested JSON -> {"name":"RAJEEV KUMAR  ","uniqueid":"FPS_691c2e4e86c","active":"1","type":"Normal FPS","latitude":"25.202201","longitude":"84.919867","district":"Jehanabad","id":"123500100735","demand":"35.71","demand_rice":"23.84"}
[2026-02-27 11:05:36] district_user -> FPS Edit ->Jehanabad@pds| Requested JSON -> {"name":"RAMNANDAN MAHATO ","uniqueid":"FPS_691c2e475cc","active":"1","type":"Normal FPS","latitude":"25.175727","longitude":"84.8990958","district":"Jehanabad","id":"123500100103","demand":"14.97","demand_rice":"9.98"}
[2026-02-27 11:09:43] district_user -> FPS Edit ->Jehanabad@pds| Requested JSON -> {"name":"RAMASHISH SINGH ","uniqueid":"FPS_691c2e478f0","active":"1","type":"Normal FPS","latitude":"25.150998","longitude":"84.867107","district":"Jehanabad","id":"123500100123","demand":"63.18","demand_rice":"42.12"}
[2026-02-27 11:10:35] district_user -> FPS Edit ->Jehanabad@pds| Requested JSON -> {"name":"RAMA SINGH ","uniqueid":"FPS_691c2e47c30","active":"1","type":"Normal FPS","latitude":"25.092044","longitude":"84.890774","district":"Jehanabad","id":"123500100145","demand":"50.67","demand_rice":"33.78"}
[2026-02-27 11:11:20] district_user -> FPS Edit ->Jehanabad@pds| Requested JSON -> {"name":"RAMESH PASWAN  ","uniqueid":"FPS_691c2e4f534","active":"1","type":"Normal FPS","latitude":"25.177067","longitude":"84.847237","district":"Jehanabad","id":"123500100780","demand":"31.31","demand_rice":"20.99"}
[2026-02-27 11:12:13] district_user -> FPS Edit ->Jehanabad@pds| Requested JSON -> {"name":"RAMLAGAN PASWAN ","uniqueid":"FPS_691c2e4e1b2","active":"1","type":"Normal FPS","latitude":"25.162102","longitude":"84.848181","district":"Jehanabad","id":"123500100701","demand":"54.51","demand_rice":"36.34"}
[2026-02-27 11:12:46] district_user -> FPS Edit ->Jehanabad@pds| Requested JSON -> {"name":"RAMPYARE SINGH ","uniqueid":"FPS_691c2e47436","active":"1","type":"Normal FPS","latitude":"25.180845","longitude":"84.866629","district":"Jehanabad","id":"123500100094","demand":"36.6","demand_rice":"24.4"}
[2026-02-27 11:13:14] district_user -> FPS Edit ->Jehanabad@pds| Requested JSON -> {"name":"RAM VILAS SINGH ","uniqueid":"FPS_691c2e4ca41","active":"1","type":"Normal FPS","latitude":"25.21366","longitude":"84.870735","district":"Jehanabad","id":"123500100579","demand":"26.04","demand_rice":"17.36"}
[2026-02-27 11:13:38] district_user -> FPS Edit ->Jehanabad@pds| Requested JSON -> {"name":"RANJEET KUMAR ","uniqueid":"FPS_691c2e4cac9","active":"1","type":"Normal FPS","latitude":"25.128517","longitude":"84.901803","district":"Jehanabad","id":"123500100581","demand":"38.09","demand_rice":"25.46"}
[2026-02-27 11:14:08] district_user -> FPS Edit ->Jehanabad@pds| Requested JSON -> {"name":"RAVI RANJAN ","uniqueid":"FPS_691c2e4ca87","active":"1","type":"Normal FPS","latitude":"25.151602","longitude":"84.902795","district":"Jehanabad","id":"123500100580","demand":"119.67","demand_rice":"79.74"}
[2026-02-27 11:14:29] district_user -> FPS Edit ->Jehanabad@pds| Requested JSON -> {"name":"RAVI RANJAN KUMAR ","uniqueid":"FPS_691c2e4ea12","active":"1","type":"Normal FPS","latitude":"25.160267","longitude":"84.894803","district":"Jehanabad","id":"123500100741","demand":"17.76","demand_rice":"11.84"}
[2026-02-27 11:14:53] district_user -> FPS Edit ->Jehanabad@pds| Requested JSON -> {"name":"REKHA KUMARI ","uniqueid":"FPS_691c2e4e1f3","active":"1","type":"Normal FPS","latitude":"25.206272","longitude":"84.862915","district":"Jehanabad","id":"123500100702","demand":"39.42","demand_rice":"26.17"}
[2026-02-27 11:15:21] district_user -> FPS Edit ->Jehanabad@pds| Requested JSON -> {"name":"SANJAY KUMAR PAIX ","uniqueid":"FPS_691c2e47b6c","active":"1","type":"Normal FPS","latitude":"25.099373","longitude":"84.893255","district":"Jehanabad","id":"123500100138","demand":"52.2","demand_rice":"34.77"}
[2026-02-27 11:16:00] district_user -> FPS Edit ->Jehanabad@pds| Requested JSON -> {"name":"SANJAY PASWAN ","uniqueid":"FPS_691c2e47184","active":"1","type":"Normal FPS","latitude":"25.238787","longitude":"84.885087","district":"Jehanabad","id":"123500100080","demand":"74.67","demand_rice":"49.61"}
[2026-02-27 11:16:28] district_user -> FPS Edit ->Jehanabad@pds| Requested JSON -> {"name":"SANJEEV KUMAR ","uniqueid":"FPS_691c2e4cce0","active":"1","type":"Normal FPS","latitude":"25.195502","longitude":"84.905423","district":"Jehanabad","id":"123500100595","demand":"75.39","demand_rice":"50.21"}
[2026-02-27 11:17:19] district_user -> FPS Edit ->Jehanabad@pds| Requested JSON -> {"name":"SHAILENDRA KUMAR ","uniqueid":"FPS_691c2e4ec7f","active":"1","type":"Normal FPS","latitude":"25.225967","longitude":"84.907318","district":"Jehanabad","id":"123500100751","demand":"0.09","demand_rice":"0.11"}
[2026-02-27 11:17:43] district_user -> FPS Edit ->Jehanabad@pds| Requested JSON -> {"name":"SHAMBHU KUMAR ","uniqueid":"FPS_691c2e4f321","active":"1","type":"Normal FPS","latitude":"25.122417","longitude":"84.886169","district":"Jehanabad","id":"123500100773","demand":"32.40","demand_rice":"21.60"}
[2026-02-27 11:18:12] district_user -> FPS Edit ->Jehanabad@pds| Requested JSON -> {"name":"SHASHI KUMAR PAIX ","uniqueid":"FPS_691c2e47cfb","active":"1","type":"Normal FPS","latitude":"25.067972","longitude":"84.868847","district":"Jehanabad","id":"123500100148","demand":"46.38","demand_rice":"30.81"}
[2026-02-27 11:18:36] district_user -> FPS Edit ->Jehanabad@pds| Requested JSON -> {"name":"SHEELA DEVI ","uniqueid":"FPS_691c2e4d2a8","active":"1","type":"Normal FPS","latitude":"25.101678","longitude":"84.893435","district":"Jehanabad","id":"123500100622","demand":"49.26","demand_rice":"32.84"}
[2026-02-27 11:19:03] district_user -> FPS Edit ->Jehanabad@pds| Requested JSON -> {"name":"SHIVNARAYAN PASWAN ","uniqueid":"FPS_691c2e47363","active":"1","type":"Normal FPS","latitude":"25.193149","longitude":"84.848457","district":"Jehanabad","id":"123500100090","demand":"90.45","demand_rice":"60.35"}
[2026-02-27 11:19:30] district_user -> FPS Edit ->Jehanabad@pds| Requested JSON -> {"name":"SHRIKANT SHARMA ","uniqueid":"FPS_691c2e47bef","active":"1","type":"Normal FPS","latitude":"25.082735","longitude":"84.891625","district":"Jehanabad","id":"123500100144","demand":"23.28","demand_rice":"15.58"}
[2026-02-27 11:19:54] district_user -> FPS Edit ->Jehanabad@pds| Requested JSON -> {"name":"SIMA KUMARI  ","uniqueid":"FPS_691c2e4f4ee","active":"1","type":"Normal FPS","latitude":"25.17821","longitude":"84.89892","district":"Jehanabad","id":"123500100779","demand":"27.36","demand_rice":"18.24"}
[2026-02-27 11:20:17] district_user -> FPS Edit ->Jehanabad@pds| Requested JSON -> {"name":"SIMRAN KUMARI ","uniqueid":"FPS_691c2e4f29a","active":"1","type":"Normal FPS","latitude":"25.19877","longitude":"84.86318","district":"Jehanabad","id":"123500100771","demand":"14.11","demand_rice":"9.44"}
[2026-02-27 11:20:48] district_user -> FPS Edit ->Jehanabad@pds| Requested JSON -> {"name":"SOHAN PRASAD ","uniqueid":"FPS_691c2e4e798","active":"1","type":"Normal FPS","latitude":"25.13261","longitude":"84.886362","district":"Jehanabad","id":"123500100732","demand":"39.21","demand_rice":"26.19"}
[2026-02-27 11:21:21] district_user -> FPS Edit ->Jehanabad@pds| Requested JSON -> {"name":"SRIKANT SHARMA ","uniqueid":"FPS_691c2e4e5e9","active":"1","type":"Normal FPS","latitude":"25.093143","longitude":"84.887347","district":"Jehanabad","id":"123500100725","demand":"75.54","demand_rice":"50.36"}
[2026-02-27 11:22:08] district_user -> FPS Edit ->Jehanabad@pds| Requested JSON -> {"name":"SUKAN DAS ","uniqueid":"FPS_691c2e4e3f6","active":"1","type":"Normal FPS","latitude":"25.089126","longitude":"84.89038","district":"Jehanabad","id":"123500100712","demand":"18.88","demand_rice":"12.62"}
[2026-02-27 11:22:35] district_user -> FPS Edit ->Jehanabad@pds| Requested JSON -> {"name":"SURENDRA KUMAR ","uniqueid":"FPS_691c2e472df","active":"1","type":"Normal FPS","latitude":"25.194518","longitude":"84.850448","district":"Jehanabad","id":"123500100088","demand":"66.90","demand_rice":"44.55"}
[2026-02-27 11:23:05] district_user -> FPS Edit ->Jehanabad@pds| Requested JSON -> {"name":"SURESH SINGH PAIX ","uniqueid":"FPS_691c2e47868","active":"1","type":"Normal FPS","latitude":"25.139551","longitude":"84.840925","district":"Jehanabad","id":"123500100121","demand":"56.87","demand_rice":"37.91"}
[2026-02-27 11:23:27] district_user -> FPS Edit ->Jehanabad@pds| Requested JSON -> {"name":"UMESH MOCHI ","uniqueid":"FPS_691c2e47826","active":"1","type":"Normal FPS","latitude":"25.149045","longitude":"84.863283","district":"Jehanabad","id":"123500100118","demand":"75.33","demand_rice":"50.16"}
[2026-02-27 11:24:01] district_user -> FPS Edit ->Jehanabad@pds| Requested JSON -> {"name":"UMESH SHARMA ","uniqueid":"FPS_691c2e47713","active":"1","type":"Normal FPS","latitude":"25.145797","longitude":"84.892082","district":"Jehanabad","id":"123500100110","demand":"68.42","demand_rice":"45.64"}
[2026-02-27 11:24:27] district_user -> FPS Edit ->Jehanabad@pds| Requested JSON -> {"name":"VINAY BHUSHAN ","uniqueid":"FPS_691c2e470fd","active":"1","type":"Normal FPS","latitude":"25.177075","longitude":"84.91544","district":"Jehanabad","id":"123500100078","demand":"17.94","demand_rice":"12.03"}
[2026-02-27 11:24:55] district_user -> FPS Edit ->Jehanabad@pds| Requested JSON -> {"name":"VIRENDRA MANDAL PAIX ","uniqueid":"FPS_691c2e4729c","active":"1","type":"Normal FPS","latitude":"25.211637","longitude":"84.881309","district":"Jehanabad","id":"123500100086","demand":"49.88","demand_rice":"33.32"}
[2026-02-27 11:25:22] district_user -> FPS Edit ->Jehanabad@pds| Requested JSON -> {"name":"VISHWAJIT KUMAR ","uniqueid":"FPS_691c2e4e9ce","active":"1","type":"Normal FPS","latitude":"25.22506","longitude":"84.90741","district":"Jehanabad","id":"123500100740","demand":"43.62","demand_rice":"28.96"}
[2026-02-27 11:25:54] district_user -> FPS Edit ->Jehanabad@pds| Requested JSON -> {"name":"YOGENDRA KUMAR ","uniqueid":"FPS_691c2e47502","active":"1","type":"Normal FPS","latitude":"25.17659","longitude":"84.88696","district":"Jehanabad","id":"123500100098","demand":"58.14","demand_rice":"38.76"}
[2026-02-27 11:26:23] district_user -> FPS Edit ->Jehanabad@pds| Requested JSON -> {"name":"YOGENDRA KUMAR ","uniqueid":"FPS_691c2e47ae3","active":"1","type":"Normal FPS","latitude":"25.128576","longitude":"84.901906","district":"Jehanabad","id":"123500100135","demand":"72.42","demand_rice":"48.28"}
[2026-02-27 11:26:56] district_user -> FPS Edit ->Jehanabad@pds| Requested JSON -> {"name":"YOGENDRA SHARMA PAIX ","uniqueid":"FPS_691c2e47589","active":"1","type":"Normal FPS","latitude":"25.176672","longitude":"84.89123","district":"Jehanabad","id":"123500100101","demand":"48.39","demand_rice":"32.26"}
[2026-02-27 12:38:02] district_user -> DCP Edit ->Buxar@pds| Requested JSON -> {"name":"Godown No- 03 Nigam Godown  Bazar Samiti  Buxar","uniqueid":"DCP_69145b9457f","active":"1","type":"DCP","latitude":"25.560185","longitude":"83.972814","district":"Buxar","id":"37","demand":"0.00","demand_rice":"0.00"}
[2026-02-27 12:40:19] district_user -> DCP Edit ->Buxar@pds| Requested JSON -> {"name":"Godown No-04 Nigam Godown  Bazar Samiti  Buxar","uniqueid":"DCP_69145b9458e","active":"1","type":"DCP","latitude":"25.560201","longitude":"83.972504","district":"Buxar","id":"40","demand":"0.00","demand_rice":"0.00"}
[2026-02-27 12:41:44] district_user -> DCP Edit ->Buxar@pds| Requested JSON -> {"name":"Godown No-07  Nigam Godown  Bazar Samiti  Buxar","uniqueid":"DCP_69145b9459f","active":"1","type":"DCP","latitude":"25.560239","longitude":"83.97195","district":"Buxar","id":"39","demand":"0.00","demand_rice":"0.00"}
[2026-02-27 12:42:26] district_user -> DCP Edit ->Buxar@pds| Requested JSON -> {"name":"Godown No- Nigam Godown  Bazar Samiti  Buxar","uniqueid":"DCP_69145b9458e","active":"1","type":"DCP","latitude":"25.560201","longitude":"83.972504","district":"Buxar","id":"40","demand":"0.00","demand_rice":"0.00"}
[2026-02-27 12:43:14] district_user -> DCP Edit ->Buxar@pds| Requested JSON -> {"name":"Godown No-04 Nigam Godown  Bazar Samiti  Buxar","uniqueid":"DCP_69145b9458e","active":"1","type":"DCP","latitude":"25.560201","longitude":"83.972504","district":"Buxar","id":"40","demand":"0.00","demand_rice":"0.00"}
[2026-02-27 12:54:05] district_user -> DCP added ->Buxar@pds| Requested JSON -> {"name":"DCP","latitude":"25.56012","longitude":"83.973616","district":"Buxar","id":"35","demand":"0.00","demand_rice":"0.00"}
[2026-02-27 12:56:13] district_user -> DCP added ->Buxar@pds| Requested JSON -> {"name":"DCP","latitude":"25.560152","longitude":"83.973167","district":"Buxar","id":"36","demand":"14200.00","demand_rice":"0.00"}
[2026-02-27 12:57:07] district_user -> DCP Edit ->Buxar@pds| Requested JSON -> {"name":"Godown No-01  Nigam Godown  Bazar Samiti  Buxar","uniqueid":"DCP_69a146959a0","active":"1","type":"DCP","latitude":"25.56012","longitude":"83.973616","district":"Buxar","id":"35","demand":"0.00","demand_rice":"0.00"}
[2026-02-27 12:57:36] district_user -> DCP Edit ->Buxar@pds| Requested JSON -> {"name":"Godown No-02  Nigam Godown  Bazar Samiti  Buxar","uniqueid":"DCP_69a14715dd0","active":"1","type":"DCP","latitude":"25.560152","longitude":"83.973167","district":"Buxar","id":"36","demand":"14200.00","demand_rice":"0.00"}
[2026-02-27 12:59:00] district_user -> DCP added ->Buxar@pds| Requested JSON -> {"name":"DCP","latitude":"25.560185","longitude":"83.972814","district":"Buxar","id":"Buxar@pds","demand":"0.00","demand_rice":"0.00"}
[2026-02-27 13:01:30] district_user -> DCP Edit ->Buxar@pds| Requested JSON -> {"name":"Godown No- 03 Nigam Godown  Bazar Samiti  Buxar","uniqueid":"DCP_69a147bc8bc","active":"1","type":"DCP","latitude":"25.56019","longitude":"83.97281","district":"Buxar","id":"37","demand":"0.00","demand_rice":"0.00"}
[2026-02-27 13:13:30] district_user -> DCP added ->Buxar@pds| Requested JSON -> {"name":"DCP","latitude":"25.560288","longitude":"83.971359","district":"Buxar","id":"42","demand":"13750.00","demand_rice":"0.00"}
[2026-02-27 13:14:01] district_user -> DCP Edit ->Buxar@pds| Requested JSON -> {"name":"Godown No- 08 Nigam Godown  Bazar Samiti  Buxar","uniqueid":"DCP_69a14b221c1","active":"1","type":"DCP","latitude":"25.560288","longitude":"83.971359","district":"Buxar","id":"42","demand":"13750.00","demand_rice":"0.00"}
[2026-02-27 13:15:04] district_user -> DCP added ->Buxar@pds| Requested JSON -> {"name":"DCP","latitude":"25.560201","longitude":"83.972504","district":"Buxar","id":"40","demand":"0.00","demand_rice":"0.00"}
[2026-02-27 13:15:31] district_user -> DCP Edit ->Buxar@pds| Requested JSON -> {"name":"Godown No- 04 Nigam Godown  Bazar Samiti  Buxar","uniqueid":"DCP_69a14b80886","active":"1","type":"DCP","latitude":"25.560201","longitude":"83.972504","district":"Buxar","id":"40","demand":"0.00","demand_rice":"0.00"}
[2026-02-27 13:17:41] district_user -> DCP added ->Buxar@pds| Requested JSON -> {"name":"DCP","latitude":"25.560239","longitude":"83.97195","district":"Buxar","id":"39","demand":"0.00","demand_rice":"0.00"}
[2026-02-27 13:18:42] district_user -> DCP Edit ->Buxar@pds| Requested JSON -> {"name":"Godown No- 07 Nigam Godown  Bazar Samiti  Buxar","uniqueid":"DCP_69a14c1dcb4","active":"1","type":"DCP","latitude":"25.560239","longitude":"83.97195","district":"Buxar","id":"39","demand":"0.00","demand_rice":"0.00"}
[2026-02-27 13:25:53] district_user -> DCP Edit ->Buxar@pds| Requested JSON -> {"name":"Godown No-02  Nigam Godown  Bazar Samiti  Buxar","uniqueid":"DCP_69a14715dd0","active":"1","type":"DCP","latitude":"25.560295","longitude":"83.973448","district":"Buxar","id":"36","demand":"14200.00","demand_rice":"0.00"}
[2026-02-27 13:42:21] district_user -> DCP Edit ->Buxar@pds| Requested JSON -> {"name":"Godown No- 03 Nigam Godown  Bazar Samiti  Buxar","uniqueid":"DCP_69a147bc8bc","active":"1","type":"DCP","latitude":"25.560348","longitude":"83.972779","district":"Buxar","id":"37","demand":"0.00","demand_rice":"0.00"}
[2026-02-27 13:44:54] district_user -> DCP Edit ->Buxar@pds| Requested JSON -> {"name":"Godown No- 08 Nigam Godown  Bazar Samiti  Buxar","uniqueid":"DCP_69a14b221c1","active":"1","type":"DCP","latitude":"25.560693","longitude":"83.971699","district":"Buxar","id":"42","demand":"13750.00","demand_rice":"0.00"}
[2026-02-27 13:45:44] district_user -> DCP Edit ->Buxar@pds| Requested JSON -> {"name":"Godown No- 07 Nigam Godown  Bazar Samiti  Buxar","uniqueid":"DCP_69a14c1dcb4","active":"1","type":"DCP","latitude":"25.560648","longitude":"83.971629","district":"Buxar","id":"39","demand":"0.00","demand_rice":"0.00"}
[2026-02-27 13:46:41] district_user -> DCP Edit ->Buxar@pds| Requested JSON -> {"name":"Godown No-01  Nigam Godown  Bazar Samiti  Buxar","uniqueid":"DCP_69a146959a0","active":"1","type":"DCP","latitude":"25.56028","longitude":"83.97324","district":"Buxar","id":"35","demand":"0.00","demand_rice":"0.00"}
[2026-02-27 13:48:22] district_user -> DCP Edit ->Buxar@pds| Requested JSON -> {"name":"Godown No-02  Nigam Godown  Bazar Samiti  Buxar","uniqueid":"DCP_69a14715dd0","active":"1","type":"DCP","latitude":"25.560288","longitude":"83.973405","district":"Buxar","id":"36","demand":"14200.00","demand_rice":"0.00"}
[2026-02-27 13:49:29] district_user -> DCP Edit ->Buxar@pds| Requested JSON -> {"name":"Godown No- 04 Nigam Godown  Bazar Samiti  Buxar","uniqueid":"DCP_69a14b80886","active":"1","type":"DCP","latitude":"25.561297","longitude":"83.972819","district":"Buxar","id":"40","demand":"0.00","demand_rice":"0.00"}
