[2026-02-19 18:05:37] User -> DCP Added -> admin@pds| PEG GOPALGANJ
[2026-02-19 18:05:37] User -> DCP Added -> admin@pds| PEG BABU BISHNUPUR
[2026-02-19 18:05:37] User -> DCP Added -> admin@pds| BSWC CHHAPRA
[2026-02-19 18:05:37] User -> DCP Added -> admin@pds| CWC SIWAN
[2026-02-19 18:05:37] User -> DCP Added -> admin@pds| PWS DARAUNDA
[2026-02-19 18:05:37] User -> DCP Added -> admin@pds| PWS SARAI
[2026-02-19 18:05:37] User -> DCP Added -> admin@pds| PWS BELKUNDA
[2026-02-19 18:05:37] User -> DCP Added -> admin@pds| BSWC MOHAMMADPUR
[2026-02-19 18:05:37] User -> DCP Added -> admin@pds| BSWC SARAI
[2026-02-19 18:05:37] User -> DCP Added -> admin@pds| FCI FSD BUXAR
[2026-02-19 18:05:37] User -> DCP Added -> admin@pds| BSWC PEG MOHANIA
[2026-02-19 18:05:37] User -> DCP Added -> admin@pds| BSWC SASARAM
[2026-02-19 18:05:37] User -> DCP Added -> admin@pds| BSWC NATWAR 
[2026-02-19 18:05:37] User -> DCP Added -> admin@pds| FSD,NRPA 
[2026-02-19 18:05:37] User -> DCP Added -> admin@pds| BSWC,NRPA
[2026-02-19 18:05:37] User -> DCP Added -> admin@pds| ARDC,PNR
[2026-02-19 18:05:37] User -> DCP Added -> admin@pds| BSWC,SMI
[2026-02-19 18:05:37] User -> DCP Added -> admin@pds| FSD CHANPATIA
[2026-02-19 18:05:37] User -> DCP Added -> admin@pds| BSWC BETTIAH
[2026-02-19 18:05:37] User -> DCP Added -> admin@pds| CWC BETTTIAH
[2026-02-19 18:05:37] User -> DCP Added -> admin@pds| PEG BETTIAH
[2026-02-19 18:05:37] User -> DCP Added -> admin@pds| BSWC NARKATIAGANJ
[2026-02-19 18:05:37] User -> DCP Added -> admin@pds| PEG MOTIHARI
[2026-02-19 18:05:37] User -> DCP Added -> admin@pds| BSWC MOTIHARI
[2026-02-19 18:05:37] User -> DCP Added -> admin@pds| BSWC RAXAUL
[2026-02-19 18:05:37] User -> DCP Added -> admin@pds| FSD SAHARSA
[2026-02-19 18:05:37] User -> DCP Added -> admin@pds| BSWC SAHARSA
[2026-02-19 18:05:37] User -> DCP Added -> admin@pds| PWS SAHARSA
[2026-02-19 18:05:37] User -> DCP Added -> admin@pds| CWC SUPAUL
[2026-02-19 18:05:37] User -> DCP Added -> admin@pds| BSWC NARPATGANJ
[2026-02-19 18:05:37] User -> DCP Added -> admin@pds| CWC MADHEPURA
[2026-02-19 18:05:37] User -> DCP Added -> admin@pds| BSWC RASNA
[2026-02-19 18:05:37] User -> DCP Added -> admin@pds| BSWC MURLIGANJ
[2026-02-19 18:05:37] User -> DCP Added -> admin@pds| FSD PHULWARISHARIF
[2026-02-19 18:05:37] User -> DCP Added -> admin@pds| FSD MOKAMA
[2026-02-19 18:05:37] User -> DCP Added -> admin@pds| FSD DIGHA GHAT
[2026-02-19 18:05:37] User -> DCP Added -> admin@pds| PEG BIHTA
[2026-02-19 18:05:37] User -> DCP Added -> admin@pds| ARM ARA
[2026-02-19 18:05:37] User -> DCP Added -> admin@pds| BSWC ARA
[2026-02-19 18:05:37] User -> DCP Added -> admin@pds| BSWC PEG DUBAULI ARA
[2026-02-19 18:05:37] User -> DCP Added -> admin@pds| SWC SAMASTIPUR
[2026-02-19 18:05:37] User -> DCP Added -> admin@pds| CWC SAMASTIPUR
[2026-02-19 18:05:37] User -> DCP Added -> admin@pds| PUSA SILO
[2026-02-19 18:05:37] User -> DCP Added -> admin@pds| SWC APMC BEGUSARAI
[2026-02-19 18:05:37] User -> DCP Added -> admin@pds| SWC BARAUNI
[2026-02-19 18:05:37] User -> DCP Added -> admin@pds| BSWC TILRATH
[2026-02-19 18:05:37] User -> DCP Added -> admin@pds| SWC PEG KUSUMAUT
[2026-02-19 18:05:37] User -> DCP Added -> admin@pds| SILO PASRAHA KHAGARIA
[2026-02-19 18:05:37] User -> DCP Added -> admin@pds| SWC PEG KHAGARIA
[2026-02-19 18:05:37] User -> DCP Added -> admin@pds| CWC KHAGARIA
[2026-02-19 18:05:37] User -> DCP Added -> admin@pds| FSD GAYA
[2026-02-19 18:05:37] User -> DCP Added -> admin@pds| BSWC, JEHANABAD
[2026-02-19 18:05:37] User -> DCP Added -> admin@pds| BSWC NAUGACHIYA
[2026-02-19 18:05:37] User -> DCP Added -> admin@pds| CWC MUNGER
[2026-02-19 18:05:37] User -> DCP Added -> admin@pds| APMC MUNGER
[2026-02-19 18:05:37] User -> DCP Added -> admin@pds| FSD Belouri
[2026-02-19 18:05:37] User -> DCP Added -> admin@pds| FSD Katihar
[2026-02-19 18:05:37] User -> DCP Added -> admin@pds| CWC Katihar
[2026-02-19 18:05:37] User -> DCP Added -> admin@pds| CWC Kishanganj
[2026-02-19 18:05:37] User -> DCP Added -> admin@pds| BSWC Gulabbagh
[2026-02-19 18:05:37] User -> DCP Added -> admin@pds| BSWC Katihar
[2026-02-19 18:05:37] User -> DCP Added -> admin@pds| BSWC Garhbanaili
[2026-02-19 18:05:37] User -> DCP Added -> admin@pds| BSWC Forbesganj
[2026-02-19 18:05:37] User -> DCP Added -> admin@pds| PEG Forbesganj
[2026-02-19 18:05:37] User -> DCP Added -> admin@pds| SILO Katihar
[2026-02-19 18:05:37] User -> DCP Added -> admin@pds| PEG Kishanganj
[2026-02-19 18:05:37] User -> DCP Added -> admin@pds| FSD Darbhanga
[2026-02-19 18:05:37] User -> DCP Added -> admin@pds| CWC Darbhanga
[2026-02-19 18:05:37] User -> DCP Added -> admin@pds| PEG Darbhanga
[2026-02-19 18:05:37] User -> DCP Added -> admin@pds| FSD Jainagar
[2026-02-19 18:05:37] User -> DCP Added -> admin@pds| BSWC Jhanjharpur
[2026-02-19 18:05:37] User -> DCP Added -> admin@pds| Adani Silo
[2026-02-19 18:05:37] User -> DCP Added -> admin@pds| ARDC,JAMUI
[2026-02-19 18:05:37] User -> DCP Added -> admin@pds| PEG JAMUI
